This file contains any messages produced by compilers while
running configure, to aid debugging if configure makes a mistake.

configure:557: checking for Cygwin environment
configure:573: gcc -c -g -O2  conftest.c 1>&5
configure: In function 'main':
configure:569: error: '__CYGWIN32__' undeclared (first use in this function)
configure:569: error: (Each undeclared identifier is reported only once
configure:569: error: for each function it appears in.)
configure: failed program was:
#line 562 "configure"
#include "confdefs.h"

int main() {

#ifndef __CYGWIN__
#define __CYGWIN__ __CYGWIN32__
#endif
return __CYGWIN__;
; return 0; }
configure:590: checking for mingw32 environment
configure:602: gcc -c -g -O2  conftest.c 1>&5
configure: In function 'main':
configure:598: error: '__MINGW32__' undeclared (first use in this function)
configure:598: error: (Each undeclared identifier is reported only once
configure:598: error: for each function it appears in.)
configure: failed program was:
#line 595 "configure"
#include "confdefs.h"

int main() {
return __MINGW32__;
; return 0; }
configure:667: checking host system type
configure:688: checking target system type
configure:706: checking build system type
configure:730: checking for strerror in -lcposix
configure:749: gcc -o conftest -g -O2   conftest.c -lcposix   1>&5
/usr/bin/ld: cannot find -lcposix
collect2: ld returned 1 exit status
configure: failed program was:
#line 738 "configure"
#include "confdefs.h"
/* Override any gcc2 internal prototype to avoid an error.  */
/* We use char because int might match the return type of a gcc2
    builtin and then its argument prototype would still apply.  */
char strerror();

int main() {
strerror()
; return 0; }
configure:785: checking for a BSD compatible install
configure:838: checking whether build environment is sane
configure:895: checking whether make sets ${MAKE}
configure:941: checking for working aclocal
configure:954: checking for working autoconf
configure:967: checking for working automake
configure:980: checking for working autoheader
configure:993: checking for working makeinfo
configure:1079: checking for gcc
configure:1192: checking whether the C compiler (gcc -g -O2 ) works
configure:1208: gcc -o conftest -g -O2   conftest.c  1>&5
configure:1234: checking whether the C compiler (gcc -g -O2 ) is a cross-compiler
configure:1239: checking whether we are using GNU C
configure:1248: gcc -E conftest.c
configure:1267: checking whether gcc accepts -g
configure:1310: checking for ld used by GCC
configure:1378: checking if the linker (ld) is GNU ld
GNU ld (GNU Binutils) 2.18
configure:1395: checking for ld option to reload object files
configure:1407: checking for BSD-compatible nm
configure:1445: checking whether ln -s works
configure:1466: checking how to recognise dependant libraries
configure:1639: checking for object suffix
configure:1645: gcc -c -g -O2  conftest.c 1>&5
configure:1665: checking for executable suffix
configure:1675: gcc -o conftest -g -O2   conftest.c  1>&5
configure:1841: checking for ranlib
configure:1908: checking for strip
ltcf-c.sh:need_lc: gcc -c -g -O2  conftest.c 1>&5
ltcf-c.sh:need_lc: gcc -shared conftest.o  -v -Wl,-soname -Wl,conftest -o conftest
 /usr/lib/gcc/i486-linux-gnu/4.1.3/collect2 --eh-frame-hdr -m elf_i386 --hash-style=both -shared -o conftest /usr/lib/gcc/i486-linux-gnu/4.1.3/../../../../lib/crti.o /usr/lib/gcc/i486-linux-gnu/4.1.3/crtbeginS.o -L/usr/lib/gcc/i486-linux-gnu/4.1.3 -L/usr/lib/gcc/i486-linux-gnu/4.1.3 -L/usr/lib/gcc/i486-linux-gnu/4.1.3/../../../../lib -L/lib/../lib -L/usr/lib/../lib conftest.o -soname conftest -lgcc --as-needed -lgcc_s --no-as-needed -lc -lgcc --as-needed -lgcc_s --no-as-needed /usr/lib/gcc/i486-linux-gnu/4.1.3/crtendS.o /usr/lib/gcc/i486-linux-gnu/4.1.3/../../../../lib/crtn.o
ltconfig:678:checking for gcc option to produce PIC
ltconfig:687:checking that gcc PIC flag -fPIC -DPIC works.
ltconfig:697: gcc -c -g -O2 -fPIC -DPIC -DPIC  conftest.c 1>&5
ltconfig:749: checking if gcc static flag -static works
ltconfig:758: gcc -o conftest -g -O2   -static conftest.c  1>&5
/usr/lib/gcc/i486-linux-gnu/4.1.3/../../../../lib/libc.a(elf-init.o): In function `__libc_csu_irel':
(.text+0xe5): undefined reference to `__rel_iplt_end'
/usr/lib/gcc/i486-linux-gnu/4.1.3/../../../../lib/libc.a(elf-init.o): In function `__libc_csu_irel':
(.text+0xec): undefined reference to `__rel_iplt_start'
/usr/lib/gcc/i486-linux-gnu/4.1.3/../../../../lib/libc.a(elf-init.o): In function `__libc_csu_irel':
(.text+0xfd): undefined reference to `__rel_iplt_start'
/usr/lib/gcc/i486-linux-gnu/4.1.3/../../../../lib/libc.a(elf-init.o): In function `__libc_csu_irel':
(.text+0x106): undefined reference to `__rel_iplt_start'
/usr/lib/gcc/i486-linux-gnu/4.1.3/../../../../lib/libc.a(elf-init.o): In function `__libc_csu_irel':
(.text+0x113): undefined reference to `__rel_iplt_start'
/usr/lib/gcc/i486-linux-gnu/4.1.3/../../../../lib/libc.a(elf-init.o): In function `__libc_csu_irel':
(.text+0x11b): undefined reference to `__rel_iplt_start'
collect2: ld returned 1 exit status
ltconfig:780: finding the maximum length of command line arguments
ltconfig:@lineno@: result: 49153
ltconfig:833: checking if gcc supports -c -o file.o
ltconfig:834: gcc -c -g -O2 -o out/conftest2.o  conftest.c 1>&5
ltconfig:887: checking if gcc supports -fno-rtti -fno-exceptions
ltconfig:888: gcc -c -g -O2 -fno-rtti -fno-exceptions -c conftest.c  conftest.c 1>&5
ltconfig:1431: checking if global_symbol_pipe works
ltconfig:1432: gcc -c -g -O2  conftest.c 1>&5
ltconfig:1435: eval "nm conftest.o | sed -n -e 's/^.*[ 	]\([ABCDGISTW][ABCDGISTW]*\)[ 	][ 	]*\(\)\([_A-Za-z][_A-Za-z0-9]*\)$/\1 \2\3 \3/p' > conftest.nm"
ltconfig:1487: gcc -o conftest -g -O2 -fno-builtin   conftest.c conftstm.o 1>&5
configure:2202: checking for gcc
configure:2315: checking whether the C compiler (gcc -g -O2 ) works
configure:2331: gcc -o conftest -g -O2   conftest.c  1>&5
configure:2357: checking whether the C compiler (gcc -g -O2 ) is a cross-compiler
configure:2362: checking whether we are using GNU C
configure:2390: checking whether gcc accepts -g
configure:2433: checking for a BSD compatible install
configure:2489: checking for setmode
configure:2517: gcc -o conftest -g -O2   conftest.c  1>&5
/tmp/ccGZ96Fj.o: In function `main':
/home/taoanran/git/linux/crosstool-0.43/build/arm-softfloat-linux-gnu/gcc-3.4.5-glibc-2.3.6/build-binutils/gprof/configure:2511: undefined reference to `setmode'
collect2: ld returned 1 exit status
configure: failed program was:
#line 2494 "configure"
#include "confdefs.h"
/* System header to define __stub macros and hopefully few prototypes,
    which can conflict with char setmode(); below.  */
#include <assert.h>
/* Override any gcc2 internal prototype to avoid an error.  */
/* We use char because int might match the return type of a gcc2
    builtin and then its argument prototype would still apply.  */
char setmode();

int main() {

/* The GNU C library defines this for functions which it implements
    to always fail with ENOSYS.  Some functions are actually named
    something starting with __ and the normal name is an alias.  */
#if defined (__stub_setmode) || defined (__stub___setmode)
choke me
#else
setmode();
#endif

; return 0; }
configure:2544: checking how to run the C preprocessor
configure:2565: gcc -E  conftest.c >/dev/null 2>conftest.out
configure:2626: checking for ranlib
configure:2654: checking for ANSI C header files
configure:2667: gcc -E  conftest.c >/dev/null 2>conftest.out
configure:2734: gcc -o conftest -g -O2   conftest.c  1>&5
configure: In function 'main':
configure:2729: warning: incompatible implicit declaration of built-in function 'exit'
configure:2758: checking for working const
configure:2812: gcc -c -g -O2  conftest.c 1>&5
configure:2833: checking for inline
configure:2847: gcc -c -g -O2  conftest.c 1>&5
configure:2873: checking for off_t
configure:2906: checking for size_t
configure:2941: checking for working alloca.h
configure:2953: gcc -o conftest -g -O2   conftest.c  1>&5
configure:2974: checking for alloca
configure:3007: gcc -o conftest -g -O2   conftest.c  1>&5
configure:3176: checking for unistd.h
configure:3186: gcc -E  conftest.c >/dev/null 2>conftest.out
configure:3215: checking for getpagesize
configure:3243: gcc -o conftest -g -O2   conftest.c  1>&5
configure:3268: checking for working mmap
configure:3416: gcc -o conftest -g -O2   conftest.c  1>&5
configure:3347: warning: conflicting types for built-in function 'malloc'
configure: In function 'main':
configure:3364: warning: incompatible implicit declaration of built-in function 'exit'
configure:3444: checking for argz.h
configure:3454: gcc -E  conftest.c >/dev/null 2>conftest.out
configure:3444: checking for limits.h
configure:3454: gcc -E  conftest.c >/dev/null 2>conftest.out
configure:3444: checking for locale.h
configure:3454: gcc -E  conftest.c >/dev/null 2>conftest.out
configure:3444: checking for nl_types.h
configure:3454: gcc -E  conftest.c >/dev/null 2>conftest.out
configure:3444: checking for malloc.h
configure:3454: gcc -E  conftest.c >/dev/null 2>conftest.out
configure:3444: checking for string.h
configure:3454: gcc -E  conftest.c >/dev/null 2>conftest.out
configure:3444: checking for unistd.h
configure:3444: checking for values.h
configure:3454: gcc -E  conftest.c >/dev/null 2>conftest.out
configure:3444: checking for sys/param.h
configure:3454: gcc -E  conftest.c >/dev/null 2>conftest.out
configure:3484: checking for getcwd
configure:3512: gcc -o conftest -g -O2   conftest.c  1>&5
configure:3484: checking for munmap
configure:3512: gcc -o conftest -g -O2   conftest.c  1>&5
configure:3484: checking for putenv
configure:3512: gcc -o conftest -g -O2   conftest.c  1>&5
configure:3484: checking for setenv
configure:3512: gcc -o conftest -g -O2   conftest.c  1>&5
configure:3484: checking for setlocale
configure:3512: gcc -o conftest -g -O2   conftest.c  1>&5
configure:3484: checking for strchr
configure:3512: gcc -o conftest -g -O2   conftest.c  1>&5
configure:3496: warning: conflicting types for built-in function 'strchr'
configure:3484: checking for strcasecmp
configure:3512: gcc -o conftest -g -O2   conftest.c  1>&5
configure:3496: warning: conflicting types for built-in function 'strcasecmp'
configure:3484: checking for __argz_count
configure:3512: gcc -o conftest -g -O2   conftest.c  1>&5
configure:3484: checking for __argz_stringify
configure:3512: gcc -o conftest -g -O2   conftest.c  1>&5
configure:3484: checking for __argz_next
configure:3512: gcc -o conftest -g -O2   conftest.c  1>&5
configure:3541: checking for stpcpy
configure:3569: gcc -o conftest -g -O2   conftest.c  1>&5
configure:3553: warning: conflicting types for built-in function 'stpcpy'
configure:3603: checking for LC_MESSAGES
configure:3615: gcc -o conftest -g -O2   conftest.c  1>&5
configure:3636: checking whether NLS is requested
configure:4263: checking whether to enable maintainer-specific portions of Makefiles
configure:4288: checking for executable suffix
configure:4323: checking for sys/gmon_out.h
configure:4333: gcc -E  conftest.c >/dev/null 2>conftest.out
