This file contains any messages produced by compilers while
running configure, to aid debugging if configure makes a mistake.

It was created by configure, which was
generated by GNU Autoconf 2.59.  Invocation command line was

  $ /home/taoanran/git/linux/binutils-2.18/binutils/configure --cache-file=./config.cache --with-gnu-as --with-gnu-ld --prefix=/tmp/binutils --disable-nls --program-transform-name=s,y,y, --build=i686-pc-linux-gnu --host=i686-pc-linux-gnu --target=i686-pc-linux-gnu --srcdir=.././binutils CC=gcc CFLAGS=-g -O2 LDFLAGS= build_alias=i686-pc-linux-gnu host_alias=i686-pc-linux-gnu target_alias=i686-pc-linux-gnu --no-create --no-recursion

## --------- ##
## Platform. ##
## --------- ##

hostname = ubuntu
uname -m = i686
uname -r = 2.6.32-38-generic
uname -s = Linux
uname -v = #83-Ubuntu SMP Wed Jan 4 11:13:04 UTC 2012

/usr/bin/uname -p = unknown
/bin/uname -X     = unknown

/bin/arch              = unknown
/usr/bin/arch -k       = unknown
/usr/convex/getsysinfo = unknown
hostinfo               = unknown
/bin/machine           = unknown
/usr/bin/oslevel       = unknown
/bin/universe          = unknown

PATH: /usr/local/sbin
PATH: /usr/local/bin
PATH: /usr/sbin
PATH: /usr/bin
PATH: /sbin
PATH: /bin
PATH: /usr/games


## ----------- ##
## Core tests. ##
## ----------- ##

configure:1389: loading cache ./config.cache
configure:1509: checking build system type
configure:1527: result: i686-pc-linux-gnu
configure:1535: checking host system type
configure:1549: result: i686-pc-linux-gnu
configure:1557: checking target system type
configure:1571: result: i686-pc-linux-gnu
configure:1593: checking for i686-pc-linux-gnu-gcc
configure:1619: result: gcc
configure:1901: checking for C compiler version
configure:1904: gcc --version </dev/null >&5
gcc (GCC) 4.1.3 20080704 (prerelease) (Ubuntu 4.1.2-27ubuntu1)
Copyright (C) 2006 Free Software Foundation, Inc.
This is free software; see the source for copying conditions.  There is NO
warranty; not even for MERCHANTABILITY or FITNESS FOR A PARTICULAR PURPOSE.

configure:1907: $? = 0
configure:1909: gcc -v </dev/null >&5
Using built-in specs.
Target: i486-linux-gnu
Configured with: ../src/configure -v --enable-languages=c,c++ --prefix=/usr --enable-shared --with-system-zlib --libexecdir=/usr/lib --without-included-gettext --enable-threads=posix --enable-nls --with-gxx-include-dir=/usr/include/c++/4.1.3 --program-suffix=-4.1 --enable-__cxa_atexit --enable-clocale=gnu --enable-libstdcxx-debug --with-tune=generic --enable-checking=release i486-linux-gnu
Thread model: posix
gcc version 4.1.3 20080704 (prerelease) (Ubuntu 4.1.2-27ubuntu1)
configure:1912: $? = 0
configure:1914: gcc -V </dev/null >&5
gcc: '-V' option must have argument
configure:1917: $? = 1
configure:1940: checking for C compiler default output file name
configure:1943: gcc -g -O2   conftest.c  >&5
configure:1946: $? = 0
configure:1992: result: a.out
configure:1997: checking whether the C compiler works
configure:2003: ./a.out
configure:2006: $? = 0
configure:2023: result: yes
configure:2030: checking whether we are cross compiling
configure:2032: result: no
configure:2035: checking for suffix of executables
configure:2037: gcc -o conftest -g -O2   conftest.c  >&5
configure:2040: $? = 0
configure:2065: result: 
configure:2071: checking for suffix of object files
configure:2117: result: o
configure:2121: checking whether we are using the GNU C compiler
configure:2177: result: yes
configure:2183: checking whether gcc accepts -g
configure:2234: result: yes
configure:2251: checking for gcc option to accept ANSI C
configure:2358: result: none needed
configure:2376: gcc -c -g -O2  conftest.c >&5
conftest.c:2: error: expected '=', ',', ';', 'asm' or '__attribute__' before 'me'
configure:2382: $? = 1
configure: failed program was:
| #ifndef __cplusplus
|   choke me
| #endif
configure:2516: checking for library containing strerror
configure:2635: result: none required
configure:2658: checking for a BSD-compatible install
configure:2713: result: /usr/bin/install -c
configure:2724: checking whether build environment is sane
configure:2767: result: yes
configure:2832: checking for gawk
configure:2858: result: gawk
configure:2868: checking whether make sets $(MAKE)
configure:2888: result: yes
configure:2918: checking for style of include used by make
configure:2946: result: GNU
configure:3122: checking dependency style of gcc
configure:3212: result: none
configure:3239: checking for i686-pc-linux-gnu-gcc
configure:3265: result: gcc
configure:3547: checking for C compiler version
configure:3550: gcc --version </dev/null >&5
gcc (GCC) 4.1.3 20080704 (prerelease) (Ubuntu 4.1.2-27ubuntu1)
Copyright (C) 2006 Free Software Foundation, Inc.
This is free software; see the source for copying conditions.  There is NO
warranty; not even for MERCHANTABILITY or FITNESS FOR A PARTICULAR PURPOSE.

configure:3553: $? = 0
configure:3555: gcc -v </dev/null >&5
Using built-in specs.
Target: i486-linux-gnu
Configured with: ../src/configure -v --enable-languages=c,c++ --prefix=/usr --enable-shared --with-system-zlib --libexecdir=/usr/lib --without-included-gettext --enable-threads=posix --enable-nls --with-gxx-include-dir=/usr/include/c++/4.1.3 --program-suffix=-4.1 --enable-__cxa_atexit --enable-clocale=gnu --enable-libstdcxx-debug --with-tune=generic --enable-checking=release i486-linux-gnu
Thread model: posix
gcc version 4.1.3 20080704 (prerelease) (Ubuntu 4.1.2-27ubuntu1)
configure:3558: $? = 0
configure:3560: gcc -V </dev/null >&5
gcc: '-V' option must have argument
configure:3563: $? = 1
configure:3566: checking whether we are using the GNU C compiler
configure:3622: result: yes
configure:3628: checking whether gcc accepts -g
configure:3679: result: yes
configure:3696: checking for gcc option to accept ANSI C
configure:3803: result: none needed
configure:3821: gcc -c -g -O2  conftest.c >&5
conftest.c:2: error: expected '=', ',', ';', 'asm' or '__attribute__' before 'me'
configure:3827: $? = 1
configure: failed program was:
| #ifndef __cplusplus
|   choke me
| #endif
configure:4102: checking for a sed that does not truncate output
configure:4158: result: /bin/sed
configure:4174: checking for egrep
configure:4184: result: grep -E
configure:4189: checking for fgrep
configure:4199: result: grep -F
configure:4234: checking for ld used by gcc
configure:4301: result: ld
configure:4310: checking if the linker (ld) is GNU ld
configure:4325: result: yes
configure:4338: checking for BSD- or MS-compatible name lister (nm)
configure:4387: result: nm
configure:4492: checking the name lister (nm) interface
configure:4512: result: BSD nm
configure:4515: checking whether ln -s works
configure:4519: result: yes
configure:4527: checking the maximum length of command line arguments
configure:4647: result: 805306365
configure:4665: checking whether the shell understands some XSI constructs
configure:4673: result: yes
configure:4677: checking whether the shell understands "+="
configure:4683: result: yes
configure:4718: checking for ld option to reload object files
configure:4725: result: -r
configure:4752: checking how to recognize dependent libraries
configure:4942: result: pass_all
configure:4962: checking for i686-pc-linux-gnu-ar
configure:4988: result: ar
configure:5055: checking for i686-pc-linux-gnu-strip
configure:5081: result: strip
configure:5142: checking for i686-pc-linux-gnu-ranlib
configure:5168: result: ranlib
configure:5287: checking command to parse nm output from gcc object
configure:5509: result: ok
configure:5751: checking how to run the C preprocessor
configure:5869: result: gcc -E
configure:5893: gcc -E  conftest.c
configure:5899: $? = 0
configure:5931: gcc -E  conftest.c
conftest.c:12:28: error: ac_nonexistent.h: No such file or directory
configure:5937: $? = 1
configure: failed program was:
| /* confdefs.h.  */
| 
| #define PACKAGE_NAME ""
| #define PACKAGE_TARNAME ""
| #define PACKAGE_VERSION ""
| #define PACKAGE_STRING ""
| #define PACKAGE_BUGREPORT ""
| #define PACKAGE "binutils"
| #define VERSION "2.18"
| #define _GNU_SOURCE 1
| /* end confdefs.h.  */
| #include <ac_nonexistent.h>
configure:5981: checking for ANSI C header files
configure:6137: result: yes
configure:6161: checking for sys/types.h
configure:6207: result: yes
configure:6161: checking for sys/stat.h
configure:6207: result: yes
configure:6161: checking for stdlib.h
configure:6207: result: yes
configure:6161: checking for string.h
configure:6207: result: yes
configure:6161: checking for memory.h
configure:6207: result: yes
configure:6161: checking for strings.h
configure:6207: result: yes
configure:6161: checking for inttypes.h
configure:6207: result: yes
configure:6161: checking for stdint.h
configure:6207: result: yes
configure:6161: checking for unistd.h
configure:6207: result: yes
configure:6223: checking for dlfcn.h
configure:6269: result: yes
configure:6331: checking for objdir
configure:6346: result: .libs
configure:6642: checking if gcc supports -fno-rtti -fno-exceptions
configure:6677: result: no
configure:6697: checking for gcc option to produce PIC
configure:6952: result: -fPIC -DPIC
configure:6964: checking if gcc PIC flag -fPIC -DPIC works
configure:6982: gcc -c -g -O2  -fPIC -DPIC -DPIC conftest.c >&5
configure:6986: $? = 0
configure:6999: result: yes
configure:7023: checking if gcc static flag -static works
configure:7051: result: no
configure:7066: checking if gcc supports -c -o file.o
configure:7113: result: yes
configure:7121: checking if gcc supports -c -o file.o
configure:7168: result: yes
configure:7201: checking whether the gcc linker (ld) supports shared libraries
configure:8281: result: yes
configure:8318: checking whether -lc should be explicitly linked in
configure:8323: gcc -c -g -O2  conftest.c >&5
configure:8326: $? = 0
configure:8341: gcc -shared conftest.o  -v -Wl,-soname -Wl,conftest -o conftest 2\>\&1 \| grep  -lc  \>/dev/null 2\>\&1
configure:8344: $? = 0
configure:8356: result: no
configure:8520: checking dynamic linker characteristics
configure:8953: gcc -o conftest -g -O2   -Wl,-rpath -Wl,/foo conftest.c  >&5
configure:8959: $? = 0
configure:8963: test -z 
			 || test ! -s conftest.err
configure:8966: $? = 0
configure:8969: test -s conftest
configure:8972: $? = 0
configure:9196: result: GNU/Linux ld.so
configure:9291: checking how to hardcode library paths into programs
configure:9316: result: immediate
configure:10162: checking whether stripping libraries is possible
configure:10167: result: yes
configure:10202: checking if libtool supports shared libraries
configure:10204: result: yes
configure:10207: checking whether to build shared libraries
configure:10228: result: yes
configure:10231: checking whether to build static libraries
configure:10235: result: yes
configure:10365: checking for bison
configure:10391: result: bison -y
configure:10406: checking for flex
configure:10432: result: flex
configure:10445: checking for yywrap in -lfl
configure:10507: result: yes
configure:10585: checking lex output file root
configure:10611: result: lex.yy
configure:10616: checking whether yytext is a pointer
configure:10665: result: yes
configure:10694: checking whether NLS is requested
configure:10697: result: no
configure:10767: checking whether NLS is requested
configure:10776: result: no
configure:10814: checking for msgfmt
configure:10848: result: no
configure:10854: checking for gmsgfmt
configure:10885: result: :
configure:10924: checking for xgettext
configure:10958: result: no
configure:10995: checking for msgmerge
configure:11028: result: no
configure:11061: checking whether to enable maintainer-specific portions of Makefiles
configure:11070: result: no
configure:11121: checking for i686-pc-linux-gnu-ranlib
configure:11147: result: ranlib
configure:11211: checking for a BSD-compatible install
configure:11266: result: /usr/bin/install -c
configure:11335: checking for string.h
configure:11340: result: yes
configure:11335: checking for strings.h
configure:11340: result: yes
configure:11335: checking for stdlib.h
configure:11340: result: yes
configure:11335: checking for unistd.h
configure:11340: result: yes
configure:11335: checking for fcntl.h
configure:11340: result: yes
configure:11335: checking for sys/file.h
configure:11340: result: yes
configure:11335: checking for limits.h
configure:11340: result: yes
configure:11335: checking for sys/param.h
configure:11340: result: yes
configure:11480: checking for sys/wait.h that is POSIX.1 compatible
configure:11541: result: yes
configure:11553: checking for working alloca.h
configure:11605: result: yes
configure:11615: checking for alloca
configure:11687: result: yes
configure:11918: checking for sbrk
configure:12006: result: yes
configure:11918: checking for utimes
configure:12006: result: yes
configure:11918: checking for setmode
configure:12006: result: no
configure:11918: checking for getc_unlocked
configure:12006: result: yes
configure:11918: checking for strcoll
configure:12006: result: yes
configure:12016: checking for mkstemp
configure:12104: result: yes
configure:12114: checking for mkdtemp
configure:12202: result: yes
configure:12215: checking for fopen64
configure:12316: result: yes
configure:12325: checking for stat64
configure:12426: result: yes
configure:12446: checking for library containing frexp
configure:12565: result: none required
configure:12573: checking for time_t in time.h
configure:12625: result: yes
configure:12635: checking for time_t in sys/types.h
configure:12687: result: yes
configure:12697: checking for a known getopt prototype in unistd.h
configure:12749: result: yes
configure:12761: checking for utime.h
configure:12817: result: yes
configure:12827: checking whether fprintf is declared
configure:12881: result: yes
configure:12897: checking whether stpcpy is declared
configure:12951: result: yes
configure:12967: checking whether strstr is declared
configure:13021: result: yes
configure:13037: checking whether sbrk is declared
configure:13091: result: yes
configure:13107: checking whether getenv is declared
configure:13161: result: yes
configure:13177: checking whether environ is declared
configure:13231: result: yes
configure:13247: checking whether getc_unlocked is declared
configure:13301: result: yes
configure:13317: checking whether snprintf is declared
configure:13371: result: yes
configure:13387: checking whether vsnprintf is declared
configure:13441: result: yes
configure:13487: checking for iconv.h
configure:13492: result: yes
configure:13665: checking for ld used by GCC
configure:13728: result: ld
configure:13737: checking if the linker (ld) is GNU ld
configure:13749: result: yes
configure:13755: checking for shared library run path origin
configure:13768: result: done
configure:14198: checking for iconv
configure:14310: result: yes
configure:14333: checking for iconv declaration
configure:14401: result: 
         extern size_t iconv (iconv_t cd, char * *inbuf, size_t *inbytesleft, char * *outbuf, size_t *outbytesleft);
configure:14771: creating ./config.status

## ---------------- ##
## Cache variables. ##
## ---------------- ##

ac_cv_build=i686-pc-linux-gnu
ac_cv_build_alias=i686-pc-linux-gnu
ac_cv_c_compiler_gnu=yes
ac_cv_env_CC_set=set
ac_cv_env_CC_value=gcc
ac_cv_env_CFLAGS_set=set
ac_cv_env_CFLAGS_value='-g -O2'
ac_cv_env_CPPFLAGS_set=
ac_cv_env_CPPFLAGS_value=
ac_cv_env_CPP_set=
ac_cv_env_CPP_value=
ac_cv_env_LDFLAGS_set=set
ac_cv_env_LDFLAGS_value=
ac_cv_env_build_alias_set=set
ac_cv_env_build_alias_value=i686-pc-linux-gnu
ac_cv_env_host_alias_set=set
ac_cv_env_host_alias_value=i686-pc-linux-gnu
ac_cv_env_target_alias_set=set
ac_cv_env_target_alias_value=i686-pc-linux-gnu
ac_cv_exeext=
ac_cv_func_alloca_works=yes
ac_cv_func_getc_unlocked=yes
ac_cv_func_mkdtemp=yes
ac_cv_func_mkstemp=yes
ac_cv_func_sbrk=yes
ac_cv_func_setmode=no
ac_cv_func_strcoll=yes
ac_cv_func_utimes=yes
ac_cv_have_decl_environ=yes
ac_cv_have_decl_fprintf=yes
ac_cv_have_decl_getc_unlocked=yes
ac_cv_have_decl_getenv=yes
ac_cv_have_decl_sbrk=yes
ac_cv_have_decl_snprintf=yes
ac_cv_have_decl_stpcpy=yes
ac_cv_have_decl_strstr=yes
ac_cv_have_decl_vsnprintf=yes
ac_cv_header_dlfcn_h=yes
ac_cv_header_fcntl_h=yes
ac_cv_header_iconv_h=yes
ac_cv_header_inttypes_h=yes
ac_cv_header_limits_h=yes
ac_cv_header_memory_h=yes
ac_cv_header_stdc=yes
ac_cv_header_stdint_h=yes
ac_cv_header_stdlib_h=yes
ac_cv_header_string_h=yes
ac_cv_header_strings_h=yes
ac_cv_header_sys_file_h=yes
ac_cv_header_sys_param_h=yes
ac_cv_header_sys_stat_h=yes
ac_cv_header_sys_types_h=yes
ac_cv_header_sys_wait_h=yes
ac_cv_header_unistd_h=yes
ac_cv_host=i686-pc-linux-gnu
ac_cv_host_alias=i686-pc-linux-gnu
ac_cv_lib_fl_yywrap=yes
ac_cv_objext=o
ac_cv_path_GMSGFMT=:
ac_cv_path_MSGFMT=:
ac_cv_path_MSGMERGE=:
ac_cv_path_XGETTEXT=:
ac_cv_prog_AR=ar
ac_cv_prog_AWK=gawk
ac_cv_prog_CC=gcc
ac_cv_prog_CPP='gcc -E'
ac_cv_prog_LEX=flex
ac_cv_prog_RANLIB=ranlib
ac_cv_prog_STRIP=strip
ac_cv_prog_YACC='bison -y'
ac_cv_prog_ac_ct_STRIP=strip
ac_cv_prog_cc_g=yes
ac_cv_prog_cc_stdc=
ac_cv_prog_egrep='grep -E'
ac_cv_prog_fgrep='grep -F'
ac_cv_prog_lex_root=lex.yy
ac_cv_prog_lex_yytext_pointer=yes
ac_cv_prog_make_make_set=yes
ac_cv_search_frexp='none required'
ac_cv_search_strerror='none required'
ac_cv_target=i686-pc-linux-gnu
ac_cv_target_alias=i686-pc-linux-gnu
ac_cv_working_alloca_h=yes
acl_cv_hardcode_direct=no
acl_cv_hardcode_libdir_flag_spec='${wl}-rpath ${wl}$libdir'
acl_cv_hardcode_libdir_separator=
acl_cv_hardcode_minus_L=no
acl_cv_libext=a
acl_cv_path_LD=ld
acl_cv_prog_gnu_ld=yes
acl_cv_rpath=done
acl_cv_shlibext=so
acl_cv_wl=-Wl,
am_cv_CC_dependencies_compiler_type=none
am_cv_func_iconv=yes
am_cv_lib_iconv=no
am_cv_proto_iconv='extern size_t iconv (iconv_t cd, char * *inbuf, size_t *inbytesleft, char * *outbuf, size_t *outbytesleft);'
am_cv_proto_iconv_arg1=
bu_cv_decl_getopt_unistd_h=yes
bu_cv_decl_time_t_time_h=yes
bu_cv_decl_time_t_types_h=yes
bu_cv_have_fopen64=yes
bu_cv_have_stat64=yes
bu_cv_header_utime_h=yes
lt_cv_deplibs_check_method=pass_all
lt_cv_file_magic_cmd='$MAGIC_CMD'
lt_cv_file_magic_test_file=
lt_cv_ld_reload_flag=-r
lt_cv_nm_interface='BSD nm'
lt_cv_objdir=.libs
lt_cv_path_LD=ld
lt_cv_path_NM=nm
lt_cv_path_SED=/bin/sed
lt_cv_prog_compiler_c_o=yes
lt_cv_prog_compiler_rtti_exceptions=no
lt_cv_prog_gnu_ld=yes
lt_cv_sys_global_symbol_pipe='sed -n -e '\''s/^.*[	 ]\([ABCDGIRSTW][ABCDGIRSTW]*\)[	 ][	 ]*\([_A-Za-z][_A-Za-z0-9]*\)$/\1 \2 \2/p'\'''
lt_cv_sys_global_symbol_to_c_name_address='sed -n -e '\''s/^: \([^ ]*\) $/  {\"\1\", (void *) 0},/p'\'' -e '\''s/^[ABCDGIRSTW]* \([^ ]*\) \([^ ]*\)$/  {"\2", (void *) \&\2},/p'\'''
lt_cv_sys_global_symbol_to_cdecl='sed -n -e '\''s/^T .* \(.*\)$/extern int \1();/p'\'' -e '\''s/^[ABCDGIRSTW]* .* \(.*\)$/extern char \1;/p'\'''
lt_cv_sys_max_cmd_len=805306365

## ----------------- ##
## Output variables. ##
## ----------------- ##

ACLOCAL='${SHELL} /home/taoanran/git/Linux/tool/toolchain/binutils-2.18/missing --run aclocal-1.9'
ALLOCA=''
AMDEPBACKSLASH='\'
AMDEP_FALSE='#'
AMDEP_TRUE=''
AMTAR='${SHELL} /home/taoanran/git/Linux/tool/toolchain/binutils-2.18/missing --run tar'
AR='ar'
AUTOCONF='${SHELL} /home/taoanran/git/Linux/tool/toolchain/binutils-2.18/missing --run autoconf'
AUTOHEADER='${SHELL} /home/taoanran/git/Linux/tool/toolchain/binutils-2.18/missing --run autoheader'
AUTOMAKE='${SHELL} /home/taoanran/git/Linux/tool/toolchain/binutils-2.18/missing --run automake-1.9'
AWK='gawk'
BUILD_DLLTOOL=''
BUILD_DLLWRAP=''
BUILD_INSTALL_MISC=''
BUILD_MISC=''
BUILD_NLMCONV=''
BUILD_SRCONV=''
BUILD_WINDMC=''
BUILD_WINDRES=''
CATALOGS=''
CATOBJEXT=''
CC='gcc'
CCDEPMODE='depmode=none'
CC_FOR_BUILD='gcc'
CFLAGS='-g -O2'
CPP='gcc -E'
CPPFLAGS=''
CYGPATH_W='echo'
DATADIRNAME=''
DEFS='-DHAVE_CONFIG_H'
DEMANGLER_NAME='c++filt'
DEPDIR='.deps'
DLLTOOL_DEFS=' '
DUMPBIN=''
ECHO_C=''
ECHO_N='-n'
ECHO_T=''
EGREP='grep -E'
EMULATION='vanilla'
EMULATION_VECTOR='bin_vanilla_emulation'
EXEEXT=''
EXEEXT_FOR_BUILD='$(EXEEXT)'
FGREP='grep -F'
GENCAT=''
GENINSRC_NEVER_FALSE=''
GENINSRC_NEVER_TRUE='#'
GMSGFMT=':'
GREP='grep'
HDEFINES=''
INCINTL=''
INSTALL_DATA='/usr/bin/install -c -m 644'
INSTALL_PROGRAM='/usr/bin/install -c'
INSTALL_SCRIPT='/usr/bin/install -c'
INSTALL_STRIP_PROGRAM='${SHELL} $(install_sh) -c -s'
INSTOBJEXT=''
LD='ld'
LDFLAGS=''
LEX='flex'
LEXLIB='-lfl'
LEX_OUTPUT_ROOT='lex.yy'
LIBICONV=''
LIBINTL=''
LIBINTL_DEP=''
LIBOBJS=''
LIBS=''
LIBTOOL='$(SHELL) $(top_builddir)/libtool'
LN_S='ln -s'
LTLIBICONV=''
LTLIBOBJS=''
MAINT='#'
MAINTAINER_MODE_FALSE=''
MAINTAINER_MODE_TRUE='#'
MAKEINFO='/home/taoanran/git/Linux/tool/toolchain/binutils-2.18/missing makeinfo --split-size=5000000 --split-size=5000000'
MKINSTALLDIRS='$(top_builddir)/.././binutils/../mkinstalldirs'
MSGFMT=':'
MSGMERGE=':'
NLMCONV_DEFS=''
NM='nm'
NO_WERROR='-Wno-error'
OBJDUMP_DEFS=''
OBJEXT='o'
PACKAGE='binutils'
PACKAGE_BUGREPORT=''
PACKAGE_NAME=''
PACKAGE_STRING=''
PACKAGE_TARNAME=''
PACKAGE_VERSION=''
PATH_SEPARATOR=':'
POSUB=''
RANLIB='ranlib'
SED='/bin/sed'
SET_MAKE=''
SHELL='/bin/bash'
STRIP='strip'
USE_NLS='no'
VERSION='2.18'
WARN_CFLAGS='-W -Wall -Wstrict-prototypes -Wmissing-prototypes -Werror'
XGETTEXT=':'
YACC='bison -y'
ac_ct_AR=''
ac_ct_CC=''
ac_ct_DUMPBIN=''
ac_ct_RANLIB=''
ac_ct_STRIP=''
am__fastdepCC_FALSE=''
am__fastdepCC_TRUE='#'
am__include='include'
am__leading_dot='.'
am__quote=''
am__tar='${AMTAR} chof - "$$tardir"'
am__untar='${AMTAR} xf -'
bindir='${exec_prefix}/bin'
build='i686-pc-linux-gnu'
build_alias='i686-pc-linux-gnu'
build_cpu='i686'
build_os='linux-gnu'
build_vendor='pc'
datadir='${prefix}/share'
datarootdir='/tmp/binutils/share'
docdir='/tmp/binutils/share/doc'
exec_prefix='${prefix}'
host='i686-pc-linux-gnu'
host_alias='i686-pc-linux-gnu'
host_cpu='i686'
host_os='linux-gnu'
host_vendor='pc'
htmldir='/tmp/binutils/share/doc'
includedir='${prefix}/include'
infodir='${prefix}/info'
install_sh='/home/taoanran/git/Linux/tool/toolchain/binutils-2.18/install-sh'
libdir='${exec_prefix}/lib'
libexecdir='${exec_prefix}/libexec'
localstatedir='${prefix}/var'
lt_ECHO='echo'
mandir='${prefix}/man'
mkdir_p='mkdir -p --'
oldincludedir='/usr/include'
prefix='/tmp/binutils'
program_transform_name='s,y,y,'
sbindir='${exec_prefix}/sbin'
sharedstatedir='${prefix}/com'
sysconfdir='${prefix}/etc'
target='i686-pc-linux-gnu'
target_alias='i686-pc-linux-gnu'
target_cpu='i686'
target_os='linux-gnu'
target_vendor='pc'

## ----------- ##
## confdefs.h. ##
## ----------- ##

#define EXECUTABLE_SUFFIX ""
#define HAVE_ALLOCA 1
#define HAVE_ALLOCA_H 1
#define HAVE_DECL_ENVIRON 1
#define HAVE_DECL_FPRINTF 1
#define HAVE_DECL_GETC_UNLOCKED 1
#define HAVE_DECL_GETENV 1
#define HAVE_DECL_GETOPT 1
#define HAVE_DECL_SBRK 1
#define HAVE_DECL_SNPRINTF 1
#define HAVE_DECL_STPCPY 1
#define HAVE_DECL_STRSTR 1
#define HAVE_DECL_VSNPRINTF 1
#define HAVE_DLFCN_H 1
#define HAVE_FCNTL_H 1
#define HAVE_FOPEN64 1
#define HAVE_GETC_UNLOCKED 1
#define HAVE_GOOD_UTIME_H 1
#define HAVE_ICONV 1
#define HAVE_INTTYPES_H 1
#define HAVE_LIMITS_H 1
#define HAVE_MEMORY_H 1
#define HAVE_MKDTEMP 1
#define HAVE_MKSTEMP 1
#define HAVE_SBRK 1
#define HAVE_STAT64 1
#define HAVE_STDINT_H 1
#define HAVE_STDLIB_H 1
#define HAVE_STDLIB_H 1
#define HAVE_STRCOLL 1
#define HAVE_STRINGS_H 1
#define HAVE_STRINGS_H 1
#define HAVE_STRING_H 1
#define HAVE_STRING_H 1
#define HAVE_SYS_FILE_H 1
#define HAVE_SYS_PARAM_H 1
#define HAVE_SYS_STAT_H 1
#define HAVE_SYS_TYPES_H 1
#define HAVE_SYS_WAIT_H 1
#define HAVE_TIME_T_IN_TIME_H 1
#define HAVE_TIME_T_IN_TYPES_H 1
#define HAVE_UNISTD_H 1
#define HAVE_UNISTD_H 1
#define HAVE_UTIMES 1
#define ICONV_CONST 
#define LT_OBJDIR ".libs/"
#define PACKAGE "binutils"
#define PACKAGE_BUGREPORT ""
#define PACKAGE_NAME ""
#define PACKAGE_STRING ""
#define PACKAGE_TARNAME ""
#define PACKAGE_VERSION ""
#define STDC_HEADERS 1
#define TARGET "i686-pc-linux-gnu"
#define TARGET_PREPENDS_UNDERSCORE 0
#define VERSION "2.18"
#define YYTEXT_POINTER 1
#define _GNU_SOURCE 1

configure: exit 0

## ---------------------- ##
## Running config.status. ##
## ---------------------- ##

This file was extended by config.status, which was
generated by GNU Autoconf 2.59.  Invocation command line was

  CONFIG_FILES    = 
  CONFIG_HEADERS  = 
  CONFIG_LINKS    = 
  CONFIG_COMMANDS = 
  $ ./config.status 

on ubuntu

config.status:952: creating Makefile
config.status:952: creating doc/Makefile
config.status:952: creating po/Makefile.in
config.status:1049: creating config.h
config.status:1255: config.h is unchanged
config.status:1435: executing depfiles commands
config.status:1435: executing libtool commands
config.status:1435: executing default-1 commands
