This file contains any messages produced by compilers while
running configure, to aid debugging if configure makes a mistake.

It was created by configure, which was
generated by GNU Autoconf 2.59.  Invocation command line was

  $ /home/taoanran/git/linux/binutils-2.18/opcodes/configure --cache-file=./config.cache --with-gnu-as --with-gnu-ld --prefix=/tmp/binutils --disable-nls --program-transform-name=s,y,y, --build=i686-pc-linux-gnu --host=i686-pc-linux-gnu --target=i686-pc-linux-gnu --srcdir=.././opcodes CC=gcc CFLAGS=-g -O2 LDFLAGS= build_alias=i686-pc-linux-gnu host_alias=i686-pc-linux-gnu target_alias=i686-pc-linux-gnu --no-create --no-recursion

## --------- ##
## Platform. ##
## --------- ##

hostname = ubuntu
uname -m = i686
uname -r = 2.6.32-38-generic
uname -s = Linux
uname -v = #83-Ubuntu SMP Wed Jan 4 11:13:04 UTC 2012

/usr/bin/uname -p = unknown
/bin/uname -X     = unknown

/bin/arch              = unknown
/usr/bin/arch -k       = unknown
/usr/convex/getsysinfo = unknown
hostinfo               = unknown
/bin/machine           = unknown
/usr/bin/oslevel       = unknown
/bin/universe          = unknown

PATH: /usr/local/sbin
PATH: /usr/local/bin
PATH: /usr/sbin
PATH: /usr/bin
PATH: /sbin
PATH: /bin
PATH: /usr/games


## ----------- ##
## Core tests. ##
## ----------- ##

configure:1387: loading cache ./config.cache
configure:1508: checking build system type
configure:1526: result: i686-pc-linux-gnu
configure:1534: checking host system type
configure:1548: result: i686-pc-linux-gnu
configure:1556: checking target system type
configure:1570: result: i686-pc-linux-gnu
configure:1592: checking for i686-pc-linux-gnu-gcc
configure:1618: result: gcc
configure:1900: checking for C compiler version
configure:1903: gcc --version </dev/null >&5
gcc (GCC) 4.1.3 20080704 (prerelease) (Ubuntu 4.1.2-27ubuntu1)
Copyright (C) 2006 Free Software Foundation, Inc.
This is free software; see the source for copying conditions.  There is NO
warranty; not even for MERCHANTABILITY or FITNESS FOR A PARTICULAR PURPOSE.

configure:1906: $? = 0
configure:1908: gcc -v </dev/null >&5
Using built-in specs.
Target: i486-linux-gnu
Configured with: ../src/configure -v --enable-languages=c,c++ --prefix=/usr --enable-shared --with-system-zlib --libexecdir=/usr/lib --without-included-gettext --enable-threads=posix --enable-nls --with-gxx-include-dir=/usr/include/c++/4.1.3 --program-suffix=-4.1 --enable-__cxa_atexit --enable-clocale=gnu --enable-libstdcxx-debug --with-tune=generic --enable-checking=release i486-linux-gnu
Thread model: posix
gcc version 4.1.3 20080704 (prerelease) (Ubuntu 4.1.2-27ubuntu1)
configure:1911: $? = 0
configure:1913: gcc -V </dev/null >&5
gcc: '-V' option must have argument
configure:1916: $? = 1
configure:1939: checking for C compiler default output file name
configure:1942: gcc -g -O2   conftest.c  >&5
configure:1945: $? = 0
configure:1991: result: a.out
configure:1996: checking whether the C compiler works
configure:2002: ./a.out
configure:2005: $? = 0
configure:2022: result: yes
configure:2029: checking whether we are cross compiling
configure:2031: result: no
configure:2034: checking for suffix of executables
configure:2036: gcc -o conftest -g -O2   conftest.c  >&5
configure:2039: $? = 0
configure:2064: result: 
configure:2070: checking for suffix of object files
configure:2116: result: o
configure:2120: checking whether we are using the GNU C compiler
configure:2176: result: yes
configure:2182: checking whether gcc accepts -g
configure:2233: result: yes
configure:2250: checking for gcc option to accept ANSI C
configure:2357: result: none needed
configure:2375: gcc -c -g -O2  conftest.c >&5
conftest.c:2: error: expected '=', ',', ';', 'asm' or '__attribute__' before 'me'
configure:2381: $? = 1
configure: failed program was:
| #ifndef __cplusplus
|   choke me
| #endif
configure:2515: checking for library containing strerror
configure:2634: result: none required
configure:2661: checking for a BSD-compatible install
configure:2716: result: /usr/bin/install -c
configure:2727: checking whether build environment is sane
configure:2770: result: yes
configure:2835: checking for gawk
configure:2861: result: gawk
configure:2871: checking whether make sets $(MAKE)
configure:2891: result: yes
configure:2921: checking for style of include used by make
configure:2949: result: GNU
configure:3125: checking dependency style of gcc
configure:3215: result: none
configure:3237: checking for i686-pc-linux-gnu-ar
configure:3263: result: ar
configure:3316: checking for i686-pc-linux-gnu-ranlib
configure:3342: result: ranlib
configure:3532: checking for a sed that does not truncate output
configure:3588: result: /bin/sed
configure:3604: checking for egrep
configure:3614: result: grep -E
configure:3619: checking for fgrep
configure:3629: result: grep -F
configure:3664: checking for ld used by gcc
configure:3731: result: ld
configure:3740: checking if the linker (ld) is GNU ld
configure:3755: result: yes
configure:3768: checking for BSD- or MS-compatible name lister (nm)
configure:3817: result: nm
configure:3922: checking the name lister (nm) interface
configure:3942: result: BSD nm
configure:3945: checking whether ln -s works
configure:3949: result: yes
configure:3957: checking the maximum length of command line arguments
configure:4077: result: 805306365
configure:4095: checking whether the shell understands some XSI constructs
configure:4103: result: yes
configure:4107: checking whether the shell understands "+="
configure:4113: result: yes
configure:4148: checking for ld option to reload object files
configure:4155: result: -r
configure:4182: checking how to recognize dependent libraries
configure:4372: result: pass_all
configure:4392: checking for i686-pc-linux-gnu-ar
configure:4418: result: ar
configure:4485: checking for i686-pc-linux-gnu-strip
configure:4511: result: strip
configure:4572: checking for i686-pc-linux-gnu-ranlib
configure:4598: result: ranlib
configure:4717: checking command to parse nm output from gcc object
configure:4939: result: ok
configure:5181: checking how to run the C preprocessor
configure:5299: result: gcc -E
configure:5323: gcc -E  conftest.c
configure:5329: $? = 0
configure:5361: gcc -E  conftest.c
conftest.c:11:28: error: ac_nonexistent.h: No such file or directory
configure:5367: $? = 1
configure: failed program was:
| /* confdefs.h.  */
| 
| #define PACKAGE_NAME ""
| #define PACKAGE_TARNAME ""
| #define PACKAGE_VERSION ""
| #define PACKAGE_STRING ""
| #define PACKAGE_BUGREPORT ""
| #define PACKAGE "opcodes"
| #define VERSION "2.18"
| /* end confdefs.h.  */
| #include <ac_nonexistent.h>
configure:5411: checking for ANSI C header files
configure:5567: result: yes
configure:5591: checking for sys/types.h
configure:5637: result: yes
configure:5591: checking for sys/stat.h
configure:5637: result: yes
configure:5591: checking for stdlib.h
configure:5637: result: yes
configure:5591: checking for string.h
configure:5637: result: yes
configure:5591: checking for memory.h
configure:5637: result: yes
configure:5591: checking for strings.h
configure:5637: result: yes
configure:5591: checking for inttypes.h
configure:5637: result: yes
configure:5591: checking for stdint.h
configure:5637: result: yes
configure:5591: checking for unistd.h
configure:5637: result: yes
configure:5653: checking for dlfcn.h
configure:5699: result: yes
configure:5761: checking for objdir
configure:5776: result: .libs
configure:6072: checking if gcc supports -fno-rtti -fno-exceptions
configure:6107: result: no
configure:6127: checking for gcc option to produce PIC
configure:6382: result: -fPIC -DPIC
configure:6394: checking if gcc PIC flag -fPIC -DPIC works
configure:6412: gcc -c -g -O2  -fPIC -DPIC -DPIC conftest.c >&5
configure:6416: $? = 0
configure:6429: result: yes
configure:6453: checking if gcc static flag -static works
configure:6481: result: no
configure:6496: checking if gcc supports -c -o file.o
configure:6543: result: yes
configure:6551: checking if gcc supports -c -o file.o
configure:6598: result: yes
configure:6631: checking whether the gcc linker (ld) supports shared libraries
configure:7711: result: yes
configure:7950: checking dynamic linker characteristics
configure:8383: gcc -o conftest -g -O2   -Wl,-rpath -Wl,/foo conftest.c  >&5
configure:8389: $? = 0
configure:8393: test -z 
			 || test ! -s conftest.err
configure:8396: $? = 0
configure:8399: test -s conftest
configure:8402: $? = 0
configure:8626: result: GNU/Linux ld.so
configure:8721: checking how to hardcode library paths into programs
configure:8746: result: immediate
configure:9592: checking whether stripping libraries is possible
configure:9597: result: yes
configure:9632: checking if libtool supports shared libraries
configure:9634: result: yes
configure:9637: checking whether to build shared libraries
configure:9658: result: no
configure:9661: checking whether to build static libraries
configure:9665: result: yes
configure:9786: checking whether to enable maintainer-specific portions of Makefiles
configure:9795: result: no
configure:9825: checking whether to install libbfd
configure:9838: result: yes
configure:9878: checking for i686-pc-linux-gnu-gcc
configure:9904: result: gcc
configure:10186: checking for C compiler version
configure:10189: gcc --version </dev/null >&5
gcc (GCC) 4.1.3 20080704 (prerelease) (Ubuntu 4.1.2-27ubuntu1)
Copyright (C) 2006 Free Software Foundation, Inc.
This is free software; see the source for copying conditions.  There is NO
warranty; not even for MERCHANTABILITY or FITNESS FOR A PARTICULAR PURPOSE.

configure:10192: $? = 0
configure:10194: gcc -v </dev/null >&5
Using built-in specs.
Target: i486-linux-gnu
Configured with: ../src/configure -v --enable-languages=c,c++ --prefix=/usr --enable-shared --with-system-zlib --libexecdir=/usr/lib --without-included-gettext --enable-threads=posix --enable-nls --with-gxx-include-dir=/usr/include/c++/4.1.3 --program-suffix=-4.1 --enable-__cxa_atexit --enable-clocale=gnu --enable-libstdcxx-debug --with-tune=generic --enable-checking=release i486-linux-gnu
Thread model: posix
gcc version 4.1.3 20080704 (prerelease) (Ubuntu 4.1.2-27ubuntu1)
configure:10197: $? = 0
configure:10199: gcc -V </dev/null >&5
gcc: '-V' option must have argument
configure:10202: $? = 1
configure:10205: checking whether we are using the GNU C compiler
configure:10261: result: yes
configure:10267: checking whether gcc accepts -g
configure:10318: result: yes
configure:10335: checking for gcc option to accept ANSI C
configure:10442: result: none needed
configure:10460: gcc -c -g -O2  conftest.c >&5
conftest.c:2: error: expected '=', ',', ';', 'asm' or '__attribute__' before 'me'
configure:10466: $? = 1
configure: failed program was:
| #ifndef __cplusplus
|   choke me
| #endif
configure:10614: checking whether NLS is requested
configure:10617: result: no
configure:10687: checking whether NLS is requested
configure:10696: result: no
configure:10734: checking for msgfmt
configure:10768: result: no
configure:10774: checking for gmsgfmt
configure:10805: result: :
configure:10844: checking for xgettext
configure:10878: result: no
configure:10915: checking for msgmerge
configure:10948: result: no
configure:11035: checking for a BSD-compatible install
configure:11090: result: /usr/bin/install -c
configure:11109: checking for string.h
configure:11114: result: yes
configure:11109: checking for strings.h
configure:11114: result: yes
configure:11109: checking for stdlib.h
configure:11114: result: yes
configure:11255: checking whether basename is declared
configure:11309: result: no
configure:11674: creating ./config.status

## ---------------- ##
## Cache variables. ##
## ---------------- ##

ac_cv_build=i686-pc-linux-gnu
ac_cv_build_alias=i686-pc-linux-gnu
ac_cv_c_compiler_gnu=yes
ac_cv_env_CC_set=set
ac_cv_env_CC_value=gcc
ac_cv_env_CFLAGS_set=set
ac_cv_env_CFLAGS_value='-g -O2'
ac_cv_env_CPPFLAGS_set=
ac_cv_env_CPPFLAGS_value=
ac_cv_env_CPP_set=
ac_cv_env_CPP_value=
ac_cv_env_LDFLAGS_set=set
ac_cv_env_LDFLAGS_value=
ac_cv_env_build_alias_set=set
ac_cv_env_build_alias_value=i686-pc-linux-gnu
ac_cv_env_host_alias_set=set
ac_cv_env_host_alias_value=i686-pc-linux-gnu
ac_cv_env_target_alias_set=set
ac_cv_env_target_alias_value=i686-pc-linux-gnu
ac_cv_exeext=
ac_cv_have_decl_basename=no
ac_cv_header_dlfcn_h=yes
ac_cv_header_inttypes_h=yes
ac_cv_header_memory_h=yes
ac_cv_header_stdc=yes
ac_cv_header_stdint_h=yes
ac_cv_header_stdlib_h=yes
ac_cv_header_string_h=yes
ac_cv_header_strings_h=yes
ac_cv_header_sys_stat_h=yes
ac_cv_header_sys_types_h=yes
ac_cv_header_unistd_h=yes
ac_cv_host=i686-pc-linux-gnu
ac_cv_host_alias=i686-pc-linux-gnu
ac_cv_objext=o
ac_cv_path_GMSGFMT=:
ac_cv_path_MSGFMT=:
ac_cv_path_MSGMERGE=:
ac_cv_path_XGETTEXT=:
ac_cv_prog_AR=ar
ac_cv_prog_AWK=gawk
ac_cv_prog_CC=gcc
ac_cv_prog_CPP='gcc -E'
ac_cv_prog_RANLIB=ranlib
ac_cv_prog_STRIP=strip
ac_cv_prog_ac_ct_STRIP=strip
ac_cv_prog_cc_g=yes
ac_cv_prog_cc_stdc=
ac_cv_prog_egrep='grep -E'
ac_cv_prog_fgrep='grep -F'
ac_cv_prog_make_make_set=yes
ac_cv_search_strerror='none required'
ac_cv_target=i686-pc-linux-gnu
ac_cv_target_alias=i686-pc-linux-gnu
am_cv_CC_dependencies_compiler_type=none
lt_cv_deplibs_check_method=pass_all
lt_cv_file_magic_cmd='$MAGIC_CMD'
lt_cv_file_magic_test_file=
lt_cv_ld_reload_flag=-r
lt_cv_nm_interface='BSD nm'
lt_cv_objdir=.libs
lt_cv_path_LD=ld
lt_cv_path_NM=nm
lt_cv_path_SED=/bin/sed
lt_cv_prog_compiler_c_o=yes
lt_cv_prog_compiler_rtti_exceptions=no
lt_cv_prog_gnu_ld=yes
lt_cv_sys_global_symbol_pipe='sed -n -e '\''s/^.*[	 ]\([ABCDGIRSTW][ABCDGIRSTW]*\)[	 ][	 ]*\([_A-Za-z][_A-Za-z0-9]*\)$/\1 \2 \2/p'\'''
lt_cv_sys_global_symbol_to_c_name_address='sed -n -e '\''s/^: \([^ ]*\) $/  {\"\1\", (void *) 0},/p'\'' -e '\''s/^[ABCDGIRSTW]* \([^ ]*\) \([^ ]*\)$/  {"\2", (void *) \&\2},/p'\'''
lt_cv_sys_global_symbol_to_cdecl='sed -n -e '\''s/^T .* \(.*\)$/extern int \1();/p'\'' -e '\''s/^[ABCDGIRSTW]* .* \(.*\)$/extern char \1;/p'\'''
lt_cv_sys_max_cmd_len=805306365

## ----------------- ##
## Output variables. ##
## ----------------- ##

ACLOCAL='${SHELL} /home/taoanran/git/Linux/tool/toolchain/binutils-2.18/missing --run aclocal-1.9'
AMDEPBACKSLASH='\'
AMDEP_FALSE='#'
AMDEP_TRUE=''
AMTAR='${SHELL} /home/taoanran/git/Linux/tool/toolchain/binutils-2.18/missing --run tar'
AR='ar'
AUTOCONF='${SHELL} /home/taoanran/git/Linux/tool/toolchain/binutils-2.18/missing --run autoconf'
AUTOHEADER='${SHELL} /home/taoanran/git/Linux/tool/toolchain/binutils-2.18/missing --run autoheader'
AUTOMAKE='${SHELL} /home/taoanran/git/Linux/tool/toolchain/binutils-2.18/missing --run automake-1.9'
AWK='gawk'
BFD_MACHINES=' i386-dis.lo i386-opc.lo'
CATALOGS=''
CATOBJEXT=''
CC='gcc'
CCDEPMODE='depmode=none'
CC_FOR_BUILD='gcc'
CFLAGS='-g -O2'
CGEN_MAINT_FALSE=''
CGEN_MAINT_TRUE='#'
CPP='gcc -E'
CPPFLAGS=''
CYGPATH_W='echo'
DATADIRNAME=''
DEFS='-DHAVE_CONFIG_H'
DEPDIR='.deps'
DUMPBIN=''
ECHO_C=''
ECHO_N='-n'
ECHO_T=''
EGREP='grep -E'
EXEEXT=''
EXEEXT_FOR_BUILD='$(EXEEXT)'
FGREP='grep -F'
GENCAT=''
GMSGFMT=':'
GREP='grep'
HDEFINES=''
INCINTL=''
INSTALL_DATA='/usr/bin/install -c -m 644'
INSTALL_LIBBFD_FALSE='#'
INSTALL_LIBBFD_TRUE=''
INSTALL_PROGRAM='/usr/bin/install -c'
INSTALL_SCRIPT='/usr/bin/install -c'
INSTALL_STRIP_PROGRAM='${SHELL} $(install_sh) -c -s'
INSTOBJEXT=''
LD='ld'
LDFLAGS=''
LIBINTL=''
LIBINTL_DEP=''
LIBOBJS=''
LIBS=''
LIBTOOL='$(SHELL) $(top_builddir)/libtool'
LN_S='ln -s'
LTLIBOBJS=''
MAINT='#'
MAINTAINER_MODE_FALSE=''
MAINTAINER_MODE_TRUE='#'
MAKEINFO='/home/taoanran/git/Linux/tool/toolchain/binutils-2.18/missing makeinfo --split-size=5000000 --split-size=5000000'
MKINSTALLDIRS='$(top_builddir)/.././opcodes/../mkinstalldirs'
MSGFMT=':'
MSGMERGE=':'
NM='nm'
NO_WERROR='-Wno-error'
OBJEXT='o'
PACKAGE='opcodes'
PACKAGE_BUGREPORT=''
PACKAGE_NAME=''
PACKAGE_STRING=''
PACKAGE_TARNAME=''
PACKAGE_VERSION=''
PATH_SEPARATOR=':'
POSUB=''
RANLIB='ranlib'
SED='/bin/sed'
SET_MAKE=''
SHELL='/bin/bash'
STRIP='strip'
USE_NLS='no'
VERSION='2.18'
WARN_CFLAGS='-W -Wall -Wstrict-prototypes -Wmissing-prototypes -Werror'
WIN32LDFLAGS=''
WIN32LIBADD=''
XGETTEXT=':'
ac_ct_AR=''
ac_ct_CC=''
ac_ct_DUMPBIN=''
ac_ct_RANLIB=''
ac_ct_STRIP=''
am__fastdepCC_FALSE=''
am__fastdepCC_TRUE='#'
am__include='include'
am__leading_dot='.'
am__quote=''
am__tar='${AMTAR} chof - "$$tardir"'
am__untar='${AMTAR} xf -'
archdefs=' -DARCH_i386'
bfdincludedir='$(includedir)'
bfdlibdir='$(libdir)'
bindir='${exec_prefix}/bin'
build='i686-pc-linux-gnu'
build_alias='i686-pc-linux-gnu'
build_cpu='i686'
build_os='linux-gnu'
build_vendor='pc'
cgendir='$(srcdir)/../cgen'
datadir='${prefix}/share'
exec_prefix='${prefix}'
host='i686-pc-linux-gnu'
host_alias='i686-pc-linux-gnu'
host_cpu='i686'
host_noncanonical='i686-pc-linux-gnu'
host_os='linux-gnu'
host_vendor='pc'
includedir='${prefix}/include'
infodir='${prefix}/info'
install_sh='/home/taoanran/git/Linux/tool/toolchain/binutils-2.18/install-sh'
libdir='${exec_prefix}/lib'
libexecdir='${exec_prefix}/libexec'
localstatedir='${prefix}/var'
lt_ECHO='echo'
mandir='${prefix}/man'
mkdir_p='mkdir -p --'
oldincludedir='/usr/include'
prefix='/tmp/binutils'
program_transform_name='s,y,y,'
sbindir='${exec_prefix}/sbin'
sharedstatedir='${prefix}/com'
sysconfdir='${prefix}/etc'
target='i686-pc-linux-gnu'
target_alias='i686-pc-linux-gnu'
target_cpu='i686'
target_noncanonical='i686-pc-linux-gnu'
target_os='linux-gnu'
target_vendor='pc'

## ----------- ##
## confdefs.h. ##
## ----------- ##

#define HAVE_DECL_BASENAME 0
#define HAVE_DLFCN_H 1
#define HAVE_INTTYPES_H 1
#define HAVE_MEMORY_H 1
#define HAVE_STDINT_H 1
#define HAVE_STDLIB_H 1
#define HAVE_STDLIB_H 1
#define HAVE_STRINGS_H 1
#define HAVE_STRINGS_H 1
#define HAVE_STRING_H 1
#define HAVE_STRING_H 1
#define HAVE_SYS_STAT_H 1
#define HAVE_SYS_TYPES_H 1
#define HAVE_UNISTD_H 1
#define LT_OBJDIR ".libs/"
#define PACKAGE "opcodes"
#define PACKAGE_BUGREPORT ""
#define PACKAGE_NAME ""
#define PACKAGE_STRING ""
#define PACKAGE_TARNAME ""
#define PACKAGE_VERSION ""
#define STDC_HEADERS 1
#define VERSION "2.18"

configure: exit 0

## ---------------------- ##
## Running config.status. ##
## ---------------------- ##

This file was extended by config.status, which was
generated by GNU Autoconf 2.59.  Invocation command line was

  CONFIG_FILES    = 
  CONFIG_HEADERS  = 
  CONFIG_LINKS    = 
  CONFIG_COMMANDS = 
  $ ./config.status 

on ubuntu

config.status:938: creating Makefile
config.status:938: creating po/Makefile.in
config.status:1035: creating config.h
config.status:1153: config.h is unchanged
config.status:1333: executing depfiles commands
config.status:1333: executing libtool commands
config.status:1333: executing default-1 commands
