This file contains any messages produced by compilers while
running configure, to aid debugging if configure makes a mistake.

It was created by configure, which was
generated by GNU Autoconf 2.59.  Invocation command line was

  $ /home/taoanran/git/linux/binutils-2.18/bfd/configure --cache-file=./config.cache --with-gnu-as --with-gnu-ld --prefix=/tmp/binutils --disable-nls --program-transform-name=s,y,y, --build=i686-pc-linux-gnu --host=i686-pc-linux-gnu --target=i686-pc-linux-gnu --srcdir=.././bfd CC=gcc CFLAGS=-g -O2 LDFLAGS= build_alias=i686-pc-linux-gnu host_alias=i686-pc-linux-gnu target_alias=i686-pc-linux-gnu --no-create --no-recursion

## --------- ##
## Platform. ##
## --------- ##

hostname = ubuntu
uname -m = i686
uname -r = 2.6.32-38-generic
uname -s = Linux
uname -v = #83-Ubuntu SMP Wed Jan 4 11:13:04 UTC 2012

/usr/bin/uname -p = unknown
/bin/uname -X     = unknown

/bin/arch              = unknown
/usr/bin/arch -k       = unknown
/usr/convex/getsysinfo = unknown
hostinfo               = unknown
/bin/machine           = unknown
/usr/bin/oslevel       = unknown
/bin/universe          = unknown

PATH: /usr/local/sbin
PATH: /usr/local/bin
PATH: /usr/sbin
PATH: /usr/bin
PATH: /sbin
PATH: /bin
PATH: /usr/games


## ----------- ##
## Core tests. ##
## ----------- ##

configure:1395: loading cache ./config.cache
configure:1516: checking build system type
configure:1534: result: i686-pc-linux-gnu
configure:1542: checking host system type
configure:1556: result: i686-pc-linux-gnu
configure:1564: checking target system type
configure:1578: result: i686-pc-linux-gnu
configure:1600: checking for i686-pc-linux-gnu-gcc
configure:1626: result: gcc
configure:1908: checking for C compiler version
configure:1911: gcc --version </dev/null >&5
gcc (GCC) 4.1.3 20080704 (prerelease) (Ubuntu 4.1.2-27ubuntu1)
Copyright (C) 2006 Free Software Foundation, Inc.
This is free software; see the source for copying conditions.  There is NO
warranty; not even for MERCHANTABILITY or FITNESS FOR A PARTICULAR PURPOSE.

configure:1914: $? = 0
configure:1916: gcc -v </dev/null >&5
Using built-in specs.
Target: i486-linux-gnu
Configured with: ../src/configure -v --enable-languages=c,c++ --prefix=/usr --enable-shared --with-system-zlib --libexecdir=/usr/lib --without-included-gettext --enable-threads=posix --enable-nls --with-gxx-include-dir=/usr/include/c++/4.1.3 --program-suffix=-4.1 --enable-__cxa_atexit --enable-clocale=gnu --enable-libstdcxx-debug --with-tune=generic --enable-checking=release i486-linux-gnu
Thread model: posix
gcc version 4.1.3 20080704 (prerelease) (Ubuntu 4.1.2-27ubuntu1)
configure:1919: $? = 0
configure:1921: gcc -V </dev/null >&5
gcc: '-V' option must have argument
configure:1924: $? = 1
configure:1947: checking for C compiler default output file name
configure:1950: gcc -g -O2   conftest.c  >&5
configure:1953: $? = 0
configure:1999: result: a.out
configure:2004: checking whether the C compiler works
configure:2010: ./a.out
configure:2013: $? = 0
configure:2030: result: yes
configure:2037: checking whether we are cross compiling
configure:2039: result: no
configure:2042: checking for suffix of executables
configure:2044: gcc -o conftest -g -O2   conftest.c  >&5
configure:2047: $? = 0
configure:2072: result: 
configure:2078: checking for suffix of object files
configure:2124: result: o
configure:2128: checking whether we are using the GNU C compiler
configure:2184: result: yes
configure:2190: checking whether gcc accepts -g
configure:2241: result: yes
configure:2258: checking for gcc option to accept ANSI C
configure:2365: result: none needed
configure:2383: gcc -c -g -O2  conftest.c >&5
conftest.c:2: error: expected '=', ',', ';', 'asm' or '__attribute__' before 'me'
configure:2389: $? = 1
configure: failed program was:
| #ifndef __cplusplus
|   choke me
| #endif
configure:2523: checking for library containing strerror
configure:2642: result: none required
configure:2664: checking for a BSD-compatible install
configure:2719: result: /usr/bin/install -c
configure:2730: checking whether build environment is sane
configure:2773: result: yes
configure:2838: checking for gawk
configure:2864: result: gawk
configure:2874: checking whether make sets $(MAKE)
configure:2894: result: yes
configure:2924: checking for style of include used by make
configure:2952: result: GNU
configure:3128: checking dependency style of gcc
configure:3218: result: none
configure:3240: checking for i686-pc-linux-gnu-ar
configure:3266: result: ar
configure:3319: checking for i686-pc-linux-gnu-ranlib
configure:3345: result: ranlib
configure:3437: checking for i686-pc-linux-gnu-gcc
configure:3463: result: gcc
configure:3745: checking for C compiler version
configure:3748: gcc --version </dev/null >&5
gcc (GCC) 4.1.3 20080704 (prerelease) (Ubuntu 4.1.2-27ubuntu1)
Copyright (C) 2006 Free Software Foundation, Inc.
This is free software; see the source for copying conditions.  There is NO
warranty; not even for MERCHANTABILITY or FITNESS FOR A PARTICULAR PURPOSE.

configure:3751: $? = 0
configure:3753: gcc -v </dev/null >&5
Using built-in specs.
Target: i486-linux-gnu
Configured with: ../src/configure -v --enable-languages=c,c++ --prefix=/usr --enable-shared --with-system-zlib --libexecdir=/usr/lib --without-included-gettext --enable-threads=posix --enable-nls --with-gxx-include-dir=/usr/include/c++/4.1.3 --program-suffix=-4.1 --enable-__cxa_atexit --enable-clocale=gnu --enable-libstdcxx-debug --with-tune=generic --enable-checking=release i486-linux-gnu
Thread model: posix
gcc version 4.1.3 20080704 (prerelease) (Ubuntu 4.1.2-27ubuntu1)
configure:3756: $? = 0
configure:3758: gcc -V </dev/null >&5
gcc: '-V' option must have argument
configure:3761: $? = 1
configure:3764: checking whether we are using the GNU C compiler
configure:3820: result: yes
configure:3826: checking whether gcc accepts -g
configure:3877: result: yes
configure:3894: checking for gcc option to accept ANSI C
configure:4001: result: none needed
configure:4019: gcc -c -g -O2  conftest.c >&5
conftest.c:2: error: expected '=', ',', ';', 'asm' or '__attribute__' before 'me'
configure:4025: $? = 1
configure: failed program was:
| #ifndef __cplusplus
|   choke me
| #endif
configure:4271: checking for a sed that does not truncate output
configure:4327: result: /bin/sed
configure:4343: checking for egrep
configure:4353: result: grep -E
configure:4358: checking for fgrep
configure:4368: result: grep -F
configure:4403: checking for ld used by gcc
configure:4470: result: ld
configure:4479: checking if the linker (ld) is GNU ld
configure:4494: result: yes
configure:4507: checking for BSD- or MS-compatible name lister (nm)
configure:4556: result: nm
configure:4661: checking the name lister (nm) interface
configure:4681: result: BSD nm
configure:4684: checking whether ln -s works
configure:4688: result: yes
configure:4696: checking the maximum length of command line arguments
configure:4816: result: 805306365
configure:4834: checking whether the shell understands some XSI constructs
configure:4842: result: yes
configure:4846: checking whether the shell understands "+="
configure:4852: result: yes
configure:4887: checking for ld option to reload object files
configure:4894: result: -r
configure:4921: checking how to recognize dependent libraries
configure:5111: result: pass_all
configure:5131: checking for i686-pc-linux-gnu-ar
configure:5157: result: ar
configure:5224: checking for i686-pc-linux-gnu-strip
configure:5250: result: strip
configure:5311: checking for i686-pc-linux-gnu-ranlib
configure:5337: result: ranlib
configure:5456: checking command to parse nm output from gcc object
configure:5678: result: ok
configure:5920: checking how to run the C preprocessor
configure:6038: result: gcc -E
configure:6062: gcc -E  conftest.c
configure:6068: $? = 0
configure:6100: gcc -E  conftest.c
conftest.c:12:28: error: ac_nonexistent.h: No such file or directory
configure:6106: $? = 1
configure: failed program was:
| /* confdefs.h.  */
| 
| #define PACKAGE_NAME ""
| #define PACKAGE_TARNAME ""
| #define PACKAGE_VERSION ""
| #define PACKAGE_STRING ""
| #define PACKAGE_BUGREPORT ""
| #define PACKAGE "bfd"
| #define VERSION "2.18"
| #define _GNU_SOURCE 1
| /* end confdefs.h.  */
| #include <ac_nonexistent.h>
configure:6150: checking for ANSI C header files
configure:6306: result: yes
configure:6330: checking for sys/types.h
configure:6376: result: yes
configure:6330: checking for sys/stat.h
configure:6376: result: yes
configure:6330: checking for stdlib.h
configure:6376: result: yes
configure:6330: checking for string.h
configure:6376: result: yes
configure:6330: checking for memory.h
configure:6376: result: yes
configure:6330: checking for strings.h
configure:6376: result: yes
configure:6330: checking for inttypes.h
configure:6376: result: yes
configure:6330: checking for stdint.h
configure:6376: result: yes
configure:6330: checking for unistd.h
configure:6376: result: yes
configure:6392: checking for dlfcn.h
configure:6438: result: yes
configure:6500: checking for objdir
configure:6515: result: .libs
configure:6811: checking if gcc supports -fno-rtti -fno-exceptions
configure:6846: result: no
configure:6866: checking for gcc option to produce PIC
configure:7121: result: -fPIC -DPIC
configure:7133: checking if gcc PIC flag -fPIC -DPIC works
configure:7151: gcc -c -g -O2  -fPIC -DPIC -DPIC conftest.c >&5
configure:7155: $? = 0
configure:7168: result: yes
configure:7192: checking if gcc static flag -static works
configure:7220: result: no
configure:7235: checking if gcc supports -c -o file.o
configure:7282: result: yes
configure:7290: checking if gcc supports -c -o file.o
configure:7337: result: yes
configure:7370: checking whether the gcc linker (ld) supports shared libraries
configure:8450: result: yes
configure:8689: checking dynamic linker characteristics
configure:9122: gcc -o conftest -g -O2   -Wl,-rpath -Wl,/foo conftest.c  >&5
configure:9128: $? = 0
configure:9132: test -z 
			 || test ! -s conftest.err
configure:9135: $? = 0
configure:9138: test -s conftest
configure:9141: $? = 0
configure:9365: result: GNU/Linux ld.so
configure:9460: checking how to hardcode library paths into programs
configure:9485: result: immediate
configure:10331: checking whether stripping libraries is possible
configure:10336: result: yes
configure:10371: checking if libtool supports shared libraries
configure:10373: result: yes
configure:10376: checking whether to build shared libraries
configure:10397: result: no
configure:10400: checking whether to build static libraries
configure:10404: result: yes
configure:10630: checking whether to enable maintainer-specific portions of Makefiles
configure:10639: result: no
configure:10679: checking whether to install libbfd
configure:10692: result: yes
configure:10742: checking whether NLS is requested
configure:10745: result: no
configure:10815: checking whether NLS is requested
configure:10824: result: no
configure:10862: checking for msgfmt
configure:10896: result: no
configure:10902: checking for gmsgfmt
configure:10933: result: :
configure:10972: checking for xgettext
configure:11006: result: no
configure:11043: checking for msgmerge
configure:11076: result: no
configure:11126: checking for a BSD-compatible install
configure:11181: result: /usr/bin/install -c
configure:11201: checking for long long
configure:11253: result: yes
configure:11257: checking for long long
configure:11311: result: yes
configure:11314: checking size of long long
configure:11664: result: 8
configure:11673: checking for void *
configure:11727: result: yes
configure:11730: checking size of void *
configure:12080: result: 4
configure:12087: checking for long
configure:12141: result: yes
configure:12144: checking size of long
configure:12494: result: 4
configure:12581: checking for stddef.h
configure:12586: result: yes
configure:12581: checking for string.h
configure:12586: result: yes
configure:12581: checking for strings.h
configure:12586: result: yes
configure:12581: checking for stdlib.h
configure:12586: result: yes
configure:12581: checking for time.h
configure:12586: result: yes
configure:12581: checking for unistd.h
configure:12586: result: yes
configure:12733: checking for fcntl.h
configure:12738: result: yes
configure:12733: checking for sys/file.h
configure:12738: result: yes
configure:12733: checking for sys/time.h
configure:12738: result: yes
configure:12891: checking for uintmax_t
configure:12917: gcc -c -g -O2  conftest.c >&5
configure:12923: $? = 0
configure:12927: test -z 
			 || test ! -s conftest.err
configure:12930: $? = 0
configure:12933: test -s conftest.o
configure:12936: $? = 0
configure:12947: result: yes
configure:12955: checking for uintptr_t
configure:12981: gcc -c -g -O2  conftest.c >&5
configure:12987: $? = 0
configure:12991: test -z 
			 || test ! -s conftest.err
configure:12994: $? = 0
configure:12997: test -s conftest.o
configure:13000: $? = 0
configure:13011: result: yes
configure:13019: checking for int_least32_t
configure:13045: gcc -c -g -O2  conftest.c >&5
configure:13051: $? = 0
configure:13055: test -z 
			 || test ! -s conftest.err
configure:13058: $? = 0
configure:13061: test -s conftest.o
configure:13064: $? = 0
configure:13075: result: yes
configure:13083: checking for int_fast32_t
configure:13109: gcc -c -g -O2  conftest.c >&5
configure:13115: $? = 0
configure:13119: test -z 
			 || test ! -s conftest.err
configure:13122: $? = 0
configure:13125: test -s conftest.o
configure:13128: $? = 0
configure:13139: result: yes
configure:13147: checking for uint64_t
configure:13173: gcc -c -g -O2  conftest.c >&5
configure:13179: $? = 0
configure:13183: test -z 
			 || test ! -s conftest.err
configure:13186: $? = 0
configure:13189: test -s conftest.o
configure:13192: $? = 0
configure:13203: result: yes
configure:13549: checking what to include in bfd_stdint.h
configure:13569: result: stdint.h (already complete)
configure:15725: checking whether time.h and sys/time.h may both be included
configure:15780: result: yes
configure:15798: checking for dirent.h that defines DIR
configure:15852: result: yes
configure:15865: checking for library containing opendir
configure:15984: result: none required
configure:16120: checking whether string.h and strings.h may both be included
configure:16172: result: yes
configure:16192: checking for fcntl
configure:16280: result: yes
configure:16192: checking for getpagesize
configure:16280: result: yes
configure:16192: checking for setitimer
configure:16280: result: yes
configure:16192: checking for sysconf
configure:16280: result: yes
configure:16192: checking for fdopen
configure:16280: result: yes
configure:16192: checking for getuid
configure:16280: result: yes
configure:16192: checking for getgid
configure:16280: result: yes
configure:16294: checking for strtoull
configure:16382: result: yes
configure:16393: checking whether basename is declared
configure:16447: result: yes
configure:16465: checking whether ftello is declared
configure:16519: result: yes
configure:16537: checking whether ftello64 is declared
configure:16591: result: yes
configure:16609: checking whether fseeko is declared
configure:16663: result: yes
configure:16681: checking whether fseeko64 is declared
configure:16735: result: yes
configure:16764: checking whether ffs is declared
configure:16818: result: yes
configure:16836: checking whether free is declared
configure:16890: result: yes
configure:16908: checking whether getenv is declared
configure:16962: result: yes
configure:16980: checking whether malloc is declared
configure:17034: result: yes
configure:17052: checking whether realloc is declared
configure:17106: result: yes
configure:17124: checking whether stpcpy is declared
configure:17178: result: yes
configure:17196: checking whether strstr is declared
configure:17250: result: yes
configure:17268: checking whether snprintf is declared
configure:17322: result: yes
configure:17340: checking whether vsnprintf is declared
configure:17394: result: yes
configure:17696: checking for sys/procfs.h
configure:17701: result: yes
configure:17842: checking for prstatus_t in sys/procfs.h
configure:17904: result: yes
configure:17907: checking for prstatus32_t in sys/procfs.h
configure:17969: result: no
configure:17972: checking for prstatus_t.pr_who in sys/procfs.h
configure:18034: result: no
configure:18037: checking for prstatus32_t.pr_who in sys/procfs.h
configure:18099: result: no
configure:18102: checking for pstatus_t in sys/procfs.h
configure:18164: result: no
configure:18167: checking for pxstatus_t in sys/procfs.h
configure:18229: result: no
configure:18232: checking for pstatus32_t in sys/procfs.h
configure:18294: result: no
configure:18297: checking for prpsinfo_t in sys/procfs.h
configure:18359: result: yes
configure:18362: checking for prpsinfo32_t in sys/procfs.h
configure:18424: result: no
configure:18427: checking for psinfo_t in sys/procfs.h
configure:18489: result: no
configure:18492: checking for psinfo32_t in sys/procfs.h
configure:18554: result: no
configure:18557: checking for lwpstatus_t in sys/procfs.h
configure:18619: result: no
configure:18622: checking for lwpxstatus_t in sys/procfs.h
configure:18684: result: no
configure:18687: checking for lwpstatus_t.pr_context in sys/procfs.h
configure:18749: result: no
configure:18752: checking for lwpstatus_t.pr_reg in sys/procfs.h
configure:18814: result: no
configure:18817: checking for win32_pstatus_t in sys/procfs.h
configure:18879: result: no
configure:19433: checking for ftello
configure:19521: result: yes
configure:19433: checking for ftello64
configure:19521: result: yes
configure:19433: checking for fseeko
configure:19521: result: yes
configure:19433: checking for fseeko64
configure:19521: result: yes
configure:19433: checking for fopen64
configure:19521: result: yes
configure:19532: checking for off_t
configure:19586: result: yes
configure:19589: checking size of off_t
configure:19939: result: 4
configure:19947: checking file_ptr type
configure:19956: result: BFD_HOST_64_BIT
configure:19976: checking for stdlib.h
configure:19981: result: yes
configure:19976: checking for unistd.h
configure:19981: result: yes
configure:20125: checking for getpagesize
configure:20213: result: yes
configure:20223: checking for working mmap
configure:20387: result: yes
configure:20403: checking for madvise
configure:20491: result: yes
configure:20403: checking for mprotect
configure:20491: result: yes
configure:20650: creating ./config.status

## ---------------- ##
## Cache variables. ##
## ---------------- ##

ac_cv_build=i686-pc-linux-gnu
ac_cv_build_alias=i686-pc-linux-gnu
ac_cv_c_compiler_gnu=yes
ac_cv_env_CC_set=set
ac_cv_env_CC_value=gcc
ac_cv_env_CFLAGS_set=set
ac_cv_env_CFLAGS_value='-g -O2'
ac_cv_env_CPPFLAGS_set=
ac_cv_env_CPPFLAGS_value=
ac_cv_env_CPP_set=
ac_cv_env_CPP_value=
ac_cv_env_LDFLAGS_set=set
ac_cv_env_LDFLAGS_value=
ac_cv_env_build_alias_set=set
ac_cv_env_build_alias_value=i686-pc-linux-gnu
ac_cv_env_host_alias_set=set
ac_cv_env_host_alias_value=i686-pc-linux-gnu
ac_cv_env_target_alias_set=set
ac_cv_env_target_alias_value=i686-pc-linux-gnu
ac_cv_exeext=
ac_cv_func_fcntl=yes
ac_cv_func_fdopen=yes
ac_cv_func_fopen64=yes
ac_cv_func_fseeko=yes
ac_cv_func_fseeko64=yes
ac_cv_func_ftello=yes
ac_cv_func_ftello64=yes
ac_cv_func_getgid=yes
ac_cv_func_getpagesize=yes
ac_cv_func_getuid=yes
ac_cv_func_madvise=yes
ac_cv_func_mmap_fixed_mapped=yes
ac_cv_func_mprotect=yes
ac_cv_func_setitimer=yes
ac_cv_func_strtoull=yes
ac_cv_func_sysconf=yes
ac_cv_have_decl_basename=yes
ac_cv_have_decl_ffs=yes
ac_cv_have_decl_free=yes
ac_cv_have_decl_fseeko=yes
ac_cv_have_decl_fseeko64=yes
ac_cv_have_decl_ftello=yes
ac_cv_have_decl_ftello64=yes
ac_cv_have_decl_getenv=yes
ac_cv_have_decl_malloc=yes
ac_cv_have_decl_realloc=yes
ac_cv_have_decl_snprintf=yes
ac_cv_have_decl_stpcpy=yes
ac_cv_have_decl_strstr=yes
ac_cv_have_decl_vsnprintf=yes
ac_cv_header_dirent_dirent_h=yes
ac_cv_header_dlfcn_h=yes
ac_cv_header_fcntl_h=yes
ac_cv_header_inttypes_h=yes
ac_cv_header_memory_h=yes
ac_cv_header_stdc=yes
ac_cv_header_stddef_h=yes
ac_cv_header_stdint_h=yes
ac_cv_header_stdlib_h=yes
ac_cv_header_string_h=yes
ac_cv_header_strings_h=yes
ac_cv_header_sys_file_h=yes
ac_cv_header_sys_procfs_h=yes
ac_cv_header_sys_stat_h=yes
ac_cv_header_sys_time_h=yes
ac_cv_header_sys_types_h=yes
ac_cv_header_time=yes
ac_cv_header_time_h=yes
ac_cv_header_unistd_h=yes
ac_cv_host=i686-pc-linux-gnu
ac_cv_host_alias=i686-pc-linux-gnu
ac_cv_objext=o
ac_cv_path_GMSGFMT=:
ac_cv_path_MSGFMT=:
ac_cv_path_MSGMERGE=:
ac_cv_path_XGETTEXT=:
ac_cv_prog_AR=ar
ac_cv_prog_AWK=gawk
ac_cv_prog_CC=gcc
ac_cv_prog_CPP='gcc -E'
ac_cv_prog_RANLIB=ranlib
ac_cv_prog_STRIP=strip
ac_cv_prog_ac_ct_STRIP=strip
ac_cv_prog_cc_g=yes
ac_cv_prog_cc_stdc=
ac_cv_prog_egrep='grep -E'
ac_cv_prog_fgrep='grep -F'
ac_cv_prog_make_make_set=yes
ac_cv_search_opendir='none required'
ac_cv_search_strerror='none required'
ac_cv_sizeof_long=4
ac_cv_sizeof_long_long=8
ac_cv_sizeof_off_t=4
ac_cv_sizeof_void_p=4
ac_cv_target=i686-pc-linux-gnu
ac_cv_target_alias=i686-pc-linux-gnu
ac_cv_type_int_fast32_t=yes
ac_cv_type_int_least32_t=yes
ac_cv_type_long=yes
ac_cv_type_long_long=yes
ac_cv_type_off_t=yes
ac_cv_type_u_int64_t=no
ac_cv_type_uint64_t=yes
ac_cv_type_uintmax_t=yes
ac_cv_type_uintptr_t=yes
ac_cv_type_void_p=yes
acx_cv_header_stdint=stdint.h
acx_cv_header_stdint_kind='(already complete)'
am_cv_CC_dependencies_compiler_type=none
bfd_cv_has_long_long=yes
bfd_cv_have_sys_procfs_type_lwpstatus_t=no
bfd_cv_have_sys_procfs_type_lwpxstatus_t=no
bfd_cv_have_sys_procfs_type_member_lwpstatus_t_pr_context=no
bfd_cv_have_sys_procfs_type_member_lwpstatus_t_pr_reg=no
bfd_cv_have_sys_procfs_type_member_prstatus32_t_pr_who=no
bfd_cv_have_sys_procfs_type_member_prstatus_t_pr_who=no
bfd_cv_have_sys_procfs_type_prpsinfo32_t=no
bfd_cv_have_sys_procfs_type_prpsinfo_t=yes
bfd_cv_have_sys_procfs_type_prstatus32_t=no
bfd_cv_have_sys_procfs_type_prstatus_t=yes
bfd_cv_have_sys_procfs_type_psinfo32_t=no
bfd_cv_have_sys_procfs_type_psinfo_t=no
bfd_cv_have_sys_procfs_type_pstatus32_t=no
bfd_cv_have_sys_procfs_type_pstatus_t=no
bfd_cv_have_sys_procfs_type_pxstatus_t=no
bfd_cv_have_sys_procfs_type_win32_pstatus_t=no
gcc_cv_header_string=yes
lt_cv_deplibs_check_method=pass_all
lt_cv_file_magic_cmd='$MAGIC_CMD'
lt_cv_file_magic_test_file=
lt_cv_ld_reload_flag=-r
lt_cv_nm_interface='BSD nm'
lt_cv_objdir=.libs
lt_cv_path_LD=ld
lt_cv_path_NM=nm
lt_cv_path_SED=/bin/sed
lt_cv_prog_compiler_c_o=yes
lt_cv_prog_compiler_rtti_exceptions=no
lt_cv_prog_gnu_ld=yes
lt_cv_sys_global_symbol_pipe='sed -n -e '\''s/^.*[	 ]\([ABCDGIRSTW][ABCDGIRSTW]*\)[	 ][	 ]*\([_A-Za-z][_A-Za-z0-9]*\)$/\1 \2 \2/p'\'''
lt_cv_sys_global_symbol_to_c_name_address='sed -n -e '\''s/^: \([^ ]*\) $/  {\"\1\", (void *) 0},/p'\'' -e '\''s/^[ABCDGIRSTW]* \([^ ]*\) \([^ ]*\)$/  {"\2", (void *) \&\2},/p'\'''
lt_cv_sys_global_symbol_to_cdecl='sed -n -e '\''s/^T .* \(.*\)$/extern int \1();/p'\'' -e '\''s/^[ABCDGIRSTW]* .* \(.*\)$/extern char \1;/p'\'''
lt_cv_sys_max_cmd_len=805306365

## ----------------- ##
## Output variables. ##
## ----------------- ##

ACLOCAL='${SHELL} /home/taoanran/git/Linux/tool/toolchain/binutils-2.18/missing --run aclocal-1.9'
AMDEPBACKSLASH='\'
AMDEP_FALSE='#'
AMDEP_TRUE=''
AMTAR='${SHELL} /home/taoanran/git/Linux/tool/toolchain/binutils-2.18/missing --run tar'
AR='ar'
AUTOCONF='${SHELL} /home/taoanran/git/Linux/tool/toolchain/binutils-2.18/missing --run autoconf'
AUTOHEADER='${SHELL} /home/taoanran/git/Linux/tool/toolchain/binutils-2.18/missing --run autoheader'
AUTOMAKE='${SHELL} /home/taoanran/git/Linux/tool/toolchain/binutils-2.18/missing --run automake-1.9'
AWK='gawk'
BFD_HOSTPTR_T='unsigned long'
BFD_HOST_64BIT_LONG='0'
BFD_HOST_64BIT_LONG_LONG='0'
BFD_HOST_64_BIT='long long'
BFD_HOST_64_BIT_DEFINED='1'
BFD_HOST_LONG_LONG='1'
BFD_HOST_U_64_BIT='unsigned long long'
CATALOGS=''
CATOBJEXT=''
CC='gcc'
CCDEPMODE='depmode=none'
CC_FOR_BUILD='gcc'
CFLAGS='-g -O2'
COREFILE='trad-core.lo'
COREFLAG=' -DTRAD_CORE'
CPP='gcc -E'
CPPFLAGS=''
CYGPATH_W='echo'
DATADIRNAME=''
DEBUGDIR='${exec_prefix}/lib/debug'
DEFS='-DHAVE_CONFIG_H'
DEPDIR='.deps'
DUMPBIN=''
ECHO_C=''
ECHO_N='-n'
ECHO_T=''
EGREP='grep -E'
EXEEXT=''
EXEEXT_FOR_BUILD='$(EXEEXT)'
FGREP='grep -F'
GENCAT=''
GENINSRC_NEVER_FALSE=''
GENINSRC_NEVER_TRUE='#'
GMSGFMT=':'
GREP='grep'
HDEFINES=''
INCINTL=''
INSTALL_DATA='/usr/bin/install -c -m 644'
INSTALL_LIBBFD_FALSE='#'
INSTALL_LIBBFD_TRUE=''
INSTALL_PROGRAM='/usr/bin/install -c'
INSTALL_SCRIPT='/usr/bin/install -c'
INSTALL_STRIP_PROGRAM='${SHELL} $(install_sh) -c -s'
INSTOBJEXT=''
LD='ld'
LDFLAGS=''
LIBINTL=''
LIBINTL_DEP=''
LIBOBJS=''
LIBS=''
LIBTOOL='$(SHELL) $(top_builddir)/libtool'
LN_S='ln -s'
LTLIBOBJS=''
MAINT='#'
MAINTAINER_MODE_FALSE=''
MAINTAINER_MODE_TRUE='#'
MAKEINFO='/home/taoanran/git/Linux/tool/toolchain/binutils-2.18/missing makeinfo --split-size=5000000 --split-size=5000000'
MKINSTALLDIRS='$(top_builddir)/.././bfd/../mkinstalldirs'
MSGFMT=':'
MSGMERGE=':'
NM='nm'
NO_WERROR='-Wno-error'
OBJEXT='o'
PACKAGE='bfd'
PACKAGE_BUGREPORT=''
PACKAGE_NAME=''
PACKAGE_STRING=''
PACKAGE_TARNAME=''
PACKAGE_VERSION=''
PATH_SEPARATOR=':'
PKGVERSION='(GNU Binutils) '
POSUB=''
RANLIB='ranlib'
REPORT_BUGS_TEXI='@uref{http://www.sourceware.org/bugzilla/}'
REPORT_BUGS_TO='<http://www.sourceware.org/bugzilla/>'
SED='/bin/sed'
SET_MAKE=''
SHELL='/bin/bash'
STRIP='strip'
TDEFINES=' '
USE_NLS='no'
VERSION='2.18'
WARN_CFLAGS='-W -Wall -Wstrict-prototypes -Wmissing-prototypes -Werror'
WIN32LDFLAGS=''
WIN32LIBADD=''
XGETTEXT=':'
ac_ct_AR=''
ac_ct_CC=''
ac_ct_DUMPBIN=''
ac_ct_RANLIB=''
ac_ct_STRIP=''
all_backends='$(BFD32_BACKENDS)'
am__fastdepCC_FALSE=''
am__fastdepCC_TRUE='#'
am__include='include'
am__leading_dot='.'
am__quote=''
am__tar='${AMTAR} chof - "$$tardir"'
am__untar='${AMTAR} xf -'
bfd64_libs=''
bfd_backends=' elf32-i386.lo elf-vxworks.lo elf32.lo elf.lo elflink.lo elf-attrs.lo elf-strtab.lo elf-eh-frame.lo dwarf1.lo i386linux.lo aout32.lo efi-app-ia32.lo peigen.lo cofflink.lo elf32-gen.lo'
bfd_default_target_size='32'
bfd_file_ptr='BFD_HOST_64_BIT'
bfd_machines=' cpu-i386.lo'
bfd_ufile_ptr='BFD_HOST_U_64_BIT'
bfdincludedir='$(includedir)'
bfdlibdir='$(libdir)'
bindir='${exec_prefix}/bin'
build='i686-pc-linux-gnu'
build_alias='i686-pc-linux-gnu'
build_cpu='i686'
build_os='linux-gnu'
build_vendor='pc'
datadir='${prefix}/share'
datarootdir='/tmp/binutils/share'
docdir='/tmp/binutils/share/doc'
exec_prefix='${prefix}'
host='i686-pc-linux-gnu'
host_alias='i686-pc-linux-gnu'
host_cpu='i686'
host_noncanonical='i686-pc-linux-gnu'
host_os='linux-gnu'
host_vendor='pc'
htmldir='/tmp/binutils/share/doc'
includedir='${prefix}/include'
infodir='${prefix}/info'
install_sh='/home/taoanran/git/Linux/tool/toolchain/binutils-2.18/install-sh'
libdir='${exec_prefix}/lib'
libexecdir='${exec_prefix}/libexec'
localstatedir='${prefix}/var'
lt_ECHO='echo'
mandir='${prefix}/man'
mkdir_p='mkdir -p --'
oldincludedir='/usr/include'
prefix='/tmp/binutils'
program_transform_name='s,y,y,'
sbindir='${exec_prefix}/sbin'
sharedstatedir='${prefix}/com'
sysconfdir='${prefix}/etc'
target='i686-pc-linux-gnu'
target_alias='i686-pc-linux-gnu'
target_cpu='i686'
target_noncanonical='i686-pc-linux-gnu'
target_os='linux-gnu'
target_vendor='pc'
tdefaults=' -DDEFAULT_VECTOR=bfd_elf32_i386_vec -DSELECT_VECS='&bfd_elf32_i386_vec,&i386linux_vec,&bfd_efi_app_ia32_vec,&bfd_elf32_little_generic_vec,&bfd_elf32_big_generic_vec' -DSELECT_ARCHITECTURES='&bfd_i386_arch' -DHAVE_bfd_elf32_i386_vec -DHAVE_i386linux_vec -DHAVE_bfd_efi_app_ia32_vec -DHAVE_bfd_elf32_little_generic_vec -DHAVE_bfd_elf32_big_generic_vec'
wordsize='32'

## ----------- ##
## confdefs.h. ##
## ----------- ##

#define HAVE_DECL_BASENAME 1
#define HAVE_DECL_FFS 1
#define HAVE_DECL_FREE 1
#define HAVE_DECL_FSEEKO 1
#define HAVE_DECL_FSEEKO64 1
#define HAVE_DECL_FTELLO 1
#define HAVE_DECL_FTELLO64 1
#define HAVE_DECL_GETENV 1
#define HAVE_DECL_MALLOC 1
#define HAVE_DECL_REALLOC 1
#define HAVE_DECL_SNPRINTF 1
#define HAVE_DECL_STPCPY 1
#define HAVE_DECL_STRSTR 1
#define HAVE_DECL_VSNPRINTF 1
#define HAVE_DIRENT_H 1
#define HAVE_DLFCN_H 1
#define HAVE_FCNTL 1
#define HAVE_FCNTL_H 1
#define HAVE_FDOPEN 1
#define HAVE_FOPEN64 1
#define HAVE_FSEEKO 1
#define HAVE_FSEEKO64 1
#define HAVE_FTELLO 1
#define HAVE_FTELLO64 1
#define HAVE_GETGID 1
#define HAVE_GETPAGESIZE 1
#define HAVE_GETPAGESIZE 1
#define HAVE_GETUID 1
#define HAVE_INTTYPES_H 1
#define HAVE_MADVISE 1
#define HAVE_MEMORY_H 1
#define HAVE_MMAP 1
#define HAVE_MPROTECT 1
#define HAVE_PRPSINFO_T 1
#define HAVE_PRSTATUS_T 1
#define HAVE_SETITIMER 1
#define HAVE_STDDEF_H 1
#define HAVE_STDINT_H 1
#define HAVE_STDLIB_H 1
#define HAVE_STDLIB_H 1
#define HAVE_STDLIB_H 1
#define HAVE_STRINGS_H 1
#define HAVE_STRINGS_H 1
#define HAVE_STRING_H 1
#define HAVE_STRING_H 1
#define HAVE_STRTOULL 1
#define HAVE_SYSCONF 1
#define HAVE_SYS_FILE_H 1
#define HAVE_SYS_PROCFS_H 1
#define HAVE_SYS_STAT_H 1
#define HAVE_SYS_TIME_H 1
#define HAVE_SYS_TYPES_H 1
#define HAVE_TIME_H 1
#define HAVE_UNISTD_H 1
#define HAVE_UNISTD_H 1
#define HAVE_UNISTD_H 1
#define LT_OBJDIR ".libs/"
#define PACKAGE "bfd"
#define PACKAGE_BUGREPORT ""
#define PACKAGE_NAME ""
#define PACKAGE_STRING ""
#define PACKAGE_TARNAME ""
#define PACKAGE_VERSION ""
#define SIZEOF_LONG 4
#define SIZEOF_LONG_LONG 8
#define SIZEOF_OFF_T 4
#define SIZEOF_VOID_P 4
#define STDC_HEADERS 1
#define STRING_WITH_STRINGS 1
#define TIME_WITH_SYS_TIME 1
#define TRAD_HEADER "hosts/i386linux.h"
#define VERSION "2.18"
#define _GNU_SOURCE 1

configure: exit 0

## ---------------------- ##
## Running config.status. ##
## ---------------------- ##

This file was extended by config.status, which was
generated by GNU Autoconf 2.59.  Invocation command line was

  CONFIG_FILES    = 
  CONFIG_HEADERS  = 
  CONFIG_LINKS    = 
  CONFIG_COMMANDS = 
  $ ./config.status 

on ubuntu

config.status:984: creating Makefile
config.status:984: creating doc/Makefile
config.status:984: creating bfd-in3.h
config.status:984: creating po/Makefile.in
config.status:1081: creating config.h
config.status:1317: config.h is unchanged
config.status:1497: executing depfiles commands
config.status:1497: executing libtool commands
config.status:1497: executing default-1 commands
config.status:1497: executing bfd_stdint.h commands
config.status:1497: executing default commands
