This file contains any messages produced by compilers while
running configure, to aid debugging if configure makes a mistake.

It was created by GNU C Library configure (see version.h), which was
generated by GNU Autoconf 2.59.  Invocation command line was

  $ /home/taoanran/git/linux/crosstool-0.43/build/arm-softfloat-linux-gnu/gcc-3.4.5-glibc-2.3.6/glibc-2.3.6/configure --prefix=/usr --build=i686-pc-linux-gnu --host=arm-softfloat-linux-gnu --without-fp --enable-kernel=2.4.3 --without-tls --without-__thread --without-cvs --disable-profile --disable-debug --without-gd --enable-shared --enable-add-ons=linuxthreads, --with-headers=/home/taoanran/git/linux/crosstool/gcc-3.4.5-glibc-2.3.6/arm-softfloat-linux-gnu/arm-softfloat-linux-gnu/include

## --------- ##
## Platform. ##
## --------- ##

hostname = ubuntu
uname -m = i686
uname -r = 2.6.32-38-generic
uname -s = Linux
uname -v = #83-Ubuntu SMP Wed Jan 4 11:13:04 UTC 2012

/usr/bin/uname -p = unknown
/bin/uname -X     = unknown

/bin/arch              = unknown
/usr/bin/arch -k       = unknown
/usr/convex/getsysinfo = unknown
hostinfo               = unknown
/bin/machine           = unknown
/usr/bin/oslevel       = unknown
/bin/universe          = unknown

PATH: /home/taoanran/git/linux/crosstool/gcc-3.4.5-glibc-2.3.6/arm-softfloat-linux-gnu/bin
PATH: /home/taoanran/git/linux/crosstool-0.43/build/arm-softfloat-linux-gnu/gcc-3.4.5-glibc-2.3.6/gcc-core-prefix/bin
PATH: /usr/local/sbin
PATH: /usr/local/bin
PATH: /usr/sbin
PATH: /usr/bin
PATH: /sbin
PATH: /bin
PATH: /usr/games


## ----------- ##
## Core tests. ##
## ----------- ##

configure:1706: checking build system type
configure:1724: result: i686-pc-linux-gnu
configure:1732: checking host system type
configure:1746: result: arm-softfloat-linux-gnu
configure:1878: result: running configure fragment for add-on linuxthreads
configure:1998: checking sysdep dirs
configure:2214: result: sysdeps/generic/elf sysdeps/generic
configure:2233: checking for a BSD-compatible install
configure:2288: result: /usr/bin/install -c
configure:2303: checking whether ln -s works
configure:2307: result: yes
configure:2323: checking for arm-softfloat-linux-gnu-gcc
configure:2349: result: arm-softfloat-linux-gnu-gcc 
configure:2631: checking for C compiler version
configure:2634: arm-softfloat-linux-gnu-gcc  --version </dev/null >&5
arm-softfloat-linux-gnu-gcc (GCC) 3.4.5
Copyright (C) 2004 Free Software Foundation, Inc.
This is free software; see the source for copying conditions.  There is NO
warranty; not even for MERCHANTABILITY or FITNESS FOR A PARTICULAR PURPOSE.

configure:2637: $? = 0
configure:2639: arm-softfloat-linux-gnu-gcc  -v </dev/null >&5
Reading specs from /home/taoanran/git/linux/crosstool-0.43/build/arm-softfloat-linux-gnu/gcc-3.4.5-glibc-2.3.6/gcc-core-prefix/lib/gcc/arm-softfloat-linux-gnu/3.4.5/specs
Configured with: /home/taoanran/git/linux/crosstool-0.43/build/arm-softfloat-linux-gnu/gcc-3.4.5-glibc-2.3.6/gcc-3.4.5/configure --target=arm-softfloat-linux-gnu --host=i686-host_pc-linux-gnu --prefix=/home/taoanran/git/linux/crosstool-0.43/build/arm-softfloat-linux-gnu/gcc-3.4.5-glibc-2.3.6/gcc-core-prefix --with-local-prefix=/home/taoanran/git/linux/crosstool/gcc-3.4.5-glibc-2.3.6/arm-softfloat-linux-gnu/arm-softfloat-linux-gnu --disable-multilib --with-newlib --with-float=soft --without-headers --disable-nls --enable-threads=no --enable-symvers=gnu --enable-__cxa_atexit --enable-languages=c --disable-shared
Thread model: single
gcc version 3.4.5
configure:2642: $? = 0
configure:2644: arm-softfloat-linux-gnu-gcc  -V </dev/null >&5
arm-softfloat-linux-gnu-gcc: `-V' option must have argument
configure:2647: $? = 1
configure:2651: checking for suffix of object files
configure:2672: arm-softfloat-linux-gnu-gcc  -c -O   conftest.c >&5
configure:2675: $? = 0
configure:2697: result: o
configure:2701: checking whether we are using the GNU C compiler
configure:2725: arm-softfloat-linux-gnu-gcc  -c -O   conftest.c >&5
configure:2731: $? = 0
configure:2735: test -z 
			 || test ! -s conftest.err
configure:2738: $? = 0
configure:2741: test -s conftest.o
configure:2744: $? = 0
configure:2757: result: yes
configure:2763: checking whether arm-softfloat-linux-gnu-gcc  accepts -g
configure:2784: arm-softfloat-linux-gnu-gcc  -c -g  conftest.c >&5
configure:2790: $? = 0
configure:2794: test -z 
			 || test ! -s conftest.err
configure:2797: $? = 0
configure:2800: test -s conftest.o
configure:2803: $? = 0
configure:2814: result: yes
configure:2831: checking for arm-softfloat-linux-gnu-gcc  option to accept ANSI C
configure:2901: arm-softfloat-linux-gnu-gcc   -c -O   conftest.c >&5
configure:2907: $? = 0
configure:2911: test -z 
			 || test ! -s conftest.err
configure:2914: $? = 0
configure:2917: test -s conftest.o
configure:2920: $? = 0
configure:2938: result: none needed
configure:2956: arm-softfloat-linux-gnu-gcc  -c -O   conftest.c >&5
conftest.c:2: error: syntax error before "me"
configure:2962: $? = 1
configure: failed program was:
| #ifndef __cplusplus
|   choke me
| #endif
configure:3100: checking for gcc
configure:3126: result: gcc
configure:3143: checking how to run the C preprocessor
configure:3178: arm-softfloat-linux-gnu-gcc  -E  conftest.c
configure:3184: $? = 0
configure:3216: arm-softfloat-linux-gnu-gcc  -E  conftest.c
conftest.c:9:28: ac_nonexistent.h: No such file or directory
configure:3222: $? = 1
configure: failed program was:
| /* confdefs.h.  */
| 
| #define PACKAGE_NAME "GNU C Library"
| #define PACKAGE_TARNAME "c-library"
| #define PACKAGE_VERSION "(see version.h)"
| #define PACKAGE_STRING "GNU C Library (see version.h)"
| #define PACKAGE_BUGREPORT "glibc"
| /* end confdefs.h.  */
| #include <ac_nonexistent.h>
configure:3261: result: arm-softfloat-linux-gnu-gcc  -E
configure:3285: arm-softfloat-linux-gnu-gcc  -E  conftest.c
configure:3291: $? = 0
configure:3323: arm-softfloat-linux-gnu-gcc  -E  conftest.c
conftest.c:9:28: ac_nonexistent.h: No such file or directory
configure:3329: $? = 1
configure: failed program was:
| /* confdefs.h.  */
| 
| #define PACKAGE_NAME "GNU C Library"
| #define PACKAGE_TARNAME "c-library"
| #define PACKAGE_VERSION "(see version.h)"
| #define PACKAGE_STRING "GNU C Library (see version.h)"
| #define PACKAGE_BUGREPORT "glibc"
| /* end confdefs.h.  */
| #include <ac_nonexistent.h>
configure:3383: checking for arm-softfloat-linux-gnu-g++
configure:3412: result: no
configure:3383: checking for arm-softfloat-linux-gnu-c++
configure:3412: result: no
configure:3383: checking for arm-softfloat-linux-gnu-gpp
configure:3412: result: no
configure:3383: checking for arm-softfloat-linux-gnu-aCC
configure:3412: result: no
configure:3383: checking for arm-softfloat-linux-gnu-CC
configure:3412: result: no
configure:3383: checking for arm-softfloat-linux-gnu-cxx
configure:3412: result: no
configure:3383: checking for arm-softfloat-linux-gnu-cc++
configure:3412: result: no
configure:3383: checking for arm-softfloat-linux-gnu-cl
configure:3412: result: no
configure:3383: checking for arm-softfloat-linux-gnu-FCC
configure:3412: result: no
configure:3383: checking for arm-softfloat-linux-gnu-KCC
configure:3412: result: no
configure:3383: checking for arm-softfloat-linux-gnu-RCC
configure:3412: result: no
configure:3383: checking for arm-softfloat-linux-gnu-xlC_r
configure:3412: result: no
configure:3383: checking for arm-softfloat-linux-gnu-xlC
configure:3412: result: no
configure:3425: checking for g++
configure:3441: found /usr/bin/g++
configure:3451: result: g++
configure:3467: checking for C++ compiler version
configure:3470: g++ --version </dev/null >&5
g++ (Ubuntu 4.4.3-4ubuntu5.1) 4.4.3
Copyright (C) 2009 Free Software Foundation, Inc.
This is free software; see the source for copying conditions.  There is NO
warranty; not even for MERCHANTABILITY or FITNESS FOR A PARTICULAR PURPOSE.

configure:3473: $? = 0
configure:3475: g++ -v </dev/null >&5
Using built-in specs.
Target: i486-linux-gnu
Configured with: ../src/configure -v --with-pkgversion='Ubuntu 4.4.3-4ubuntu5.1' --with-bugurl=file:///usr/share/doc/gcc-4.4/README.Bugs --enable-languages=c,c++,fortran,objc,obj-c++ --prefix=/usr --enable-shared --enable-multiarch --enable-linker-build-id --with-system-zlib --libexecdir=/usr/lib --without-included-gettext --enable-threads=posix --with-gxx-include-dir=/usr/include/c++/4.4 --program-suffix=-4.4 --enable-nls --enable-clocale=gnu --enable-libstdcxx-debug --enable-plugin --enable-objc-gc --enable-targets=all --disable-werror --with-arch-32=i486 --with-tune=generic --enable-checking=release --build=i486-linux-gnu --host=i486-linux-gnu --target=i486-linux-gnu
Thread model: posix
gcc version 4.4.3 (Ubuntu 4.4.3-4ubuntu5.1) 
configure:3478: $? = 0
configure:3480: g++ -V </dev/null >&5
g++: '-V' option must have argument
configure:3483: $? = 1
configure:3486: checking whether we are using the GNU C++ compiler
configure:3510: g++ -c   conftest.cc >&5
configure:3516: $? = 0
configure:3520: test -z 
			 || test ! -s conftest.err
configure:3523: $? = 0
configure:3526: test -s conftest.o
configure:3529: $? = 0
configure:3542: result: yes
configure:3548: checking whether g++ accepts -g
configure:3569: g++ -c -g  conftest.cc >&5
configure:3575: $? = 0
configure:3579: test -z 
			 || test ! -s conftest.err
configure:3582: $? = 0
configure:3585: test -s conftest.o
configure:3588: $? = 0
configure:3599: result: yes
configure:3641: g++ -c -g -O2  conftest.cc >&5
configure:3647: $? = 0
configure:3651: test -z 
			 || test ! -s conftest.err
configure:3654: $? = 0
configure:3657: test -s conftest.o
configure:3660: $? = 0
configure:3686: g++ -c -g -O2  conftest.cc >&5
conftest.cc: In function 'int main()':
conftest.cc:13: error: 'exit' was not declared in this scope
configure:3692: $? = 1
configure: failed program was:
| /* confdefs.h.  */
| 
| #define PACKAGE_NAME "GNU C Library"
| #define PACKAGE_TARNAME "c-library"
| #define PACKAGE_VERSION "(see version.h)"
| #define PACKAGE_STRING "GNU C Library (see version.h)"
| #define PACKAGE_BUGREPORT "glibc"
| /* end confdefs.h.  */
| 
| int
| main ()
| {
| exit (42);
|   ;
|   return 0;
| }
configure:3641: g++ -c -g -O2  conftest.cc >&5
conftest.cc:9: error: 'void std::exit(int)' should have been declared inside 'std'
configure:3647: $? = 1
configure: failed program was:
| /* confdefs.h.  */
| 
| #define PACKAGE_NAME "GNU C Library"
| #define PACKAGE_TARNAME "c-library"
| #define PACKAGE_VERSION "(see version.h)"
| #define PACKAGE_STRING "GNU C Library (see version.h)"
| #define PACKAGE_BUGREPORT "glibc"
| /* end confdefs.h.  */
| extern "C" void std::exit (int) throw (); using std::exit;
| #include <stdlib.h>
| int
| main ()
| {
| exit (42);
|   ;
|   return 0;
| }
configure:3641: g++ -c -g -O2  conftest.cc >&5
conftest.cc:9: error: 'void std::exit(int)' should have been declared inside 'std'
In file included from conftest.cc:10:
/usr/include/stdlib.h:543: error: declaration of 'void std::exit(int) throw ()' throws different exceptions
conftest.cc:9: error: from previous declaration 'void std::exit(int)'
configure:3647: $? = 1
configure: failed program was:
| /* confdefs.h.  */
| 
| #define PACKAGE_NAME "GNU C Library"
| #define PACKAGE_TARNAME "c-library"
| #define PACKAGE_VERSION "(see version.h)"
| #define PACKAGE_STRING "GNU C Library (see version.h)"
| #define PACKAGE_BUGREPORT "glibc"
| /* end confdefs.h.  */
| extern "C" void std::exit (int); using std::exit;
| #include <stdlib.h>
| int
| main ()
| {
| exit (42);
|   ;
|   return 0;
| }
configure:3641: g++ -c -g -O2  conftest.cc >&5
configure:3647: $? = 0
configure:3651: test -z 
			 || test ! -s conftest.err
configure:3654: $? = 0
configure:3657: test -s conftest.o
configure:3660: $? = 0
configure:3686: g++ -c -g -O2  conftest.cc >&5
configure:3692: $? = 0
configure:3696: test -z 
			 || test ! -s conftest.err
configure:3699: $? = 0
configure:3702: test -s conftest.o
configure:3705: $? = 0
configure:3749: checking for arm-softfloat-linux-gnu-ranlib
configure:3775: result: arm-softfloat-linux-gnu-ranlib
configure:3832: checking whether /home/taoanran/git/linux/crosstool-0.43/build/arm-softfloat-linux-gnu/gcc-3.4.5-glibc-2.3.6/gcc-core-prefix/lib/gcc/arm-softfloat-linux-gnu/3.4.5/../../../../arm-softfloat-linux-gnu/bin/as is GNU as
configure:3846: result: yes
configure:3851: checking whether /home/taoanran/git/linux/crosstool-0.43/build/arm-softfloat-linux-gnu/gcc-3.4.5-glibc-2.3.6/gcc-core-prefix/lib/gcc/arm-softfloat-linux-gnu/3.4.5/../../../../arm-softfloat-linux-gnu/bin/ld is GNU ld
configure:3865: result: yes
configure:3875: checking for /home/taoanran/git/linux/crosstool-0.43/build/arm-softfloat-linux-gnu/gcc-3.4.5-glibc-2.3.6/gcc-core-prefix/lib/gcc/arm-softfloat-linux-gnu/3.4.5/../../../../arm-softfloat-linux-gnu/bin/as
configure:3901: result: /home/taoanran/git/linux/crosstool-0.43/build/arm-softfloat-linux-gnu/gcc-3.4.5-glibc-2.3.6/gcc-core-prefix/lib/gcc/arm-softfloat-linux-gnu/3.4.5/../../../../arm-softfloat-linux-gnu/bin/as
configure:3915: checking version of /home/taoanran/git/linux/crosstool-0.43/build/arm-softfloat-linux-gnu/gcc-3.4.5-glibc-2.3.6/gcc-core-prefix/lib/gcc/arm-softfloat-linux-gnu/3.4.5/../../../../arm-softfloat-linux-gnu/bin/as
configure:3925: result: 2.15, ok
configure:3936: checking for /home/taoanran/git/linux/crosstool-0.43/build/arm-softfloat-linux-gnu/gcc-3.4.5-glibc-2.3.6/gcc-core-prefix/lib/gcc/arm-softfloat-linux-gnu/3.4.5/../../../../arm-softfloat-linux-gnu/bin/ld
configure:3962: result: /home/taoanran/git/linux/crosstool-0.43/build/arm-softfloat-linux-gnu/gcc-3.4.5-glibc-2.3.6/gcc-core-prefix/lib/gcc/arm-softfloat-linux-gnu/3.4.5/../../../../arm-softfloat-linux-gnu/bin/ld
configure:3976: checking version of /home/taoanran/git/linux/crosstool-0.43/build/arm-softfloat-linux-gnu/gcc-3.4.5-glibc-2.3.6/gcc-core-prefix/lib/gcc/arm-softfloat-linux-gnu/3.4.5/../../../../arm-softfloat-linux-gnu/bin/ld
configure:3986: result: 2.15, ok
configure:4001: checking for pwd
configure:4019: found /bin/pwd
configure:4032: result: /bin/pwd
configure:4051: checking for arm-softfloat-linux-gnu-gcc
configure:4077: result: arm-softfloat-linux-gnu-gcc 
configure:4091: checking version of arm-softfloat-linux-gnu-gcc 
configure:4101: result: 3.4.5, ok
configure:4112: checking for gnumake
configure:4141: result: no
configure:4112: checking for gmake
configure:4141: result: no
configure:4112: checking for make
configure:4128: found /usr/bin/make
configure:4138: result: make
configure:4152: checking version of make
configure:4162: result: 3.81, ok
configure:4174: checking for gnumsgfmt
configure:4203: result: no
configure:4174: checking for gmsgfmt
configure:4203: result: no
configure:4174: checking for msgfmt
configure:4203: result: no
configure:4235: checking for makeinfo
configure:4264: result: no
configure:4296: checking for sed
configure:4312: found /bin/sed
configure:4322: result: sed
configure:4336: checking version of sed
configure:4346: result: 4.2.1, ok
configure:4358: checking for autoconf
configure:4387: result: no
configure:4430: WARNING:
*** These auxiliary programs are missing or incompatible versions: msgfmt makeinfo
*** some features will be disabled.
*** Check the INSTALL file for required versions.
configure:4447: checking whether ranlib is necessary
configure:4468: result: no
configure:4481: checking LD_LIBRARY_PATH variable
configure:4491: result: ok
configure:4505: checking whether GCC supports -static-libgcc
configure:4516: result: -static-libgcc
configure:4522: checking for bash
configure:4553: result: /bin/sh
configure:4626: checking for gawk
configure:4642: found /usr/bin/gawk
configure:4652: result: gawk
configure:4664: checking for perl
configure:4682: found /usr/bin/perl
configure:4695: result: /usr/bin/perl
configure:4708: checking for install-info
configure:4727: found /usr/sbin/install-info
configure:4740: result: /usr/sbin/install-info
configure:4749: checking for bison
configure:4768: found /usr/bin/bison
configure:4781: result: /usr/bin/bison
configure:4789: checking for signed size_t type
configure:4804: result: no
configure:4814: checking for libc-friendly stddef.h
configure:4843: arm-softfloat-linux-gnu-gcc  -c -O   conftest.c >&5
configure:4849: $? = 0
configure:4853: test -z 
			 || test ! -s conftest.err
configure:4856: $? = 0
configure:4859: test -s conftest.o
configure:4862: $? = 0
configure:4873: result: yes
configure:4880: checking whether we need to use -P to assemble .S files
configure:4890: arm-softfloat-linux-gnu-gcc    -c conftest.S 1>&5
configure:4893: $? = 0
configure:4901: result: no
configure:4908: checking whether .text pseudo-op must be used
configure:4918: arm-softfloat-linux-gnu-gcc   -c conftest.s 1>&5
configure:4921: $? = 0
configure:4932: result: yes
configure:4936: checking for assembler global-symbol directive
configure:4949: arm-softfloat-linux-gnu-gcc   -c conftest.s 1>&5
configure:4952: $? = 0
configure:4960: result: .globl
configure:4973: checking for .set assembler directive
configure:4999: result: yes
configure:5008: checking for assembler .type directive prefix
configure:5024: arm-softfloat-linux-gnu-gcc   -c conftest.s 1>&5
conftest.s: Assembler messages:
conftest.s:3: Error: unrecognized symbol type ""
configure:5027: $? = 1
configure:5024: arm-softfloat-linux-gnu-gcc   -c conftest.s 1>&5
configure:5027: $? = 0
configure:5035: result: %
configure:5044: checking for .symver assembler directive
configure:5061: result: yes
configure:5063: checking for ld --version-script
configure:5089: arm-softfloat-linux-gnu-gcc  -O   -shared
				-o conftest.so conftest.o
				-nostartfiles -nostdlib
				-Wl,--version-script,conftest.map
		       1>&5
configure:5092: $? = 0
configure:5107: result: yes
configure:5131: checking for .previous assembler directive
configure:5141: arm-softfloat-linux-gnu-gcc  -c  conftest.s 1>&5
configure:5144: $? = 0
configure:5152: result: yes
configure:5190: checking for .protected and .hidden assembler directive
configure:5202: arm-softfloat-linux-gnu-gcc  -c  conftest.s 1>&5
configure:5205: $? = 0
configure:5213: result: yes
configure:5226: checking whether __attribute__((visibility())) is supported
configure:5237: arm-softfloat-linux-gnu-gcc  -Werror -S conftest.c -o conftest.s 1>&5
configure:5240: $? = 0
configure:5251: result: yes
configure:5262: checking for broken __attribute__((visibility()))
configure:5274: arm-softfloat-linux-gnu-gcc  -Werror -S conftest.c -o conftest.s1>&5
configure:5277: $? = 0
configure:5286: result: no
configure:5296: checking for broken __attribute__((alias()))
configure:5311: arm-softfloat-linux-gnu-gcc  -Werror -S conftest.c -o conftest.s 1>&5
configure:5314: $? = 0
configure:5324: result: no
configure:5334: checking whether to put _rtld_local into .sdata section
configure:5348: result: no
configure:5358: checking for .preinit_array/.init_array/.fini_array support
configure:5371: arm-softfloat-linux-gnu-gcc  -O    -o conftest conftest.c
		     -static -nostartfiles -nostdlib 1>&5
configure:5374: $? = 0
configure:5387: result: yes
configure:5397: checking for libunwind-support in compiler
configure:5414: result: no
configure:5424: checking for -z nodelete option
configure:5436: arm-softfloat-linux-gnu-gcc  -O   
		     -shared -o conftest.so conftest.c
		     -nostartfiles -nostdlib
		     -Wl,--enable-new-dtags,-z,nodelete 1>&5
configure:5439: $? = 0
configure:5448: result: yes
configure:5452: checking for -z nodlopen option
configure:5464: arm-softfloat-linux-gnu-gcc  -O   
			-shared -o conftest.so conftest.c
			-nostartfiles -nostdlib
			-Wl,--enable-new-dtags,-z,nodlopen 1>&5
configure:5467: $? = 0
configure:5476: result: yes
configure:5480: checking for -z initfirst option
configure:5492: arm-softfloat-linux-gnu-gcc  -O   
			-shared -o conftest.so conftest.c
			-nostartfiles -nostdlib
			-Wl,--enable-new-dtags,-z,initfirst 1>&5
configure:5495: $? = 0
configure:5504: result: yes
configure:5508: checking for -z relro option
configure:5515: arm-softfloat-linux-gnu-gcc  -v --help 2>&1|grep z relro 1>&5
configure:5518: $? = 1
configure:5532: result: no
configure:5542: checking for -Bgroup option
configure:5553: arm-softfloat-linux-gnu-gcc  -O   
			      -shared -o conftest.so conftest.c
			      -Wl,-Bgroup -nostdlib 1>&5
configure:5556: $? = 0
configure:5565: result: yes
configure:5569: checking for libgcc_s suffix
configure:5583: result: 
configure:5587: checking for --as-needed option
configure:5599: arm-softfloat-linux-gnu-gcc  -O   
			      -shared -o conftest.so conftest.c
			      -lgcc_s -Wl,--as-needed
			      -nostdlib 1>&5
/home/taoanran/git/linux/crosstool-0.43/build/arm-softfloat-linux-gnu/gcc-3.4.5-glibc-2.3.6/gcc-core-prefix/lib/gcc/arm-softfloat-linux-gnu/3.4.5/../../../../arm-softfloat-linux-gnu/bin/ld: cannot find -lgcc_s
collect2: ld returned 1 exit status
configure:5602: $? = 1
configure:5611: result: no
configure:5616: checking whether --noexecstack is desirable for .S files
configure:5626: arm-softfloat-linux-gnu-gcc  -O  
		     -S -o conftest.s conftest.c 1>&5
configure:5629: $? = 0
configure:5646: result: no
configure:5653: checking for -z combreloc
configure:5667: arm-softfloat-linux-gnu-gcc  -O   
			-shared -o conftest.so conftest.c
			-nostdlib -nostartfiles
			-Wl,-z,combreloc 1>&5
configure:5670: $? = 0
configure:5683: result: yes
configure:5693: checking for -z execstack
configure:5705: arm-softfloat-linux-gnu-gcc  -O   
			      -shared -o conftest.so conftest.c
			      -Wl,-z,execstack -nostdlib
			      1>&5
configure:5708: $? = 0
configure:5717: result: yes
configure:5721: checking for -fpie
configure:5732: arm-softfloat-linux-gnu-gcc  -O    -pie -fpie
			      -o conftest conftest.c 1>&5
/home/taoanran/git/linux/crosstool-0.43/build/arm-softfloat-linux-gnu/gcc-3.4.5-glibc-2.3.6/gcc-core-prefix/lib/gcc/arm-softfloat-linux-gnu/3.4.5/../../../../arm-softfloat-linux-gnu/bin/ld: crt1.o: No such file: No such file or directory
collect2: ld returned 1 exit status
configure:5735: $? = 1
configure:5744: result: no
configure:5750: checking for -fno-unit-at-a-time
configure:5760: arm-softfloat-linux-gnu-gcc  -O   -S -fno-unit-at-a-time
			    conftest.c 1>&5
configure:5763: $? = 0
configure:5772: result: yes
configure:5844: checking whether cc puts quotes around section names
configure:5865: result: no
configure:5982: checking for assembler .weak directive
configure:5995: arm-softfloat-linux-gnu-gcc   -c conftest.s 1>&5
configure:5998: $? = 0
configure:6006: result: yes
configure:6053: checking whether CFI directives are supported
configure:6068: arm-softfloat-linux-gnu-gcc   -c conftest.s 1>&5
conftest.s: Assembler messages:
conftest.s:2: Error: unrecognized symbol type ""
conftest.s:4: Error: unknown pseudo-op: `.cfi_startproc'
conftest.s:5: Error: unknown pseudo-op: `.cfi_remember_state'
conftest.s:6: Error: unknown pseudo-op: `.cfi_rel_offset'
conftest.s:7: Error: unknown pseudo-op: `.cfi_endproc'
configure:6071: $? = 1
configure:6079: result: no
configure:6088: checking if -g produces usable source locations for assembler-with-cpp
configure:6111: arm-softfloat-linux-gnu-gcc    -g -c conftest.S 1>&5
configure:6114: $? = 0
configure:6119: readelf --debug-dump=line conftest.o |
		   grep conftest\.S 1>&5
  1	0	0	0	conftest.S
configure:6122: $? = 0
configure:6131: result: yes
configure:6140: checking for ld --no-whole-archive
configure:6153: arm-softfloat-linux-gnu-gcc  -O   
			    -nostdlib -nostartfiles -Wl,--no-whole-archive
			    -o conftest conftest.c 1>&5
configure:6156: $? = 0
configure:6164: result: yes
configure:6170: checking for gcc -fexceptions
configure:6183: arm-softfloat-linux-gnu-gcc  -O   
			    -nostdlib -nostartfiles -fexceptions
			    -o conftest conftest.c 1>&5
configure:6186: $? = 0
configure:6194: result: yes
configure:6264: checking for DWARF2 unwind info support
configure:6302: arm-softfloat-linux-gnu-gcc  -O   -DCHECK__register_frame_info 			     			    -nostdlib -nostartfiles -o conftest conftest.c 			    -lgcc >&5
configure:6284: warning: conflicting types for built-in function 'malloc'
configure:6286: warning: conflicting types for built-in function 'strlen'
configure:6287: warning: conflicting types for built-in function 'memcpy'
configure:6288: warning: conflicting types for built-in function 'memset'
configure:6290: warning: conflicting types for built-in function 'abort'
configure:6305: $? = 0
configure:6339: result: no_registry_needed
configure:6360: checking for __builtin_expect
configure:6375: arm-softfloat-linux-gnu-gcc  -O    -nostdlib -nostartfiles
			    -o conftest conftest.c -lgcc >&5
/home/taoanran/git/linux/crosstool-0.43/build/arm-softfloat-linux-gnu/gcc-3.4.5-glibc-2.3.6/gcc-core-prefix/lib/gcc/arm-softfloat-linux-gnu/3.4.5/../../../../arm-softfloat-linux-gnu/bin/ld: warning: cannot find entry symbol _start; defaulting to 00008074
configure:6378: $? = 0
configure:6386: result: yes
configure:6395: checking for __builtin_memset
configure:6407: arm-softfloat-linux-gnu-gcc  -O3 -S conftest.c -o - | fgrep memset > /dev/null
configure:6410: $? = 0
configure:6419: result: no
configure:6428: checking for redirection of built-in functions
configure:6441: arm-softfloat-linux-gnu-gcc  -O3 -S conftest.c -o - | fgrep my_strstr > /dev/null
configure:6444: $? = 0
configure:6453: result: yes
configure:6462: checking for local label subtraction
configure:6482: arm-softfloat-linux-gnu-gcc  -O    -nostdlib -nostartfiles
			    -o conftest conftest.c -lgcc >&5
/home/taoanran/git/linux/crosstool-0.43/build/arm-softfloat-linux-gnu/gcc-3.4.5-glibc-2.3.6/gcc-core-prefix/lib/gcc/arm-softfloat-linux-gnu/3.4.5/../../../../arm-softfloat-linux-gnu/bin/ld: warning: cannot find entry symbol _start; defaulting to 00008074
configure:6485: $? = 0
configure:6493: result: yes
configure:6566: checking for libgd
configure:6627: result: no
configure:6636: checking for is_selinux_enabled in -lselinux
configure:6666: arm-softfloat-linux-gnu-gcc  -o conftest -O    conftest.c -lselinux   >&5
/home/taoanran/git/linux/crosstool-0.43/build/arm-softfloat-linux-gnu/gcc-3.4.5-glibc-2.3.6/gcc-core-prefix/lib/gcc/arm-softfloat-linux-gnu/3.4.5/../../../../arm-softfloat-linux-gnu/bin/ld: crt1.o: No such file: No such file or directory
collect2: ld returned 1 exit status
configure:6672: $? = 1
configure: failed program was:
| /* confdefs.h.  */
| 
| #define PACKAGE_NAME "GNU C Library"
| #define PACKAGE_TARNAME "c-library"
| #define PACKAGE_VERSION "(see version.h)"
| #define PACKAGE_STRING "GNU C Library (see version.h)"
| #define PACKAGE_BUGREPORT "glibc"
| #ifdef __cplusplus
| extern "C" void exit (int) throw ();
| #endif
| #define ASM_GLOBAL_DIRECTIVE .globl
| #define HAVE_ASM_SET_DIRECTIVE 1
| #define ASM_TYPE_DIRECTIVE_PREFIX %
| #define DO_VERSIONING 1
| #define HAVE_ASM_PREVIOUS_DIRECTIVE 1
| #define HAVE_PROTECTED 1
| #define HAVE_HIDDEN 1
| #define HAVE_VISIBILITY_ATTRIBUTE 1
| #define HAVE_INITFINI_ARRAY 1
| #define HAVE_Z_COMBRELOC 1
| #define NO_UNDERSCORES 1
| #define HAVE_ASM_WEAK_DIRECTIVE 1
| #define HAVE_CPP_ASM_DEBUGINFO 1
| #define HAVE_BUILTIN_EXPECT 1
| #define HAVE_BUILTIN_REDIRECTION 1
| #define HAVE_SUBTRACT_LOCAL_LABELS 1
| /* end confdefs.h.  */
| 
| /* Override any gcc2 internal prototype to avoid an error.  */
| #ifdef __cplusplus
| extern "C"
| #endif
| /* We use char because int might match the return type of a gcc2
|    builtin and then its argument prototype would still apply.  */
| char is_selinux_enabled ();
| int
| main ()
| {
| is_selinux_enabled ();
|   ;
|   return 0;
| }
configure:6698: result: no
configure:6862: checking for egrep
configure:6872: result: grep -E
configure:6877: checking for ANSI C header files
configure:6902: arm-softfloat-linux-gnu-gcc  -c -O   conftest.c >&5
configure:6908: $? = 0
configure:6912: test -z 
			 || test ! -s conftest.err
configure:6915: $? = 0
configure:6918: test -s conftest.o
configure:6921: $? = 0
configure:7033: result: yes
configure:7057: checking for sys/types.h
configure:7073: arm-softfloat-linux-gnu-gcc  -c -O   conftest.c >&5
configure:7079: $? = 0
configure:7083: test -z 
			 || test ! -s conftest.err
configure:7086: $? = 0
configure:7089: test -s conftest.o
configure:7092: $? = 0
configure:7103: result: yes
configure:7057: checking for sys/stat.h
configure:7073: arm-softfloat-linux-gnu-gcc  -c -O   conftest.c >&5
configure:7079: $? = 0
configure:7083: test -z 
			 || test ! -s conftest.err
configure:7086: $? = 0
configure:7089: test -s conftest.o
configure:7092: $? = 0
configure:7103: result: yes
configure:7057: checking for stdlib.h
configure:7073: arm-softfloat-linux-gnu-gcc  -c -O   conftest.c >&5
configure:7079: $? = 0
configure:7083: test -z 
			 || test ! -s conftest.err
configure:7086: $? = 0
configure:7089: test -s conftest.o
configure:7092: $? = 0
configure:7103: result: yes
configure:7057: checking for string.h
configure:7073: arm-softfloat-linux-gnu-gcc  -c -O   conftest.c >&5
configure:7079: $? = 0
configure:7083: test -z 
			 || test ! -s conftest.err
configure:7086: $? = 0
configure:7089: test -s conftest.o
configure:7092: $? = 0
configure:7103: result: yes
configure:7057: checking for memory.h
configure:7073: arm-softfloat-linux-gnu-gcc  -c -O   conftest.c >&5
configure:7079: $? = 0
configure:7083: test -z 
			 || test ! -s conftest.err
configure:7086: $? = 0
configure:7089: test -s conftest.o
configure:7092: $? = 0
configure:7103: result: yes
configure:7057: checking for strings.h
configure:7073: arm-softfloat-linux-gnu-gcc  -c -O   conftest.c >&5
configure:7079: $? = 0
configure:7083: test -z 
			 || test ! -s conftest.err
configure:7086: $? = 0
configure:7089: test -s conftest.o
configure:7092: $? = 0
configure:7103: result: yes
configure:7057: checking for inttypes.h
configure:7073: arm-softfloat-linux-gnu-gcc  -c -O   conftest.c >&5
configure:7079: $? = 0
configure:7083: test -z 
			 || test ! -s conftest.err
configure:7086: $? = 0
configure:7089: test -s conftest.o
configure:7092: $? = 0
configure:7103: result: yes
configure:7057: checking for stdint.h
configure:7073: arm-softfloat-linux-gnu-gcc  -c -O   conftest.c >&5
configure:7079: $? = 0
configure:7083: test -z 
			 || test ! -s conftest.err
configure:7086: $? = 0
configure:7089: test -s conftest.o
configure:7092: $? = 0
configure:7103: result: yes
configure:7057: checking for unistd.h
configure:7073: arm-softfloat-linux-gnu-gcc  -c -O   conftest.c >&5
configure:7079: $? = 0
configure:7083: test -z 
			 || test ! -s conftest.err
configure:7086: $? = 0
configure:7089: test -s conftest.o
configure:7092: $? = 0
configure:7103: result: yes
configure:7115: checking for long double
configure:7139: arm-softfloat-linux-gnu-gcc  -c -O   conftest.c >&5
configure:7145: $? = 0
configure:7149: test -z 
			 || test ! -s conftest.err
configure:7152: $? = 0
configure:7155: test -s conftest.o
configure:7158: $? = 0
configure:7169: result: yes
configure:7172: checking size of long double
configure:7202: arm-softfloat-linux-gnu-gcc  -c -O   conftest.c >&5
configure:7208: $? = 0
configure:7212: test -z 
			 || test ! -s conftest.err
configure:7215: $? = 0
configure:7218: test -s conftest.o
configure:7221: $? = 0
configure:7243: arm-softfloat-linux-gnu-gcc  -c -O   conftest.c >&5
conftest.c: In function `main':
conftest.c:75: error: size of array `test_array' is negative
configure:7249: $? = 1
configure: failed program was:
| /* confdefs.h.  */
| 
| #define PACKAGE_NAME "GNU C Library"
| #define PACKAGE_TARNAME "c-library"
| #define PACKAGE_VERSION "(see version.h)"
| #define PACKAGE_STRING "GNU C Library (see version.h)"
| #define PACKAGE_BUGREPORT "glibc"
| #ifdef __cplusplus
| extern "C" void exit (int) throw ();
| #endif
| #define ASM_GLOBAL_DIRECTIVE .globl
| #define HAVE_ASM_SET_DIRECTIVE 1
| #define ASM_TYPE_DIRECTIVE_PREFIX %
| #define DO_VERSIONING 1
| #define HAVE_ASM_PREVIOUS_DIRECTIVE 1
| #define HAVE_PROTECTED 1
| #define HAVE_HIDDEN 1
| #define HAVE_VISIBILITY_ATTRIBUTE 1
| #define HAVE_INITFINI_ARRAY 1
| #define HAVE_Z_COMBRELOC 1
| #define NO_UNDERSCORES 1
| #define HAVE_ASM_WEAK_DIRECTIVE 1
| #define HAVE_CPP_ASM_DEBUGINFO 1
| #define HAVE_BUILTIN_EXPECT 1
| #define HAVE_BUILTIN_REDIRECTION 1
| #define HAVE_SUBTRACT_LOCAL_LABELS 1
| #define STDC_HEADERS 1
| #define HAVE_SYS_TYPES_H 1
| #define HAVE_SYS_STAT_H 1
| #define HAVE_STDLIB_H 1
| #define HAVE_STRING_H 1
| #define HAVE_MEMORY_H 1
| #define HAVE_STRINGS_H 1
| #define HAVE_INTTYPES_H 1
| #define HAVE_STDINT_H 1
| #define HAVE_UNISTD_H 1
| /* end confdefs.h.  */
| #include <stdio.h>
| #if HAVE_SYS_TYPES_H
| # include <sys/types.h>
| #endif
| #if HAVE_SYS_STAT_H
| # include <sys/stat.h>
| #endif
| #if STDC_HEADERS
| # include <stdlib.h>
| # include <stddef.h>
| #else
| # if HAVE_STDLIB_H
| #  include <stdlib.h>
| # endif
| #endif
| #if HAVE_STRING_H
| # if !STDC_HEADERS && HAVE_MEMORY_H
| #  include <memory.h>
| # endif
| # include <string.h>
| #endif
| #if HAVE_STRINGS_H
| # include <strings.h>
| #endif
| #if HAVE_INTTYPES_H
| # include <inttypes.h>
| #else
| # if HAVE_STDINT_H
| #  include <stdint.h>
| # endif
| #endif
| #if HAVE_UNISTD_H
| # include <unistd.h>
| #endif
| int
| main ()
| {
| static int test_array [1 - 2 * !(((long) (sizeof (long double))) <= 0)];
| test_array [0] = 0
| 
|   ;
|   return 0;
| }
configure:7243: arm-softfloat-linux-gnu-gcc  -c -O   conftest.c >&5
conftest.c: In function `main':
conftest.c:75: error: size of array `test_array' is negative
configure:7249: $? = 1
configure: failed program was:
| /* confdefs.h.  */
| 
| #define PACKAGE_NAME "GNU C Library"
| #define PACKAGE_TARNAME "c-library"
| #define PACKAGE_VERSION "(see version.h)"
| #define PACKAGE_STRING "GNU C Library (see version.h)"
| #define PACKAGE_BUGREPORT "glibc"
| #ifdef __cplusplus
| extern "C" void exit (int) throw ();
| #endif
| #define ASM_GLOBAL_DIRECTIVE .globl
| #define HAVE_ASM_SET_DIRECTIVE 1
| #define ASM_TYPE_DIRECTIVE_PREFIX %
| #define DO_VERSIONING 1
| #define HAVE_ASM_PREVIOUS_DIRECTIVE 1
| #define HAVE_PROTECTED 1
| #define HAVE_HIDDEN 1
| #define HAVE_VISIBILITY_ATTRIBUTE 1
| #define HAVE_INITFINI_ARRAY 1
| #define HAVE_Z_COMBRELOC 1
| #define NO_UNDERSCORES 1
| #define HAVE_ASM_WEAK_DIRECTIVE 1
| #define HAVE_CPP_ASM_DEBUGINFO 1
| #define HAVE_BUILTIN_EXPECT 1
| #define HAVE_BUILTIN_REDIRECTION 1
| #define HAVE_SUBTRACT_LOCAL_LABELS 1
| #define STDC_HEADERS 1
| #define HAVE_SYS_TYPES_H 1
| #define HAVE_SYS_STAT_H 1
| #define HAVE_STDLIB_H 1
| #define HAVE_STRING_H 1
| #define HAVE_MEMORY_H 1
| #define HAVE_STRINGS_H 1
| #define HAVE_INTTYPES_H 1
| #define HAVE_STDINT_H 1
| #define HAVE_UNISTD_H 1
| /* end confdefs.h.  */
| #include <stdio.h>
| #if HAVE_SYS_TYPES_H
| # include <sys/types.h>
| #endif
| #if HAVE_SYS_STAT_H
| # include <sys/stat.h>
| #endif
| #if STDC_HEADERS
| # include <stdlib.h>
| # include <stddef.h>
| #else
| # if HAVE_STDLIB_H
| #  include <stdlib.h>
| # endif
| #endif
| #if HAVE_STRING_H
| # if !STDC_HEADERS && HAVE_MEMORY_H
| #  include <memory.h>
| # endif
| # include <string.h>
| #endif
| #if HAVE_STRINGS_H
| # include <strings.h>
| #endif
| #if HAVE_INTTYPES_H
| # include <inttypes.h>
| #else
| # if HAVE_STDINT_H
| #  include <stdint.h>
| # endif
| #endif
| #if HAVE_UNISTD_H
| # include <unistd.h>
| #endif
| int
| main ()
| {
| static int test_array [1 - 2 * !(((long) (sizeof (long double))) <= 1)];
| test_array [0] = 0
| 
|   ;
|   return 0;
| }
configure:7243: arm-softfloat-linux-gnu-gcc  -c -O   conftest.c >&5
conftest.c: In function `main':
conftest.c:75: error: size of array `test_array' is negative
configure:7249: $? = 1
configure: failed program was:
| /* confdefs.h.  */
| 
| #define PACKAGE_NAME "GNU C Library"
| #define PACKAGE_TARNAME "c-library"
| #define PACKAGE_VERSION "(see version.h)"
| #define PACKAGE_STRING "GNU C Library (see version.h)"
| #define PACKAGE_BUGREPORT "glibc"
| #ifdef __cplusplus
| extern "C" void exit (int) throw ();
| #endif
| #define ASM_GLOBAL_DIRECTIVE .globl
| #define HAVE_ASM_SET_DIRECTIVE 1
| #define ASM_TYPE_DIRECTIVE_PREFIX %
| #define DO_VERSIONING 1
| #define HAVE_ASM_PREVIOUS_DIRECTIVE 1
| #define HAVE_PROTECTED 1
| #define HAVE_HIDDEN 1
| #define HAVE_VISIBILITY_ATTRIBUTE 1
| #define HAVE_INITFINI_ARRAY 1
| #define HAVE_Z_COMBRELOC 1
| #define NO_UNDERSCORES 1
| #define HAVE_ASM_WEAK_DIRECTIVE 1
| #define HAVE_CPP_ASM_DEBUGINFO 1
| #define HAVE_BUILTIN_EXPECT 1
| #define HAVE_BUILTIN_REDIRECTION 1
| #define HAVE_SUBTRACT_LOCAL_LABELS 1
| #define STDC_HEADERS 1
| #define HAVE_SYS_TYPES_H 1
| #define HAVE_SYS_STAT_H 1
| #define HAVE_STDLIB_H 1
| #define HAVE_STRING_H 1
| #define HAVE_MEMORY_H 1
| #define HAVE_STRINGS_H 1
| #define HAVE_INTTYPES_H 1
| #define HAVE_STDINT_H 1
| #define HAVE_UNISTD_H 1
| /* end confdefs.h.  */
| #include <stdio.h>
| #if HAVE_SYS_TYPES_H
| # include <sys/types.h>
| #endif
| #if HAVE_SYS_STAT_H
| # include <sys/stat.h>
| #endif
| #if STDC_HEADERS
| # include <stdlib.h>
| # include <stddef.h>
| #else
| # if HAVE_STDLIB_H
| #  include <stdlib.h>
| # endif
| #endif
| #if HAVE_STRING_H
| # if !STDC_HEADERS && HAVE_MEMORY_H
| #  include <memory.h>
| # endif
| # include <string.h>
| #endif
| #if HAVE_STRINGS_H
| # include <strings.h>
| #endif
| #if HAVE_INTTYPES_H
| # include <inttypes.h>
| #else
| # if HAVE_STDINT_H
| #  include <stdint.h>
| # endif
| #endif
| #if HAVE_UNISTD_H
| # include <unistd.h>
| #endif
| int
| main ()
| {
| static int test_array [1 - 2 * !(((long) (sizeof (long double))) <= 3)];
| test_array [0] = 0
| 
|   ;
|   return 0;
| }
configure:7243: arm-softfloat-linux-gnu-gcc  -c -O   conftest.c >&5
conftest.c: In function `main':
conftest.c:75: error: size of array `test_array' is negative
configure:7249: $? = 1
configure: failed program was:
| /* confdefs.h.  */
| 
| #define PACKAGE_NAME "GNU C Library"
| #define PACKAGE_TARNAME "c-library"
| #define PACKAGE_VERSION "(see version.h)"
| #define PACKAGE_STRING "GNU C Library (see version.h)"
| #define PACKAGE_BUGREPORT "glibc"
| #ifdef __cplusplus
| extern "C" void exit (int) throw ();
| #endif
| #define ASM_GLOBAL_DIRECTIVE .globl
| #define HAVE_ASM_SET_DIRECTIVE 1
| #define ASM_TYPE_DIRECTIVE_PREFIX %
| #define DO_VERSIONING 1
| #define HAVE_ASM_PREVIOUS_DIRECTIVE 1
| #define HAVE_PROTECTED 1
| #define HAVE_HIDDEN 1
| #define HAVE_VISIBILITY_ATTRIBUTE 1
| #define HAVE_INITFINI_ARRAY 1
| #define HAVE_Z_COMBRELOC 1
| #define NO_UNDERSCORES 1
| #define HAVE_ASM_WEAK_DIRECTIVE 1
| #define HAVE_CPP_ASM_DEBUGINFO 1
| #define HAVE_BUILTIN_EXPECT 1
| #define HAVE_BUILTIN_REDIRECTION 1
| #define HAVE_SUBTRACT_LOCAL_LABELS 1
| #define STDC_HEADERS 1
| #define HAVE_SYS_TYPES_H 1
| #define HAVE_SYS_STAT_H 1
| #define HAVE_STDLIB_H 1
| #define HAVE_STRING_H 1
| #define HAVE_MEMORY_H 1
| #define HAVE_STRINGS_H 1
| #define HAVE_INTTYPES_H 1
| #define HAVE_STDINT_H 1
| #define HAVE_UNISTD_H 1
| /* end confdefs.h.  */
| #include <stdio.h>
| #if HAVE_SYS_TYPES_H
| # include <sys/types.h>
| #endif
| #if HAVE_SYS_STAT_H
| # include <sys/stat.h>
| #endif
| #if STDC_HEADERS
| # include <stdlib.h>
| # include <stddef.h>
| #else
| # if HAVE_STDLIB_H
| #  include <stdlib.h>
| # endif
| #endif
| #if HAVE_STRING_H
| # if !STDC_HEADERS && HAVE_MEMORY_H
| #  include <memory.h>
| # endif
| # include <string.h>
| #endif
| #if HAVE_STRINGS_H
| # include <strings.h>
| #endif
| #if HAVE_INTTYPES_H
| # include <inttypes.h>
| #else
| # if HAVE_STDINT_H
| #  include <stdint.h>
| # endif
| #endif
| #if HAVE_UNISTD_H
| # include <unistd.h>
| #endif
| int
| main ()
| {
| static int test_array [1 - 2 * !(((long) (sizeof (long double))) <= 7)];
| test_array [0] = 0
| 
|   ;
|   return 0;
| }
configure:7243: arm-softfloat-linux-gnu-gcc  -c -O   conftest.c >&5
configure:7249: $? = 0
configure:7253: test -z 
			 || test ! -s conftest.err
configure:7256: $? = 0
configure:7259: test -s conftest.o
configure:7262: $? = 0
configure:7406: arm-softfloat-linux-gnu-gcc  -c -O   conftest.c >&5
configure:7412: $? = 0
configure:7416: test -z 
			 || test ! -s conftest.err
configure:7419: $? = 0
configure:7422: test -s conftest.o
configure:7425: $? = 0
configure:7406: arm-softfloat-linux-gnu-gcc  -c -O   conftest.c >&5
configure:7412: $? = 0
configure:7416: test -z 
			 || test ! -s conftest.err
configure:7419: $? = 0
configure:7422: test -s conftest.o
configure:7425: $? = 0
configure:7406: arm-softfloat-linux-gnu-gcc  -c -O   conftest.c >&5
configure:7412: $? = 0
configure:7416: test -z 
			 || test ! -s conftest.err
configure:7419: $? = 0
configure:7422: test -s conftest.o
configure:7425: $? = 0
configure:7522: result: 8
configure:7551: result: running configure fragment for sysdeps/pthread
configure:7551: result: running configure fragment for sysdeps/unix/sysv/linux
configure:25: checking for egrep
configure:35: result: grep -E
configure:40: checking installed Linux kernel header files
configure:65: result: 2.0.10 or later
configure:169: checking for kernel header at least 2.4.3
configure:192: result: ok
configure:7551: result: running configure fragment for sysdeps/unix/common
configure:7551: result: running configure fragment for sysdeps/unix
configure:7551: result: running configure fragment for sysdeps/generic
configure:7650: checking for old glibc 2.0.x headers
configure:7658: result: no
configure:7722: checking whether -fPIC is default
configure:7738: result: no
configure:7868: creating ./config.status

## ---------------------- ##
## Running config.status. ##
## ---------------------- ##

This file was extended by GNU C Library config.status (see version.h), which was
generated by GNU Autoconf 2.59.  Invocation command line was

  CONFIG_FILES    = 
  CONFIG_HEADERS  = 
  CONFIG_LINKS    = 
  CONFIG_COMMANDS = 
  $ ./config.status 

on ubuntu

config.status:764: creating config.make
config.status:764: creating Makefile
config.status:861: creating config.h
config.status:1189: executing default commands

## ---------------- ##
## Cache variables. ##
## ---------------- ##

ac_cv_build=i686-pc-linux-gnu
ac_cv_build_alias=i686-pc-linux-gnu
ac_cv_c_compiler_gnu=yes
ac_cv_cxx_compiler_gnu=yes
ac_cv_env_CC_set=set
ac_cv_env_CC_value='arm-softfloat-linux-gnu-gcc '
ac_cv_env_CFLAGS_set=set
ac_cv_env_CFLAGS_value='-O '
ac_cv_env_CPPFLAGS_set=
ac_cv_env_CPPFLAGS_value=
ac_cv_env_CPP_set=
ac_cv_env_CPP_value=
ac_cv_env_CXXFLAGS_set=
ac_cv_env_CXXFLAGS_value=
ac_cv_env_CXX_set=
ac_cv_env_CXX_value=
ac_cv_env_LDFLAGS_set=
ac_cv_env_LDFLAGS_value=
ac_cv_env_build_alias_set=set
ac_cv_env_build_alias_value=i686-pc-linux-gnu
ac_cv_env_host_alias_set=set
ac_cv_env_host_alias_value=arm-softfloat-linux-gnu
ac_cv_env_target_alias_set=
ac_cv_env_target_alias_value=
ac_cv_header_inttypes_h=yes
ac_cv_header_memory_h=yes
ac_cv_header_stdc=yes
ac_cv_header_stdint_h=yes
ac_cv_header_stdlib_h=yes
ac_cv_header_string_h=yes
ac_cv_header_strings_h=yes
ac_cv_header_sys_stat_h=yes
ac_cv_header_sys_types_h=yes
ac_cv_header_unistd_h=yes
ac_cv_host=arm-softfloat-linux-gnu
ac_cv_host_alias=arm-softfloat-linux-gnu
ac_cv_lib_selinux_is_selinux_enabled=no
ac_cv_objext=o
ac_cv_path_BASH=/bin/sh
ac_cv_path_BISON=/usr/bin/bison
ac_cv_path_INSTALL_INFO=/usr/sbin/install-info
ac_cv_path_PERL=/usr/bin/perl
ac_cv_path_PWD_P=/bin/pwd
ac_cv_path_install='/usr/bin/install -c'
ac_cv_prog_AS=/home/taoanran/git/linux/crosstool-0.43/build/arm-softfloat-linux-gnu/gcc-3.4.5-glibc-2.3.6/gcc-core-prefix/lib/gcc/arm-softfloat-linux-gnu/3.4.5/../../../../arm-softfloat-linux-gnu/bin/as
ac_cv_prog_AWK=gawk
ac_cv_prog_BUILD_CC=gcc
ac_cv_prog_CC='arm-softfloat-linux-gnu-gcc '
ac_cv_prog_CPP='arm-softfloat-linux-gnu-gcc  -E'
ac_cv_prog_LD=/home/taoanran/git/linux/crosstool-0.43/build/arm-softfloat-linux-gnu/gcc-3.4.5-glibc-2.3.6/gcc-core-prefix/lib/gcc/arm-softfloat-linux-gnu/3.4.5/../../../../arm-softfloat-linux-gnu/bin/ld
ac_cv_prog_MAKE=make
ac_cv_prog_RANLIB=arm-softfloat-linux-gnu-ranlib
ac_cv_prog_SED=sed
ac_cv_prog_ac_ct_CXX=g++
ac_cv_prog_cc_g=yes
ac_cv_prog_cc_stdc=
ac_cv_prog_cxx_g=yes
ac_cv_prog_egrep='grep -E'
ac_cv_sizeof_long_double=8
ac_cv_type_long_double=yes
libc_cv_Bgroup=yes
libc_cv_as_needed=no
libc_cv_as_noexecstack=no
libc_cv_asm_cfi_directives=no
libc_cv_asm_global_directive=.globl
libc_cv_asm_previous_directive=yes
libc_cv_asm_protected_directive=yes
libc_cv_asm_set_directive=yes
libc_cv_asm_symver_directive=yes
libc_cv_asm_type_prefix=%
libc_cv_asm_underscores=no
libc_cv_asm_weak_directive=yes
libc_cv_broken_alias_attribute=no
libc_cv_broken_visibility_attribute=no
libc_cv_c_cleanup=yes
libc_cv_cc_with_libunwind=no
libc_cv_cpp_asm_debuginfo=yes
libc_cv_dot_text=.text
libc_cv_fno_unit_at_a_time=yes
libc_cv_forced_unwind=yes
libc_cv_fpie=no
libc_cv_friendly_stddef=yes
libc_cv_gcc___thread=no
libc_cv_gcc_builtin_expect=yes
libc_cv_gcc_builtin_memset=no
libc_cv_gcc_builtin_redirection=yes
libc_cv_gcc_dwarf2_unwind_info=no_registry_needed
libc_cv_gcc_exceptions=yes
libc_cv_gcc_static_libgcc=-static-libgcc
libc_cv_gcc_subtract_local_labels=yes
libc_cv_gcc_unwind_find_fde=yes
libc_cv_have_bash2=yes
libc_cv_have_ksh=yes
libc_cv_have_sdata_section=no
libc_cv_have_section_quotes=no
libc_cv_idn=no
libc_cv_initfinit_array=yes
libc_cv_ld_no_whole_archive=yes
libc_cv_ld_version_script_option=yes
libc_cv_libgcc_s_suffix=
libc_cv_linux2010='2.0.10 or later'
libc_cv_need_minus_P=no
libc_cv_prog_as_gnu=yes
libc_cv_prog_ld_gnu=yes
libc_cv_ranlib_necessary=no
libc_cv_rootsbindir=/sbin
libc_cv_signed_size_t=no
libc_cv_slibdir=/lib
libc_cv_sysconfdir=/etc
libc_cv_visibility_attribute=yes
libc_cv_weak_symbols=yes
libc_cv_z_combreloc=yes
libc_cv_z_execstack=yes
libc_cv_z_initfirst=yes
libc_cv_z_nodelete=yes
libc_cv_z_nodlopen=yes
libc_cv_z_relro=no

## ----------------- ##
## Output variables. ##
## ----------------- ##

AR='/home/taoanran/git/linux/crosstool-0.43/build/arm-softfloat-linux-gnu/gcc-3.4.5-glibc-2.3.6/gcc-core-prefix/lib/gcc/arm-softfloat-linux-gnu/3.4.5/../../../../arm-softfloat-linux-gnu/bin/ar'
AS='/home/taoanran/git/linux/crosstool-0.43/build/arm-softfloat-linux-gnu/gcc-3.4.5-glibc-2.3.6/gcc-core-prefix/lib/gcc/arm-softfloat-linux-gnu/3.4.5/../../../../arm-softfloat-linux-gnu/bin/as'
ASFLAGS_config=''
AUTOCONF='no'
AWK='gawk'
BASH='/bin/sh'
BISON='/usr/bin/bison'
BUILD_CC='gcc'
CC='arm-softfloat-linux-gnu-gcc '
CFLAGS='-O '
CPP='arm-softfloat-linux-gnu-gcc  -E'
CPPFLAGS=''
CXX='g++'
CXXFLAGS='-g -O2'
DEFINES=' -D_LIBC_REENTRANT'
DEFS='-DHAVE_CONFIG_H'
ECHO_C=''
ECHO_N='-n'
ECHO_T=''
EGREP='grep -E'
INSTALL_DATA='${INSTALL} -m 644'
INSTALL_INFO='/usr/sbin/install-info'
INSTALL_PROGRAM='${INSTALL}'
INSTALL_SCRIPT='${INSTALL}'
KSH='/bin/sh'
LD='/home/taoanran/git/linux/crosstool-0.43/build/arm-softfloat-linux-gnu/gcc-3.4.5-glibc-2.3.6/gcc-core-prefix/lib/gcc/arm-softfloat-linux-gnu/3.4.5/../../../../arm-softfloat-linux-gnu/bin/ld'
LDFLAGS=''
LIBGD='no'
LIBOBJS=''
LIBS=''
LN_S='ln -s'
LTLIBOBJS=''
MAKE='make'
MAKEINFO=':'
MIG=''
MSGFMT=':'
OBJDUMP='objdump'
OBJEXT='o'
PACKAGE_BUGREPORT='glibc'
PACKAGE_NAME='GNU C Library'
PACKAGE_STRING='GNU C Library (see version.h)'
PACKAGE_TARNAME='c-library'
PACKAGE_VERSION='(see version.h)'
PATH_SEPARATOR=':'
PERL='/usr/bin/perl'
PWD_P='/bin/pwd'
RANLIB=':'
RELEASE='stable'
SED='sed'
SHELL='/bin/sh'
SYSINCLUDES='-nostdinc -isystem /home/taoanran/git/linux/crosstool-0.43/build/arm-softfloat-linux-gnu/gcc-3.4.5-glibc-2.3.6/gcc-core-prefix/lib/gcc/arm-softfloat-linux-gnu/3.4.5/include -isystem /home/taoanran/git/linux/crosstool/gcc-3.4.5-glibc-2.3.6/arm-softfloat-linux-gnu/arm-softfloat-linux-gnu/include'
VERSION='2.3.6'
VERSIONING='yes'
ac_ct_CC=''
ac_ct_CXX='g++'
ac_ct_RANLIB=''
add_ons='linuxthreads'
all_warnings=''
base_machine='arm'
bindir='${exec_prefix}/bin'
bindnow='no'
bounded='no'
build='i686-pc-linux-gnu'
build_alias='i686-pc-linux-gnu'
build_cpu='i686'
build_os='linux-gnu'
build_vendor='pc'
cross_compiling='yes'
datadir='${prefix}/share'
elf='yes'
enable_check_abi='no'
exceptions='-fexceptions'
exec_prefix='${prefix}'
fno_unit_at_a_time='-fno-unit-at-a-time'
force_install='yes'
gnu_as='yes'
gnu_ld='yes'
have_libaudit=''
have_selinux='no'
host='arm-softfloat-linux-gnu'
host_alias='arm-softfloat-linux-gnu'
host_cpu='arm'
host_os='linux-gnu'
host_vendor='softfloat'
includedir='${prefix}/include'
infodir='${prefix}/info'
ldd_rewrite_script='no'
libc_cv_Bgroup='yes'
libc_cv_as_needed='no'
libc_cv_asm_protected_directive='yes'
libc_cv_cc_with_libunwind='no'
libc_cv_cpp_asm_debuginfo='yes'
libc_cv_forced_unwind='yes'
libc_cv_fpie='no'
libc_cv_gcc_static_libgcc='-static-libgcc'
libc_cv_gcc_unwind_find_fde='yes'
libc_cv_have_bash2='yes'
libc_cv_have_initfini=''
libc_cv_have_ksh='yes'
libc_cv_initfinit_array='yes'
libc_cv_libgcc_s_suffix=''
libc_cv_localedir=''
libc_cv_rootsbindir='/sbin'
libc_cv_slibdir='/lib'
libc_cv_sysconfdir='/etc'
libc_cv_z_combreloc='yes'
libc_cv_z_execstack='yes'
libc_cv_z_initfirst='yes'
libc_cv_z_nodelete='yes'
libc_cv_z_nodlopen='yes'
libc_cv_z_relro='no'
libdir='${exec_prefix}/lib'
libexecdir='${exec_prefix}/libexec'
linux_doors='no'
localstatedir='${prefix}/var'
mach_interface_list=''
mandir='${prefix}/man'
no_whole_archive='-Wl,--no-whole-archive'
nopic_initfini=''
old_glibc_headers='no'
oldest_abi='default'
oldincludedir='/usr/include'
omitfp='no'
pic_default='no'
prefix='/usr'
profile='no'
program_transform_name='s,x,x,'
sbindir='${exec_prefix}/sbin'
shared='yes'
sharedstatedir='${prefix}/com'
sizeof_long_double='8'
static='yes'
static_nss='no'
subdirs=' '
sysconfdir='${prefix}/etc'
sysnames=' sysdeps/arm/elf linuxthreads/sysdeps/unix/sysv/linux/arm linuxthreads/sysdeps/unix/sysv/linux linuxthreads/sysdeps/pthread sysdeps/pthread linuxthreads/sysdeps/unix/sysv linuxthreads/sysdeps/unix linuxthreads/sysdeps/arm sysdeps/unix/sysv/linux/arm sysdeps/unix/sysv/linux sysdeps/gnu sysdeps/unix/common sysdeps/unix/mman sysdeps/unix/inet sysdeps/unix/sysv sysdeps/unix/arm sysdeps/unix sysdeps/posix sysdeps/arm sysdeps/wordsize-32 sysdeps/ieee754/flt-32 sysdeps/ieee754/dbl-64 sysdeps/ieee754 sysdeps/generic/elf sysdeps/generic'
target_alias=''
uname_release=''
uname_sysname=''
uname_version=''
use_ldconfig='yes'
with_cvs='no'
with_fp='no'
xcoff='no'

## ----------- ##
## confdefs.h. ##
## ----------- ##

#define ASM_GLOBAL_DIRECTIVE .globl
#define ASM_TYPE_DIRECTIVE_PREFIX %
#define DO_VERSIONING 1
#define EXPORT_UNWIND_FIND_FDE 1
#define HAVE_ASM_PREVIOUS_DIRECTIVE 1
#define HAVE_ASM_SET_DIRECTIVE 1
#define HAVE_ASM_WEAK_DIRECTIVE 1
#define HAVE_BUILTIN_EXPECT 1
#define HAVE_BUILTIN_REDIRECTION 1
#define HAVE_CPP_ASM_DEBUGINFO 1
#define HAVE_ELF 1
#define HAVE_GNU_AS 1
#define HAVE_GNU_LD 1
#define HAVE_HIDDEN 1
#define HAVE_INITFINI_ARRAY 1
#define HAVE_INLINED_SYSCALLS 1
#define HAVE_INTTYPES_H 1
#define HAVE_MEMORY_H 1
#define HAVE_PROTECTED 1
#define HAVE_STDINT_H 1
#define HAVE_STDLIB_H 1
#define HAVE_STRINGS_H 1
#define HAVE_STRING_H 1
#define HAVE_SUBTRACT_LOCAL_LABELS 1
#define HAVE_SYS_STAT_H 1
#define HAVE_SYS_TYPES_H 1
#define HAVE_UNISTD_H 1
#define HAVE_VISIBILITY_ATTRIBUTE 1
#define HAVE_Z_COMBRELOC 1
#define NO_UNDERSCORES 1
#define PACKAGE_BUGREPORT "glibc"
#define PACKAGE_NAME "GNU C Library"
#define PACKAGE_STRING "GNU C Library (see version.h)"
#define PACKAGE_TARNAME "c-library"
#define PACKAGE_VERSION "(see version.h)"
#define SIZEOF_LONG_DOUBLE 8
#define STDC_HEADERS 1
#define USE_IN_LIBIO 1
#define __ABI_TAG_VERSION 2,4,3
#define __LINUX_KERNEL_VERSION (2 * 65536 + 4 * 256 + 3)
#endif
#ifdef __cplusplus
extern "C" void exit (int) throw ();

configure: exit 0
