This file contains any messages produced by compilers while
running configure, to aid debugging if configure makes a mistake.

It was created by configure, which was
generated by GNU Autoconf 2.59.  Invocation command line was

  $ /home/taoanran/git/linux/crosstool-0.43/build/arm-softfloat-linux-gnu/gcc-3.4.5-glibc-2.3.6/binutils-2.15/gas/configure --cache-file=./config.cache --build=i686-host_pc-linux-gnu --host=i686-host_pc-linux-gnu --target=arm-softfloat-linux-gnu --with-gnu-as --with-gnu-ld --prefix=/home/taoanran/git/linux/crosstool/gcc-3.4.5-glibc-2.3.6/arm-softfloat-linux-gnu --disable-nls --with-sysroot=/home/taoanran/git/linux/crosstool/gcc-3.4.5-glibc-2.3.6/arm-softfloat-linux-gnu/arm-softfloat-linux-gnu --program-transform-name=s,^,arm-softfloat-linux-gnu-,;  --srcdir=/home/taoanran/git/linux/crosstool-0.43/build/arm-softfloat-linux-gnu/gcc-3.4.5-glibc-2.3.6/binutils-2.15/gas

## --------- ##
## Platform. ##
## --------- ##

hostname = ubuntu
uname -m = i686
uname -r = 2.6.32-38-generic
uname -s = Linux
uname -v = #83-Ubuntu SMP Wed Jan 4 11:13:04 UTC 2012

/usr/bin/uname -p = unknown
/bin/uname -X     = unknown

/bin/arch              = unknown
/usr/bin/arch -k       = unknown
/usr/convex/getsysinfo = unknown
hostinfo               = unknown
/bin/machine           = unknown
/usr/bin/oslevel       = unknown
/bin/universe          = unknown

PATH: /home/taoanran/git/linux/crosstool/gcc-3.4.5-glibc-2.3.6/arm-softfloat-linux-gnu/bin
PATH: /home/taoanran/git/linux/crosstool-0.43/build/arm-softfloat-linux-gnu/gcc-3.4.5-glibc-2.3.6/gcc-core-prefix/bin
PATH: /usr/local/sbin
PATH: /usr/local/bin
PATH: /usr/sbin
PATH: /usr/bin
PATH: /sbin
PATH: /bin
PATH: /usr/games


## ----------- ##
## Core tests. ##
## ----------- ##

configure:1241: creating cache ./config.cache
configure:1353: checking build system type
configure:1371: result: i686-host_pc-linux-gnu
configure:1379: checking host system type
configure:1393: result: i686-host_pc-linux-gnu
configure:1401: checking target system type
configure:1415: result: arm-softfloat-linux-gnu
configure:1437: checking for i686-host_pc-linux-gnu-gcc
configure:1463: result: gcc
configure:1745: checking for C compiler version
configure:1748: gcc --version </dev/null >&5
gcc (GCC) 4.1.3 20080704 (prerelease) (Ubuntu 4.1.2-27ubuntu1)
Copyright (C) 2006 Free Software Foundation, Inc.
This is free software; see the source for copying conditions.  There is NO
warranty; not even for MERCHANTABILITY or FITNESS FOR A PARTICULAR PURPOSE.

configure:1751: $? = 0
configure:1753: gcc -v </dev/null >&5
Using built-in specs.
Target: i486-linux-gnu
Configured with: ../src/configure -v --enable-languages=c,c++ --prefix=/usr --enable-shared --with-system-zlib --libexecdir=/usr/lib --without-included-gettext --enable-threads=posix --enable-nls --with-gxx-include-dir=/usr/include/c++/4.1.3 --program-suffix=-4.1 --enable-__cxa_atexit --enable-clocale=gnu --enable-libstdcxx-debug --with-tune=generic --enable-checking=release i486-linux-gnu
Thread model: posix
gcc version 4.1.3 20080704 (prerelease) (Ubuntu 4.1.2-27ubuntu1)
configure:1756: $? = 0
configure:1758: gcc -V </dev/null >&5
gcc: '-V' option must have argument
configure:1761: $? = 1
configure:1784: checking for C compiler default output file name
configure:1787: gcc -g -O2   conftest.c  >&5
configure:1790: $? = 0
configure:1836: result: a.out
configure:1841: checking whether the C compiler works
configure:1847: ./a.out
configure:1850: $? = 0
configure:1867: result: yes
configure:1874: checking whether we are cross compiling
configure:1876: result: no
configure:1879: checking for suffix of executables
configure:1881: gcc -o conftest -g -O2   conftest.c  >&5
configure:1884: $? = 0
configure:1909: result: 
configure:1915: checking for suffix of object files
configure:1936: gcc -c -g -O2  conftest.c >&5
configure:1939: $? = 0
configure:1961: result: o
configure:1965: checking whether we are using the GNU C compiler
configure:1989: gcc -c -g -O2  conftest.c >&5
configure:1995: $? = 0
configure:1998: test -z 			 || test ! -s conftest.err
configure:2001: $? = 0
configure:2004: test -s conftest.o
configure:2007: $? = 0
configure:2020: result: yes
configure:2026: checking whether gcc accepts -g
configure:2047: gcc -c -g  conftest.c >&5
configure:2053: $? = 0
configure:2056: test -z 			 || test ! -s conftest.err
configure:2059: $? = 0
configure:2062: test -s conftest.o
configure:2065: $? = 0
configure:2076: result: yes
configure:2093: checking for gcc option to accept ANSI C
configure:2163: gcc  -c -g -O2  conftest.c >&5
configure:2169: $? = 0
configure:2172: test -z 			 || test ! -s conftest.err
configure:2175: $? = 0
configure:2178: test -s conftest.o
configure:2181: $? = 0
configure:2199: result: none needed
configure:2217: gcc -c -g -O2  conftest.c >&5
conftest.c:2: error: expected '=', ',', ';', 'asm' or '__attribute__' before 'me'
configure:2223: $? = 1
configure: failed program was:
| #ifndef __cplusplus
|   choke me
| #endif
configure:2354: checking for library containing strerror
configure:2384: gcc -o conftest -g -O2   conftest.c  >&5
configure:2390: $? = 0
configure:2393: test -z 			 || test ! -s conftest.err
configure:2396: $? = 0
configure:2399: test -s conftest
configure:2402: $? = 0
configure:2471: result: none required
configure:2494: checking for a BSD-compatible install
configure:2549: result: /usr/bin/install -c
configure:2560: checking whether build environment is sane
configure:2603: result: yes
configure:2660: checking for gawk
configure:2676: found /usr/bin/gawk
configure:2686: result: gawk
configure:2696: checking whether make sets $(MAKE)
configure:2716: result: yes
configure:2746: checking for style of include used by make
configure:2774: result: GNU
configure:2946: checking dependency style of gcc
configure:3036: result: none
configure:3132: checking for ld used by GCC
configure:3195: result: ld
configure:3204: checking if the linker (ld) is GNU ld
GNU ld (GNU Binutils) 2.18
configure:3216: result: yes
configure:3221: checking for ld option to reload object files
configure:3228: result: -r
configure:3233: checking for BSD-compatible nm
configure:3269: result: nm
configure:3272: checking whether ln -s works
configure:3276: result: yes
configure:3283: checking how to recognise dependant libraries
configure:3451: result: pass_all
configure:3603: checking for i686-host_pc-linux-gnu-ranlib
configure:3629: result: ranlib
configure:3683: checking for i686-host_pc-linux-gnu-strip
configure:3712: result: no
configure:3721: checking for strip
configure:3737: found /usr/bin/strip
configure:3748: result: strip
configure:4004: loading cache ./config.cache
1>&5
ltcf-c.sh:need_lc: gcc -shared conftest.o  -v -Wl,-soname -Wl,conftest -o conftest
 /usr/lib/gcc/i486-linux-gnu/4.1.3/collect2 --eh-frame-hdr -m elf_i386 --hash-style=both -shared -o conftest /usr/lib/gcc/i486-linux-gnu/4.1.3/../../../../lib/crti.o /usr/lib/gcc/i486-linux-gnu/4.1.3/crtbeginS.o -L/usr/lib/gcc/i486-linux-gnu/4.1.3 -L/usr/lib/gcc/i486-linux-gnu/4.1.3 -L/usr/lib/gcc/i486-linux-gnu/4.1.3/../../../../lib -L/lib/../lib -L/usr/lib/../lib conftest.o -soname conftest -lgcc --as-needed -lgcc_s --no-as-needed -lc -lgcc --as-needed -lgcc_s --no-as-needed /usr/lib/gcc/i486-linux-gnu/4.1.3/crtendS.o /usr/lib/gcc/i486-linux-gnu/4.1.3/../../../../lib/crtn.o
ltconfig:678:checking for gcc option to produce PIC
ltconfig:687:checking that gcc PIC flag -fPIC -DPIC works.
ltconfig:697: gcc -c -g -O2 -fPIC -DPIC -DPIC  conftest.c 1>&5
ltconfig:749: checking if gcc static flag -static works
ltconfig:758: gcc -o conftest -g -O2   -static conftest.c  1>&5
/usr/lib/gcc/i486-linux-gnu/4.1.3/../../../../lib/libc.a(elf-init.o): In function `__libc_csu_irel':
(.text+0xe5): undefined reference to `__rel_iplt_end'
/usr/lib/gcc/i486-linux-gnu/4.1.3/../../../../lib/libc.a(elf-init.o): In function `__libc_csu_irel':
(.text+0xec): undefined reference to `__rel_iplt_start'
/usr/lib/gcc/i486-linux-gnu/4.1.3/../../../../lib/libc.a(elf-init.o): In function `__libc_csu_irel':
(.text+0xfd): undefined reference to `__rel_iplt_start'
/usr/lib/gcc/i486-linux-gnu/4.1.3/../../../../lib/libc.a(elf-init.o): In function `__libc_csu_irel':
(.text+0x106): undefined reference to `__rel_iplt_start'
/usr/lib/gcc/i486-linux-gnu/4.1.3/../../../../lib/libc.a(elf-init.o): In function `__libc_csu_irel':
(.text+0x113): undefined reference to `__rel_iplt_start'
/usr/lib/gcc/i486-linux-gnu/4.1.3/../../../../lib/libc.a(elf-init.o): In function `__libc_csu_irel':
(.text+0x11b): undefined reference to `__rel_iplt_start'
collect2: ld returned 1 exit status
ltconfig:780: finding the maximum length of command line arguments
ltconfig:@lineno@: result: 49153
ltconfig:833: checking if gcc supports -c -o file.o
ltconfig:834: gcc -c -g -O2 -o out/conftest2.o  conftest.c 1>&5
ltconfig:887: checking if gcc supports -fno-rtti -fno-exceptions
ltconfig:888: gcc -c -g -O2 -fno-rtti -fno-exceptions -c conftest.c  conftest.c 1>&5
ltconfig:1431: checking if global_symbol_pipe works
ltconfig:1432: gcc -c -g -O2  conftest.c 1>&5
ltconfig:1435: eval "nm conftest.o | sed -n -e 's/^.*[ 	]\([ABCDGISTW][ABCDGISTW]*\)[ 	][ 	]*\(\)\([_A-Za-z][_A-Za-z0-9]*\)$/\1 \2\3 \3/p' > conftest.nm"
ltconfig:1487: gcc -o conftest -g -O2 -fno-builtin   conftest.c conftstm.o 1>&5
configure:5184: checking for i686-host_pc-linux-gnu-gcc
configure:5210: result: gcc
configure:5492: checking for C compiler version
configure:5495: gcc --version </dev/null >&5
gcc (GCC) 4.1.3 20080704 (prerelease) (Ubuntu 4.1.2-27ubuntu1)
Copyright (C) 2006 Free Software Foundation, Inc.
This is free software; see the source for copying conditions.  There is NO
warranty; not even for MERCHANTABILITY or FITNESS FOR A PARTICULAR PURPOSE.

configure:5498: $? = 0
configure:5500: gcc -v </dev/null >&5
Using built-in specs.
Target: i486-linux-gnu
Configured with: ../src/configure -v --enable-languages=c,c++ --prefix=/usr --enable-shared --with-system-zlib --libexecdir=/usr/lib --without-included-gettext --enable-threads=posix --enable-nls --with-gxx-include-dir=/usr/include/c++/4.1.3 --program-suffix=-4.1 --enable-__cxa_atexit --enable-clocale=gnu --enable-libstdcxx-debug --with-tune=generic --enable-checking=release i486-linux-gnu
Thread model: posix
gcc version 4.1.3 20080704 (prerelease) (Ubuntu 4.1.2-27ubuntu1)
configure:5503: $? = 0
configure:5505: gcc -V </dev/null >&5
gcc: '-V' option must have argument
configure:5508: $? = 1
configure:5511: checking whether we are using the GNU C compiler
configure:5566: result: yes
configure:5572: checking whether gcc accepts -g
configure:5622: result: yes
configure:5639: checking for gcc option to accept ANSI C
configure:5745: result: none needed
configure:5763: gcc -c -g -O2  conftest.c >&5
conftest.c:2: error: expected '=', ',', ';', 'asm' or '__attribute__' before 'me'
configure:5769: $? = 1
configure: failed program was:
| #ifndef __cplusplus
|   choke me
| #endif
configure:5904: checking for bison
configure:5920: found /usr/bin/bison
configure:5930: result: bison -y
configure:5945: checking for flex
configure:5961: found /usr/bin/flex
configure:5971: result: flex
configure:5984: checking for yywrap in -lfl
configure:6014: gcc -o conftest -g -O2   conftest.c -lfl   >&5
configure:6020: $? = 0
configure:6023: test -z 			 || test ! -s conftest.err
configure:6026: $? = 0
configure:6029: test -s conftest
configure:6032: $? = 0
configure:6045: result: yes
configure:6122: checking lex output file root
configure:6133: flex conftest.l
configure:6136: $? = 0
configure:6148: result: lex.yy
configure:6153: checking whether yytext is a pointer
configure:6169: gcc -o conftest -g -O2   conftest.c  -lfl >&5
configure:6175: $? = 0
configure:6178: test -z 			 || test ! -s conftest.err
configure:6181: $? = 0
configure:6184: test -s conftest
configure:6187: $? = 0
configure:6201: result: yes
configure:6220: checking for i686-host_pc-linux-gnu-ranlib
configure:6246: result: ranlib
configure:6302: checking how to run the C preprocessor
configure:6337: gcc -E  conftest.c
configure:6343: $? = 0
configure:6375: gcc -E  conftest.c
conftest.c:21:28: error: ac_nonexistent.h: No such file or directory
configure:6381: $? = 1
configure: failed program was:
| /* confdefs.h.  */
| 
| #define PACKAGE_NAME ""
| #define PACKAGE_TARNAME ""
| #define PACKAGE_VERSION ""
| #define PACKAGE_STRING ""
| #define PACKAGE_BUGREPORT ""
| #define PACKAGE "gas"
| #define VERSION "2.15"
| #define TARGET_BYTES_BIG_ENDIAN 0
| #define EMULATIONS 
| #define DEFAULT_EMULATION ""
| #define BFD_ASSEMBLER 1
| #define TARGET_ALIAS "arm-softfloat-linux-gnu"
| #define TARGET_CANONICAL "arm-softfloat-linux-gnu"
| #define TARGET_CPU "arm"
| #define TARGET_VENDOR "softfloat"
| #define TARGET_OS "linux-gnu"
| #define YYTEXT_POINTER 1
| /* end confdefs.h.  */
| #include <ac_nonexistent.h>
configure:6420: result: gcc -E
configure:6444: gcc -E  conftest.c
configure:6450: $? = 0
configure:6482: gcc -E  conftest.c
conftest.c:21:28: error: ac_nonexistent.h: No such file or directory
configure:6488: $? = 1
configure: failed program was:
| /* confdefs.h.  */
| 
| #define PACKAGE_NAME ""
| #define PACKAGE_TARNAME ""
| #define PACKAGE_VERSION ""
| #define PACKAGE_STRING ""
| #define PACKAGE_BUGREPORT ""
| #define PACKAGE "gas"
| #define VERSION "2.15"
| #define TARGET_BYTES_BIG_ENDIAN 0
| #define EMULATIONS 
| #define DEFAULT_EMULATION ""
| #define BFD_ASSEMBLER 1
| #define TARGET_ALIAS "arm-softfloat-linux-gnu"
| #define TARGET_CANONICAL "arm-softfloat-linux-gnu"
| #define TARGET_CPU "arm"
| #define TARGET_VENDOR "softfloat"
| #define TARGET_OS "linux-gnu"
| #define YYTEXT_POINTER 1
| /* end confdefs.h.  */
| #include <ac_nonexistent.h>
configure:6532: checking for egrep
configure:6542: result: grep -E
configure:6547: checking for ANSI C header files
configure:6572: gcc -c -g -O2  conftest.c >&5
configure:6578: $? = 0
configure:6581: test -z 			 || test ! -s conftest.err
configure:6584: $? = 0
configure:6587: test -s conftest.o
configure:6590: $? = 0
configure:6679: gcc -o conftest -g -O2   conftest.c  >&5
conftest.c: In function 'main':
conftest.c:38: warning: incompatible implicit declaration of built-in function 'exit'
configure:6682: $? = 0
configure:6684: ./conftest
configure:6687: $? = 0
configure:6702: result: yes
configure:6712: checking for an ANSI C-conforming const
configure:6779: gcc -c -g -O2  conftest.c >&5
configure:6785: $? = 0
configure:6788: test -z 			 || test ! -s conftest.err
configure:6791: $? = 0
configure:6794: test -s conftest.o
configure:6797: $? = 0
configure:6808: result: yes
configure:6818: checking for inline
configure:6839: gcc -c -g -O2  conftest.c >&5
configure:6845: $? = 0
configure:6848: test -z 			 || test ! -s conftest.err
configure:6851: $? = 0
configure:6854: test -s conftest.o
configure:6857: $? = 0
configure:6869: result: inline
configure:6902: checking for sys/types.h
configure:6918: gcc -c -g -O2  conftest.c >&5
configure:6924: $? = 0
configure:6927: test -z 			 || test ! -s conftest.err
configure:6930: $? = 0
configure:6933: test -s conftest.o
configure:6936: $? = 0
configure:6947: result: yes
configure:6902: checking for sys/stat.h
configure:6918: gcc -c -g -O2  conftest.c >&5
configure:6924: $? = 0
configure:6927: test -z 			 || test ! -s conftest.err
configure:6930: $? = 0
configure:6933: test -s conftest.o
configure:6936: $? = 0
configure:6947: result: yes
configure:6902: checking for stdlib.h
configure:6918: gcc -c -g -O2  conftest.c >&5
configure:6924: $? = 0
configure:6927: test -z 			 || test ! -s conftest.err
configure:6930: $? = 0
configure:6933: test -s conftest.o
configure:6936: $? = 0
configure:6947: result: yes
configure:6902: checking for string.h
configure:6918: gcc -c -g -O2  conftest.c >&5
configure:6924: $? = 0
configure:6927: test -z 			 || test ! -s conftest.err
configure:6930: $? = 0
configure:6933: test -s conftest.o
configure:6936: $? = 0
configure:6947: result: yes
configure:6902: checking for memory.h
configure:6918: gcc -c -g -O2  conftest.c >&5
configure:6924: $? = 0
configure:6927: test -z 			 || test ! -s conftest.err
configure:6930: $? = 0
configure:6933: test -s conftest.o
configure:6936: $? = 0
configure:6947: result: yes
configure:6902: checking for strings.h
configure:6918: gcc -c -g -O2  conftest.c >&5
configure:6924: $? = 0
configure:6927: test -z 			 || test ! -s conftest.err
configure:6930: $? = 0
configure:6933: test -s conftest.o
configure:6936: $? = 0
configure:6947: result: yes
configure:6902: checking for inttypes.h
configure:6918: gcc -c -g -O2  conftest.c >&5
configure:6924: $? = 0
configure:6927: test -z 			 || test ! -s conftest.err
configure:6930: $? = 0
configure:6933: test -s conftest.o
configure:6936: $? = 0
configure:6947: result: yes
configure:6902: checking for stdint.h
configure:6918: gcc -c -g -O2  conftest.c >&5
configure:6924: $? = 0
configure:6927: test -z 			 || test ! -s conftest.err
configure:6930: $? = 0
configure:6933: test -s conftest.o
configure:6936: $? = 0
configure:6947: result: yes
configure:6902: checking for unistd.h
configure:6918: gcc -c -g -O2  conftest.c >&5
configure:6924: $? = 0
configure:6927: test -z 			 || test ! -s conftest.err
configure:6930: $? = 0
configure:6933: test -s conftest.o
configure:6936: $? = 0
configure:6947: result: yes
configure:6959: checking for off_t
configure:6983: gcc -c -g -O2  conftest.c >&5
configure:6989: $? = 0
configure:6992: test -z 			 || test ! -s conftest.err
configure:6995: $? = 0
configure:6998: test -s conftest.o
configure:7001: $? = 0
configure:7012: result: yes
configure:7024: checking for size_t
configure:7048: gcc -c -g -O2  conftest.c >&5
configure:7054: $? = 0
configure:7057: test -z 			 || test ! -s conftest.err
configure:7060: $? = 0
configure:7063: test -s conftest.o
configure:7066: $? = 0
configure:7077: result: yes
configure:7091: checking for working alloca.h
configure:7112: gcc -o conftest -g -O2   conftest.c  >&5
configure:7118: $? = 0
configure:7121: test -z 			 || test ! -s conftest.err
configure:7124: $? = 0
configure:7127: test -s conftest
configure:7130: $? = 0
configure:7142: result: yes
configure:7152: checking for alloca
configure:7193: gcc -o conftest -g -O2   conftest.c  >&5
configure:7199: $? = 0
configure:7202: test -z 			 || test ! -s conftest.err
configure:7205: $? = 0
configure:7208: test -s conftest
configure:7211: $? = 0
configure:7223: result: yes
configure:7451: checking for stdlib.h
configure:7456: result: yes
configure:7451: checking for unistd.h
configure:7456: result: yes
configure:7599: checking for getpagesize
configure:7656: gcc -o conftest -g -O2   conftest.c  >&5
configure:7662: $? = 0
configure:7665: test -z 			 || test ! -s conftest.err
configure:7668: $? = 0
configure:7671: test -s conftest
configure:7674: $? = 0
configure:7686: result: yes
configure:7696: checking for working mmap
configure:7838: gcc -o conftest -g -O2   conftest.c  >&5
configure:7841: $? = 0
configure:7843: ./conftest
configure:7846: $? = 0
configure:7860: result: yes
configure:7895: checking argz.h usability
configure:7907: gcc -c -g -O2  conftest.c >&5
configure:7913: $? = 0
configure:7916: test -z 			 || test ! -s conftest.err
configure:7919: $? = 0
configure:7922: test -s conftest.o
configure:7925: $? = 0
configure:7935: result: yes
configure:7939: checking argz.h presence
configure:7949: gcc -E  conftest.c
configure:7955: $? = 0
configure:7975: result: yes
configure:8010: checking for argz.h
configure:8017: result: yes
configure:7895: checking limits.h usability
configure:7907: gcc -c -g -O2  conftest.c >&5
configure:7913: $? = 0
configure:7916: test -z 			 || test ! -s conftest.err
configure:7919: $? = 0
configure:7922: test -s conftest.o
configure:7925: $? = 0
configure:7935: result: yes
configure:7939: checking limits.h presence
configure:7949: gcc -E  conftest.c
configure:7955: $? = 0
configure:7975: result: yes
configure:8010: checking for limits.h
configure:8017: result: yes
configure:7895: checking locale.h usability
configure:7907: gcc -c -g -O2  conftest.c >&5
configure:7913: $? = 0
configure:7916: test -z 			 || test ! -s conftest.err
configure:7919: $? = 0
configure:7922: test -s conftest.o
configure:7925: $? = 0
configure:7935: result: yes
configure:7939: checking locale.h presence
configure:7949: gcc -E  conftest.c
configure:7955: $? = 0
configure:7975: result: yes
configure:8010: checking for locale.h
configure:8017: result: yes
configure:7895: checking nl_types.h usability
configure:7907: gcc -c -g -O2  conftest.c >&5
configure:7913: $? = 0
configure:7916: test -z 			 || test ! -s conftest.err
configure:7919: $? = 0
configure:7922: test -s conftest.o
configure:7925: $? = 0
configure:7935: result: yes
configure:7939: checking nl_types.h presence
configure:7949: gcc -E  conftest.c
configure:7955: $? = 0
configure:7975: result: yes
configure:8010: checking for nl_types.h
configure:8017: result: yes
configure:7895: checking malloc.h usability
configure:7907: gcc -c -g -O2  conftest.c >&5
configure:7913: $? = 0
configure:7916: test -z 			 || test ! -s conftest.err
configure:7919: $? = 0
configure:7922: test -s conftest.o
configure:7925: $? = 0
configure:7935: result: yes
configure:7939: checking malloc.h presence
configure:7949: gcc -E  conftest.c
configure:7955: $? = 0
configure:7975: result: yes
configure:8010: checking for malloc.h
configure:8017: result: yes
configure:7886: checking for string.h
configure:7891: result: yes
configure:7886: checking for unistd.h
configure:7891: result: yes
configure:7895: checking values.h usability
configure:7907: gcc -c -g -O2  conftest.c >&5
configure:7913: $? = 0
configure:7916: test -z 			 || test ! -s conftest.err
configure:7919: $? = 0
configure:7922: test -s conftest.o
configure:7925: $? = 0
configure:7935: result: yes
configure:7939: checking values.h presence
configure:7949: gcc -E  conftest.c
configure:7955: $? = 0
configure:7975: result: yes
configure:8010: checking for values.h
configure:8017: result: yes
configure:7895: checking sys/param.h usability
configure:7907: gcc -c -g -O2  conftest.c >&5
configure:7913: $? = 0
configure:7916: test -z 			 || test ! -s conftest.err
configure:7919: $? = 0
configure:7922: test -s conftest.o
configure:7925: $? = 0
configure:7935: result: yes
configure:7939: checking sys/param.h presence
configure:7949: gcc -E  conftest.c
configure:7955: $? = 0
configure:7975: result: yes
configure:8010: checking for sys/param.h
configure:8017: result: yes
configure:8044: checking for getcwd
configure:8101: gcc -o conftest -g -O2   conftest.c  >&5
configure:8107: $? = 0
configure:8110: test -z 			 || test ! -s conftest.err
configure:8113: $? = 0
configure:8116: test -s conftest
configure:8119: $? = 0
configure:8131: result: yes
configure:8044: checking for munmap
configure:8101: gcc -o conftest -g -O2   conftest.c  >&5
configure:8107: $? = 0
configure:8110: test -z 			 || test ! -s conftest.err
configure:8113: $? = 0
configure:8116: test -s conftest
configure:8119: $? = 0
configure:8131: result: yes
configure:8044: checking for putenv
configure:8101: gcc -o conftest -g -O2   conftest.c  >&5
configure:8107: $? = 0
configure:8110: test -z 			 || test ! -s conftest.err
configure:8113: $? = 0
configure:8116: test -s conftest
configure:8119: $? = 0
configure:8131: result: yes
configure:8044: checking for setenv
configure:8101: gcc -o conftest -g -O2   conftest.c  >&5
configure:8107: $? = 0
configure:8110: test -z 			 || test ! -s conftest.err
configure:8113: $? = 0
configure:8116: test -s conftest
configure:8119: $? = 0
configure:8131: result: yes
configure:8044: checking for setlocale
configure:8101: gcc -o conftest -g -O2   conftest.c  >&5
configure:8107: $? = 0
configure:8110: test -z 			 || test ! -s conftest.err
configure:8113: $? = 0
configure:8116: test -s conftest
configure:8119: $? = 0
configure:8131: result: yes
configure:8044: checking for strchr
configure:8101: gcc -o conftest -g -O2   conftest.c  >&5
conftest.c:75: warning: conflicting types for built-in function 'strchr'
configure:8107: $? = 0
configure:8110: test -z 			 || test ! -s conftest.err
configure:8113: $? = 0
configure:8116: test -s conftest
configure:8119: $? = 0
configure:8131: result: yes
configure:8044: checking for strcasecmp
configure:8101: gcc -o conftest -g -O2   conftest.c  >&5
conftest.c:76: warning: conflicting types for built-in function 'strcasecmp'
configure:8107: $? = 0
configure:8110: test -z 			 || test ! -s conftest.err
configure:8113: $? = 0
configure:8116: test -s conftest
configure:8119: $? = 0
configure:8131: result: yes
configure:8044: checking for __argz_count
configure:8101: gcc -o conftest -g -O2   conftest.c  >&5
configure:8107: $? = 0
configure:8110: test -z 			 || test ! -s conftest.err
configure:8113: $? = 0
configure:8116: test -s conftest
configure:8119: $? = 0
configure:8131: result: yes
configure:8044: checking for __argz_stringify
configure:8101: gcc -o conftest -g -O2   conftest.c  >&5
configure:8107: $? = 0
configure:8110: test -z 			 || test ! -s conftest.err
configure:8113: $? = 0
configure:8116: test -s conftest
configure:8119: $? = 0
configure:8131: result: yes
configure:8044: checking for __argz_next
configure:8101: gcc -o conftest -g -O2   conftest.c  >&5
configure:8107: $? = 0
configure:8110: test -z 			 || test ! -s conftest.err
configure:8113: $? = 0
configure:8116: test -s conftest
configure:8119: $? = 0
configure:8131: result: yes
configure:8147: checking for stpcpy
configure:8204: gcc -o conftest -g -O2   conftest.c  >&5
conftest.c:80: warning: conflicting types for built-in function 'stpcpy'
configure:8210: $? = 0
configure:8213: test -z 			 || test ! -s conftest.err
configure:8216: $? = 0
configure:8219: test -s conftest
configure:8222: $? = 0
configure:8234: result: yes
configure:8254: checking for LC_MESSAGES
configure:8275: gcc -o conftest -g -O2   conftest.c  >&5
configure:8281: $? = 0
configure:8284: test -z 			 || test ! -s conftest.err
configure:8287: $? = 0
configure:8290: test -s conftest
configure:8293: $? = 0
configure:8305: result: yes
configure:8315: checking whether NLS is requested
configure:8324: result: no
configure:9334: checking whether to enable maintainer-specific portions of Makefiles
configure:9343: result: no
configure:9373: checking for string.h
configure:9378: result: yes
configure:9373: checking for stdlib.h
configure:9378: result: yes
configure:9373: checking for memory.h
configure:9378: result: yes
configure:9373: checking for strings.h
configure:9378: result: yes
configure:9373: checking for unistd.h
configure:9378: result: yes
configure:9382: checking stdarg.h usability
configure:9394: gcc -c -g -O2  conftest.c >&5
configure:9400: $? = 0
configure:9403: test -z 			 || test ! -s conftest.err
configure:9406: $? = 0
configure:9409: test -s conftest.o
configure:9412: $? = 0
configure:9422: result: yes
configure:9426: checking stdarg.h presence
configure:9436: gcc -E  conftest.c
configure:9442: $? = 0
configure:9462: result: yes
configure:9497: checking for stdarg.h
configure:9504: result: yes
configure:9382: checking varargs.h usability
configure:9394: gcc -c -g -O2  conftest.c >&5
In file included from conftest.c:99:
/usr/lib/gcc/i486-linux-gnu/4.1.3/include/varargs.h:4:2: error: #error "GCC no longer implements <varargs.h>."
/usr/lib/gcc/i486-linux-gnu/4.1.3/include/varargs.h:5:2: error: #error "Revise your code to use <stdarg.h>."
configure:9400: $? = 1
configure: failed program was:
| /* confdefs.h.  */
| 
| #define PACKAGE_NAME ""
| #define PACKAGE_TARNAME ""
| #define PACKAGE_VERSION ""
| #define PACKAGE_STRING ""
| #define PACKAGE_BUGREPORT ""
| #define PACKAGE "gas"
| #define VERSION "2.15"
| #define TARGET_BYTES_BIG_ENDIAN 0
| #define EMULATIONS 
| #define DEFAULT_EMULATION ""
| #define BFD_ASSEMBLER 1
| #define TARGET_ALIAS "arm-softfloat-linux-gnu"
| #define TARGET_CANONICAL "arm-softfloat-linux-gnu"
| #define TARGET_CPU "arm"
| #define TARGET_VENDOR "softfloat"
| #define TARGET_OS "linux-gnu"
| #define YYTEXT_POINTER 1
| #define STDC_HEADERS 1
| #define HAVE_SYS_TYPES_H 1
| #define HAVE_SYS_STAT_H 1
| #define HAVE_STDLIB_H 1
| #define HAVE_STRING_H 1
| #define HAVE_MEMORY_H 1
| #define HAVE_STRINGS_H 1
| #define HAVE_INTTYPES_H 1
| #define HAVE_STDINT_H 1
| #define HAVE_UNISTD_H 1
| #define HAVE_ALLOCA_H 1
| #define HAVE_ALLOCA 1
| #define HAVE_STDLIB_H 1
| #define HAVE_UNISTD_H 1
| #define HAVE_GETPAGESIZE 1
| #define HAVE_MMAP 1
| #define HAVE_ARGZ_H 1
| #define HAVE_LIMITS_H 1
| #define HAVE_LOCALE_H 1
| #define HAVE_NL_TYPES_H 1
| #define HAVE_MALLOC_H 1
| #define HAVE_STRING_H 1
| #define HAVE_UNISTD_H 1
| #define HAVE_VALUES_H 1
| #define HAVE_SYS_PARAM_H 1
| #define HAVE_GETCWD 1
| #define HAVE_MUNMAP 1
| #define HAVE_PUTENV 1
| #define HAVE_SETENV 1
| #define HAVE_SETLOCALE 1
| #define HAVE_STRCHR 1
| #define HAVE_STRCASECMP 1
| #define HAVE___ARGZ_COUNT 1
| #define HAVE___ARGZ_STRINGIFY 1
| #define HAVE___ARGZ_NEXT 1
| #define HAVE_STPCPY 1
| #define HAVE_STPCPY 1
| #define HAVE_LC_MESSAGES 1
| #define HAVE_STRING_H 1
| #define HAVE_STDLIB_H 1
| #define HAVE_MEMORY_H 1
| #define HAVE_STRINGS_H 1
| #define HAVE_UNISTD_H 1
| #define HAVE_STDARG_H 1
| /* end confdefs.h.  */
| #include <stdio.h>
| #if HAVE_SYS_TYPES_H
| # include <sys/types.h>
| #endif
| #if HAVE_SYS_STAT_H
| # include <sys/stat.h>
| #endif
| #if STDC_HEADERS
| # include <stdlib.h>
| # include <stddef.h>
| #else
| # if HAVE_STDLIB_H
| #  include <stdlib.h>
| # endif
| #endif
| #if HAVE_STRING_H
| # if !STDC_HEADERS && HAVE_MEMORY_H
| #  include <memory.h>
| # endif
| # include <string.h>
| #endif
| #if HAVE_STRINGS_H
| # include <strings.h>
| #endif
| #if HAVE_INTTYPES_H
| # include <inttypes.h>
| #else
| # if HAVE_STDINT_H
| #  include <stdint.h>
| # endif
| #endif
| #if HAVE_UNISTD_H
| # include <unistd.h>
| #endif
| #include <varargs.h>
configure:9422: result: no
configure:9426: checking varargs.h presence
configure:9436: gcc -E  conftest.c
In file included from conftest.c:65:
/usr/lib/gcc/i486-linux-gnu/4.1.3/include/varargs.h:4:2: error: #error "GCC no longer implements <varargs.h>."
/usr/lib/gcc/i486-linux-gnu/4.1.3/include/varargs.h:5:2: error: #error "Revise your code to use <stdarg.h>."
configure:9442: $? = 1
configure: failed program was:
| /* confdefs.h.  */
| 
| #define PACKAGE_NAME ""
| #define PACKAGE_TARNAME ""
| #define PACKAGE_VERSION ""
| #define PACKAGE_STRING ""
| #define PACKAGE_BUGREPORT ""
| #define PACKAGE "gas"
| #define VERSION "2.15"
| #define TARGET_BYTES_BIG_ENDIAN 0
| #define EMULATIONS 
| #define DEFAULT_EMULATION ""
| #define BFD_ASSEMBLER 1
| #define TARGET_ALIAS "arm-softfloat-linux-gnu"
| #define TARGET_CANONICAL "arm-softfloat-linux-gnu"
| #define TARGET_CPU "arm"
| #define TARGET_VENDOR "softfloat"
| #define TARGET_OS "linux-gnu"
| #define YYTEXT_POINTER 1
| #define STDC_HEADERS 1
| #define HAVE_SYS_TYPES_H 1
| #define HAVE_SYS_STAT_H 1
| #define HAVE_STDLIB_H 1
| #define HAVE_STRING_H 1
| #define HAVE_MEMORY_H 1
| #define HAVE_STRINGS_H 1
| #define HAVE_INTTYPES_H 1
| #define HAVE_STDINT_H 1
| #define HAVE_UNISTD_H 1
| #define HAVE_ALLOCA_H 1
| #define HAVE_ALLOCA 1
| #define HAVE_STDLIB_H 1
| #define HAVE_UNISTD_H 1
| #define HAVE_GETPAGESIZE 1
| #define HAVE_MMAP 1
| #define HAVE_ARGZ_H 1
| #define HAVE_LIMITS_H 1
| #define HAVE_LOCALE_H 1
| #define HAVE_NL_TYPES_H 1
| #define HAVE_MALLOC_H 1
| #define HAVE_STRING_H 1
| #define HAVE_UNISTD_H 1
| #define HAVE_VALUES_H 1
| #define HAVE_SYS_PARAM_H 1
| #define HAVE_GETCWD 1
| #define HAVE_MUNMAP 1
| #define HAVE_PUTENV 1
| #define HAVE_SETENV 1
| #define HAVE_SETLOCALE 1
| #define HAVE_STRCHR 1
| #define HAVE_STRCASECMP 1
| #define HAVE___ARGZ_COUNT 1
| #define HAVE___ARGZ_STRINGIFY 1
| #define HAVE___ARGZ_NEXT 1
| #define HAVE_STPCPY 1
| #define HAVE_STPCPY 1
| #define HAVE_LC_MESSAGES 1
| #define HAVE_STRING_H 1
| #define HAVE_STDLIB_H 1
| #define HAVE_MEMORY_H 1
| #define HAVE_STRINGS_H 1
| #define HAVE_UNISTD_H 1
| #define HAVE_STDARG_H 1
| /* end confdefs.h.  */
| #include <varargs.h>
configure:9462: result: no
configure:9497: checking for varargs.h
configure:9504: result: no
configure:9382: checking errno.h usability
configure:9394: gcc -c -g -O2  conftest.c >&5
configure:9400: $? = 0
configure:9403: test -z 			 || test ! -s conftest.err
configure:9406: $? = 0
configure:9409: test -s conftest.o
configure:9412: $? = 0
configure:9422: result: yes
configure:9426: checking errno.h presence
configure:9436: gcc -E  conftest.c
configure:9442: $? = 0
configure:9462: result: yes
configure:9497: checking for errno.h
configure:9504: result: yes
configure:9373: checking for sys/types.h
configure:9378: result: yes
configure:9520: checking whether compiling a cross-assembler
configure:9532: result: yes
configure:9537: checking for working alloca.h
configure:9588: result: yes
configure:9598: checking for alloca
configure:9669: result: yes
configure:9891: checking for inline
configure:9942: result: inline
configure:9968: checking for unlink
configure:10025: gcc -o conftest -g -O2   conftest.c  >&5
configure:10031: $? = 0
configure:10034: test -z 			 || test ! -s conftest.err
configure:10037: $? = 0
configure:10040: test -s conftest
configure:10043: $? = 0
configure:10055: result: yes
configure:10071: checking for sbrk
configure:10128: gcc -o conftest -g -O2   conftest.c  >&5
configure:10134: $? = 0
configure:10137: test -z 			 || test ! -s conftest.err
configure:10140: $? = 0
configure:10143: test -s conftest
configure:10146: $? = 0
configure:10158: result: yes
configure:10379: checking for working assert macro
configure:10409: gcc -o conftest -g -O2   conftest.c  >&5
configure:10415: $? = 0
configure:10418: test -z 			 || test ! -s conftest.err
configure:10421: $? = 0
configure:10424: test -s conftest
configure:10427: $? = 0
configure:10439: result: yes
configure:10470: checking whether declaration is required for strstr
configure:10495: gcc -o conftest -g -O2   conftest.c  >&5
configure:10501: $? = 0
configure:10504: test -z 			 || test ! -s conftest.err
configure:10507: $? = 0
configure:10510: test -s conftest
configure:10513: $? = 0
configure:10525: result: no
configure:10536: checking whether declaration is required for malloc
configure:10561: gcc -o conftest -g -O2   conftest.c  >&5
configure:10567: $? = 0
configure:10570: test -z 			 || test ! -s conftest.err
configure:10573: $? = 0
configure:10576: test -s conftest
configure:10579: $? = 0
configure:10591: result: no
configure:10602: checking whether declaration is required for free
configure:10627: gcc -o conftest -g -O2   conftest.c  >&5
configure:10633: $? = 0
configure:10636: test -z 			 || test ! -s conftest.err
configure:10639: $? = 0
configure:10642: test -s conftest
configure:10645: $? = 0
configure:10657: result: no
configure:10668: checking whether declaration is required for sbrk
configure:10693: gcc -o conftest -g -O2   conftest.c  >&5
configure:10699: $? = 0
configure:10702: test -z 			 || test ! -s conftest.err
configure:10705: $? = 0
configure:10708: test -s conftest
configure:10711: $? = 0
configure:10723: result: no
configure:10734: checking whether declaration is required for environ
configure:10759: gcc -o conftest -g -O2   conftest.c  >&5
conftest.c: In function 'main':
conftest.c:96: error: 'environ' undeclared (first use in this function)
conftest.c:96: error: (Each undeclared identifier is reported only once
conftest.c:96: error: for each function it appears in.)
configure:10765: $? = 1
configure: failed program was:
| /* confdefs.h.  */
| 
| #define PACKAGE_NAME ""
| #define PACKAGE_TARNAME ""
| #define PACKAGE_VERSION ""
| #define PACKAGE_STRING ""
| #define PACKAGE_BUGREPORT ""
| #define PACKAGE "gas"
| #define VERSION "2.15"
| #define TARGET_BYTES_BIG_ENDIAN 0
| #define EMULATIONS 
| #define DEFAULT_EMULATION ""
| #define BFD_ASSEMBLER 1
| #define TARGET_ALIAS "arm-softfloat-linux-gnu"
| #define TARGET_CANONICAL "arm-softfloat-linux-gnu"
| #define TARGET_CPU "arm"
| #define TARGET_VENDOR "softfloat"
| #define TARGET_OS "linux-gnu"
| #define YYTEXT_POINTER 1
| #define STDC_HEADERS 1
| #define HAVE_SYS_TYPES_H 1
| #define HAVE_SYS_STAT_H 1
| #define HAVE_STDLIB_H 1
| #define HAVE_STRING_H 1
| #define HAVE_MEMORY_H 1
| #define HAVE_STRINGS_H 1
| #define HAVE_INTTYPES_H 1
| #define HAVE_STDINT_H 1
| #define HAVE_UNISTD_H 1
| #define HAVE_ALLOCA_H 1
| #define HAVE_ALLOCA 1
| #define HAVE_STDLIB_H 1
| #define HAVE_UNISTD_H 1
| #define HAVE_GETPAGESIZE 1
| #define HAVE_MMAP 1
| #define HAVE_ARGZ_H 1
| #define HAVE_LIMITS_H 1
| #define HAVE_LOCALE_H 1
| #define HAVE_NL_TYPES_H 1
| #define HAVE_MALLOC_H 1
| #define HAVE_STRING_H 1
| #define HAVE_UNISTD_H 1
| #define HAVE_VALUES_H 1
| #define HAVE_SYS_PARAM_H 1
| #define HAVE_GETCWD 1
| #define HAVE_MUNMAP 1
| #define HAVE_PUTENV 1
| #define HAVE_SETENV 1
| #define HAVE_SETLOCALE 1
| #define HAVE_STRCHR 1
| #define HAVE_STRCASECMP 1
| #define HAVE___ARGZ_COUNT 1
| #define HAVE___ARGZ_STRINGIFY 1
| #define HAVE___ARGZ_NEXT 1
| #define HAVE_STPCPY 1
| #define HAVE_STPCPY 1
| #define HAVE_LC_MESSAGES 1
| #define HAVE_STRING_H 1
| #define HAVE_STDLIB_H 1
| #define HAVE_MEMORY_H 1
| #define HAVE_STRINGS_H 1
| #define HAVE_UNISTD_H 1
| #define HAVE_STDARG_H 1
| #define HAVE_ERRNO_H 1
| #define HAVE_SYS_TYPES_H 1
| #define CROSS_COMPILE 1
| #define HAVE_ALLOCA_H 1
| #define HAVE_ALLOCA 1
| #define HAVE_UNLINK 1
| #define HAVE_SBRK 1
| /* end confdefs.h.  */
| 
| #ifdef HAVE_MEMORY_H
| #include <memory.h>
| #endif
| #ifdef HAVE_STRING_H
| #include <string.h>
| #else
| #ifdef HAVE_STRINGS_H
| #include <strings.h>
| #endif
| #endif
| #ifdef HAVE_STDLIB_H
| #include <stdlib.h>
| #endif
| #ifdef HAVE_UNISTD_H
| #include <unistd.h>
| #endif
| 
| int
| main ()
| {
| 
| typedef char **f;
| f x;
| x = (f) environ;
| 
|   ;
|   return 0;
| }
configure:10789: result: yes
configure:10803: checking whether declaration is required for errno
configure:10832: gcc -o conftest -g -O2   conftest.c  >&5
configure:10838: $? = 0
configure:10841: test -z 			 || test ! -s conftest.err
configure:10844: $? = 0
configure:10847: test -s conftest
configure:10850: $? = 0
configure:10862: result: no
configure:10996: creating ./config.status

## ---------------------- ##
## Running config.status. ##
## ---------------------- ##

This file was extended by config.status, which was
generated by GNU Autoconf 2.59.  Invocation command line was

  CONFIG_FILES    = 
  CONFIG_HEADERS  = 
  CONFIG_LINKS    = 
  CONFIG_COMMANDS = 
  $ ./config.status 

on ubuntu

config.status:793: creating .gdbinit
config.status:793: creating Makefile
config.status:793: creating doc/Makefile
config.status:793: creating po/Makefile.in
config.status:852: creating config.h
config.status:1258: executing depfiles commands
config.status:1258: executing default commands

## ---------------- ##
## Cache variables. ##
## ---------------- ##

ac_cv_archive_cmds_needs_lc=no
ac_cv_build=i686-host_pc-linux-gnu
ac_cv_build_alias=i686-host_pc-linux-gnu
ac_cv_c_compiler_gnu=yes
ac_cv_c_const=yes
ac_cv_c_inline=inline
ac_cv_env_CC_set=set
ac_cv_env_CC_value=gcc
ac_cv_env_CFLAGS_set=set
ac_cv_env_CFLAGS_value='-g -O2'
ac_cv_env_CPPFLAGS_set=
ac_cv_env_CPPFLAGS_value=
ac_cv_env_CPP_set=
ac_cv_env_CPP_value=
ac_cv_env_LDFLAGS_set=set
ac_cv_env_LDFLAGS_value=
ac_cv_env_build_alias_set=set
ac_cv_env_build_alias_value=i686-host_pc-linux-gnu
ac_cv_env_host_alias_set=set
ac_cv_env_host_alias_value=i686-host_pc-linux-gnu
ac_cv_env_target_alias_set=set
ac_cv_env_target_alias_value=arm-softfloat-linux-gnu
ac_cv_exeext=
ac_cv_func___argz_count=yes
ac_cv_func___argz_next=yes
ac_cv_func___argz_stringify=yes
ac_cv_func_alloca_works=yes
ac_cv_func_getcwd=yes
ac_cv_func_getpagesize=yes
ac_cv_func_mmap_fixed_mapped=yes
ac_cv_func_munmap=yes
ac_cv_func_putenv=yes
ac_cv_func_sbrk=yes
ac_cv_func_setenv=yes
ac_cv_func_setlocale=yes
ac_cv_func_stpcpy=yes
ac_cv_func_strcasecmp=yes
ac_cv_func_strchr=yes
ac_cv_func_unlink=yes
ac_cv_header_argz_h=yes
ac_cv_header_errno_h=yes
ac_cv_header_inttypes_h=yes
ac_cv_header_limits_h=yes
ac_cv_header_locale_h=yes
ac_cv_header_malloc_h=yes
ac_cv_header_memory_h=yes
ac_cv_header_nl_types_h=yes
ac_cv_header_stdarg_h=yes
ac_cv_header_stdc=yes
ac_cv_header_stdint_h=yes
ac_cv_header_stdlib_h=yes
ac_cv_header_string_h=yes
ac_cv_header_strings_h=yes
ac_cv_header_sys_param_h=yes
ac_cv_header_sys_stat_h=yes
ac_cv_header_sys_types_h=yes
ac_cv_header_unistd_h=yes
ac_cv_header_values_h=yes
ac_cv_header_varargs_h=no
ac_cv_host=i686-host_pc-linux-gnu
ac_cv_host_alias=i686-host_pc-linux-gnu
ac_cv_lib_fl_yywrap=yes
ac_cv_objext=o
ac_cv_path_install='/usr/bin/install -c'
ac_cv_prog_AWK=gawk
ac_cv_prog_CC=gcc
ac_cv_prog_CPP='gcc -E'
ac_cv_prog_LEX=flex
ac_cv_prog_RANLIB=ranlib
ac_cv_prog_YACC='bison -y'
ac_cv_prog_ac_ct_STRIP=strip
ac_cv_prog_cc_can_build_shared=yes
ac_cv_prog_cc_g=yes
ac_cv_prog_cc_no_builtin=
ac_cv_prog_cc_pic=' -fPIC -DPIC'
ac_cv_prog_cc_pic_works=yes
ac_cv_prog_cc_shlib=
ac_cv_prog_cc_static=
ac_cv_prog_cc_static_works=no
ac_cv_prog_cc_stdc=
ac_cv_prog_cc_wl=-Wl,
ac_cv_prog_egrep='grep -E'
ac_cv_prog_lex_root=lex.yy
ac_cv_prog_lex_yytext_pointer=yes
ac_cv_prog_make_make_set=yes
ac_cv_search_strerror='none required'
ac_cv_target=arm-softfloat-linux-gnu
ac_cv_target_alias=arm-softfloat-linux-gnu
ac_cv_type_off_t=yes
ac_cv_type_size_t=yes
ac_cv_working_alloca_h=yes
am_cv_CC_dependencies_compiler_type=none
am_cv_val_LC_MESSAGES=yes
gas_cv_assert_ok=yes
gas_cv_decl_needed_environ=yes
gas_cv_decl_needed_errno=no
gas_cv_decl_needed_free=no
gas_cv_decl_needed_malloc=no
gas_cv_decl_needed_sbrk=no
gas_cv_decl_needed_strstr=no
lt_cv_compiler_c_o=yes
lt_cv_deplibs_check_method=pass_all
lt_cv_file_magic_cmd='$MAGIC_CMD'
lt_cv_file_magic_test_file='/lib/libc.so.6 /lib/libc-2.11.1.so'
lt_cv_ld_reload_flag=-r
lt_cv_path_LD=ld
lt_cv_path_NM=nm
lt_cv_prog_gnu_ld=yes
lt_cv_sys_max_cmd_len=49153
nls_cv_header_intl=libintl.h
nls_cv_header_libgt=libgettext.h

## ----------------- ##
## Output variables. ##
## ----------------- ##

ACLOCAL='${SHELL} /home/taoanran/git/linux/crosstool-0.43/build/arm-softfloat-linux-gnu/gcc-3.4.5-glibc-2.3.6/binutils-2.15/missing --run aclocal-1.8'
ALLOCA=''
ALL_OBJ_DEPS=' ../bfd/bfd.h $(INCDIR)/symcat.h'
AMDEPBACKSLASH='\'
AMDEP_FALSE='#'
AMDEP_TRUE=''
AMTAR='${SHELL} /home/taoanran/git/linux/crosstool-0.43/build/arm-softfloat-linux-gnu/gcc-3.4.5-glibc-2.3.6/binutils-2.15/missing --run tar'
AUTOCONF='${SHELL} /home/taoanran/git/linux/crosstool-0.43/build/arm-softfloat-linux-gnu/gcc-3.4.5-glibc-2.3.6/binutils-2.15/missing --run autoconf'
AUTOHEADER='${SHELL} /home/taoanran/git/linux/crosstool-0.43/build/arm-softfloat-linux-gnu/gcc-3.4.5-glibc-2.3.6/binutils-2.15/missing --run autoheader'
AUTOMAKE='${SHELL} /home/taoanran/git/linux/crosstool-0.43/build/arm-softfloat-linux-gnu/gcc-3.4.5-glibc-2.3.6/binutils-2.15/missing --run automake-1.8'
AWK='gawk'
BFDLIB='../bfd/libbfd.la'
BFDVER_H='../bfd/bfdver.h'
CATALOGS=''
CATOBJEXT=''
CC='gcc'
CCDEPMODE='depmode=none'
CFLAGS='-g -O2'
CPP='gcc -E'
CPPFLAGS=''
CYGPATH_W='echo'
DATADIRNAME='share'
DEFS='-DHAVE_CONFIG_H'
DEPDIR='.deps'
ECHO_C=''
ECHO_N='-n'
ECHO_T=''
EGREP='grep -E'
EXEEXT=''
GDBINIT='.gdbinit'
GMOFILES=' fr.gmo tr.gmo es.gmo'
GMSGFMT=''
GT_NO=''
GT_YES='#YES#'
INCLUDE_LOCALE_H='#include <locale.h>'
INSTALL_DATA='${INSTALL} -m 644'
INSTALL_PROGRAM='${INSTALL}'
INSTALL_SCRIPT='${INSTALL}'
INSTALL_STRIP_PROGRAM='${SHELL} $(install_sh) -c -s'
INSTOBJEXT=''
INTLDEPS=''
INTLLIBS=''
INTLOBJS=''
LDFLAGS=''
LEX='flex'
LEXLIB='-lfl'
LEX_OUTPUT_ROOT='lex.yy'
LIBM=''
LIBOBJS=''
LIBS=''
LIBTOOL='$(SHELL) $(top_builddir)/libtool'
LN_S='ln -s'
LTLIBOBJS=''
MAINT='#'
MAINTAINER_MODE_FALSE=''
MAINTAINER_MODE_TRUE='#'
MAKEINFO='${SHELL} /home/taoanran/git/linux/crosstool-0.43/build/arm-softfloat-linux-gnu/gcc-3.4.5-glibc-2.3.6/binutils-2.15/missing --run makeinfo'
MKINSTALLDIRS='$(srcdir)/../../mkinstalldirs'
MSGFMT=''
OBJEXT='o'
OPCODES_LIB='../opcodes/libopcodes.la'
PACKAGE='gas'
PACKAGE_BUGREPORT=''
PACKAGE_NAME=''
PACKAGE_STRING=''
PACKAGE_TARNAME=''
PACKAGE_VERSION=''
PATH_SEPARATOR=':'
POFILES=' fr.po tr.po es.po'
POSUB=''
RANLIB='ranlib'
SET_MAKE=''
SHELL='/bin/sh'
STRIP='strip'
USE_INCLUDED_LIBINTL='no'
USE_NLS='no'
VERSION='2.15'
WARN_CFLAGS='-W -Wall -Wstrict-prototypes -Wmissing-prototypes'
XGETTEXT=''
YACC='bison -y'
ac_ct_CC=''
ac_ct_RANLIB=''
ac_ct_STRIP='strip'
am__fastdepCC_FALSE=''
am__fastdepCC_TRUE='#'
am__include='include'
am__leading_dot='.'
am__quote=''
atof='ieee'
bindir='${exec_prefix}/bin'
build='i686-host_pc-linux-gnu'
build_alias='i686-host_pc-linux-gnu'
build_cpu='i686'
build_os='linux-gnu'
build_vendor='host_pc'
cgen_cpu_prefix=''
datadir='${prefix}/share'
exec_prefix='${prefix}'
extra_objects=''
host='i686-host_pc-linux-gnu'
host_alias='i686-host_pc-linux-gnu'
host_cpu='i686'
host_os='linux-gnu'
host_vendor='host_pc'
includedir='${prefix}/include'
infodir='${prefix}/info'
install_sh='/home/taoanran/git/linux/crosstool-0.43/build/arm-softfloat-linux-gnu/gcc-3.4.5-glibc-2.3.6/binutils-2.15/install-sh'
install_tooldir='install-exec-tooldir'
l=''
libdir='${exec_prefix}/lib'
libexecdir='${exec_prefix}/libexec'
localstatedir='${prefix}/var'
mandir='${prefix}/man'
mkdir_p='mkdir -p -- .'
obj_format='elf'
oldincludedir='/usr/include'
prefix='/home/taoanran/git/linux/crosstool/gcc-3.4.5-glibc-2.3.6/arm-softfloat-linux-gnu'
program_transform_name='s,^,arm-softfloat-linux-gnu-,;'
sbindir='${exec_prefix}/sbin'
sharedstatedir='${prefix}/com'
sysconfdir='${prefix}/etc'
target='arm-softfloat-linux-gnu'
target_alias='arm-softfloat-linux-gnu'
target_cpu='arm'
target_cpu_type='arm'
target_os='linux-gnu'
target_vendor='softfloat'
te_file='linux'

## ----------- ##
## confdefs.h. ##
## ----------- ##

#define BFD_ASSEMBLER 1
#define CROSS_COMPILE 1
#define DEFAULT_EMULATION ""
#define EMULATIONS 
#define HAVE_ALLOCA 1
#define HAVE_ALLOCA 1
#define HAVE_ALLOCA_H 1
#define HAVE_ALLOCA_H 1
#define HAVE_ARGZ_H 1
#define HAVE_ERRNO_H 1
#define HAVE_GETCWD 1
#define HAVE_GETPAGESIZE 1
#define HAVE_INTTYPES_H 1
#define HAVE_LC_MESSAGES 1
#define HAVE_LIMITS_H 1
#define HAVE_LOCALE_H 1
#define HAVE_MALLOC_H 1
#define HAVE_MEMORY_H 1
#define HAVE_MEMORY_H 1
#define HAVE_MMAP 1
#define HAVE_MUNMAP 1
#define HAVE_NL_TYPES_H 1
#define HAVE_PUTENV 1
#define HAVE_SBRK 1
#define HAVE_SETENV 1
#define HAVE_SETLOCALE 1
#define HAVE_STDARG_H 1
#define HAVE_STDINT_H 1
#define HAVE_STDLIB_H 1
#define HAVE_STDLIB_H 1
#define HAVE_STDLIB_H 1
#define HAVE_STPCPY 1
#define HAVE_STPCPY 1
#define HAVE_STRCASECMP 1
#define HAVE_STRCHR 1
#define HAVE_STRINGS_H 1
#define HAVE_STRINGS_H 1
#define HAVE_STRING_H 1
#define HAVE_STRING_H 1
#define HAVE_STRING_H 1
#define HAVE_SYS_PARAM_H 1
#define HAVE_SYS_STAT_H 1
#define HAVE_SYS_TYPES_H 1
#define HAVE_SYS_TYPES_H 1
#define HAVE_UNISTD_H 1
#define HAVE_UNISTD_H 1
#define HAVE_UNISTD_H 1
#define HAVE_UNISTD_H 1
#define HAVE_UNLINK 1
#define HAVE_VALUES_H 1
#define HAVE___ARGZ_COUNT 1
#define HAVE___ARGZ_NEXT 1
#define HAVE___ARGZ_STRINGIFY 1
#define NEED_DECLARATION_ENVIRON 1
#define PACKAGE "gas"
#define PACKAGE_BUGREPORT ""
#define PACKAGE_NAME ""
#define PACKAGE_STRING ""
#define PACKAGE_TARNAME ""
#define PACKAGE_VERSION ""
#define STDC_HEADERS 1
#define TARGET_ALIAS "arm-softfloat-linux-gnu"
#define TARGET_BYTES_BIG_ENDIAN 0
#define TARGET_CANONICAL "arm-softfloat-linux-gnu"
#define TARGET_CPU "arm"
#define TARGET_OS "linux-gnu"
#define TARGET_VENDOR "softfloat"
#define VERSION "2.15"
#define YYTEXT_POINTER 1

configure: exit 0
