This file contains any messages produced by compilers while
running configure, to aid debugging if configure makes a mistake.

It was created by configure, which was
generated by GNU Autoconf 2.59.  Invocation command line was

  $ /home/taoanran/git/linux/binutils-2.18/gprof/configure --cache-file=./config.cache --with-gnu-as --with-gnu-ld --prefix=/tmp/binutils --disable-nls --program-transform-name=s,y,y, --build=i686-pc-linux-gnu --host=i686-pc-linux-gnu --target=i686-pc-linux-gnu --srcdir=.././gprof CC=gcc CFLAGS=-g -O2 LDFLAGS= build_alias=i686-pc-linux-gnu host_alias=i686-pc-linux-gnu target_alias=i686-pc-linux-gnu --no-create --no-recursion

## --------- ##
## Platform. ##
## --------- ##

hostname = ubuntu
uname -m = i686
uname -r = 2.6.32-38-generic
uname -s = Linux
uname -v = #83-Ubuntu SMP Wed Jan 4 11:13:04 UTC 2012

/usr/bin/uname -p = unknown
/bin/uname -X     = unknown

/bin/arch              = unknown
/usr/bin/arch -k       = unknown
/usr/convex/getsysinfo = unknown
hostinfo               = unknown
/bin/machine           = unknown
/usr/bin/oslevel       = unknown
/bin/universe          = unknown

PATH: /usr/local/sbin
PATH: /usr/local/bin
PATH: /usr/sbin
PATH: /usr/bin
PATH: /sbin
PATH: /bin
PATH: /usr/games


## ----------- ##
## Core tests. ##
## ----------- ##

configure:1383: loading cache ./config.cache
configure:1504: checking build system type
configure:1522: result: i686-pc-linux-gnu
configure:1530: checking host system type
configure:1544: result: i686-pc-linux-gnu
configure:1552: checking target system type
configure:1566: result: i686-pc-linux-gnu
configure:1588: checking for i686-pc-linux-gnu-gcc
configure:1614: result: gcc
configure:1896: checking for C compiler version
configure:1899: gcc --version </dev/null >&5
gcc (GCC) 4.1.3 20080704 (prerelease) (Ubuntu 4.1.2-27ubuntu1)
Copyright (C) 2006 Free Software Foundation, Inc.
This is free software; see the source for copying conditions.  There is NO
warranty; not even for MERCHANTABILITY or FITNESS FOR A PARTICULAR PURPOSE.

configure:1902: $? = 0
configure:1904: gcc -v </dev/null >&5
Using built-in specs.
Target: i486-linux-gnu
Configured with: ../src/configure -v --enable-languages=c,c++ --prefix=/usr --enable-shared --with-system-zlib --libexecdir=/usr/lib --without-included-gettext --enable-threads=posix --enable-nls --with-gxx-include-dir=/usr/include/c++/4.1.3 --program-suffix=-4.1 --enable-__cxa_atexit --enable-clocale=gnu --enable-libstdcxx-debug --with-tune=generic --enable-checking=release i486-linux-gnu
Thread model: posix
gcc version 4.1.3 20080704 (prerelease) (Ubuntu 4.1.2-27ubuntu1)
configure:1907: $? = 0
configure:1909: gcc -V </dev/null >&5
gcc: '-V' option must have argument
configure:1912: $? = 1
configure:1935: checking for C compiler default output file name
configure:1938: gcc -g -O2   conftest.c  >&5
configure:1941: $? = 0
configure:1987: result: a.out
configure:1992: checking whether the C compiler works
configure:1998: ./a.out
configure:2001: $? = 0
configure:2018: result: yes
configure:2025: checking whether we are cross compiling
configure:2027: result: no
configure:2030: checking for suffix of executables
configure:2032: gcc -o conftest -g -O2   conftest.c  >&5
configure:2035: $? = 0
configure:2060: result: 
configure:2066: checking for suffix of object files
configure:2112: result: o
configure:2116: checking whether we are using the GNU C compiler
configure:2172: result: yes
configure:2178: checking whether gcc accepts -g
configure:2229: result: yes
configure:2246: checking for gcc option to accept ANSI C
configure:2353: result: none needed
configure:2371: gcc -c -g -O2  conftest.c >&5
conftest.c:2: error: expected '=', ',', ';', 'asm' or '__attribute__' before 'me'
configure:2377: $? = 1
configure: failed program was:
| #ifndef __cplusplus
|   choke me
| #endif
configure:2511: checking for library containing strerror
configure:2630: result: none required
configure:2653: checking for a BSD-compatible install
configure:2708: result: /usr/bin/install -c
configure:2719: checking whether build environment is sane
configure:2762: result: yes
configure:2827: checking for gawk
configure:2853: result: gawk
configure:2863: checking whether make sets $(MAKE)
configure:2883: result: yes
configure:2913: checking for style of include used by make
configure:2941: result: GNU
configure:3117: checking dependency style of gcc
configure:3207: result: none
configure:3362: checking for a sed that does not truncate output
configure:3418: result: /bin/sed
configure:3434: checking for egrep
configure:3444: result: grep -E
configure:3449: checking for fgrep
configure:3459: result: grep -F
configure:3494: checking for ld used by gcc
configure:3561: result: ld
configure:3570: checking if the linker (ld) is GNU ld
configure:3585: result: yes
configure:3598: checking for BSD- or MS-compatible name lister (nm)
configure:3647: result: nm
configure:3752: checking the name lister (nm) interface
configure:3772: result: BSD nm
configure:3775: checking whether ln -s works
configure:3779: result: yes
configure:3787: checking the maximum length of command line arguments
configure:3907: result: 805306365
configure:3925: checking whether the shell understands some XSI constructs
configure:3933: result: yes
configure:3937: checking whether the shell understands "+="
configure:3943: result: yes
configure:3978: checking for ld option to reload object files
configure:3985: result: -r
configure:4012: checking how to recognize dependent libraries
configure:4202: result: pass_all
configure:4222: checking for i686-pc-linux-gnu-ar
configure:4248: result: ar
configure:4315: checking for i686-pc-linux-gnu-strip
configure:4341: result: strip
configure:4402: checking for i686-pc-linux-gnu-ranlib
configure:4428: result: ranlib
configure:4547: checking command to parse nm output from gcc object
configure:4769: result: ok
configure:5011: checking how to run the C preprocessor
configure:5129: result: gcc -E
configure:5153: gcc -E  conftest.c
configure:5159: $? = 0
configure:5191: gcc -E  conftest.c
conftest.c:11:28: error: ac_nonexistent.h: No such file or directory
configure:5197: $? = 1
configure: failed program was:
| /* confdefs.h.  */
| 
| #define PACKAGE_NAME ""
| #define PACKAGE_TARNAME ""
| #define PACKAGE_VERSION ""
| #define PACKAGE_STRING ""
| #define PACKAGE_BUGREPORT ""
| #define PACKAGE "gprof"
| #define VERSION "2.18"
| /* end confdefs.h.  */
| #include <ac_nonexistent.h>
configure:5241: checking for ANSI C header files
configure:5397: result: yes
configure:5421: checking for sys/types.h
configure:5467: result: yes
configure:5421: checking for sys/stat.h
configure:5467: result: yes
configure:5421: checking for stdlib.h
configure:5467: result: yes
configure:5421: checking for string.h
configure:5467: result: yes
configure:5421: checking for memory.h
configure:5467: result: yes
configure:5421: checking for strings.h
configure:5467: result: yes
configure:5421: checking for inttypes.h
configure:5467: result: yes
configure:5421: checking for stdint.h
configure:5467: result: yes
configure:5421: checking for unistd.h
configure:5467: result: yes
configure:5483: checking for dlfcn.h
configure:5529: result: yes
configure:5591: checking for objdir
configure:5606: result: .libs
configure:5902: checking if gcc supports -fno-rtti -fno-exceptions
configure:5937: result: no
configure:5957: checking for gcc option to produce PIC
configure:6212: result: -fPIC -DPIC
configure:6224: checking if gcc PIC flag -fPIC -DPIC works
configure:6242: gcc -c -g -O2  -fPIC -DPIC -DPIC conftest.c >&5
configure:6246: $? = 0
configure:6259: result: yes
configure:6283: checking if gcc static flag -static works
configure:6311: result: no
configure:6326: checking if gcc supports -c -o file.o
configure:6373: result: yes
configure:6381: checking if gcc supports -c -o file.o
configure:6428: result: yes
configure:6461: checking whether the gcc linker (ld) supports shared libraries
configure:7541: result: yes
configure:7578: checking whether -lc should be explicitly linked in
configure:7583: gcc -c -g -O2  conftest.c >&5
configure:7586: $? = 0
configure:7601: gcc -shared conftest.o  -v -Wl,-soname -Wl,conftest -o conftest 2\>\&1 \| grep  -lc  \>/dev/null 2\>\&1
configure:7604: $? = 0
configure:7616: result: no
configure:7780: checking dynamic linker characteristics
configure:8213: gcc -o conftest -g -O2   -Wl,-rpath -Wl,/foo conftest.c  >&5
configure:8219: $? = 0
configure:8223: test -z 
			 || test ! -s conftest.err
configure:8226: $? = 0
configure:8229: test -s conftest
configure:8232: $? = 0
configure:8456: result: GNU/Linux ld.so
configure:8551: checking how to hardcode library paths into programs
configure:8576: result: immediate
configure:9422: checking whether stripping libraries is possible
configure:9427: result: yes
configure:9462: checking if libtool supports shared libraries
configure:9464: result: yes
configure:9467: checking whether to build shared libraries
configure:9488: result: yes
configure:9491: checking whether to build static libraries
configure:9495: result: yes
configure:9542: checking for i686-pc-linux-gnu-gcc
configure:9568: result: gcc
configure:9850: checking for C compiler version
configure:9853: gcc --version </dev/null >&5
gcc (GCC) 4.1.3 20080704 (prerelease) (Ubuntu 4.1.2-27ubuntu1)
Copyright (C) 2006 Free Software Foundation, Inc.
This is free software; see the source for copying conditions.  There is NO
warranty; not even for MERCHANTABILITY or FITNESS FOR A PARTICULAR PURPOSE.

configure:9856: $? = 0
configure:9858: gcc -v </dev/null >&5
Using built-in specs.
Target: i486-linux-gnu
Configured with: ../src/configure -v --enable-languages=c,c++ --prefix=/usr --enable-shared --with-system-zlib --libexecdir=/usr/lib --without-included-gettext --enable-threads=posix --enable-nls --with-gxx-include-dir=/usr/include/c++/4.1.3 --program-suffix=-4.1 --enable-__cxa_atexit --enable-clocale=gnu --enable-libstdcxx-debug --with-tune=generic --enable-checking=release i486-linux-gnu
Thread model: posix
gcc version 4.1.3 20080704 (prerelease) (Ubuntu 4.1.2-27ubuntu1)
configure:9861: $? = 0
configure:9863: gcc -V </dev/null >&5
gcc: '-V' option must have argument
configure:9866: $? = 1
configure:9869: checking whether we are using the GNU C compiler
configure:9925: result: yes
configure:9931: checking whether gcc accepts -g
configure:9982: result: yes
configure:9999: checking for gcc option to accept ANSI C
configure:10106: result: none needed
configure:10124: gcc -c -g -O2  conftest.c >&5
conftest.c:2: error: expected '=', ',', ';', 'asm' or '__attribute__' before 'me'
configure:10130: $? = 1
configure: failed program was:
| #ifndef __cplusplus
|   choke me
| #endif
configure:10276: checking for a BSD-compatible install
configure:10331: result: /usr/bin/install -c
configure:10347: checking for setmode
configure:10435: result: no
configure:10460: checking whether NLS is requested
configure:10463: result: no
configure:10533: checking whether NLS is requested
configure:10542: result: no
configure:10580: checking for msgfmt
configure:10614: result: no
configure:10620: checking for gmsgfmt
configure:10651: result: :
configure:10690: checking for xgettext
configure:10724: result: no
configure:10761: checking for msgmerge
configure:10794: result: no
configure:10827: checking whether to enable maintainer-specific portions of Makefiles
configure:10836: result: no
configure:10868: checking for sys/gmon_out.h
configure:10873: result: yes
configure:11014: checking for a known getopt prototype in unistd.h
configure:11066: result: yes
configure:11259: creating ./config.status

## ---------------- ##
## Cache variables. ##
## ---------------- ##

ac_cv_build=i686-pc-linux-gnu
ac_cv_build_alias=i686-pc-linux-gnu
ac_cv_c_compiler_gnu=yes
ac_cv_env_CC_set=set
ac_cv_env_CC_value=gcc
ac_cv_env_CFLAGS_set=set
ac_cv_env_CFLAGS_value='-g -O2'
ac_cv_env_CPPFLAGS_set=
ac_cv_env_CPPFLAGS_value=
ac_cv_env_CPP_set=
ac_cv_env_CPP_value=
ac_cv_env_LDFLAGS_set=set
ac_cv_env_LDFLAGS_value=
ac_cv_env_build_alias_set=set
ac_cv_env_build_alias_value=i686-pc-linux-gnu
ac_cv_env_host_alias_set=set
ac_cv_env_host_alias_value=i686-pc-linux-gnu
ac_cv_env_target_alias_set=set
ac_cv_env_target_alias_value=i686-pc-linux-gnu
ac_cv_exeext=
ac_cv_func_setmode=no
ac_cv_header_dlfcn_h=yes
ac_cv_header_inttypes_h=yes
ac_cv_header_memory_h=yes
ac_cv_header_stdc=yes
ac_cv_header_stdint_h=yes
ac_cv_header_stdlib_h=yes
ac_cv_header_string_h=yes
ac_cv_header_strings_h=yes
ac_cv_header_sys_gmon_out_h=yes
ac_cv_header_sys_stat_h=yes
ac_cv_header_sys_types_h=yes
ac_cv_header_unistd_h=yes
ac_cv_host=i686-pc-linux-gnu
ac_cv_host_alias=i686-pc-linux-gnu
ac_cv_objext=o
ac_cv_path_GMSGFMT=:
ac_cv_path_MSGFMT=:
ac_cv_path_MSGMERGE=:
ac_cv_path_XGETTEXT=:
ac_cv_prog_AR=ar
ac_cv_prog_AWK=gawk
ac_cv_prog_CC=gcc
ac_cv_prog_CPP='gcc -E'
ac_cv_prog_RANLIB=ranlib
ac_cv_prog_STRIP=strip
ac_cv_prog_ac_ct_STRIP=strip
ac_cv_prog_cc_g=yes
ac_cv_prog_cc_stdc=
ac_cv_prog_egrep='grep -E'
ac_cv_prog_fgrep='grep -F'
ac_cv_prog_make_make_set=yes
ac_cv_search_strerror='none required'
ac_cv_target=i686-pc-linux-gnu
ac_cv_target_alias=i686-pc-linux-gnu
am_cv_CC_dependencies_compiler_type=none
gprof_cv_decl_getopt_unistd_h=yes
lt_cv_deplibs_check_method=pass_all
lt_cv_file_magic_cmd='$MAGIC_CMD'
lt_cv_file_magic_test_file=
lt_cv_ld_reload_flag=-r
lt_cv_nm_interface='BSD nm'
lt_cv_objdir=.libs
lt_cv_path_LD=ld
lt_cv_path_NM=nm
lt_cv_path_SED=/bin/sed
lt_cv_prog_compiler_c_o=yes
lt_cv_prog_compiler_rtti_exceptions=no
lt_cv_prog_gnu_ld=yes
lt_cv_sys_global_symbol_pipe='sed -n -e '\''s/^.*[	 ]\([ABCDGIRSTW][ABCDGIRSTW]*\)[	 ][	 ]*\([_A-Za-z][_A-Za-z0-9]*\)$/\1 \2 \2/p'\'''
lt_cv_sys_global_symbol_to_c_name_address='sed -n -e '\''s/^: \([^ ]*\) $/  {\"\1\", (void *) 0},/p'\'' -e '\''s/^[ABCDGIRSTW]* \([^ ]*\) \([^ ]*\)$/  {"\2", (void *) \&\2},/p'\'''
lt_cv_sys_global_symbol_to_cdecl='sed -n -e '\''s/^T .* \(.*\)$/extern int \1();/p'\'' -e '\''s/^[ABCDGIRSTW]* .* \(.*\)$/extern char \1;/p'\'''
lt_cv_sys_max_cmd_len=805306365

## ----------------- ##
## Output variables. ##
## ----------------- ##

ACLOCAL='${SHELL} /home/taoanran/git/Linux/tool/toolchain/binutils-2.18/missing --run aclocal-1.9'
AMDEPBACKSLASH='\'
AMDEP_FALSE='#'
AMDEP_TRUE=''
AMTAR='${SHELL} /home/taoanran/git/Linux/tool/toolchain/binutils-2.18/missing --run tar'
AR='ar'
AUTOCONF='${SHELL} /home/taoanran/git/Linux/tool/toolchain/binutils-2.18/missing --run autoconf'
AUTOHEADER='${SHELL} /home/taoanran/git/Linux/tool/toolchain/binutils-2.18/missing --run autoheader'
AUTOMAKE='${SHELL} /home/taoanran/git/Linux/tool/toolchain/binutils-2.18/missing --run automake-1.9'
AWK='gawk'
CATALOGS=''
CATOBJEXT=''
CC='gcc'
CCDEPMODE='depmode=none'
CFLAGS='-g -O2'
CPP='gcc -E'
CPPFLAGS=''
CYGPATH_W='echo'
DATADIRNAME=''
DEFS='-DHAVE_CONFIG_H'
DEPDIR='.deps'
DUMPBIN=''
ECHO_C=''
ECHO_N='-n'
ECHO_T=''
EGREP='grep -E'
EXEEXT=''
FGREP='grep -F'
GENCAT=''
GENINSRC_NEVER_FALSE=''
GENINSRC_NEVER_TRUE='#'
GMSGFMT=':'
GREP='grep'
INCINTL=''
INSTALL_DATA='/usr/bin/install -c -m 644'
INSTALL_PROGRAM='/usr/bin/install -c'
INSTALL_SCRIPT='/usr/bin/install -c'
INSTALL_STRIP_PROGRAM='${SHELL} $(install_sh) -c -s'
INSTOBJEXT=''
LD='ld'
LDFLAGS=''
LIBINTL=''
LIBINTL_DEP=''
LIBOBJS=''
LIBS=''
LIBTOOL='$(SHELL) $(top_builddir)/libtool'
LN_S='ln -s'
LTLIBOBJS=''
MAINT='#'
MAINTAINER_MODE_FALSE=''
MAINTAINER_MODE_TRUE='#'
MAKEINFO='/home/taoanran/git/Linux/tool/toolchain/binutils-2.18/missing makeinfo --split-size=5000000 --split-size=5000000'
MKINSTALLDIRS='$(top_builddir)/.././gprof/../mkinstalldirs'
MSGFMT=':'
MSGMERGE=':'
NM='nm'
NO_WERROR='-Wno-error'
OBJEXT='o'
PACKAGE='gprof'
PACKAGE_BUGREPORT=''
PACKAGE_NAME=''
PACKAGE_STRING=''
PACKAGE_TARNAME=''
PACKAGE_VERSION=''
PATH_SEPARATOR=':'
POSUB=''
RANLIB='ranlib'
SED='/bin/sed'
SET_MAKE=''
SHELL='/bin/bash'
STRIP='strip'
USE_NLS='no'
VERSION='2.18'
WARN_CFLAGS='-W -Wall -Wstrict-prototypes -Wmissing-prototypes -Werror'
XGETTEXT=':'
ac_ct_AR=''
ac_ct_CC=''
ac_ct_DUMPBIN=''
ac_ct_RANLIB=''
ac_ct_STRIP=''
am__fastdepCC_FALSE=''
am__fastdepCC_TRUE='#'
am__include='include'
am__leading_dot='.'
am__quote=''
am__tar='${AMTAR} chof - "$$tardir"'
am__untar='${AMTAR} xf -'
bindir='${exec_prefix}/bin'
build='i686-pc-linux-gnu'
build_alias='i686-pc-linux-gnu'
build_cpu='i686'
build_os='linux-gnu'
build_vendor='pc'
datadir='${prefix}/share'
datarootdir='/tmp/binutils/share'
docdir='/tmp/binutils/share/doc'
exec_prefix='${prefix}'
host='i686-pc-linux-gnu'
host_alias='i686-pc-linux-gnu'
host_cpu='i686'
host_os='linux-gnu'
host_vendor='pc'
htmldir='/tmp/binutils/share/doc'
includedir='${prefix}/include'
infodir='${prefix}/info'
install_sh='/home/taoanran/git/Linux/tool/toolchain/binutils-2.18/install-sh'
libdir='${exec_prefix}/lib'
libexecdir='${exec_prefix}/libexec'
localstatedir='${prefix}/var'
lt_ECHO='echo'
mandir='${prefix}/man'
mkdir_p='mkdir -p --'
oldincludedir='/usr/include'
prefix='/tmp/binutils'
program_transform_name='s,y,y,'
sbindir='${exec_prefix}/sbin'
sharedstatedir='${prefix}/com'
sysconfdir='${prefix}/etc'
target='i686-pc-linux-gnu'
target_alias='i686-pc-linux-gnu'
target_cpu='i686'
target_os='linux-gnu'
target_vendor='pc'

## ----------- ##
## confdefs.h. ##
## ----------- ##

#define HAVE_DECL_GETOPT 1
#define HAVE_DLFCN_H 1
#define HAVE_INTTYPES_H 1
#define HAVE_MEMORY_H 1
#define HAVE_STDINT_H 1
#define HAVE_STDLIB_H 1
#define HAVE_STRINGS_H 1
#define HAVE_STRING_H 1
#define HAVE_SYS_GMON_OUT_H 1
#define HAVE_SYS_STAT_H 1
#define HAVE_SYS_TYPES_H 1
#define HAVE_UNISTD_H 1
#define LT_OBJDIR ".libs/"
#define PACKAGE "gprof"
#define PACKAGE_BUGREPORT ""
#define PACKAGE_NAME ""
#define PACKAGE_STRING ""
#define PACKAGE_TARNAME ""
#define PACKAGE_VERSION ""
#define STDC_HEADERS 1
#define VERSION "2.18"

configure: exit 0

## ---------------------- ##
## Running config.status. ##
## ---------------------- ##

This file was extended by config.status, which was
generated by GNU Autoconf 2.59.  Invocation command line was

  CONFIG_FILES    = 
  CONFIG_HEADERS  = 
  CONFIG_LINKS    = 
  CONFIG_COMMANDS = 
  $ ./config.status 

on ubuntu

config.status:927: creating Makefile
config.status:927: creating po/Makefile.in
config.status:1024: creating gconfig.h
config.status:1138: gconfig.h is unchanged
config.status:1318: executing depfiles commands
config.status:1318: executing libtool commands
config.status:1318: executing default-1 commands
