This file contains any messages produced by compilers while
running configure, to aid debugging if configure makes a mistake.

It was created by configure, which was
generated by GNU Autoconf 2.59.  Invocation command line was

  $ /home/taoanran/git/linux/binutils-2.18/gas/configure --cache-file=./config.cache --with-gnu-as --with-gnu-ld --prefix=/tmp/binutils --disable-nls --program-transform-name=s,y,y, --build=i686-pc-linux-gnu --host=i686-pc-linux-gnu --target=i686-pc-linux-gnu --srcdir=.././gas CC=gcc CFLAGS=-g -O2 LDFLAGS= build_alias=i686-pc-linux-gnu host_alias=i686-pc-linux-gnu target_alias=i686-pc-linux-gnu --no-create --no-recursion

## --------- ##
## Platform. ##
## --------- ##

hostname = ubuntu
uname -m = i686
uname -r = 2.6.32-38-generic
uname -s = Linux
uname -v = #83-Ubuntu SMP Wed Jan 4 11:13:04 UTC 2012

/usr/bin/uname -p = unknown
/bin/uname -X     = unknown

/bin/arch              = unknown
/usr/bin/arch -k       = unknown
/usr/convex/getsysinfo = unknown
hostinfo               = unknown
/bin/machine           = unknown
/usr/bin/oslevel       = unknown
/bin/universe          = unknown

PATH: /usr/local/sbin
PATH: /usr/local/bin
PATH: /usr/sbin
PATH: /usr/bin
PATH: /sbin
PATH: /bin
PATH: /usr/games


## ----------- ##
## Core tests. ##
## ----------- ##

configure:1386: loading cache ./config.cache
configure:1506: checking build system type
configure:1524: result: i686-pc-linux-gnu
configure:1532: checking host system type
configure:1546: result: i686-pc-linux-gnu
configure:1554: checking target system type
configure:1568: result: i686-pc-linux-gnu
configure:1590: checking for i686-pc-linux-gnu-gcc
configure:1616: result: gcc
configure:1898: checking for C compiler version
configure:1901: gcc --version </dev/null >&5
gcc (GCC) 4.1.3 20080704 (prerelease) (Ubuntu 4.1.2-27ubuntu1)
Copyright (C) 2006 Free Software Foundation, Inc.
This is free software; see the source for copying conditions.  There is NO
warranty; not even for MERCHANTABILITY or FITNESS FOR A PARTICULAR PURPOSE.

configure:1904: $? = 0
configure:1906: gcc -v </dev/null >&5
Using built-in specs.
Target: i486-linux-gnu
Configured with: ../src/configure -v --enable-languages=c,c++ --prefix=/usr --enable-shared --with-system-zlib --libexecdir=/usr/lib --without-included-gettext --enable-threads=posix --enable-nls --with-gxx-include-dir=/usr/include/c++/4.1.3 --program-suffix=-4.1 --enable-__cxa_atexit --enable-clocale=gnu --enable-libstdcxx-debug --with-tune=generic --enable-checking=release i486-linux-gnu
Thread model: posix
gcc version 4.1.3 20080704 (prerelease) (Ubuntu 4.1.2-27ubuntu1)
configure:1909: $? = 0
configure:1911: gcc -V </dev/null >&5
gcc: '-V' option must have argument
configure:1914: $? = 1
configure:1937: checking for C compiler default output file name
configure:1940: gcc -g -O2   conftest.c  >&5
configure:1943: $? = 0
configure:1989: result: a.out
configure:1994: checking whether the C compiler works
configure:2000: ./a.out
configure:2003: $? = 0
configure:2020: result: yes
configure:2027: checking whether we are cross compiling
configure:2029: result: no
configure:2032: checking for suffix of executables
configure:2034: gcc -o conftest -g -O2   conftest.c  >&5
configure:2037: $? = 0
configure:2062: result: 
configure:2068: checking for suffix of object files
configure:2114: result: o
configure:2118: checking whether we are using the GNU C compiler
configure:2174: result: yes
configure:2180: checking whether gcc accepts -g
configure:2231: result: yes
configure:2248: checking for gcc option to accept ANSI C
configure:2355: result: none needed
configure:2373: gcc -c -g -O2  conftest.c >&5
conftest.c:2: error: expected '=', ',', ';', 'asm' or '__attribute__' before 'me'
configure:2379: $? = 1
configure: failed program was:
| #ifndef __cplusplus
|   choke me
| #endif
configure:2513: checking for library containing strerror
configure:2632: result: none required
configure:2655: checking for a BSD-compatible install
configure:2710: result: /usr/bin/install -c
configure:2721: checking whether build environment is sane
configure:2764: result: yes
configure:2829: checking for gawk
configure:2855: result: gawk
configure:2865: checking whether make sets $(MAKE)
configure:2885: result: yes
configure:2915: checking for style of include used by make
configure:2943: result: GNU
configure:3119: checking dependency style of gcc
configure:3209: result: none
configure:3364: checking for a sed that does not truncate output
configure:3420: result: /bin/sed
configure:3436: checking for egrep
configure:3446: result: grep -E
configure:3451: checking for fgrep
configure:3461: result: grep -F
configure:3496: checking for ld used by gcc
configure:3563: result: ld
configure:3572: checking if the linker (ld) is GNU ld
configure:3587: result: yes
configure:3600: checking for BSD- or MS-compatible name lister (nm)
configure:3649: result: nm
configure:3754: checking the name lister (nm) interface
configure:3774: result: BSD nm
configure:3777: checking whether ln -s works
configure:3781: result: yes
configure:3789: checking the maximum length of command line arguments
configure:3909: result: 805306365
configure:3927: checking whether the shell understands some XSI constructs
configure:3935: result: yes
configure:3939: checking whether the shell understands "+="
configure:3945: result: yes
configure:3980: checking for ld option to reload object files
configure:3987: result: -r
configure:4014: checking how to recognize dependent libraries
configure:4204: result: pass_all
configure:4224: checking for i686-pc-linux-gnu-ar
configure:4250: result: ar
configure:4317: checking for i686-pc-linux-gnu-strip
configure:4343: result: strip
configure:4404: checking for i686-pc-linux-gnu-ranlib
configure:4430: result: ranlib
configure:4549: checking command to parse nm output from gcc object
configure:4771: result: ok
configure:5013: checking how to run the C preprocessor
configure:5131: result: gcc -E
configure:5155: gcc -E  conftest.c
configure:5161: $? = 0
configure:5193: gcc -E  conftest.c
conftest.c:11:28: error: ac_nonexistent.h: No such file or directory
configure:5199: $? = 1
configure: failed program was:
| /* confdefs.h.  */
| 
| #define PACKAGE_NAME ""
| #define PACKAGE_TARNAME ""
| #define PACKAGE_VERSION ""
| #define PACKAGE_STRING ""
| #define PACKAGE_BUGREPORT ""
| #define PACKAGE "gas"
| #define VERSION "2.18"
| /* end confdefs.h.  */
| #include <ac_nonexistent.h>
configure:5243: checking for ANSI C header files
configure:5399: result: yes
configure:5423: checking for sys/types.h
configure:5469: result: yes
configure:5423: checking for sys/stat.h
configure:5469: result: yes
configure:5423: checking for stdlib.h
configure:5469: result: yes
configure:5423: checking for string.h
configure:5469: result: yes
configure:5423: checking for memory.h
configure:5469: result: yes
configure:5423: checking for strings.h
configure:5469: result: yes
configure:5423: checking for inttypes.h
configure:5469: result: yes
configure:5423: checking for stdint.h
configure:5469: result: yes
configure:5423: checking for unistd.h
configure:5469: result: yes
configure:5485: checking for dlfcn.h
configure:5531: result: yes
configure:5593: checking for objdir
configure:5608: result: .libs
configure:5904: checking if gcc supports -fno-rtti -fno-exceptions
configure:5939: result: no
configure:5959: checking for gcc option to produce PIC
configure:6214: result: -fPIC -DPIC
configure:6226: checking if gcc PIC flag -fPIC -DPIC works
configure:6244: gcc -c -g -O2  -fPIC -DPIC -DPIC conftest.c >&5
configure:6248: $? = 0
configure:6261: result: yes
configure:6285: checking if gcc static flag -static works
configure:6313: result: no
configure:6328: checking if gcc supports -c -o file.o
configure:6375: result: yes
configure:6383: checking if gcc supports -c -o file.o
configure:6430: result: yes
configure:6463: checking whether the gcc linker (ld) supports shared libraries
configure:7543: result: yes
configure:7580: checking whether -lc should be explicitly linked in
configure:7585: gcc -c -g -O2  conftest.c >&5
configure:7588: $? = 0
configure:7603: gcc -shared conftest.o  -v -Wl,-soname -Wl,conftest -o conftest 2\>\&1 \| grep  -lc  \>/dev/null 2\>\&1
configure:7606: $? = 0
configure:7618: result: no
configure:7782: checking dynamic linker characteristics
configure:8215: gcc -o conftest -g -O2   -Wl,-rpath -Wl,/foo conftest.c  >&5
configure:8221: $? = 0
configure:8225: test -z 
			 || test ! -s conftest.err
configure:8228: $? = 0
configure:8231: test -s conftest
configure:8234: $? = 0
configure:8458: result: GNU/Linux ld.so
configure:8553: checking how to hardcode library paths into programs
configure:8578: result: immediate
configure:9424: checking whether stripping libraries is possible
configure:9429: result: yes
configure:9464: checking if libtool supports shared libraries
configure:9466: result: yes
configure:9469: checking whether to build shared libraries
configure:9490: result: yes
configure:9493: checking whether to build static libraries
configure:9497: result: yes
configure:9652: checking whether byte ordering is bigendian
configure:9863: result: no
configure:10585: checking for i686-pc-linux-gnu-gcc
configure:10611: result: gcc
configure:10893: checking for C compiler version
configure:10896: gcc --version </dev/null >&5
gcc (GCC) 4.1.3 20080704 (prerelease) (Ubuntu 4.1.2-27ubuntu1)
Copyright (C) 2006 Free Software Foundation, Inc.
This is free software; see the source for copying conditions.  There is NO
warranty; not even for MERCHANTABILITY or FITNESS FOR A PARTICULAR PURPOSE.

configure:10899: $? = 0
configure:10901: gcc -v </dev/null >&5
Using built-in specs.
Target: i486-linux-gnu
Configured with: ../src/configure -v --enable-languages=c,c++ --prefix=/usr --enable-shared --with-system-zlib --libexecdir=/usr/lib --without-included-gettext --enable-threads=posix --enable-nls --with-gxx-include-dir=/usr/include/c++/4.1.3 --program-suffix=-4.1 --enable-__cxa_atexit --enable-clocale=gnu --enable-libstdcxx-debug --with-tune=generic --enable-checking=release i486-linux-gnu
Thread model: posix
gcc version 4.1.3 20080704 (prerelease) (Ubuntu 4.1.2-27ubuntu1)
configure:10904: $? = 0
configure:10906: gcc -V </dev/null >&5
gcc: '-V' option must have argument
configure:10909: $? = 1
configure:10912: checking whether we are using the GNU C compiler
configure:10968: result: yes
configure:10974: checking whether gcc accepts -g
configure:11025: result: yes
configure:11042: checking for gcc option to accept ANSI C
configure:11149: result: none needed
configure:11167: gcc -c -g -O2  conftest.c >&5
conftest.c:2: error: expected '=', ',', ';', 'asm' or '__attribute__' before 'me'
configure:11173: $? = 1
configure: failed program was:
| #ifndef __cplusplus
|   choke me
| #endif
configure:11311: checking for bison
configure:11337: result: bison -y
configure:11352: checking for flex
configure:11378: result: flex
configure:11391: checking for yywrap in -lfl
configure:11453: result: yes
configure:11531: checking lex output file root
configure:11557: result: lex.yy
configure:11562: checking whether yytext is a pointer
configure:11611: result: yes
configure:11640: checking whether NLS is requested
configure:11643: result: no
configure:11713: checking whether NLS is requested
configure:11722: result: no
configure:11760: checking for msgfmt
configure:11794: result: no
configure:11800: checking for gmsgfmt
configure:11831: result: :
configure:11870: checking for xgettext
configure:11904: result: no
configure:11941: checking for msgmerge
configure:11974: result: no
configure:12007: checking whether to enable maintainer-specific portions of Makefiles
configure:12016: result: no
configure:12056: checking for string.h
configure:12061: result: yes
configure:12056: checking for stdlib.h
configure:12061: result: yes
configure:12056: checking for memory.h
configure:12061: result: yes
configure:12056: checking for strings.h
configure:12061: result: yes
configure:12056: checking for unistd.h
configure:12061: result: yes
configure:12056: checking for stdarg.h
configure:12061: result: yes
configure:12056: checking for varargs.h
configure:12061: result: no
configure:12056: checking for errno.h
configure:12061: result: yes
configure:12056: checking for sys/types.h
configure:12061: result: yes
configure:12204: checking whether compiling a cross-assembler
configure:12216: result: no
configure:12221: checking for working alloca.h
configure:12273: result: yes
configure:12283: checking for alloca
configure:12355: result: yes
configure:12578: checking for inline
configure:12630: result: inline
configure:12656: checking for unlink
configure:12744: result: yes
configure:12760: checking for sbrk
configure:12848: result: yes
configure:13085: checking for working assert macro
configure:13146: result: yes
configure:13180: checking whether declaration is required for errno
configure:13240: result: no
configure:13251: checking for a known getopt prototype in unistd.h
configure:13303: result: yes
configure:13314: checking whether declaration is required for environ
configure:13370: result: yes
configure:13381: checking whether declaration is required for ffs
configure:13437: result: no
configure:13448: checking whether declaration is required for free
configure:13504: result: no
configure:13515: checking whether declaration is required for malloc
configure:13571: result: no
configure:13582: checking whether declaration is required for sbrk
configure:13638: result: no
configure:13649: checking whether declaration is required for strstr
configure:13705: result: no
configure:13716: checking whether vsnprintf is declared
configure:13770: result: yes
configure:13933: creating ./config.status

## ---------------- ##
## Cache variables. ##
## ---------------- ##

ac_cv_build=i686-pc-linux-gnu
ac_cv_build_alias=i686-pc-linux-gnu
ac_cv_c_bigendian=no
ac_cv_c_compiler_gnu=yes
ac_cv_c_inline=inline
ac_cv_env_CC_set=set
ac_cv_env_CC_value=gcc
ac_cv_env_CFLAGS_set=set
ac_cv_env_CFLAGS_value='-g -O2'
ac_cv_env_CPPFLAGS_set=
ac_cv_env_CPPFLAGS_value=
ac_cv_env_CPP_set=
ac_cv_env_CPP_value=
ac_cv_env_LDFLAGS_set=set
ac_cv_env_LDFLAGS_value=
ac_cv_env_build_alias_set=set
ac_cv_env_build_alias_value=i686-pc-linux-gnu
ac_cv_env_host_alias_set=set
ac_cv_env_host_alias_value=i686-pc-linux-gnu
ac_cv_env_target_alias_set=set
ac_cv_env_target_alias_value=i686-pc-linux-gnu
ac_cv_exeext=
ac_cv_func_alloca_works=yes
ac_cv_func_sbrk=yes
ac_cv_func_unlink=yes
ac_cv_have_decl_vsnprintf=yes
ac_cv_header_dlfcn_h=yes
ac_cv_header_errno_h=yes
ac_cv_header_inttypes_h=yes
ac_cv_header_memory_h=yes
ac_cv_header_stdarg_h=yes
ac_cv_header_stdc=yes
ac_cv_header_stdint_h=yes
ac_cv_header_stdlib_h=yes
ac_cv_header_string_h=yes
ac_cv_header_strings_h=yes
ac_cv_header_sys_stat_h=yes
ac_cv_header_sys_types_h=yes
ac_cv_header_unistd_h=yes
ac_cv_header_varargs_h=no
ac_cv_host=i686-pc-linux-gnu
ac_cv_host_alias=i686-pc-linux-gnu
ac_cv_lib_fl_yywrap=yes
ac_cv_objext=o
ac_cv_path_GMSGFMT=:
ac_cv_path_MSGFMT=:
ac_cv_path_MSGMERGE=:
ac_cv_path_XGETTEXT=:
ac_cv_prog_AR=ar
ac_cv_prog_AWK=gawk
ac_cv_prog_CC=gcc
ac_cv_prog_CPP='gcc -E'
ac_cv_prog_LEX=flex
ac_cv_prog_RANLIB=ranlib
ac_cv_prog_STRIP=strip
ac_cv_prog_YACC='bison -y'
ac_cv_prog_ac_ct_STRIP=strip
ac_cv_prog_cc_g=yes
ac_cv_prog_cc_stdc=
ac_cv_prog_egrep='grep -E'
ac_cv_prog_fgrep='grep -F'
ac_cv_prog_lex_root=lex.yy
ac_cv_prog_lex_yytext_pointer=yes
ac_cv_prog_make_make_set=yes
ac_cv_search_strerror='none required'
ac_cv_target=i686-pc-linux-gnu
ac_cv_target_alias=i686-pc-linux-gnu
ac_cv_working_alloca_h=yes
am_cv_CC_dependencies_compiler_type=none
gas_cv_assert_ok=yes
gas_cv_decl_getopt_unistd_h=yes
gas_cv_decl_needed_environ=yes
gas_cv_decl_needed_errno=no
gas_cv_decl_needed_ffs=no
gas_cv_decl_needed_free=no
gas_cv_decl_needed_malloc=no
gas_cv_decl_needed_sbrk=no
gas_cv_decl_needed_strstr=no
lt_cv_deplibs_check_method=pass_all
lt_cv_file_magic_cmd='$MAGIC_CMD'
lt_cv_file_magic_test_file=
lt_cv_ld_reload_flag=-r
lt_cv_nm_interface='BSD nm'
lt_cv_objdir=.libs
lt_cv_path_LD=ld
lt_cv_path_NM=nm
lt_cv_path_SED=/bin/sed
lt_cv_prog_compiler_c_o=yes
lt_cv_prog_compiler_rtti_exceptions=no
lt_cv_prog_gnu_ld=yes
lt_cv_sys_global_symbol_pipe='sed -n -e '\''s/^.*[	 ]\([ABCDGIRSTW][ABCDGIRSTW]*\)[	 ][	 ]*\([_A-Za-z][_A-Za-z0-9]*\)$/\1 \2 \2/p'\'''
lt_cv_sys_global_symbol_to_c_name_address='sed -n -e '\''s/^: \([^ ]*\) $/  {\"\1\", (void *) 0},/p'\'' -e '\''s/^[ABCDGIRSTW]* \([^ ]*\) \([^ ]*\)$/  {"\2", (void *) \&\2},/p'\'''
lt_cv_sys_global_symbol_to_cdecl='sed -n -e '\''s/^T .* \(.*\)$/extern int \1();/p'\'' -e '\''s/^[ABCDGIRSTW]* .* \(.*\)$/extern char \1;/p'\'''
lt_cv_sys_max_cmd_len=805306365

## ----------------- ##
## Output variables. ##
## ----------------- ##

ACLOCAL='${SHELL} /home/taoanran/git/Linux/tool/toolchain/binutils-2.18/missing --run aclocal-1.9'
ALLOCA=''
AMDEPBACKSLASH='\'
AMDEP_FALSE='#'
AMDEP_TRUE=''
AMTAR='${SHELL} /home/taoanran/git/Linux/tool/toolchain/binutils-2.18/missing --run tar'
AR='ar'
AUTOCONF='${SHELL} /home/taoanran/git/Linux/tool/toolchain/binutils-2.18/missing --run autoconf'
AUTOHEADER='${SHELL} /home/taoanran/git/Linux/tool/toolchain/binutils-2.18/missing --run autoheader'
AUTOMAKE='${SHELL} /home/taoanran/git/Linux/tool/toolchain/binutils-2.18/missing --run automake-1.9'
AWK='gawk'
CATALOGS=''
CATOBJEXT=''
CC='gcc'
CCDEPMODE='depmode=none'
CFLAGS='-g -O2'
CPP='gcc -E'
CPPFLAGS=''
CYGPATH_W='echo'
DATADIRNAME=''
DEFS='-DHAVE_CONFIG_H'
DEPDIR='.deps'
DUMPBIN=''
ECHO_C=''
ECHO_N='-n'
ECHO_T=''
EGREP='grep -E'
EXEEXT=''
FGREP='grep -F'
GDBINIT='.gdbinit'
GENCAT=''
GENINSRC_NEVER_FALSE=''
GENINSRC_NEVER_TRUE='#'
GMSGFMT=':'
GREP='grep'
INCINTL=''
INSTALL_DATA='/usr/bin/install -c -m 644'
INSTALL_PROGRAM='/usr/bin/install -c'
INSTALL_SCRIPT='/usr/bin/install -c'
INSTALL_STRIP_PROGRAM='${SHELL} $(install_sh) -c -s'
INSTOBJEXT=''
LD='ld'
LDFLAGS=''
LEX='flex'
LEXLIB='-lfl'
LEX_OUTPUT_ROOT='lex.yy'
LIBINTL=''
LIBINTL_DEP=''
LIBM=''
LIBOBJS=''
LIBS=''
LIBTOOL='$(SHELL) $(top_builddir)/libtool'
LN_S='ln -s'
LTLIBOBJS=''
MAINT='#'
MAINTAINER_MODE_FALSE=''
MAINTAINER_MODE_TRUE='#'
MAKEINFO='/home/taoanran/git/Linux/tool/toolchain/binutils-2.18/missing makeinfo --split-size=5000000 --split-size=5000000'
MKINSTALLDIRS='$(top_builddir)/../mkinstalldirs'
MSGFMT=':'
MSGMERGE=':'
NM='nm'
NO_WERROR='-Wno-error'
OBJEXT='o'
OPCODES_LIB='../opcodes/libopcodes.la'
PACKAGE='gas'
PACKAGE_BUGREPORT=''
PACKAGE_NAME=''
PACKAGE_STRING=''
PACKAGE_TARNAME=''
PACKAGE_VERSION=''
PATH_SEPARATOR=':'
POSUB=''
RANLIB='ranlib'
SED='/bin/sed'
SET_MAKE=''
SHELL='/bin/bash'
STRIP='strip'
USE_NLS='no'
VERSION='2.18'
WARN_CFLAGS='-W -Wall -Wstrict-prototypes -Wmissing-prototypes -Werror'
XGETTEXT=':'
YACC='bison -y'
ac_ct_AR=''
ac_ct_CC=''
ac_ct_DUMPBIN=''
ac_ct_RANLIB=''
ac_ct_STRIP=''
am__fastdepCC_FALSE=''
am__fastdepCC_TRUE='#'
am__include='include'
am__leading_dot='.'
am__quote=''
am__tar='${AMTAR} chof - "$$tardir"'
am__untar='${AMTAR} xf -'
atof='ieee'
bindir='${exec_prefix}/bin'
build='i686-pc-linux-gnu'
build_alias='i686-pc-linux-gnu'
build_cpu='i686'
build_os='linux-gnu'
build_vendor='pc'
cgen_cpu_prefix=''
datadir='${prefix}/share'
datarootdir='/tmp/binutils/share'
docdir='/tmp/binutils/share/doc'
exec_prefix='${prefix}'
extra_objects=''
host='i686-pc-linux-gnu'
host_alias='i686-pc-linux-gnu'
host_cpu='i686'
host_os='linux-gnu'
host_vendor='pc'
htmldir='/tmp/binutils/share/doc'
includedir='${prefix}/include'
infodir='${prefix}/info'
install_sh='/home/taoanran/git/Linux/tool/toolchain/binutils-2.18/install-sh'
install_tooldir='install-exec-tooldir'
libdir='${exec_prefix}/lib'
libexecdir='${exec_prefix}/libexec'
localstatedir='${prefix}/var'
lt_ECHO='echo'
mandir='${prefix}/man'
mkdir_p='mkdir -p --'
obj_format='elf'
oldincludedir='/usr/include'
prefix='/tmp/binutils'
program_transform_name='s,y,y,'
sbindir='${exec_prefix}/sbin'
sharedstatedir='${prefix}/com'
sysconfdir='${prefix}/etc'
target='i686-pc-linux-gnu'
target_alias='i686-pc-linux-gnu'
target_cpu='i686'
target_cpu_type='i386'
target_os='linux-gnu'
target_vendor='pc'
te_file='linux'

## ----------- ##
## confdefs.h. ##
## ----------- ##

#define DEFAULT_ARCH "i386"
#define DEFAULT_EMULATION "i386elf"
#define EMULATIONS  &i386elf,
#define HAVE_ALLOCA 1
#define HAVE_ALLOCA_H 1
#define HAVE_DECL_GETOPT 1
#define HAVE_DECL_VSNPRINTF 1
#define HAVE_DLFCN_H 1
#define HAVE_ERRNO_H 1
#define HAVE_INTTYPES_H 1
#define HAVE_MEMORY_H 1
#define HAVE_MEMORY_H 1
#define HAVE_SBRK 1
#define HAVE_STDARG_H 1
#define HAVE_STDINT_H 1
#define HAVE_STDLIB_H 1
#define HAVE_STDLIB_H 1
#define HAVE_STRINGS_H 1
#define HAVE_STRINGS_H 1
#define HAVE_STRING_H 1
#define HAVE_STRING_H 1
#define HAVE_SYS_STAT_H 1
#define HAVE_SYS_TYPES_H 1
#define HAVE_SYS_TYPES_H 1
#define HAVE_UNISTD_H 1
#define HAVE_UNISTD_H 1
#define HAVE_UNLINK 1
#define LT_OBJDIR ".libs/"
#define NEED_DECLARATION_ENVIRON 1
#define PACKAGE "gas"
#define PACKAGE_BUGREPORT ""
#define PACKAGE_NAME ""
#define PACKAGE_STRING ""
#define PACKAGE_TARNAME ""
#define PACKAGE_VERSION ""
#define STDC_HEADERS 1
#define TARGET_ALIAS "i686-pc-linux-gnu"
#define TARGET_CANONICAL "i686-pc-linux-gnu"
#define TARGET_CPU "i686"
#define TARGET_OS "linux-gnu"
#define TARGET_VENDOR "pc"
#define VERSION "2.18"
#define YYTEXT_POINTER 1

configure: exit 0

## ---------------------- ##
## Running config.status. ##
## ---------------------- ##

This file was extended by config.status, which was
generated by GNU Autoconf 2.59.  Invocation command line was

  CONFIG_FILES    = 
  CONFIG_HEADERS  = 
  CONFIG_LINKS    = 
  CONFIG_COMMANDS = 
  $ ./config.status 

on ubuntu

config.status:950: creating .gdbinit
config.status:950: creating Makefile
config.status:950: creating doc/Makefile
config.status:950: creating po/Makefile.in
config.status:1047: creating config.h
config.status:1223: config.h is unchanged
config.status:1403: executing depfiles commands
config.status:1403: executing libtool commands
config.status:1403: executing default-1 commands
config.status:1403: executing default commands
