This file contains any messages produced by compilers while
running configure, to aid debugging if configure makes a mistake.

It was created by configure, which was
generated by GNU Autoconf 2.59.  Invocation command line was

  $ /home/taoanran/git/linux/binutils-2.18/ld/configure --cache-file=./config.cache --with-gnu-as --with-gnu-ld --prefix=/tmp/binutils --disable-nls --program-transform-name=s,y,y, --build=i686-pc-linux-gnu --host=i686-pc-linux-gnu --target=i686-pc-linux-gnu --srcdir=.././ld CC=gcc CFLAGS=-g -O2 LDFLAGS= build_alias=i686-pc-linux-gnu host_alias=i686-pc-linux-gnu target_alias=i686-pc-linux-gnu --no-create --no-recursion

## --------- ##
## Platform. ##
## --------- ##

hostname = ubuntu
uname -m = i686
uname -r = 2.6.32-38-generic
uname -s = Linux
uname -v = #83-Ubuntu SMP Wed Jan 4 11:13:04 UTC 2012

/usr/bin/uname -p = unknown
/bin/uname -X     = unknown

/bin/arch              = unknown
/usr/bin/arch -k       = unknown
/usr/convex/getsysinfo = unknown
hostinfo               = unknown
/bin/machine           = unknown
/usr/bin/oslevel       = unknown
/bin/universe          = unknown

PATH: /usr/local/sbin
PATH: /usr/local/bin
PATH: /usr/sbin
PATH: /usr/bin
PATH: /sbin
PATH: /bin
PATH: /usr/games


## ----------- ##
## Core tests. ##
## ----------- ##

configure:1387: loading cache ./config.cache
configure:1507: checking build system type
configure:1525: result: i686-pc-linux-gnu
configure:1533: checking host system type
configure:1547: result: i686-pc-linux-gnu
configure:1555: checking target system type
configure:1569: result: i686-pc-linux-gnu
configure:1591: checking for i686-pc-linux-gnu-gcc
configure:1617: result: gcc
configure:1899: checking for C compiler version
configure:1902: gcc --version </dev/null >&5
gcc (GCC) 4.1.3 20080704 (prerelease) (Ubuntu 4.1.2-27ubuntu1)
Copyright (C) 2006 Free Software Foundation, Inc.
This is free software; see the source for copying conditions.  There is NO
warranty; not even for MERCHANTABILITY or FITNESS FOR A PARTICULAR PURPOSE.

configure:1905: $? = 0
configure:1907: gcc -v </dev/null >&5
Using built-in specs.
Target: i486-linux-gnu
Configured with: ../src/configure -v --enable-languages=c,c++ --prefix=/usr --enable-shared --with-system-zlib --libexecdir=/usr/lib --without-included-gettext --enable-threads=posix --enable-nls --with-gxx-include-dir=/usr/include/c++/4.1.3 --program-suffix=-4.1 --enable-__cxa_atexit --enable-clocale=gnu --enable-libstdcxx-debug --with-tune=generic --enable-checking=release i486-linux-gnu
Thread model: posix
gcc version 4.1.3 20080704 (prerelease) (Ubuntu 4.1.2-27ubuntu1)
configure:1910: $? = 0
configure:1912: gcc -V </dev/null >&5
gcc: '-V' option must have argument
configure:1915: $? = 1
configure:1938: checking for C compiler default output file name
configure:1941: gcc -g -O2   conftest.c  >&5
configure:1944: $? = 0
configure:1990: result: a.out
configure:1995: checking whether the C compiler works
configure:2001: ./a.out
configure:2004: $? = 0
configure:2021: result: yes
configure:2028: checking whether we are cross compiling
configure:2030: result: no
configure:2033: checking for suffix of executables
configure:2035: gcc -o conftest -g -O2   conftest.c  >&5
configure:2038: $? = 0
configure:2063: result: 
configure:2069: checking for suffix of object files
configure:2115: result: o
configure:2119: checking whether we are using the GNU C compiler
configure:2175: result: yes
configure:2181: checking whether gcc accepts -g
configure:2232: result: yes
configure:2249: checking for gcc option to accept ANSI C
configure:2356: result: none needed
configure:2374: gcc -c -g -O2  conftest.c >&5
conftest.c:2: error: expected '=', ',', ';', 'asm' or '__attribute__' before 'me'
configure:2380: $? = 1
configure: failed program was:
| #ifndef __cplusplus
|   choke me
| #endif
configure:2514: checking for library containing strerror
configure:2633: result: none required
configure:2656: checking for a BSD-compatible install
configure:2711: result: /usr/bin/install -c
configure:2722: checking whether build environment is sane
configure:2765: result: yes
configure:2830: checking for gawk
configure:2856: result: gawk
configure:2866: checking whether make sets $(MAKE)
configure:2886: result: yes
configure:2916: checking for style of include used by make
configure:2944: result: GNU
configure:3120: checking dependency style of gcc
configure:3210: result: none
configure:3365: checking for a sed that does not truncate output
configure:3421: result: /bin/sed
configure:3437: checking for egrep
configure:3447: result: grep -E
configure:3452: checking for fgrep
configure:3462: result: grep -F
configure:3497: checking for ld used by gcc
configure:3564: result: ld
configure:3573: checking if the linker (ld) is GNU ld
configure:3588: result: yes
configure:3601: checking for BSD- or MS-compatible name lister (nm)
configure:3650: result: nm
configure:3755: checking the name lister (nm) interface
configure:3775: result: BSD nm
configure:3778: checking whether ln -s works
configure:3782: result: yes
configure:3790: checking the maximum length of command line arguments
configure:3910: result: 805306365
configure:3928: checking whether the shell understands some XSI constructs
configure:3936: result: yes
configure:3940: checking whether the shell understands "+="
configure:3946: result: yes
configure:3981: checking for ld option to reload object files
configure:3988: result: -r
configure:4015: checking how to recognize dependent libraries
configure:4205: result: pass_all
configure:4225: checking for i686-pc-linux-gnu-ar
configure:4251: result: ar
configure:4318: checking for i686-pc-linux-gnu-strip
configure:4344: result: strip
configure:4405: checking for i686-pc-linux-gnu-ranlib
configure:4431: result: ranlib
configure:4550: checking command to parse nm output from gcc object
configure:4772: result: ok
configure:5014: checking how to run the C preprocessor
configure:5132: result: gcc -E
configure:5156: gcc -E  conftest.c
configure:5162: $? = 0
configure:5194: gcc -E  conftest.c
conftest.c:11:28: error: ac_nonexistent.h: No such file or directory
configure:5200: $? = 1
configure: failed program was:
| /* confdefs.h.  */
| 
| #define PACKAGE_NAME ""
| #define PACKAGE_TARNAME ""
| #define PACKAGE_VERSION ""
| #define PACKAGE_STRING ""
| #define PACKAGE_BUGREPORT ""
| #define PACKAGE "ld"
| #define VERSION "2.18"
| /* end confdefs.h.  */
| #include <ac_nonexistent.h>
configure:5244: checking for ANSI C header files
configure:5400: result: yes
configure:5424: checking for sys/types.h
configure:5470: result: yes
configure:5424: checking for sys/stat.h
configure:5470: result: yes
configure:5424: checking for stdlib.h
configure:5470: result: yes
configure:5424: checking for string.h
configure:5470: result: yes
configure:5424: checking for memory.h
configure:5470: result: yes
configure:5424: checking for strings.h
configure:5470: result: yes
configure:5424: checking for inttypes.h
configure:5470: result: yes
configure:5424: checking for stdint.h
configure:5470: result: yes
configure:5424: checking for unistd.h
configure:5470: result: yes
configure:5486: checking for dlfcn.h
configure:5532: result: yes
configure:5594: checking for objdir
configure:5609: result: .libs
configure:5905: checking if gcc supports -fno-rtti -fno-exceptions
configure:5940: result: no
configure:5960: checking for gcc option to produce PIC
configure:6215: result: -fPIC -DPIC
configure:6227: checking if gcc PIC flag -fPIC -DPIC works
configure:6245: gcc -c -g -O2  -fPIC -DPIC -DPIC conftest.c >&5
configure:6249: $? = 0
configure:6262: result: yes
configure:6286: checking if gcc static flag -static works
configure:6314: result: no
configure:6329: checking if gcc supports -c -o file.o
configure:6376: result: yes
configure:6384: checking if gcc supports -c -o file.o
configure:6431: result: yes
configure:6464: checking whether the gcc linker (ld) supports shared libraries
configure:7544: result: yes
configure:7581: checking whether -lc should be explicitly linked in
configure:7586: gcc -c -g -O2  conftest.c >&5
configure:7589: $? = 0
configure:7604: gcc -shared conftest.o  -v -Wl,-soname -Wl,conftest -o conftest 2\>\&1 \| grep  -lc  \>/dev/null 2\>\&1
configure:7607: $? = 0
configure:7619: result: no
configure:7783: checking dynamic linker characteristics
configure:8216: gcc -o conftest -g -O2   -Wl,-rpath -Wl,/foo conftest.c  >&5
configure:8222: $? = 0
configure:8226: test -z 
			 || test ! -s conftest.err
configure:8229: $? = 0
configure:8232: test -s conftest
configure:8235: $? = 0
configure:8459: result: GNU/Linux ld.so
configure:8554: checking how to hardcode library paths into programs
configure:8579: result: immediate
configure:9425: checking whether stripping libraries is possible
configure:9430: result: yes
configure:9465: checking if libtool supports shared libraries
configure:9467: result: yes
configure:9470: checking whether to build shared libraries
configure:9491: result: yes
configure:9494: checking whether to build static libraries
configure:9498: result: yes
configure:9686: checking for i686-pc-linux-gnu-gcc
configure:9712: result: gcc
configure:9994: checking for C compiler version
configure:9997: gcc --version </dev/null >&5
gcc (GCC) 4.1.3 20080704 (prerelease) (Ubuntu 4.1.2-27ubuntu1)
Copyright (C) 2006 Free Software Foundation, Inc.
This is free software; see the source for copying conditions.  There is NO
warranty; not even for MERCHANTABILITY or FITNESS FOR A PARTICULAR PURPOSE.

configure:10000: $? = 0
configure:10002: gcc -v </dev/null >&5
Using built-in specs.
Target: i486-linux-gnu
Configured with: ../src/configure -v --enable-languages=c,c++ --prefix=/usr --enable-shared --with-system-zlib --libexecdir=/usr/lib --without-included-gettext --enable-threads=posix --enable-nls --with-gxx-include-dir=/usr/include/c++/4.1.3 --program-suffix=-4.1 --enable-__cxa_atexit --enable-clocale=gnu --enable-libstdcxx-debug --with-tune=generic --enable-checking=release i486-linux-gnu
Thread model: posix
gcc version 4.1.3 20080704 (prerelease) (Ubuntu 4.1.2-27ubuntu1)
configure:10005: $? = 0
configure:10007: gcc -V </dev/null >&5
gcc: '-V' option must have argument
configure:10010: $? = 1
configure:10013: checking whether we are using the GNU C compiler
configure:10069: result: yes
configure:10075: checking whether gcc accepts -g
configure:10126: result: yes
configure:10143: checking for gcc option to accept ANSI C
configure:10250: result: none needed
configure:10268: gcc -c -g -O2  conftest.c >&5
conftest.c:2: error: expected '=', ',', ';', 'asm' or '__attribute__' before 'me'
configure:10274: $? = 1
configure: failed program was:
| #ifndef __cplusplus
|   choke me
| #endif
configure:10420: checking for a BSD-compatible install
configure:10475: result: /usr/bin/install -c
configure:10501: checking whether NLS is requested
configure:10504: result: no
configure:10574: checking whether NLS is requested
configure:10583: result: no
configure:10621: checking for msgfmt
configure:10655: result: no
configure:10661: checking for gmsgfmt
configure:10692: result: :
configure:10731: checking for xgettext
configure:10765: result: no
configure:10802: checking for msgmerge
configure:10835: result: no
configure:10874: checking for bison
configure:10900: result: bison -y
configure:10915: checking for flex
configure:10941: result: flex
configure:10954: checking for yywrap in -lfl
configure:11016: result: yes
configure:11094: checking lex output file root
configure:11120: result: lex.yy
configure:11125: checking whether yytext is a pointer
configure:11174: result: yes
configure:11189: checking whether to enable maintainer-specific portions of Makefiles
configure:11198: result: no
configure:11242: checking for string.h
configure:11247: result: yes
configure:11242: checking for strings.h
configure:11247: result: yes
configure:11242: checking for stdlib.h
configure:11247: result: yes
configure:11242: checking for unistd.h
configure:11247: result: yes
configure:11242: checking for elf-hints.h
configure:11247: result: no
configure:11242: checking for limits.h
configure:11247: result: yes
configure:11242: checking for sys/param.h
configure:11247: result: yes
configure:11395: checking for glob
configure:11483: result: yes
configure:11395: checking for mkstemp
configure:11483: result: yes
configure:11395: checking for realpath
configure:11483: result: yes
configure:11395: checking for sbrk
configure:11483: result: yes
configure:11395: checking for waitpid
configure:11483: result: yes
configure:11501: checking for dirent.h that defines DIR
configure:11555: result: yes
configure:11568: checking for library containing opendir
configure:11687: result: none required
configure:11824: checking for a known getopt prototype in unistd.h
configure:11876: result: yes
configure:11896: checking whether strstr is declared
configure:11950: result: yes
configure:11966: checking whether free is declared
configure:12020: result: yes
configure:12036: checking whether sbrk is declared
configure:12090: result: yes
configure:12106: checking whether getenv is declared
configure:12160: result: yes
configure:12176: checking whether environ is declared
configure:12230: result: no
configure:12255: checking whether ANSI C string concatenation works
configure:12307: result: yes
configure:12985: creating ./config.status

## ---------------- ##
## Cache variables. ##
## ---------------- ##

ac_cv_build=i686-pc-linux-gnu
ac_cv_build_alias=i686-pc-linux-gnu
ac_cv_c_compiler_gnu=yes
ac_cv_env_CC_set=set
ac_cv_env_CC_value=gcc
ac_cv_env_CFLAGS_set=set
ac_cv_env_CFLAGS_value='-g -O2'
ac_cv_env_CPPFLAGS_set=
ac_cv_env_CPPFLAGS_value=
ac_cv_env_CPP_set=
ac_cv_env_CPP_value=
ac_cv_env_LDFLAGS_set=set
ac_cv_env_LDFLAGS_value=
ac_cv_env_build_alias_set=set
ac_cv_env_build_alias_value=i686-pc-linux-gnu
ac_cv_env_host_alias_set=set
ac_cv_env_host_alias_value=i686-pc-linux-gnu
ac_cv_env_target_alias_set=set
ac_cv_env_target_alias_value=i686-pc-linux-gnu
ac_cv_exeext=
ac_cv_func_glob=yes
ac_cv_func_mkstemp=yes
ac_cv_func_realpath=yes
ac_cv_func_sbrk=yes
ac_cv_func_waitpid=yes
ac_cv_have_decl_environ=no
ac_cv_have_decl_free=yes
ac_cv_have_decl_getenv=yes
ac_cv_have_decl_sbrk=yes
ac_cv_have_decl_strstr=yes
ac_cv_header_dirent_dirent_h=yes
ac_cv_header_dlfcn_h=yes
ac_cv_header_elf_hints_h=no
ac_cv_header_inttypes_h=yes
ac_cv_header_limits_h=yes
ac_cv_header_memory_h=yes
ac_cv_header_stdc=yes
ac_cv_header_stdint_h=yes
ac_cv_header_stdlib_h=yes
ac_cv_header_string_h=yes
ac_cv_header_strings_h=yes
ac_cv_header_sys_param_h=yes
ac_cv_header_sys_stat_h=yes
ac_cv_header_sys_types_h=yes
ac_cv_header_unistd_h=yes
ac_cv_host=i686-pc-linux-gnu
ac_cv_host_alias=i686-pc-linux-gnu
ac_cv_lib_fl_yywrap=yes
ac_cv_objext=o
ac_cv_path_GMSGFMT=:
ac_cv_path_MSGFMT=:
ac_cv_path_MSGMERGE=:
ac_cv_path_XGETTEXT=:
ac_cv_prog_AR=ar
ac_cv_prog_AWK=gawk
ac_cv_prog_CC=gcc
ac_cv_prog_CPP='gcc -E'
ac_cv_prog_LEX=flex
ac_cv_prog_RANLIB=ranlib
ac_cv_prog_STRIP=strip
ac_cv_prog_YACC='bison -y'
ac_cv_prog_ac_ct_STRIP=strip
ac_cv_prog_cc_g=yes
ac_cv_prog_cc_stdc=
ac_cv_prog_egrep='grep -E'
ac_cv_prog_fgrep='grep -F'
ac_cv_prog_lex_root=lex.yy
ac_cv_prog_lex_yytext_pointer=yes
ac_cv_prog_make_make_set=yes
ac_cv_search_opendir='none required'
ac_cv_search_strerror='none required'
ac_cv_target=i686-pc-linux-gnu
ac_cv_target_alias=i686-pc-linux-gnu
am_cv_CC_dependencies_compiler_type=none
ld_cv_decl_getopt_unistd_h=yes
ld_cv_string_concatenation=yes
lt_cv_deplibs_check_method=pass_all
lt_cv_file_magic_cmd='$MAGIC_CMD'
lt_cv_file_magic_test_file=
lt_cv_ld_reload_flag=-r
lt_cv_nm_interface='BSD nm'
lt_cv_objdir=.libs
lt_cv_path_LD=ld
lt_cv_path_NM=nm
lt_cv_path_SED=/bin/sed
lt_cv_prog_compiler_c_o=yes
lt_cv_prog_compiler_rtti_exceptions=no
lt_cv_prog_gnu_ld=yes
lt_cv_sys_global_symbol_pipe='sed -n -e '\''s/^.*[	 ]\([ABCDGIRSTW][ABCDGIRSTW]*\)[	 ][	 ]*\([_A-Za-z][_A-Za-z0-9]*\)$/\1 \2 \2/p'\'''
lt_cv_sys_global_symbol_to_c_name_address='sed -n -e '\''s/^: \([^ ]*\) $/  {\"\1\", (void *) 0},/p'\'' -e '\''s/^[ABCDGIRSTW]* \([^ ]*\) \([^ ]*\)$/  {"\2", (void *) \&\2},/p'\'''
lt_cv_sys_global_symbol_to_cdecl='sed -n -e '\''s/^T .* \(.*\)$/extern int \1();/p'\'' -e '\''s/^[ABCDGIRSTW]* .* \(.*\)$/extern char \1;/p'\'''
lt_cv_sys_max_cmd_len=805306365

## ----------------- ##
## Output variables. ##
## ----------------- ##

ACLOCAL='${SHELL} /home/taoanran/git/Linux/tool/toolchain/binutils-2.18/missing --run aclocal-1.9'
AMDEPBACKSLASH='\'
AMDEP_FALSE='#'
AMDEP_TRUE=''
AMTAR='${SHELL} /home/taoanran/git/Linux/tool/toolchain/binutils-2.18/missing --run tar'
AR='ar'
AUTOCONF='${SHELL} /home/taoanran/git/Linux/tool/toolchain/binutils-2.18/missing --run autoconf'
AUTOHEADER='${SHELL} /home/taoanran/git/Linux/tool/toolchain/binutils-2.18/missing --run autoheader'
AUTOMAKE='${SHELL} /home/taoanran/git/Linux/tool/toolchain/binutils-2.18/missing --run automake-1.9'
AWK='gawk'
CATALOGS=''
CATOBJEXT=''
CC='gcc'
CCDEPMODE='depmode=none'
CFLAGS='-g -O2'
CPP='gcc -E'
CPPFLAGS=''
CYGPATH_W='echo'
DATADIRNAME=''
DEFS='-DHAVE_CONFIG_H'
DEPDIR='.deps'
DUMPBIN=''
ECHO_C=''
ECHO_N='-n'
ECHO_T=''
EGREP='grep -E'
EMUL='elf_i386'
EMULATION_LIBPATH='elf_i386'
EMULATION_OFILES=' eelf_i386.o ei386linux.o'
EMUL_EXTRA_OFILES=''
EXEEXT=''
FGREP='grep -F'
GENCAT=''
GENINSRC_NEVER_FALSE=''
GENINSRC_NEVER_TRUE='#'
GMSGFMT=':'
GREP='grep'
HDEFINES=''
HOSTING_CRT0='-dynamic-linker `${CC} --help --verbose 2>&1 | egrep "ld[^ ]*\.so" | sed -e "s,.*-dynamic-linker[ 	][ 	]*\(.*/ld[^ ]*\.so..\).*,\1,"` `${CC} --print-file-name=crt1.o` `${CC} --print-file-name=crti.o` `if [ -f ../gcc/crtbegin.o ]; then echo ../gcc/crtbegin.o; else ${CC} --print-file-name=crtbegin.o; fi`'
HOSTING_LIBS='-L`dirname \`${CC} --print-file-name=libc.so\`` `if [ -f ../gcc/libgcc.a ]; then libgcc=../gcc/libgcc.a; else libgcc=\`${CC} -print-libgcc-file-name\`; fi; if [ -f ../gcc/libgcc_eh.a ]; then libgcc="$libgcc ../gcc/libgcc_eh.a"; else libgcc_eh=\`${CC} -print-file-name=libgcc_eh.a\`; if [ x"$libgcc_eh" != xlibgcc_eh.a ]; then libgcc="$libgcc $libgcc_eh"; fi; fi; if [ -f ../gcc/libunwind.a ]; then libgcc="$libgcc ../gcc/libunwind.a"; else libunwind=\`${CC} -print-file-name=libunwind.a\`; if [ x"$libunwind" != xlibunwind.a ]; then libgcc="$libgcc $libunwind"; fi; fi; echo --start-group $libgcc -lc --end-group` `if [ -f ../gcc/crtend.o ]; then echo ../gcc/crtend.o; else ${CC} --print-file-name=crtend.o; fi` `${CC} --print-file-name=crtn.o`'
INCINTL=''
INSTALL_DATA='/usr/bin/install -c -m 644'
INSTALL_PROGRAM='/usr/bin/install -c'
INSTALL_SCRIPT='/usr/bin/install -c'
INSTALL_STRIP_PROGRAM='${SHELL} $(install_sh) -c -s'
INSTOBJEXT=''
LD='ld'
LDFLAGS=''
LEX='flex'
LEXLIB='-lfl'
LEX_OUTPUT_ROOT='lex.yy'
LIBINTL=''
LIBINTL_DEP=''
LIBOBJS=''
LIBS=''
LIBTOOL='$(SHELL) $(top_builddir)/libtool'
LIB_PATH=''
LN_S='ln -s'
LTLIBOBJS=''
MAINT='#'
MAINTAINER_MODE_FALSE=''
MAINTAINER_MODE_TRUE='#'
MAKEINFO='/home/taoanran/git/Linux/tool/toolchain/binutils-2.18/missing makeinfo --split-size=5000000 --split-size=5000000'
MKINSTALLDIRS='$(top_builddir)/.././ld/../mkinstalldirs'
MSGFMT=':'
MSGMERGE=':'
NATIVE_LIB_DIRS='/usr/local/lib /lib /usr/lib'
NM='nm'
NO_WERROR='-Wno-error'
OBJEXT='o'
PACKAGE='ld'
PACKAGE_BUGREPORT=''
PACKAGE_NAME=''
PACKAGE_STRING=''
PACKAGE_TARNAME=''
PACKAGE_VERSION=''
PATH_SEPARATOR=':'
POSUB=''
RANLIB='ranlib'
SED='/bin/sed'
SET_MAKE=''
SHELL='/bin/bash'
STRINGIFY='astring.sed'
STRIP='strip'
TARGET_SYSTEM_ROOT=''
TARGET_SYSTEM_ROOT_DEFINE='-DTARGET_SYSTEM_ROOT=\"\"'
TESTBFDLIB='../bfd/.libs/libbfd.a'
USE_NLS='no'
VERSION='2.18'
WARN_CFLAGS='-W -Wall -Wstrict-prototypes -Wmissing-prototypes -Werror'
XGETTEXT=':'
YACC='bison -y'
ac_ct_AR=''
ac_ct_CC=''
ac_ct_DUMPBIN=''
ac_ct_RANLIB=''
ac_ct_STRIP=''
am__fastdepCC_FALSE=''
am__fastdepCC_TRUE='#'
am__include='include'
am__leading_dot='.'
am__quote=''
am__tar='${AMTAR} chof - "$$tardir"'
am__untar='${AMTAR} xf -'
bindir='${exec_prefix}/bin'
build='i686-pc-linux-gnu'
build_alias='i686-pc-linux-gnu'
build_cpu='i686'
build_os='linux-gnu'
build_vendor='pc'
datadir='${prefix}/share'
datarootdir='/tmp/binutils/share'
docdir='/tmp/binutils/share/doc'
exec_prefix='${prefix}'
host='i686-pc-linux-gnu'
host_alias='i686-pc-linux-gnu'
host_cpu='i686'
host_os='linux-gnu'
host_vendor='pc'
htmldir='/tmp/binutils/share/doc'
includedir='${prefix}/include'
infodir='${prefix}/info'
install_sh='/home/taoanran/git/Linux/tool/toolchain/binutils-2.18/install-sh'
libdir='${exec_prefix}/lib'
libexecdir='${exec_prefix}/libexec'
localstatedir='${prefix}/var'
lt_ECHO='echo'
mandir='${prefix}/man'
mkdir_p='mkdir -p --'
oldincludedir='/usr/include'
prefix='/tmp/binutils'
program_transform_name='s,y,y,'
sbindir='${exec_prefix}/sbin'
sharedstatedir='${prefix}/com'
sysconfdir='${prefix}/etc'
target='i686-pc-linux-gnu'
target_alias='i686-pc-linux-gnu'
target_cpu='i686'
target_os='linux-gnu'
target_vendor='pc'
use_sysroot='no'

## ------------- ##
## Output files. ##
## ------------- ##

TDIRS='tdirs'

## ----------- ##
## confdefs.h. ##
## ----------- ##

#define HAVE_DECL_ENVIRON 0
#define HAVE_DECL_FREE 1
#define HAVE_DECL_GETENV 1
#define HAVE_DECL_GETOPT 1
#define HAVE_DECL_SBRK 1
#define HAVE_DECL_STRSTR 1
#define HAVE_DIRENT_H 1
#define HAVE_DLFCN_H 1
#define HAVE_GLOB 1
#define HAVE_INTTYPES_H 1
#define HAVE_LIMITS_H 1
#define HAVE_MEMORY_H 1
#define HAVE_MKSTEMP 1
#define HAVE_REALPATH 1
#define HAVE_SBRK 1
#define HAVE_STDINT_H 1
#define HAVE_STDLIB_H 1
#define HAVE_STDLIB_H 1
#define HAVE_STRINGS_H 1
#define HAVE_STRINGS_H 1
#define HAVE_STRING_H 1
#define HAVE_STRING_H 1
#define HAVE_SYS_PARAM_H 1
#define HAVE_SYS_STAT_H 1
#define HAVE_SYS_TYPES_H 1
#define HAVE_UNISTD_H 1
#define HAVE_UNISTD_H 1
#define HAVE_WAITPID 1
#define LT_OBJDIR ".libs/"
#define PACKAGE "ld"
#define PACKAGE_BUGREPORT ""
#define PACKAGE_NAME ""
#define PACKAGE_STRING ""
#define PACKAGE_TARNAME ""
#define PACKAGE_VERSION ""
#define STDC_HEADERS 1
#define VERSION "2.18"
#define YYTEXT_POINTER 1

configure: exit 0

## ---------------------- ##
## Running config.status. ##
## ---------------------- ##

This file was extended by config.status, which was
generated by GNU Autoconf 2.59.  Invocation command line was

  CONFIG_FILES    = 
  CONFIG_HEADERS  = 
  CONFIG_LINKS    = 
  CONFIG_COMMANDS = 
  $ ./config.status 

on ubuntu

config.status:947: creating Makefile
config.status:947: creating po/Makefile.in
config.status:1044: creating config.h
config.status:1201: config.h is unchanged
config.status:1381: executing depfiles commands
config.status:1381: executing libtool commands
config.status:1381: executing default-1 commands
