This file contains any messages produced by compilers while
running configure, to aid debugging if configure makes a mistake.

configure:561: checking for Cygwin environment
configure:577: gcc -c -g -O2  conftest.c 1>&5
configure: In function 'main':
configure:573: error: '__CYGWIN32__' undeclared (first use in this function)
configure:573: error: (Each undeclared identifier is reported only once
configure:573: error: for each function it appears in.)
configure: failed program was:
#line 566 "configure"
#include "confdefs.h"

int main() {

#ifndef __CYGWIN__
#define __CYGWIN__ __CYGWIN32__
#endif
return __CYGWIN__;
; return 0; }
configure:594: checking for mingw32 environment
configure:606: gcc -c -g -O2  conftest.c 1>&5
configure: In function 'main':
configure:602: error: '__MINGW32__' undeclared (first use in this function)
configure:602: error: (Each undeclared identifier is reported only once
configure:602: error: for each function it appears in.)
configure: failed program was:
#line 599 "configure"
#include "confdefs.h"

int main() {
return __MINGW32__;
; return 0; }
configure:671: checking host system type
configure:692: checking target system type
configure:710: checking build system type
configure:734: checking for strerror in -lcposix
configure:753: gcc -o conftest -g -O2   conftest.c -lcposix   1>&5
/usr/bin/ld: cannot find -lcposix
collect2: ld returned 1 exit status
configure: failed program was:
#line 742 "configure"
#include "confdefs.h"
/* Override any gcc2 internal prototype to avoid an error.  */
/* We use char because int might match the return type of a gcc2
    builtin and then its argument prototype would still apply.  */
char strerror();

int main() {
strerror()
; return 0; }
configure:789: checking for a BSD compatible install
configure:842: checking whether build environment is sane
configure:899: checking whether make sets ${MAKE}
configure:945: checking for working aclocal
configure:958: checking for working autoconf
configure:971: checking for working automake
configure:984: checking for working autoheader
configure:997: checking for working makeinfo
configure:1083: checking for gcc
configure:1196: checking whether the C compiler (gcc -g -O2 ) works
configure:1212: gcc -o conftest -g -O2   conftest.c  1>&5
configure:1238: checking whether the C compiler (gcc -g -O2 ) is a cross-compiler
configure:1243: checking whether we are using GNU C
configure:1252: gcc -E conftest.c
configure:1271: checking whether gcc accepts -g
configure:1314: checking for ld used by GCC
configure:1382: checking if the linker (ld) is GNU ld
GNU ld (GNU Binutils) 2.18
configure:1399: checking for ld option to reload object files
configure:1411: checking for BSD-compatible nm
configure:1449: checking whether ln -s works
configure:1470: checking how to recognise dependant libraries
configure:1643: checking for object suffix
configure:1649: gcc -c -g -O2  conftest.c 1>&5
configure:1669: checking for executable suffix
configure:1679: gcc -o conftest -g -O2   conftest.c  1>&5
configure:1845: checking for ranlib
configure:1912: checking for strip
ltcf-c.sh:need_lc: gcc -c -g -O2  conftest.c 1>&5
ltcf-c.sh:need_lc: gcc -shared conftest.o  -v -Wl,-soname -Wl,conftest -o conftest
 /usr/lib/gcc/i486-linux-gnu/4.1.3/collect2 --eh-frame-hdr -m elf_i386 --hash-style=both -shared -o conftest /usr/lib/gcc/i486-linux-gnu/4.1.3/../../../../lib/crti.o /usr/lib/gcc/i486-linux-gnu/4.1.3/crtbeginS.o -L/usr/lib/gcc/i486-linux-gnu/4.1.3 -L/usr/lib/gcc/i486-linux-gnu/4.1.3 -L/usr/lib/gcc/i486-linux-gnu/4.1.3/../../../../lib -L/lib/../lib -L/usr/lib/../lib conftest.o -soname conftest -lgcc --as-needed -lgcc_s --no-as-needed -lc -lgcc --as-needed -lgcc_s --no-as-needed /usr/lib/gcc/i486-linux-gnu/4.1.3/crtendS.o /usr/lib/gcc/i486-linux-gnu/4.1.3/../../../../lib/crtn.o
ltconfig:678:checking for gcc option to produce PIC
ltconfig:687:checking that gcc PIC flag -fPIC -DPIC works.
ltconfig:697: gcc -c -g -O2 -fPIC -DPIC -DPIC  conftest.c 1>&5
ltconfig:749: checking if gcc static flag -static works
ltconfig:758: gcc -o conftest -g -O2   -static conftest.c  1>&5
/usr/lib/gcc/i486-linux-gnu/4.1.3/../../../../lib/libc.a(elf-init.o): In function `__libc_csu_irel':
(.text+0xe5): undefined reference to `__rel_iplt_end'
/usr/lib/gcc/i486-linux-gnu/4.1.3/../../../../lib/libc.a(elf-init.o): In function `__libc_csu_irel':
(.text+0xec): undefined reference to `__rel_iplt_start'
/usr/lib/gcc/i486-linux-gnu/4.1.3/../../../../lib/libc.a(elf-init.o): In function `__libc_csu_irel':
(.text+0xfd): undefined reference to `__rel_iplt_start'
/usr/lib/gcc/i486-linux-gnu/4.1.3/../../../../lib/libc.a(elf-init.o): In function `__libc_csu_irel':
(.text+0x106): undefined reference to `__rel_iplt_start'
/usr/lib/gcc/i486-linux-gnu/4.1.3/../../../../lib/libc.a(elf-init.o): In function `__libc_csu_irel':
(.text+0x113): undefined reference to `__rel_iplt_start'
/usr/lib/gcc/i486-linux-gnu/4.1.3/../../../../lib/libc.a(elf-init.o): In function `__libc_csu_irel':
(.text+0x11b): undefined reference to `__rel_iplt_start'
collect2: ld returned 1 exit status
ltconfig:780: finding the maximum length of command line arguments
ltconfig:@lineno@: result: 49153
ltconfig:833: checking if gcc supports -c -o file.o
ltconfig:834: gcc -c -g -O2 -o out/conftest2.o  conftest.c 1>&5
ltconfig:887: checking if gcc supports -fno-rtti -fno-exceptions
ltconfig:888: gcc -c -g -O2 -fno-rtti -fno-exceptions -c conftest.c  conftest.c 1>&5
ltconfig:1431: checking if global_symbol_pipe works
ltconfig:1432: gcc -c -g -O2  conftest.c 1>&5
ltconfig:1435: eval "nm conftest.o | sed -n -e 's/^.*[ 	]\([ABCDGISTW][ABCDGISTW]*\)[ 	][ 	]*\(\)\([_A-Za-z][_A-Za-z0-9]*\)$/\1 \2\3 \3/p' > conftest.nm"
ltconfig:1487: gcc -o conftest -g -O2 -fno-builtin   conftest.c conftstm.o 1>&5
configure:2256: checking for gcc
configure:2369: checking whether the C compiler (gcc -g -O2 ) works
configure:2385: gcc -o conftest -g -O2   conftest.c  1>&5
configure:2411: checking whether the C compiler (gcc -g -O2 ) is a cross-compiler
configure:2416: checking whether we are using GNU C
configure:2444: checking whether gcc accepts -g
configure:2481: checking for bison
configure:2512: checking how to run the C preprocessor
configure:2533: gcc -E  conftest.c >/dev/null 2>conftest.out
configure:2597: checking for flex
configure:2630: checking for flex
configure:2664: checking for yywrap in -lfl
configure:2683: gcc -o conftest -g -O2   conftest.c -lfl   1>&5
configure:2706: checking lex output file root
configure:2727: checking whether yytext is a pointer
configure:2746: gcc -o conftest -g -O2   conftest.c  -lfl 1>&5
configure:2772: checking for ranlib
configure:2800: checking for ANSI C header files
configure:2813: gcc -E  conftest.c >/dev/null 2>conftest.out
configure:2880: gcc -o conftest -g -O2   conftest.c  1>&5
configure: In function 'main':
configure:2875: warning: incompatible implicit declaration of built-in function 'exit'
configure:2904: checking for working const
configure:2958: gcc -c -g -O2  conftest.c 1>&5
configure:2979: checking for inline
configure:2993: gcc -c -g -O2  conftest.c 1>&5
configure:3019: checking for off_t
configure:3052: checking for size_t
configure:3087: checking for working alloca.h
configure:3099: gcc -o conftest -g -O2   conftest.c  1>&5
configure:3120: checking for alloca
configure:3153: gcc -o conftest -g -O2   conftest.c  1>&5
configure:3322: checking for unistd.h
configure:3332: gcc -E  conftest.c >/dev/null 2>conftest.out
configure:3361: checking for getpagesize
configure:3389: gcc -o conftest -g -O2   conftest.c  1>&5
configure:3414: checking for working mmap
configure:3562: gcc -o conftest -g -O2   conftest.c  1>&5
configure:3493: warning: conflicting types for built-in function 'malloc'
configure: In function 'main':
configure:3510: warning: incompatible implicit declaration of built-in function 'exit'
configure:3590: checking for argz.h
configure:3600: gcc -E  conftest.c >/dev/null 2>conftest.out
configure:3590: checking for limits.h
configure:3600: gcc -E  conftest.c >/dev/null 2>conftest.out
configure:3590: checking for locale.h
configure:3600: gcc -E  conftest.c >/dev/null 2>conftest.out
configure:3590: checking for nl_types.h
configure:3600: gcc -E  conftest.c >/dev/null 2>conftest.out
configure:3590: checking for malloc.h
configure:3600: gcc -E  conftest.c >/dev/null 2>conftest.out
configure:3590: checking for string.h
configure:3600: gcc -E  conftest.c >/dev/null 2>conftest.out
configure:3590: checking for unistd.h
configure:3590: checking for values.h
configure:3600: gcc -E  conftest.c >/dev/null 2>conftest.out
configure:3590: checking for sys/param.h
configure:3600: gcc -E  conftest.c >/dev/null 2>conftest.out
configure:3630: checking for getcwd
configure:3658: gcc -o conftest -g -O2   conftest.c  1>&5
configure:3630: checking for munmap
configure:3658: gcc -o conftest -g -O2   conftest.c  1>&5
configure:3630: checking for putenv
configure:3658: gcc -o conftest -g -O2   conftest.c  1>&5
configure:3630: checking for setenv
configure:3658: gcc -o conftest -g -O2   conftest.c  1>&5
configure:3630: checking for setlocale
configure:3658: gcc -o conftest -g -O2   conftest.c  1>&5
configure:3630: checking for strchr
configure:3658: gcc -o conftest -g -O2   conftest.c  1>&5
configure:3642: warning: conflicting types for built-in function 'strchr'
configure:3630: checking for strcasecmp
configure:3658: gcc -o conftest -g -O2   conftest.c  1>&5
configure:3642: warning: conflicting types for built-in function 'strcasecmp'
configure:3630: checking for __argz_count
configure:3658: gcc -o conftest -g -O2   conftest.c  1>&5
configure:3630: checking for __argz_stringify
configure:3658: gcc -o conftest -g -O2   conftest.c  1>&5
configure:3630: checking for __argz_next
configure:3658: gcc -o conftest -g -O2   conftest.c  1>&5
configure:3687: checking for stpcpy
configure:3715: gcc -o conftest -g -O2   conftest.c  1>&5
configure:3699: warning: conflicting types for built-in function 'stpcpy'
configure:3749: checking for LC_MESSAGES
configure:3761: gcc -o conftest -g -O2   conftest.c  1>&5
configure:3782: checking whether NLS is requested
configure:4409: checking whether to enable maintainer-specific portions of Makefiles
configure:4434: checking for executable suffix
configure:4487: checking for ranlib
configure:4526: checking for a BSD compatible install
configure:4628: checking for string.h
configure:4628: checking for strings.h
configure:4638: gcc -E  conftest.c >/dev/null 2>conftest.out
configure:4628: checking for stdlib.h
configure:4638: gcc -E  conftest.c >/dev/null 2>conftest.out
configure:4628: checking for unistd.h
configure:4628: checking for fcntl.h
configure:4638: gcc -E  conftest.c >/dev/null 2>conftest.out
configure:4628: checking for sys/file.h
configure:4638: gcc -E  conftest.c >/dev/null 2>conftest.out
configure:4665: checking for sys/wait.h that is POSIX.1 compatible
configure:4686: gcc -c -g -O2  conftest.c 1>&5
configure:4709: checking for working alloca.h
configure:4742: checking for alloca
configure:4943: checking for sbrk
configure:4971: gcc -o conftest -g -O2   conftest.c  1>&5
configure:4943: checking for utimes
configure:4971: gcc -o conftest -g -O2   conftest.c  1>&5
configure:4943: checking for setmode
configure:4971: gcc -o conftest -g -O2   conftest.c  1>&5
/tmp/ccMZcOeG.o: In function `main':
/home/taoanran/git/linux/crosstool-0.43/build/arm-softfloat-linux-gnu/gcc-3.4.5-glibc-2.3.6/build-binutils/binutils/configure:4965: undefined reference to `setmode'
collect2: ld returned 1 exit status
configure: failed program was:
#line 4948 "configure"
#include "confdefs.h"
/* System header to define __stub macros and hopefully few prototypes,
    which can conflict with char setmode(); below.  */
#include <assert.h>
/* Override any gcc2 internal prototype to avoid an error.  */
/* We use char because int might match the return type of a gcc2
    builtin and then its argument prototype would still apply.  */
char setmode();

int main() {

/* The GNU C library defines this for functions which it implements
    to always fail with ENOSYS.  Some functions are actually named
    something starting with __ and the normal name is an alias.  */
#if defined (__stub_setmode) || defined (__stub___setmode)
choke me
#else
setmode();
#endif

; return 0; }
configure:4943: checking for getc_unlocked
configure:4971: gcc -o conftest -g -O2   conftest.c  1>&5
configure:4943: checking for strcoll
configure:4971: gcc -o conftest -g -O2   conftest.c  1>&5
configure:4999: checking for fopen64
configure:5011: gcc -o conftest -g -O2   conftest.c  1>&5
configure: In function 'main':
configure:5007: warning: initialization makes pointer from integer without a cast
configure:5060: checking for library containing frexp
configure:5078: gcc -o conftest -g -O2   conftest.c  1>&5
configure:5071: warning: conflicting types for built-in function 'frexp'
configure:5122: checking for time_t in time.h
configure:5134: gcc -c -g -O2  conftest.c 1>&5
configure:5155: checking for time_t in sys/types.h
configure:5167: gcc -c -g -O2  conftest.c 1>&5
configure:5190: checking for utime.h
configure:5206: gcc -c -g -O2  conftest.c 1>&5
configure:5227: checking whether fprintf must be declared
configure:5253: gcc -c -g -O2  conftest.c 1>&5
configure:5274: checking whether strstr must be declared
configure:5300: gcc -c -g -O2  conftest.c 1>&5
configure:5321: checking whether sbrk must be declared
configure:5347: gcc -c -g -O2  conftest.c 1>&5
configure:5368: checking whether getenv must be declared
configure:5394: gcc -c -g -O2  conftest.c 1>&5
configure:5415: checking whether environ must be declared
configure:5441: gcc -c -g -O2  conftest.c 1>&5
configure: In function 'main':
configure:5437: error: 'environ' undeclared (first use in this function)
configure:5437: error: (Each undeclared identifier is reported only once
configure:5437: error: for each function it appears in.)
configure: failed program was:
#line 5420 "configure"
#include "confdefs.h"

#include <stdio.h>
#ifdef HAVE_STRING_H
#include <string.h>
#else
#ifdef HAVE_STRINGS_H
#include <strings.h>
#endif
#endif
#ifdef HAVE_STDLIB_H
#include <stdlib.h>
#endif
#ifdef HAVE_UNISTD_H
#include <unistd.h>
#endif
int main() {
char *(*pfn) = (char *(*)) environ
; return 0; }
