This file contains any messages produced by compilers while
running configure, to aid debugging if configure makes a mistake.

It was created by configure, which was
generated by GNU Autoconf 2.57.  Invocation command line was

  $ /home/taoanran/git/linux/crosstool-0.43/build/arm-softfloat-linux-gnu/gcc-3.4.5-glibc-2.3.6/gcc-3.4.5/libiberty/configure --cache-file=./config.cache --build=i686-host_pc-linux-gnu --host=i686-host_pc-linux-gnu --target=arm-softfloat-linux-gnu --prefix=/home/taoanran/git/linux/crosstool-0.43/build/arm-softfloat-linux-gnu/gcc-3.4.5-glibc-2.3.6/gcc-core-prefix --with-local-prefix=/home/taoanran/git/linux/crosstool/gcc-3.4.5-glibc-2.3.6/arm-softfloat-linux-gnu/arm-softfloat-linux-gnu --disable-multilib --with-newlib --with-float=soft --without-headers --disable-nls --enable-threads=no --enable-symvers=gnu --enable-__cxa_atexit --enable-languages=c --disable-shared --with-gcc-version-trigger=/home/taoanran/git/linux/crosstool-0.43/build/arm-softfloat-linux-gnu/gcc-3.4.5-glibc-2.3.6/gcc-3.4.5/gcc/version.c --program-transform-name=s,^,arm-softfloat-linux-gnu-,;  --srcdir=/home/taoanran/git/linux/crosstool-0.43/build/arm-softfloat-linux-gnu/gcc-3.4.5-glibc-2.3.6/gcc-3.4.5/libiberty

## --------- ##
## Platform. ##
## --------- ##

hostname = ubuntu
uname -m = i686
uname -r = 2.6.32-38-generic
uname -s = Linux
uname -v = #83-Ubuntu SMP Wed Jan 4 11:13:04 UTC 2012

/usr/bin/uname -p = unknown
/bin/uname -X     = unknown

/bin/arch              = unknown
/usr/bin/arch -k       = unknown
/usr/convex/getsysinfo = unknown
hostinfo               = unknown
/bin/machine           = unknown
/usr/bin/oslevel       = unknown
/bin/universe          = unknown

PATH: /home/taoanran/git/linux/crosstool/gcc-3.4.5-glibc-2.3.6/arm-softfloat-linux-gnu/bin
PATH: /home/taoanran/git/linux/crosstool-0.43/build/arm-softfloat-linux-gnu/gcc-3.4.5-glibc-2.3.6/gcc-core-prefix/bin
PATH: /usr/local/sbin
PATH: /usr/local/bin
PATH: /usr/sbin
PATH: /usr/bin
PATH: /sbin
PATH: /bin
PATH: /usr/games


## ----------- ##
## Core tests. ##
## ----------- ##

configure:1194: creating cache ./config.cache
configure:1350: checking whether to enable maintainer-specific portions of Makefiles
configure:1360: result: no
configure:1375: checking for makeinfo
configure:1404: result: no
configure:1440: checking for perl
configure:1456: found /usr/bin/perl
configure:1466: result: perl
configure:1486: checking build system type
configure:1504: result: i686-host_pc-linux-gnu
configure:1512: checking host system type
configure:1526: result: i686-host_pc-linux-gnu
configure:1539: checking for i686-host_pc-linux-gnu-ar
configure:1565: result: ar
configure:1618: checking for i686-host_pc-linux-gnu-ranlib
configure:1644: result: ranlib
configure:1705: checking for i686-host_pc-linux-gnu-gcc
configure:1731: result: gcc
configure:2013: checking for C compiler version
configure:2016: gcc --version </dev/null >&5
gcc (GCC) 4.1.3 20080704 (prerelease) (Ubuntu 4.1.2-27ubuntu1)
Copyright (C) 2006 Free Software Foundation, Inc.
This is free software; see the source for copying conditions.  There is NO
warranty; not even for MERCHANTABILITY or FITNESS FOR A PARTICULAR PURPOSE.

configure:2019: $? = 0
configure:2021: gcc -v </dev/null >&5
Using built-in specs.
Target: i486-linux-gnu
Configured with: ../src/configure -v --enable-languages=c,c++ --prefix=/usr --enable-shared --with-system-zlib --libexecdir=/usr/lib --without-included-gettext --enable-threads=posix --enable-nls --with-gxx-include-dir=/usr/include/c++/4.1.3 --program-suffix=-4.1 --enable-__cxa_atexit --enable-clocale=gnu --enable-libstdcxx-debug --with-tune=generic --enable-checking=release i486-linux-gnu
Thread model: posix
gcc version 4.1.3 20080704 (prerelease) (Ubuntu 4.1.2-27ubuntu1)
configure:2024: $? = 0
configure:2026: gcc -V </dev/null >&5
gcc: '-V' option must have argument
configure:2029: $? = 1
configure:2049: gcc -o conftest -g -O2   conftest.c  >&5
configure:2052: $? = 0
configure:2087: checking for C compiler default output
configure:2090: gcc -g -O2   conftest.c  >&5
configure:2093: $? = 0
configure:2139: result: a.out
configure:2144: checking whether the C compiler works
configure:2150: ./a.out
configure:2153: $? = 0
configure:2170: result: yes
configure:2177: checking whether we are cross compiling
configure:2179: result: no
configure:2182: checking for suffix of executables
configure:2184: gcc -o conftest -g -O2   conftest.c  >&5
configure:2187: $? = 0
configure:2212: result: 
configure:2219: checking for suffix of object files
configure:2241: gcc -c -g -O2  conftest.c >&5
configure:2244: $? = 0
configure:2266: result: o
configure:2270: checking whether we are using the GNU C compiler
configure:2295: gcc -c -g -O2  conftest.c >&5
configure:2298: $? = 0
configure:2301: test -s conftest.o
configure:2304: $? = 0
configure:2317: result: yes
configure:2323: checking whether gcc accepts -g
configure:2345: gcc -c -g  conftest.c >&5
configure:2348: $? = 0
configure:2351: test -s conftest.o
configure:2354: $? = 0
configure:2365: result: yes
configure:2382: checking for gcc option to accept ANSI C
configure:2443: gcc  -c -g -O2  conftest.c >&5
configure:2446: $? = 0
configure:2449: test -s conftest.o
configure:2452: $? = 0
configure:2470: result: none needed
configure:2488: gcc -c -g -O2  conftest.c >&5
conftest.c:2: error: expected '=', ',', ';', 'asm' or '__attribute__' before 'me'
configure:2491: $? = 1
configure: failed program was:
| #ifndef __cplusplus
|   choke me
| #endif
configure:2605: checking how to run the C preprocessor
configure:2641: gcc -E  conftest.c
configure:2647: $? = 0
configure:2679: gcc -E  conftest.c
configure:2678:28: error: ac_nonexistent.h: No such file or directory
configure:2685: $? = 1
configure: failed program was:
| #line 2670 "configure"
| /* confdefs.h.  */
| 
| #define PACKAGE_NAME ""
| #define PACKAGE_TARNAME ""
| #define PACKAGE_VERSION ""
| #define PACKAGE_STRING ""
| #define PACKAGE_BUGREPORT ""
| /* end confdefs.h.  */
| #include <ac_nonexistent.h>
configure:2723: result: gcc -E
configure:2748: gcc -E  conftest.c
configure:2754: $? = 0
configure:2786: gcc -E  conftest.c
configure:2785:28: error: ac_nonexistent.h: No such file or directory
configure:2792: $? = 1
configure: failed program was:
| #line 2777 "configure"
| /* confdefs.h.  */
| 
| #define PACKAGE_NAME ""
| #define PACKAGE_TARNAME ""
| #define PACKAGE_VERSION ""
| #define PACKAGE_STRING ""
| #define PACKAGE_BUGREPORT ""
| /* end confdefs.h.  */
| #include <ac_nonexistent.h>
configure:2843: checking whether gcc and cc understand -c and -o together
configure:2874: gcc -c conftest.c -o conftest.o >&5
configure:2877: $? = 0
configure:2879: gcc -c conftest.c -o conftest.o >&5
configure:2882: $? = 0
configure:2889: cc -c conftest.c >&5
configure:2892: $? = 0
configure:2895: cc -c conftest.c -o conftest.o >&5
configure:2898: $? = 0
configure:2900: cc -c conftest.c -o conftest.o >&5
configure:2903: $? = 0
configure:2921: result: yes
configure:2943: checking for an ANSI C-conforming const
configure:3011: gcc -c -g -O2  conftest.c >&5
configure:3014: $? = 0
configure:3017: test -s conftest.o
configure:3020: $? = 0
configure:3031: result: yes
configure:3041: checking for inline
configure:3063: gcc -c -g -O2  conftest.c >&5
configure:3066: $? = 0
configure:3069: test -s conftest.o
configure:3072: $? = 0
configure:3084: result: inline
configure:3099: checking whether byte ordering is bigendian
configure:3127: gcc -c -g -O2  conftest.c >&5
configure:3130: $? = 0
configure:3133: test -s conftest.o
configure:3136: $? = 0
configure:3160: gcc -c -g -O2  conftest.c >&5
configure: In function 'main':
configure:3154: error: 'not' undeclared (first use in this function)
configure:3154: error: (Each undeclared identifier is reported only once
configure:3154: error: for each function it appears in.)
configure:3154: error: expected ';' before 'big'
configure:3163: $? = 1
configure: failed program was:
| #line 3139 "configure"
| /* confdefs.h.  */
| 
| #define PACKAGE_NAME ""
| #define PACKAGE_TARNAME ""
| #define PACKAGE_VERSION ""
| #define PACKAGE_STRING ""
| #define PACKAGE_BUGREPORT ""
| /* end confdefs.h.  */
| #include <sys/types.h>
| #include <sys/param.h>
| int
| main ()
| {
| 
| #if BYTE_ORDER != BIG_ENDIAN
|  not big endian
| #endif
|   ;
|   return 0;
| }
configure:3231: result: no
configure:3311: checking for a BSD-compatible install
configure:3365: result: /usr/bin/install -c
configure:3410: checking for sys/file.h
configure:3424: gcc -E  conftest.c
configure:3430: $? = 0
configure:3450: result: yes
configure:3410: checking for sys/param.h
configure:3424: gcc -E  conftest.c
configure:3430: $? = 0
configure:3450: result: yes
configure:3410: checking for limits.h
configure:3424: gcc -E  conftest.c
configure:3430: $? = 0
configure:3450: result: yes
configure:3410: checking for stdlib.h
configure:3424: gcc -E  conftest.c
configure:3430: $? = 0
configure:3450: result: yes
configure:3410: checking for malloc.h
configure:3424: gcc -E  conftest.c
configure:3430: $? = 0
configure:3450: result: yes
configure:3410: checking for string.h
configure:3424: gcc -E  conftest.c
configure:3430: $? = 0
configure:3450: result: yes
configure:3410: checking for unistd.h
configure:3424: gcc -E  conftest.c
configure:3430: $? = 0
configure:3450: result: yes
configure:3410: checking for strings.h
configure:3424: gcc -E  conftest.c
configure:3430: $? = 0
configure:3450: result: yes
configure:3410: checking for sys/time.h
configure:3424: gcc -E  conftest.c
configure:3430: $? = 0
configure:3450: result: yes
configure:3410: checking for time.h
configure:3424: gcc -E  conftest.c
configure:3430: $? = 0
configure:3450: result: yes
configure:3410: checking for sys/resource.h
configure:3424: gcc -E  conftest.c
configure:3430: $? = 0
configure:3450: result: yes
configure:3410: checking for sys/stat.h
configure:3424: gcc -E  conftest.c
configure:3430: $? = 0
configure:3450: result: yes
configure:3410: checking for sys/mman.h
configure:3424: gcc -E  conftest.c
configure:3430: $? = 0
configure:3450: result: yes
configure:3410: checking for fcntl.h
configure:3424: gcc -E  conftest.c
configure:3430: $? = 0
configure:3450: result: yes
configure:3410: checking for alloca.h
configure:3424: gcc -E  conftest.c
configure:3430: $? = 0
configure:3450: result: yes
configure:3410: checking for sys/pstat.h
configure:3424: gcc -E  conftest.c
configure:3439:23: error: sys/pstat.h: No such file or directory
configure:3430: $? = 1
configure: failed program was:
| #line 3415 "configure"
| /* confdefs.h.  */
| 
| #define PACKAGE_NAME ""
| #define PACKAGE_TARNAME ""
| #define PACKAGE_VERSION ""
| #define PACKAGE_STRING ""
| #define PACKAGE_BUGREPORT ""
| #define BYTEORDER 1234
| #define HAVE_SYS_FILE_H 1
| #define HAVE_SYS_PARAM_H 1
| #define HAVE_LIMITS_H 1
| #define HAVE_STDLIB_H 1
| #define HAVE_MALLOC_H 1
| #define HAVE_STRING_H 1
| #define HAVE_UNISTD_H 1
| #define HAVE_STRINGS_H 1
| #define HAVE_SYS_TIME_H 1
| #define HAVE_TIME_H 1
| #define HAVE_SYS_RESOURCE_H 1
| #define HAVE_SYS_STAT_H 1
| #define HAVE_SYS_MMAN_H 1
| #define HAVE_FCNTL_H 1
| #define HAVE_ALLOCA_H 1
| /* end confdefs.h.  */
| #include <sys/pstat.h>
configure:3450: result: no
configure:3410: checking for sys/sysmp.h
configure:3424: gcc -E  conftest.c
configure:3439:23: error: sys/sysmp.h: No such file or directory
configure:3430: $? = 1
configure: failed program was:
| #line 3415 "configure"
| /* confdefs.h.  */
| 
| #define PACKAGE_NAME ""
| #define PACKAGE_TARNAME ""
| #define PACKAGE_VERSION ""
| #define PACKAGE_STRING ""
| #define PACKAGE_BUGREPORT ""
| #define BYTEORDER 1234
| #define HAVE_SYS_FILE_H 1
| #define HAVE_SYS_PARAM_H 1
| #define HAVE_LIMITS_H 1
| #define HAVE_STDLIB_H 1
| #define HAVE_MALLOC_H 1
| #define HAVE_STRING_H 1
| #define HAVE_UNISTD_H 1
| #define HAVE_STRINGS_H 1
| #define HAVE_SYS_TIME_H 1
| #define HAVE_TIME_H 1
| #define HAVE_SYS_RESOURCE_H 1
| #define HAVE_SYS_STAT_H 1
| #define HAVE_SYS_MMAN_H 1
| #define HAVE_FCNTL_H 1
| #define HAVE_ALLOCA_H 1
| /* end confdefs.h.  */
| #include <sys/sysmp.h>
configure:3450: result: no
configure:3410: checking for sys/sysinfo.h
configure:3424: gcc -E  conftest.c
configure:3430: $? = 0
configure:3450: result: yes
configure:3410: checking for machine/hal_sysinfo.h
configure:3424: gcc -E  conftest.c
configure:3440:33: error: machine/hal_sysinfo.h: No such file or directory
configure:3430: $? = 1
configure: failed program was:
| #line 3415 "configure"
| /* confdefs.h.  */
| 
| #define PACKAGE_NAME ""
| #define PACKAGE_TARNAME ""
| #define PACKAGE_VERSION ""
| #define PACKAGE_STRING ""
| #define PACKAGE_BUGREPORT ""
| #define BYTEORDER 1234
| #define HAVE_SYS_FILE_H 1
| #define HAVE_SYS_PARAM_H 1
| #define HAVE_LIMITS_H 1
| #define HAVE_STDLIB_H 1
| #define HAVE_MALLOC_H 1
| #define HAVE_STRING_H 1
| #define HAVE_UNISTD_H 1
| #define HAVE_STRINGS_H 1
| #define HAVE_SYS_TIME_H 1
| #define HAVE_TIME_H 1
| #define HAVE_SYS_RESOURCE_H 1
| #define HAVE_SYS_STAT_H 1
| #define HAVE_SYS_MMAN_H 1
| #define HAVE_FCNTL_H 1
| #define HAVE_ALLOCA_H 1
| #define HAVE_SYS_SYSINFO_H 1
| /* end confdefs.h.  */
| #include <machine/hal_sysinfo.h>
configure:3450: result: no
configure:3410: checking for sys/table.h
configure:3424: gcc -E  conftest.c
configure:3440:23: error: sys/table.h: No such file or directory
configure:3430: $? = 1
configure: failed program was:
| #line 3415 "configure"
| /* confdefs.h.  */
| 
| #define PACKAGE_NAME ""
| #define PACKAGE_TARNAME ""
| #define PACKAGE_VERSION ""
| #define PACKAGE_STRING ""
| #define PACKAGE_BUGREPORT ""
| #define BYTEORDER 1234
| #define HAVE_SYS_FILE_H 1
| #define HAVE_SYS_PARAM_H 1
| #define HAVE_LIMITS_H 1
| #define HAVE_STDLIB_H 1
| #define HAVE_MALLOC_H 1
| #define HAVE_STRING_H 1
| #define HAVE_UNISTD_H 1
| #define HAVE_STRINGS_H 1
| #define HAVE_SYS_TIME_H 1
| #define HAVE_TIME_H 1
| #define HAVE_SYS_RESOURCE_H 1
| #define HAVE_SYS_STAT_H 1
| #define HAVE_SYS_MMAN_H 1
| #define HAVE_FCNTL_H 1
| #define HAVE_ALLOCA_H 1
| #define HAVE_SYS_SYSINFO_H 1
| /* end confdefs.h.  */
| #include <sys/table.h>
configure:3450: result: no
configure:3410: checking for sys/sysctl.h
configure:3424: gcc -E  conftest.c
configure:3430: $? = 0
configure:3450: result: yes
configure:3410: checking for sys/systemcfg.h
configure:3424: gcc -E  conftest.c
configure:3441:27: error: sys/systemcfg.h: No such file or directory
configure:3430: $? = 1
configure: failed program was:
| #line 3415 "configure"
| /* confdefs.h.  */
| 
| #define PACKAGE_NAME ""
| #define PACKAGE_TARNAME ""
| #define PACKAGE_VERSION ""
| #define PACKAGE_STRING ""
| #define PACKAGE_BUGREPORT ""
| #define BYTEORDER 1234
| #define HAVE_SYS_FILE_H 1
| #define HAVE_SYS_PARAM_H 1
| #define HAVE_LIMITS_H 1
| #define HAVE_STDLIB_H 1
| #define HAVE_MALLOC_H 1
| #define HAVE_STRING_H 1
| #define HAVE_UNISTD_H 1
| #define HAVE_STRINGS_H 1
| #define HAVE_SYS_TIME_H 1
| #define HAVE_TIME_H 1
| #define HAVE_SYS_RESOURCE_H 1
| #define HAVE_SYS_STAT_H 1
| #define HAVE_SYS_MMAN_H 1
| #define HAVE_FCNTL_H 1
| #define HAVE_ALLOCA_H 1
| #define HAVE_SYS_SYSINFO_H 1
| #define HAVE_SYS_SYSCTL_H 1
| /* end confdefs.h.  */
| #include <sys/systemcfg.h>
configure:3450: result: no
configure:3460: checking for sys/wait.h that is POSIX.1 compatible
configure:3492: gcc -c -g -O2  conftest.c >&5
configure:3495: $? = 0
configure:3498: test -s conftest.o
configure:3501: $? = 0
configure:3512: result: yes
configure:3522: checking whether time.h and sys/time.h may both be included
configure:3548: gcc -c -g -O2  conftest.c >&5
configure:3551: $? = 0
configure:3554: test -s conftest.o
configure:3557: $? = 0
configure:3568: result: yes
configure:3579: checking whether errno must be declared
configure:3601: gcc -c -g -O2  conftest.c >&5
configure:3604: $? = 0
configure:3607: test -s conftest.o
configure:3610: $? = 0
configure:3621: result: no
configure:3632: checking for egrep
configure:3642: result: grep -E
configure:3647: checking for ANSI C header files
configure:3673: gcc -c -g -O2  conftest.c >&5
configure:3676: $? = 0
configure:3679: test -s conftest.o
configure:3682: $? = 0
configure:3774: gcc -o conftest -g -O2   conftest.c  >&5
configure: In function 'main':
configure:3787: warning: incompatible implicit declaration of built-in function 'exit'
configure:3777: $? = 0
configure:3779: ./conftest
configure:3782: $? = 0
configure:3797: result: yes
configure:3821: checking for sys/types.h
configure:3835: gcc -E  conftest.c
configure:3841: $? = 0
configure:3861: result: yes
configure:3821: checking for sys/stat.h
configure:3861: result: yes
configure:3821: checking for stdlib.h
configure:3861: result: yes
configure:3821: checking for string.h
configure:3861: result: yes
configure:3821: checking for memory.h
configure:3835: gcc -E  conftest.c
configure:3841: $? = 0
configure:3861: result: yes
configure:3821: checking for strings.h
configure:3861: result: yes
configure:3821: checking for inttypes.h
configure:3835: gcc -E  conftest.c
configure:3841: $? = 0
configure:3861: result: yes
configure:3821: checking for stdint.h
configure:3835: gcc -E  conftest.c
configure:3841: $? = 0
configure:3861: result: yes
configure:3821: checking for unistd.h
configure:3861: result: yes
configure:3872: checking for uintptr_t
configure:3897: gcc -c -g -O2  conftest.c >&5
configure:3900: $? = 0
configure:3903: test -s conftest.o
configure:3906: $? = 0
configure:3917: result: yes
configure:3938: checking for pid_t
configure:3963: gcc -c -g -O2  conftest.c >&5
configure:3966: $? = 0
configure:3969: test -s conftest.o
configure:3972: $? = 0
configure:3983: result: yes
configure:4438: checking for library containing strerror
configure:4474: gcc -o conftest -g -O2   conftest.c  >&5
configure:4477: $? = 0
configure:4480: test -s conftest
configure:4483: $? = 0
configure:4547: result: none required
configure:4558: checking for asprintf
configure:4615: gcc -o conftest -g -O2   conftest.c  >&5
configure:4618: $? = 0
configure:4621: test -s conftest
configure:4624: $? = 0
configure:4635: result: yes
configure:4558: checking for atexit
configure:4615: gcc -o conftest -g -O2   conftest.c  >&5
configure:4618: $? = 0
configure:4621: test -s conftest
configure:4624: $? = 0
configure:4635: result: yes
configure:4558: checking for basename
configure:4615: gcc -o conftest -g -O2   conftest.c  >&5
configure:4618: $? = 0
configure:4621: test -s conftest
configure:4624: $? = 0
configure:4635: result: yes
configure:4558: checking for bcmp
configure:4615: gcc -o conftest -g -O2   conftest.c  >&5
configure:4628: warning: conflicting types for built-in function 'bcmp'
configure:4618: $? = 0
configure:4621: test -s conftest
configure:4624: $? = 0
configure:4635: result: yes
configure:4558: checking for bcopy
configure:4615: gcc -o conftest -g -O2   conftest.c  >&5
configure:4629: warning: conflicting types for built-in function 'bcopy'
configure:4618: $? = 0
configure:4621: test -s conftest
configure:4624: $? = 0
configure:4635: result: yes
configure:4558: checking for bsearch
configure:4615: gcc -o conftest -g -O2   conftest.c  >&5
configure:4618: $? = 0
configure:4621: test -s conftest
configure:4624: $? = 0
configure:4635: result: yes
configure:4558: checking for bzero
configure:4615: gcc -o conftest -g -O2   conftest.c  >&5
configure:4631: warning: conflicting types for built-in function 'bzero'
configure:4618: $? = 0
configure:4621: test -s conftest
configure:4624: $? = 0
configure:4635: result: yes
configure:4558: checking for calloc
configure:4615: gcc -o conftest -g -O2   conftest.c  >&5
configure:4632: warning: conflicting types for built-in function 'calloc'
configure:4618: $? = 0
configure:4621: test -s conftest
configure:4624: $? = 0
configure:4635: result: yes
configure:4558: checking for clock
configure:4615: gcc -o conftest -g -O2   conftest.c  >&5
configure:4618: $? = 0
configure:4621: test -s conftest
configure:4624: $? = 0
configure:4635: result: yes
configure:4558: checking for ffs
configure:4615: gcc -o conftest -g -O2   conftest.c  >&5
configure:4634: warning: conflicting types for built-in function 'ffs'
configure:4618: $? = 0
configure:4621: test -s conftest
configure:4624: $? = 0
configure:4635: result: yes
configure:4558: checking for getcwd
configure:4615: gcc -o conftest -g -O2   conftest.c  >&5
configure:4618: $? = 0
configure:4621: test -s conftest
configure:4624: $? = 0
configure:4635: result: yes
configure:4558: checking for getpagesize
configure:4615: gcc -o conftest -g -O2   conftest.c  >&5
configure:4618: $? = 0
configure:4621: test -s conftest
configure:4624: $? = 0
configure:4635: result: yes
configure:4558: checking for index
configure:4615: gcc -o conftest -g -O2   conftest.c  >&5
configure:4637: warning: conflicting types for built-in function 'index'
configure:4618: $? = 0
configure:4621: test -s conftest
configure:4624: $? = 0
configure:4635: result: yes
configure:4558: checking for insque
configure:4615: gcc -o conftest -g -O2   conftest.c  >&5
configure:4618: $? = 0
configure:4621: test -s conftest
configure:4624: $? = 0
configure:4635: result: yes
configure:4558: checking for memchr
configure:4615: gcc -o conftest -g -O2   conftest.c  >&5
configure:4618: $? = 0
configure:4621: test -s conftest
configure:4624: $? = 0
configure:4635: result: yes
configure:4558: checking for memcmp
configure:4615: gcc -o conftest -g -O2   conftest.c  >&5
configure:4640: warning: conflicting types for built-in function 'memcmp'
configure:4618: $? = 0
configure:4621: test -s conftest
configure:4624: $? = 0
configure:4635: result: yes
configure:4558: checking for memcpy
configure:4615: gcc -o conftest -g -O2   conftest.c  >&5
configure:4641: warning: conflicting types for built-in function 'memcpy'
configure:4618: $? = 0
configure:4621: test -s conftest
configure:4624: $? = 0
configure:4635: result: yes
configure:4558: checking for memmove
configure:4615: gcc -o conftest -g -O2   conftest.c  >&5
configure:4642: warning: conflicting types for built-in function 'memmove'
configure:4618: $? = 0
configure:4621: test -s conftest
configure:4624: $? = 0
configure:4635: result: yes
configure:4558: checking for mempcpy
configure:4615: gcc -o conftest -g -O2   conftest.c  >&5
configure:4643: warning: conflicting types for built-in function 'mempcpy'
configure:4618: $? = 0
configure:4621: test -s conftest
configure:4624: $? = 0
configure:4635: result: yes
configure:4558: checking for memset
configure:4615: gcc -o conftest -g -O2   conftest.c  >&5
configure:4644: warning: conflicting types for built-in function 'memset'
configure:4618: $? = 0
configure:4621: test -s conftest
configure:4624: $? = 0
configure:4635: result: yes
configure:4558: checking for mkstemps
configure:4615: gcc -o conftest -g -O2   conftest.c  >&5
configure:4618: $? = 0
configure:4621: test -s conftest
configure:4624: $? = 0
configure:4635: result: yes
configure:4558: checking for putenv
configure:4615: gcc -o conftest -g -O2   conftest.c  >&5
configure:4618: $? = 0
configure:4621: test -s conftest
configure:4624: $? = 0
configure:4635: result: yes
configure:4558: checking for random
configure:4615: gcc -o conftest -g -O2   conftest.c  >&5
configure:4618: $? = 0
configure:4621: test -s conftest
configure:4624: $? = 0
configure:4635: result: yes
configure:4558: checking for rename
configure:4615: gcc -o conftest -g -O2   conftest.c  >&5
configure:4618: $? = 0
configure:4621: test -s conftest
configure:4624: $? = 0
configure:4635: result: yes
configure:4558: checking for rindex
configure:4615: gcc -o conftest -g -O2   conftest.c  >&5
configure:4649: warning: conflicting types for built-in function 'rindex'
configure:4618: $? = 0
configure:4621: test -s conftest
configure:4624: $? = 0
configure:4635: result: yes
configure:4558: checking for setenv
configure:4615: gcc -o conftest -g -O2   conftest.c  >&5
configure:4618: $? = 0
configure:4621: test -s conftest
configure:4624: $? = 0
configure:4635: result: yes
configure:4558: checking for snprintf
configure:4615: gcc -o conftest -g -O2   conftest.c  >&5
configure:4651: warning: conflicting types for built-in function 'snprintf'
configure:4618: $? = 0
configure:4621: test -s conftest
configure:4624: $? = 0
configure:4635: result: yes
configure:4558: checking for sigsetmask
configure:4615: gcc -o conftest -g -O2   conftest.c  >&5
configure:4618: $? = 0
configure:4621: test -s conftest
configure:4624: $? = 0
configure:4635: result: yes
configure:4558: checking for stpcpy
configure:4615: gcc -o conftest -g -O2   conftest.c  >&5
configure:4653: warning: conflicting types for built-in function 'stpcpy'
configure:4618: $? = 0
configure:4621: test -s conftest
configure:4624: $? = 0
configure:4635: result: yes
configure:4558: checking for stpncpy
configure:4615: gcc -o conftest -g -O2   conftest.c  >&5
configure:4654: warning: conflicting types for built-in function 'stpncpy'
configure:4618: $? = 0
configure:4621: test -s conftest
configure:4624: $? = 0
configure:4635: result: yes
configure:4558: checking for strcasecmp
configure:4615: gcc -o conftest -g -O2   conftest.c  >&5
configure:4655: warning: conflicting types for built-in function 'strcasecmp'
configure:4618: $? = 0
configure:4621: test -s conftest
configure:4624: $? = 0
configure:4635: result: yes
configure:4558: checking for strchr
configure:4615: gcc -o conftest -g -O2   conftest.c  >&5
configure:4656: warning: conflicting types for built-in function 'strchr'
configure:4618: $? = 0
configure:4621: test -s conftest
configure:4624: $? = 0
configure:4635: result: yes
configure:4558: checking for strdup
configure:4615: gcc -o conftest -g -O2   conftest.c  >&5
configure:4657: warning: conflicting types for built-in function 'strdup'
configure:4618: $? = 0
configure:4621: test -s conftest
configure:4624: $? = 0
configure:4635: result: yes
configure:4558: checking for strncasecmp
configure:4615: gcc -o conftest -g -O2   conftest.c  >&5
configure:4658: warning: conflicting types for built-in function 'strncasecmp'
configure:4618: $? = 0
configure:4621: test -s conftest
configure:4624: $? = 0
configure:4635: result: yes
configure:4558: checking for strrchr
configure:4615: gcc -o conftest -g -O2   conftest.c  >&5
configure:4659: warning: conflicting types for built-in function 'strrchr'
configure:4618: $? = 0
configure:4621: test -s conftest
configure:4624: $? = 0
configure:4635: result: yes
configure:4558: checking for strstr
configure:4615: gcc -o conftest -g -O2   conftest.c  >&5
configure:4660: warning: conflicting types for built-in function 'strstr'
configure:4618: $? = 0
configure:4621: test -s conftest
configure:4624: $? = 0
configure:4635: result: yes
configure:4558: checking for strtod
configure:4615: gcc -o conftest -g -O2   conftest.c  >&5
configure:4618: $? = 0
configure:4621: test -s conftest
configure:4624: $? = 0
configure:4635: result: yes
configure:4558: checking for strtol
configure:4615: gcc -o conftest -g -O2   conftest.c  >&5
configure:4618: $? = 0
configure:4621: test -s conftest
configure:4624: $? = 0
configure:4635: result: yes
configure:4558: checking for strtoul
configure:4615: gcc -o conftest -g -O2   conftest.c  >&5
configure:4618: $? = 0
configure:4621: test -s conftest
configure:4624: $? = 0
configure:4635: result: yes
configure:4558: checking for tmpnam
configure:4615: gcc -o conftest -g -O2   conftest.c  >&5
/tmp/ccE67eS7.o: In function `main':
/home/taoanran/git/linux/crosstool-0.43/build/arm-softfloat-linux-gnu/gcc-3.4.5-glibc-2.3.6/build-gcc-core/libiberty/configure:4679: warning: the use of `tmpnam' is dangerous, better use `mkstemp'
configure:4618: $? = 0
configure:4621: test -s conftest
configure:4624: $? = 0
configure:4635: result: yes
configure:4558: checking for vasprintf
configure:4615: gcc -o conftest -g -O2   conftest.c  >&5
configure:4618: $? = 0
configure:4621: test -s conftest
configure:4624: $? = 0
configure:4635: result: yes
configure:4558: checking for vfprintf
configure:4615: gcc -o conftest -g -O2   conftest.c  >&5
configure:4666: warning: conflicting types for built-in function 'vfprintf'
configure:4618: $? = 0
configure:4621: test -s conftest
configure:4624: $? = 0
configure:4635: result: yes
configure:4558: checking for vprintf
configure:4615: gcc -o conftest -g -O2   conftest.c  >&5
configure:4667: warning: conflicting types for built-in function 'vprintf'
configure:4618: $? = 0
configure:4621: test -s conftest
configure:4624: $? = 0
configure:4635: result: yes
configure:4558: checking for vsnprintf
configure:4615: gcc -o conftest -g -O2   conftest.c  >&5
configure:4668: warning: conflicting types for built-in function 'vsnprintf'
configure:4618: $? = 0
configure:4621: test -s conftest
configure:4624: $? = 0
configure:4635: result: yes
configure:4558: checking for vsprintf
configure:4615: gcc -o conftest -g -O2   conftest.c  >&5
configure:4669: warning: conflicting types for built-in function 'vsprintf'
configure:4618: $? = 0
configure:4621: test -s conftest
configure:4624: $? = 0
configure:4635: result: yes
configure:4558: checking for waitpid
configure:4615: gcc -o conftest -g -O2   conftest.c  >&5
configure:4618: $? = 0
configure:4621: test -s conftest
configure:4624: $? = 0
configure:4635: result: yes
configure:4648: checking whether alloca needs Cray hooks
configure:4676: result: no
configure:4771: checking stack direction for C alloca
configure:4804: gcc -o conftest -g -O2   conftest.c  >&5
configure: In function 'main':
configure:4878: warning: incompatible implicit declaration of built-in function 'exit'
configure:4807: $? = 0
configure:4809: ./conftest
configure:4812: $? = 1
configure: program exited with status 1
configure: failed program was:
| #line 4779 "configure"
| /* confdefs.h.  */
| 
| #define PACKAGE_NAME ""
| #define PACKAGE_TARNAME ""
| #define PACKAGE_VERSION ""
| #define PACKAGE_STRING ""
| #define PACKAGE_BUGREPORT ""
| #define BYTEORDER 1234
| #define HAVE_SYS_FILE_H 1
| #define HAVE_SYS_PARAM_H 1
| #define HAVE_LIMITS_H 1
| #define HAVE_STDLIB_H 1
| #define HAVE_MALLOC_H 1
| #define HAVE_STRING_H 1
| #define HAVE_UNISTD_H 1
| #define HAVE_STRINGS_H 1
| #define HAVE_SYS_TIME_H 1
| #define HAVE_TIME_H 1
| #define HAVE_SYS_RESOURCE_H 1
| #define HAVE_SYS_STAT_H 1
| #define HAVE_SYS_MMAN_H 1
| #define HAVE_FCNTL_H 1
| #define HAVE_ALLOCA_H 1
| #define HAVE_SYS_SYSINFO_H 1
| #define HAVE_SYS_SYSCTL_H 1
| #define HAVE_SYS_WAIT_H 1
| #define TIME_WITH_SYS_TIME 1
| #define STDC_HEADERS 1
| #define HAVE_SYS_TYPES_H 1
| #define HAVE_SYS_STAT_H 1
| #define HAVE_STDLIB_H 1
| #define HAVE_STRING_H 1
| #define HAVE_MEMORY_H 1
| #define HAVE_STRINGS_H 1
| #define HAVE_INTTYPES_H 1
| #define HAVE_STDINT_H 1
| #define HAVE_UNISTD_H 1
| #define HAVE_UINTPTR_T 1
| #define HAVE_ASPRINTF 1
| #define HAVE_ATEXIT 1
| #define HAVE_BASENAME 1
| #define HAVE_BCMP 1
| #define HAVE_BCOPY 1
| #define HAVE_BSEARCH 1
| #define HAVE_BZERO 1
| #define HAVE_CALLOC 1
| #define HAVE_CLOCK 1
| #define HAVE_FFS 1
| #define HAVE_GETCWD 1
| #define HAVE_GETPAGESIZE 1
| #define HAVE_INDEX 1
| #define HAVE_INSQUE 1
| #define HAVE_MEMCHR 1
| #define HAVE_MEMCMP 1
| #define HAVE_MEMCPY 1
| #define HAVE_MEMMOVE 1
| #define HAVE_MEMPCPY 1
| #define HAVE_MEMSET 1
| #define HAVE_MKSTEMPS 1
| #define HAVE_PUTENV 1
| #define HAVE_RANDOM 1
| #define HAVE_RENAME 1
| #define HAVE_RINDEX 1
| #define HAVE_SETENV 1
| #define HAVE_SNPRINTF 1
| #define HAVE_SIGSETMASK 1
| #define HAVE_STPCPY 1
| #define HAVE_STPNCPY 1
| #define HAVE_STRCASECMP 1
| #define HAVE_STRCHR 1
| #define HAVE_STRDUP 1
| #define HAVE_STRNCASECMP 1
| #define HAVE_STRRCHR 1
| #define HAVE_STRSTR 1
| #define HAVE_STRTOD 1
| #define HAVE_STRTOL 1
| #define HAVE_STRTOUL 1
| #define HAVE_TMPNAM 1
| #define HAVE_VASPRINTF 1
| #define HAVE_VFPRINTF 1
| #define HAVE_VPRINTF 1
| #define HAVE_VSNPRINTF 1
| #define HAVE_VSPRINTF 1
| #define HAVE_WAITPID 1
| /* end confdefs.h.  */
| find_stack_direction ()
| {
|   static char *addr = 0;
|   auto char dummy;
|   if (addr == 0)
|     {
|       addr = &dummy;
|       return find_stack_direction ();
|     }
|   else
|     return (&dummy > addr) ? 1 : -1;
| }
| main ()
| {
|   exit (find_stack_direction() < 0);
| }
configure:4826: result: -1
configure:4839: checking for unistd.h
configure:4879: result: yes
configure:4839: checking for vfork.h
configure:4853: gcc -E  conftest.c
configure:4931:19: error: vfork.h: No such file or directory
configure:4859: $? = 1
configure: failed program was:
| #line 4844 "configure"
| /* confdefs.h.  */
| 
| #define PACKAGE_NAME ""
| #define PACKAGE_TARNAME ""
| #define PACKAGE_VERSION ""
| #define PACKAGE_STRING ""
| #define PACKAGE_BUGREPORT ""
| #define BYTEORDER 1234
| #define HAVE_SYS_FILE_H 1
| #define HAVE_SYS_PARAM_H 1
| #define HAVE_LIMITS_H 1
| #define HAVE_STDLIB_H 1
| #define HAVE_MALLOC_H 1
| #define HAVE_STRING_H 1
| #define HAVE_UNISTD_H 1
| #define HAVE_STRINGS_H 1
| #define HAVE_SYS_TIME_H 1
| #define HAVE_TIME_H 1
| #define HAVE_SYS_RESOURCE_H 1
| #define HAVE_SYS_STAT_H 1
| #define HAVE_SYS_MMAN_H 1
| #define HAVE_FCNTL_H 1
| #define HAVE_ALLOCA_H 1
| #define HAVE_SYS_SYSINFO_H 1
| #define HAVE_SYS_SYSCTL_H 1
| #define HAVE_SYS_WAIT_H 1
| #define TIME_WITH_SYS_TIME 1
| #define STDC_HEADERS 1
| #define HAVE_SYS_TYPES_H 1
| #define HAVE_SYS_STAT_H 1
| #define HAVE_STDLIB_H 1
| #define HAVE_STRING_H 1
| #define HAVE_MEMORY_H 1
| #define HAVE_STRINGS_H 1
| #define HAVE_INTTYPES_H 1
| #define HAVE_STDINT_H 1
| #define HAVE_UNISTD_H 1
| #define HAVE_UINTPTR_T 1
| #define HAVE_ASPRINTF 1
| #define HAVE_ATEXIT 1
| #define HAVE_BASENAME 1
| #define HAVE_BCMP 1
| #define HAVE_BCOPY 1
| #define HAVE_BSEARCH 1
| #define HAVE_BZERO 1
| #define HAVE_CALLOC 1
| #define HAVE_CLOCK 1
| #define HAVE_FFS 1
| #define HAVE_GETCWD 1
| #define HAVE_GETPAGESIZE 1
| #define HAVE_INDEX 1
| #define HAVE_INSQUE 1
| #define HAVE_MEMCHR 1
| #define HAVE_MEMCMP 1
| #define HAVE_MEMCPY 1
| #define HAVE_MEMMOVE 1
| #define HAVE_MEMPCPY 1
| #define HAVE_MEMSET 1
| #define HAVE_MKSTEMPS 1
| #define HAVE_PUTENV 1
| #define HAVE_RANDOM 1
| #define HAVE_RENAME 1
| #define HAVE_RINDEX 1
| #define HAVE_SETENV 1
| #define HAVE_SNPRINTF 1
| #define HAVE_SIGSETMASK 1
| #define HAVE_STPCPY 1
| #define HAVE_STPNCPY 1
| #define HAVE_STRCASECMP 1
| #define HAVE_STRCHR 1
| #define HAVE_STRDUP 1
| #define HAVE_STRNCASECMP 1
| #define HAVE_STRRCHR 1
| #define HAVE_STRSTR 1
| #define HAVE_STRTOD 1
| #define HAVE_STRTOL 1
| #define HAVE_STRTOUL 1
| #define HAVE_TMPNAM 1
| #define HAVE_VASPRINTF 1
| #define HAVE_VFPRINTF 1
| #define HAVE_VPRINTF 1
| #define HAVE_VSNPRINTF 1
| #define HAVE_VSPRINTF 1
| #define HAVE_WAITPID 1
| #define STACK_DIRECTION -1
| #define HAVE_UNISTD_H 1
| /* end confdefs.h.  */
| #include <vfork.h>
configure:4879: result: no
configure:4894: checking for fork
configure:4951: gcc -o conftest -g -O2   conftest.c  >&5
configure:5009: warning: conflicting types for built-in function 'fork'
configure:4954: $? = 0
configure:4957: test -s conftest
configure:4960: $? = 0
configure:4971: result: yes
configure:4894: checking for vfork
configure:4951: gcc -o conftest -g -O2   conftest.c  >&5
configure:4954: $? = 0
configure:4957: test -s conftest
configure:4960: $? = 0
configure:4971: result: yes
configure:4982: checking for working fork
configure:5005: gcc -o conftest -g -O2   conftest.c  >&5
conftest.c: In function 'main':
conftest.c:10: warning: incompatible implicit declaration of built-in function 'exit'
configure:5008: $? = 0
configure:5010: ./conftest
configure:5013: $? = 0
configure:5027: result: yes
configure:5048: checking for working vfork
configure:5182: result: yes
configure:5319: checking for _doprnt
configure:5376: gcc -o conftest -g -O2   conftest.c  >&5
/tmp/ccLIIEqi.o: In function `main':
/home/taoanran/git/linux/crosstool-0.43/build/arm-softfloat-linux-gnu/gcc-3.4.5-glibc-2.3.6/build-gcc-core/libiberty/configure:5453: undefined reference to `_doprnt'
/tmp/ccLIIEqi.o:(.data+0x0): undefined reference to `_doprnt'
collect2: ld returned 1 exit status
configure:5379: $? = 1
configure: failed program was:
| #line 5329 "configure"
| /* confdefs.h.  */
| 
| #define PACKAGE_NAME ""
| #define PACKAGE_TARNAME ""
| #define PACKAGE_VERSION ""
| #define PACKAGE_STRING ""
| #define PACKAGE_BUGREPORT ""
| #define BYTEORDER 1234
| #define HAVE_SYS_FILE_H 1
| #define HAVE_SYS_PARAM_H 1
| #define HAVE_LIMITS_H 1
| #define HAVE_STDLIB_H 1
| #define HAVE_MALLOC_H 1
| #define HAVE_STRING_H 1
| #define HAVE_UNISTD_H 1
| #define HAVE_STRINGS_H 1
| #define HAVE_SYS_TIME_H 1
| #define HAVE_TIME_H 1
| #define HAVE_SYS_RESOURCE_H 1
| #define HAVE_SYS_STAT_H 1
| #define HAVE_SYS_MMAN_H 1
| #define HAVE_FCNTL_H 1
| #define HAVE_ALLOCA_H 1
| #define HAVE_SYS_SYSINFO_H 1
| #define HAVE_SYS_SYSCTL_H 1
| #define HAVE_SYS_WAIT_H 1
| #define TIME_WITH_SYS_TIME 1
| #define STDC_HEADERS 1
| #define HAVE_SYS_TYPES_H 1
| #define HAVE_SYS_STAT_H 1
| #define HAVE_STDLIB_H 1
| #define HAVE_STRING_H 1
| #define HAVE_MEMORY_H 1
| #define HAVE_STRINGS_H 1
| #define HAVE_INTTYPES_H 1
| #define HAVE_STDINT_H 1
| #define HAVE_UNISTD_H 1
| #define HAVE_UINTPTR_T 1
| #define HAVE_ASPRINTF 1
| #define HAVE_ATEXIT 1
| #define HAVE_BASENAME 1
| #define HAVE_BCMP 1
| #define HAVE_BCOPY 1
| #define HAVE_BSEARCH 1
| #define HAVE_BZERO 1
| #define HAVE_CALLOC 1
| #define HAVE_CLOCK 1
| #define HAVE_FFS 1
| #define HAVE_GETCWD 1
| #define HAVE_GETPAGESIZE 1
| #define HAVE_INDEX 1
| #define HAVE_INSQUE 1
| #define HAVE_MEMCHR 1
| #define HAVE_MEMCMP 1
| #define HAVE_MEMCPY 1
| #define HAVE_MEMMOVE 1
| #define HAVE_MEMPCPY 1
| #define HAVE_MEMSET 1
| #define HAVE_MKSTEMPS 1
| #define HAVE_PUTENV 1
| #define HAVE_RANDOM 1
| #define HAVE_RENAME 1
| #define HAVE_RINDEX 1
| #define HAVE_SETENV 1
| #define HAVE_SNPRINTF 1
| #define HAVE_SIGSETMASK 1
| #define HAVE_STPCPY 1
| #define HAVE_STPNCPY 1
| #define HAVE_STRCASECMP 1
| #define HAVE_STRCHR 1
| #define HAVE_STRDUP 1
| #define HAVE_STRNCASECMP 1
| #define HAVE_STRRCHR 1
| #define HAVE_STRSTR 1
| #define HAVE_STRTOD 1
| #define HAVE_STRTOL 1
| #define HAVE_STRTOUL 1
| #define HAVE_TMPNAM 1
| #define HAVE_VASPRINTF 1
| #define HAVE_VFPRINTF 1
| #define HAVE_VPRINTF 1
| #define HAVE_VSNPRINTF 1
| #define HAVE_VSPRINTF 1
| #define HAVE_WAITPID 1
| #define STACK_DIRECTION -1
| #define HAVE_UNISTD_H 1
| #define HAVE_FORK 1
| #define HAVE_VFORK 1
| #define HAVE_WORKING_VFORK 1
| #define HAVE_WORKING_FORK 1
| /* end confdefs.h.  */
| /* System header to define __stub macros and hopefully few prototypes,
|     which can conflict with char _doprnt (); below.
|     Prefer <limits.h> to <assert.h> if __STDC__ is defined, since
|     <limits.h> exists even on freestanding compilers.  Under hpux,
|     including <limits.h> includes <sys/time.h> and causes problems
|     checking for functions defined therein.  */
| #if defined (__STDC__) && !defined (_HPUX_SOURCE)
| # include <limits.h>
| #else
| # include <assert.h>
| #endif
| /* Override any gcc2 internal prototype to avoid an error.  */
| #ifdef __cplusplus
| extern "C"
| {
| #endif
| /* We use char because int might match the return type of a gcc2
|    builtin and then its argument prototype would still apply.  */
| char _doprnt ();
| /* The GNU C library defines this for functions which it implements
|     to always fail with ENOSYS.  Some functions are actually named
|     something starting with __ and the normal name is an alias.  */
| #if defined (__stub__doprnt) || defined (__stub____doprnt)
| choke me
| #else
| char (*f) () = _doprnt;
| #endif
| #ifdef __cplusplus
| }
| #endif
| 
| int
| main ()
| {
| return f != _doprnt;
|   ;
|   return 0;
| }
configure:5396: result: no
configure:5409: checking for sys_errlist
configure:5436: gcc -o conftest -g -O2   conftest.c  >&5
/tmp/ccqfO4Cm.o: In function `main':
/home/taoanran/git/linux/crosstool-0.43/build/arm-softfloat-linux-gnu/gcc-3.4.5-glibc-2.3.6/build-gcc-core/libiberty/configure:5514: warning: `sys_errlist' is deprecated; use `strerror' or `strerror_r' instead
configure:5439: $? = 0
configure:5442: test -s conftest
configure:5445: $? = 0
configure:5458: result: yes
configure:5409: checking for sys_nerr
configure:5436: gcc -o conftest -g -O2   conftest.c  >&5
/tmp/ccSiGw0x.o: In function `main':
/home/taoanran/git/linux/crosstool-0.43/build/arm-softfloat-linux-gnu/gcc-3.4.5-glibc-2.3.6/build-gcc-core/libiberty/configure:5515: warning: `sys_nerr' is deprecated; use `strerror' or `strerror_r' instead
configure:5439: $? = 0
configure:5442: test -s conftest
configure:5445: $? = 0
configure:5458: result: yes
configure:5409: checking for sys_siglist
configure:5436: gcc -o conftest -g -O2   conftest.c  >&5
configure:5439: $? = 0
configure:5442: test -s conftest
configure:5445: $? = 0
configure:5458: result: yes
configure:5473: checking for external symbol _system_configuration
configure:5492: gcc -c -g -O2  conftest.c >&5
configure:5569:27: error: sys/systemcfg.h: No such file or directory
configure: In function 'main':
configure:5573: error: '_system_configuration' undeclared (first use in this function)
configure:5573: error: (Each undeclared identifier is reported only once
configure:5573: error: for each function it appears in.)
configure:5495: $? = 1
configure: failed program was:
| #line 5475 "configure"
| /* confdefs.h.  */
| 
| #define PACKAGE_NAME ""
| #define PACKAGE_TARNAME ""
| #define PACKAGE_VERSION ""
| #define PACKAGE_STRING ""
| #define PACKAGE_BUGREPORT ""
| #define BYTEORDER 1234
| #define HAVE_SYS_FILE_H 1
| #define HAVE_SYS_PARAM_H 1
| #define HAVE_LIMITS_H 1
| #define HAVE_STDLIB_H 1
| #define HAVE_MALLOC_H 1
| #define HAVE_STRING_H 1
| #define HAVE_UNISTD_H 1
| #define HAVE_STRINGS_H 1
| #define HAVE_SYS_TIME_H 1
| #define HAVE_TIME_H 1
| #define HAVE_SYS_RESOURCE_H 1
| #define HAVE_SYS_STAT_H 1
| #define HAVE_SYS_MMAN_H 1
| #define HAVE_FCNTL_H 1
| #define HAVE_ALLOCA_H 1
| #define HAVE_SYS_SYSINFO_H 1
| #define HAVE_SYS_SYSCTL_H 1
| #define HAVE_SYS_WAIT_H 1
| #define TIME_WITH_SYS_TIME 1
| #define STDC_HEADERS 1
| #define HAVE_SYS_TYPES_H 1
| #define HAVE_SYS_STAT_H 1
| #define HAVE_STDLIB_H 1
| #define HAVE_STRING_H 1
| #define HAVE_MEMORY_H 1
| #define HAVE_STRINGS_H 1
| #define HAVE_INTTYPES_H 1
| #define HAVE_STDINT_H 1
| #define HAVE_UNISTD_H 1
| #define HAVE_UINTPTR_T 1
| #define HAVE_ASPRINTF 1
| #define HAVE_ATEXIT 1
| #define HAVE_BASENAME 1
| #define HAVE_BCMP 1
| #define HAVE_BCOPY 1
| #define HAVE_BSEARCH 1
| #define HAVE_BZERO 1
| #define HAVE_CALLOC 1
| #define HAVE_CLOCK 1
| #define HAVE_FFS 1
| #define HAVE_GETCWD 1
| #define HAVE_GETPAGESIZE 1
| #define HAVE_INDEX 1
| #define HAVE_INSQUE 1
| #define HAVE_MEMCHR 1
| #define HAVE_MEMCMP 1
| #define HAVE_MEMCPY 1
| #define HAVE_MEMMOVE 1
| #define HAVE_MEMPCPY 1
| #define HAVE_MEMSET 1
| #define HAVE_MKSTEMPS 1
| #define HAVE_PUTENV 1
| #define HAVE_RANDOM 1
| #define HAVE_RENAME 1
| #define HAVE_RINDEX 1
| #define HAVE_SETENV 1
| #define HAVE_SNPRINTF 1
| #define HAVE_SIGSETMASK 1
| #define HAVE_STPCPY 1
| #define HAVE_STPNCPY 1
| #define HAVE_STRCASECMP 1
| #define HAVE_STRCHR 1
| #define HAVE_STRDUP 1
| #define HAVE_STRNCASECMP 1
| #define HAVE_STRRCHR 1
| #define HAVE_STRSTR 1
| #define HAVE_STRTOD 1
| #define HAVE_STRTOL 1
| #define HAVE_STRTOUL 1
| #define HAVE_TMPNAM 1
| #define HAVE_VASPRINTF 1
| #define HAVE_VFPRINTF 1
| #define HAVE_VPRINTF 1
| #define HAVE_VSNPRINTF 1
| #define HAVE_VSPRINTF 1
| #define HAVE_WAITPID 1
| #define STACK_DIRECTION -1
| #define HAVE_UNISTD_H 1
| #define HAVE_FORK 1
| #define HAVE_VFORK 1
| #define HAVE_WORKING_VFORK 1
| #define HAVE_WORKING_FORK 1
| #define HAVE_SYS_ERRLIST 1
| #define HAVE_SYS_NERR 1
| #define HAVE_SYS_SIGLIST 1
| /* end confdefs.h.  */
| #include <sys/systemcfg.h>
| int
| main ()
| {
| double x = _system_configuration.physmem;
|   ;
|   return 0;
| }
configure:5514: result: no
configure:5523: checking for getrusage
configure:5580: gcc -o conftest -g -O2   conftest.c  >&5
configure:5583: $? = 0
configure:5586: test -s conftest
configure:5589: $? = 0
configure:5600: result: yes
configure:5523: checking for on_exit
configure:5580: gcc -o conftest -g -O2   conftest.c  >&5
configure:5583: $? = 0
configure:5586: test -s conftest
configure:5589: $? = 0
configure:5600: result: yes
configure:5523: checking for psignal
configure:5580: gcc -o conftest -g -O2   conftest.c  >&5
configure:5583: $? = 0
configure:5586: test -s conftest
configure:5589: $? = 0
configure:5600: result: yes
configure:5523: checking for strerror
configure:5580: gcc -o conftest -g -O2   conftest.c  >&5
configure:5583: $? = 0
configure:5586: test -s conftest
configure:5589: $? = 0
configure:5600: result: yes
configure:5523: checking for strsignal
configure:5580: gcc -o conftest -g -O2   conftest.c  >&5
configure:5583: $? = 0
configure:5586: test -s conftest
configure:5589: $? = 0
configure:5600: result: yes
configure:5523: checking for sysconf
configure:5580: gcc -o conftest -g -O2   conftest.c  >&5
configure:5583: $? = 0
configure:5586: test -s conftest
configure:5589: $? = 0
configure:5600: result: yes
configure:5523: checking for times
configure:5580: gcc -o conftest -g -O2   conftest.c  >&5
configure:5583: $? = 0
configure:5586: test -s conftest
configure:5589: $? = 0
configure:5600: result: yes
configure:5523: checking for sbrk
configure:5580: gcc -o conftest -g -O2   conftest.c  >&5
configure:5583: $? = 0
configure:5586: test -s conftest
configure:5589: $? = 0
configure:5600: result: yes
configure:5523: checking for gettimeofday
configure:5580: gcc -o conftest -g -O2   conftest.c  >&5
configure:5583: $? = 0
configure:5586: test -s conftest
configure:5589: $? = 0
configure:5600: result: yes
configure:5523: checking for realpath
configure:5580: gcc -o conftest -g -O2   conftest.c  >&5
configure:5583: $? = 0
configure:5586: test -s conftest
configure:5589: $? = 0
configure:5600: result: yes
configure:5523: checking for canonicalize_file_name
configure:5580: gcc -o conftest -g -O2   conftest.c  >&5
configure:5583: $? = 0
configure:5586: test -s conftest
configure:5589: $? = 0
configure:5600: result: yes
configure:5523: checking for pstat_getstatic
configure:5580: gcc -o conftest -g -O2   conftest.c  >&5
/tmp/ccYva11i.o: In function `main':
/home/taoanran/git/linux/crosstool-0.43/build/arm-softfloat-linux-gnu/gcc-3.4.5-glibc-2.3.6/build-gcc-core/libiberty/configure:5671: undefined reference to `pstat_getstatic'
/tmp/ccYva11i.o:(.data+0x0): undefined reference to `pstat_getstatic'
collect2: ld returned 1 exit status
configure:5583: $? = 1
configure: failed program was:
| #line 5533 "configure"
| /* confdefs.h.  */
| 
| #define PACKAGE_NAME ""
| #define PACKAGE_TARNAME ""
| #define PACKAGE_VERSION ""
| #define PACKAGE_STRING ""
| #define PACKAGE_BUGREPORT ""
| #define BYTEORDER 1234
| #define HAVE_SYS_FILE_H 1
| #define HAVE_SYS_PARAM_H 1
| #define HAVE_LIMITS_H 1
| #define HAVE_STDLIB_H 1
| #define HAVE_MALLOC_H 1
| #define HAVE_STRING_H 1
| #define HAVE_UNISTD_H 1
| #define HAVE_STRINGS_H 1
| #define HAVE_SYS_TIME_H 1
| #define HAVE_TIME_H 1
| #define HAVE_SYS_RESOURCE_H 1
| #define HAVE_SYS_STAT_H 1
| #define HAVE_SYS_MMAN_H 1
| #define HAVE_FCNTL_H 1
| #define HAVE_ALLOCA_H 1
| #define HAVE_SYS_SYSINFO_H 1
| #define HAVE_SYS_SYSCTL_H 1
| #define HAVE_SYS_WAIT_H 1
| #define TIME_WITH_SYS_TIME 1
| #define STDC_HEADERS 1
| #define HAVE_SYS_TYPES_H 1
| #define HAVE_SYS_STAT_H 1
| #define HAVE_STDLIB_H 1
| #define HAVE_STRING_H 1
| #define HAVE_MEMORY_H 1
| #define HAVE_STRINGS_H 1
| #define HAVE_INTTYPES_H 1
| #define HAVE_STDINT_H 1
| #define HAVE_UNISTD_H 1
| #define HAVE_UINTPTR_T 1
| #define HAVE_ASPRINTF 1
| #define HAVE_ATEXIT 1
| #define HAVE_BASENAME 1
| #define HAVE_BCMP 1
| #define HAVE_BCOPY 1
| #define HAVE_BSEARCH 1
| #define HAVE_BZERO 1
| #define HAVE_CALLOC 1
| #define HAVE_CLOCK 1
| #define HAVE_FFS 1
| #define HAVE_GETCWD 1
| #define HAVE_GETPAGESIZE 1
| #define HAVE_INDEX 1
| #define HAVE_INSQUE 1
| #define HAVE_MEMCHR 1
| #define HAVE_MEMCMP 1
| #define HAVE_MEMCPY 1
| #define HAVE_MEMMOVE 1
| #define HAVE_MEMPCPY 1
| #define HAVE_MEMSET 1
| #define HAVE_MKSTEMPS 1
| #define HAVE_PUTENV 1
| #define HAVE_RANDOM 1
| #define HAVE_RENAME 1
| #define HAVE_RINDEX 1
| #define HAVE_SETENV 1
| #define HAVE_SNPRINTF 1
| #define HAVE_SIGSETMASK 1
| #define HAVE_STPCPY 1
| #define HAVE_STPNCPY 1
| #define HAVE_STRCASECMP 1
| #define HAVE_STRCHR 1
| #define HAVE_STRDUP 1
| #define HAVE_STRNCASECMP 1
| #define HAVE_STRRCHR 1
| #define HAVE_STRSTR 1
| #define HAVE_STRTOD 1
| #define HAVE_STRTOL 1
| #define HAVE_STRTOUL 1
| #define HAVE_TMPNAM 1
| #define HAVE_VASPRINTF 1
| #define HAVE_VFPRINTF 1
| #define HAVE_VPRINTF 1
| #define HAVE_VSNPRINTF 1
| #define HAVE_VSPRINTF 1
| #define HAVE_WAITPID 1
| #define STACK_DIRECTION -1
| #define HAVE_UNISTD_H 1
| #define HAVE_FORK 1
| #define HAVE_VFORK 1
| #define HAVE_WORKING_VFORK 1
| #define HAVE_WORKING_FORK 1
| #define HAVE_SYS_ERRLIST 1
| #define HAVE_SYS_NERR 1
| #define HAVE_SYS_SIGLIST 1
| #define HAVE_GETRUSAGE 1
| #define HAVE_ON_EXIT 1
| #define HAVE_PSIGNAL 1
| #define HAVE_STRERROR 1
| #define HAVE_STRSIGNAL 1
| #define HAVE_SYSCONF 1
| #define HAVE_TIMES 1
| #define HAVE_SBRK 1
| #define HAVE_GETTIMEOFDAY 1
| #define HAVE_REALPATH 1
| #define HAVE_CANONICALIZE_FILE_NAME 1
| /* end confdefs.h.  */
| /* System header to define __stub macros and hopefully few prototypes,
|     which can conflict with char pstat_getstatic (); below.
|     Prefer <limits.h> to <assert.h> if __STDC__ is defined, since
|     <limits.h> exists even on freestanding compilers.  Under hpux,
|     including <limits.h> includes <sys/time.h> and causes problems
|     checking for functions defined therein.  */
| #if defined (__STDC__) && !defined (_HPUX_SOURCE)
| # include <limits.h>
| #else
| # include <assert.h>
| #endif
| /* Override any gcc2 internal prototype to avoid an error.  */
| #ifdef __cplusplus
| extern "C"
| {
| #endif
| /* We use char because int might match the return type of a gcc2
|    builtin and then its argument prototype would still apply.  */
| char pstat_getstatic ();
| /* The GNU C library defines this for functions which it implements
|     to always fail with ENOSYS.  Some functions are actually named
|     something starting with __ and the normal name is an alias.  */
| #if defined (__stub_pstat_getstatic) || defined (__stub___pstat_getstatic)
| choke me
| #else
| char (*f) () = pstat_getstatic;
| #endif
| #ifdef __cplusplus
| }
| #endif
| 
| int
| main ()
| {
| return f != pstat_getstatic;
|   ;
|   return 0;
| }
configure:5600: result: no
configure:5523: checking for pstat_getdynamic
configure:5580: gcc -o conftest -g -O2   conftest.c  >&5
/tmp/cciWoVMv.o: In function `main':
/home/taoanran/git/linux/crosstool-0.43/build/arm-softfloat-linux-gnu/gcc-3.4.5-glibc-2.3.6/build-gcc-core/libiberty/configure:5671: undefined reference to `pstat_getdynamic'
/tmp/cciWoVMv.o:(.data+0x0): undefined reference to `pstat_getdynamic'
collect2: ld returned 1 exit status
configure:5583: $? = 1
configure: failed program was:
| #line 5533 "configure"
| /* confdefs.h.  */
| 
| #define PACKAGE_NAME ""
| #define PACKAGE_TARNAME ""
| #define PACKAGE_VERSION ""
| #define PACKAGE_STRING ""
| #define PACKAGE_BUGREPORT ""
| #define BYTEORDER 1234
| #define HAVE_SYS_FILE_H 1
| #define HAVE_SYS_PARAM_H 1
| #define HAVE_LIMITS_H 1
| #define HAVE_STDLIB_H 1
| #define HAVE_MALLOC_H 1
| #define HAVE_STRING_H 1
| #define HAVE_UNISTD_H 1
| #define HAVE_STRINGS_H 1
| #define HAVE_SYS_TIME_H 1
| #define HAVE_TIME_H 1
| #define HAVE_SYS_RESOURCE_H 1
| #define HAVE_SYS_STAT_H 1
| #define HAVE_SYS_MMAN_H 1
| #define HAVE_FCNTL_H 1
| #define HAVE_ALLOCA_H 1
| #define HAVE_SYS_SYSINFO_H 1
| #define HAVE_SYS_SYSCTL_H 1
| #define HAVE_SYS_WAIT_H 1
| #define TIME_WITH_SYS_TIME 1
| #define STDC_HEADERS 1
| #define HAVE_SYS_TYPES_H 1
| #define HAVE_SYS_STAT_H 1
| #define HAVE_STDLIB_H 1
| #define HAVE_STRING_H 1
| #define HAVE_MEMORY_H 1
| #define HAVE_STRINGS_H 1
| #define HAVE_INTTYPES_H 1
| #define HAVE_STDINT_H 1
| #define HAVE_UNISTD_H 1
| #define HAVE_UINTPTR_T 1
| #define HAVE_ASPRINTF 1
| #define HAVE_ATEXIT 1
| #define HAVE_BASENAME 1
| #define HAVE_BCMP 1
| #define HAVE_BCOPY 1
| #define HAVE_BSEARCH 1
| #define HAVE_BZERO 1
| #define HAVE_CALLOC 1
| #define HAVE_CLOCK 1
| #define HAVE_FFS 1
| #define HAVE_GETCWD 1
| #define HAVE_GETPAGESIZE 1
| #define HAVE_INDEX 1
| #define HAVE_INSQUE 1
| #define HAVE_MEMCHR 1
| #define HAVE_MEMCMP 1
| #define HAVE_MEMCPY 1
| #define HAVE_MEMMOVE 1
| #define HAVE_MEMPCPY 1
| #define HAVE_MEMSET 1
| #define HAVE_MKSTEMPS 1
| #define HAVE_PUTENV 1
| #define HAVE_RANDOM 1
| #define HAVE_RENAME 1
| #define HAVE_RINDEX 1
| #define HAVE_SETENV 1
| #define HAVE_SNPRINTF 1
| #define HAVE_SIGSETMASK 1
| #define HAVE_STPCPY 1
| #define HAVE_STPNCPY 1
| #define HAVE_STRCASECMP 1
| #define HAVE_STRCHR 1
| #define HAVE_STRDUP 1
| #define HAVE_STRNCASECMP 1
| #define HAVE_STRRCHR 1
| #define HAVE_STRSTR 1
| #define HAVE_STRTOD 1
| #define HAVE_STRTOL 1
| #define HAVE_STRTOUL 1
| #define HAVE_TMPNAM 1
| #define HAVE_VASPRINTF 1
| #define HAVE_VFPRINTF 1
| #define HAVE_VPRINTF 1
| #define HAVE_VSNPRINTF 1
| #define HAVE_VSPRINTF 1
| #define HAVE_WAITPID 1
| #define STACK_DIRECTION -1
| #define HAVE_UNISTD_H 1
| #define HAVE_FORK 1
| #define HAVE_VFORK 1
| #define HAVE_WORKING_VFORK 1
| #define HAVE_WORKING_FORK 1
| #define HAVE_SYS_ERRLIST 1
| #define HAVE_SYS_NERR 1
| #define HAVE_SYS_SIGLIST 1
| #define HAVE_GETRUSAGE 1
| #define HAVE_ON_EXIT 1
| #define HAVE_PSIGNAL 1
| #define HAVE_STRERROR 1
| #define HAVE_STRSIGNAL 1
| #define HAVE_SYSCONF 1
| #define HAVE_TIMES 1
| #define HAVE_SBRK 1
| #define HAVE_GETTIMEOFDAY 1
| #define HAVE_REALPATH 1
| #define HAVE_CANONICALIZE_FILE_NAME 1
| /* end confdefs.h.  */
| /* System header to define __stub macros and hopefully few prototypes,
|     which can conflict with char pstat_getdynamic (); below.
|     Prefer <limits.h> to <assert.h> if __STDC__ is defined, since
|     <limits.h> exists even on freestanding compilers.  Under hpux,
|     including <limits.h> includes <sys/time.h> and causes problems
|     checking for functions defined therein.  */
| #if defined (__STDC__) && !defined (_HPUX_SOURCE)
| # include <limits.h>
| #else
| # include <assert.h>
| #endif
| /* Override any gcc2 internal prototype to avoid an error.  */
| #ifdef __cplusplus
| extern "C"
| {
| #endif
| /* We use char because int might match the return type of a gcc2
|    builtin and then its argument prototype would still apply.  */
| char pstat_getdynamic ();
| /* The GNU C library defines this for functions which it implements
|     to always fail with ENOSYS.  Some functions are actually named
|     something starting with __ and the normal name is an alias.  */
| #if defined (__stub_pstat_getdynamic) || defined (__stub___pstat_getdynamic)
| choke me
| #else
| char (*f) () = pstat_getdynamic;
| #endif
| #ifdef __cplusplus
| }
| #endif
| 
| int
| main ()
| {
| return f != pstat_getdynamic;
|   ;
|   return 0;
| }
configure:5600: result: no
configure:5523: checking for sysmp
configure:5580: gcc -o conftest -g -O2   conftest.c  >&5
/tmp/ccg97laJ.o: In function `main':
/home/taoanran/git/linux/crosstool-0.43/build/arm-softfloat-linux-gnu/gcc-3.4.5-glibc-2.3.6/build-gcc-core/libiberty/configure:5671: undefined reference to `sysmp'
/tmp/ccg97laJ.o:(.data+0x0): undefined reference to `sysmp'
collect2: ld returned 1 exit status
configure:5583: $? = 1
configure: failed program was:
| #line 5533 "configure"
| /* confdefs.h.  */
| 
| #define PACKAGE_NAME ""
| #define PACKAGE_TARNAME ""
| #define PACKAGE_VERSION ""
| #define PACKAGE_STRING ""
| #define PACKAGE_BUGREPORT ""
| #define BYTEORDER 1234
| #define HAVE_SYS_FILE_H 1
| #define HAVE_SYS_PARAM_H 1
| #define HAVE_LIMITS_H 1
| #define HAVE_STDLIB_H 1
| #define HAVE_MALLOC_H 1
| #define HAVE_STRING_H 1
| #define HAVE_UNISTD_H 1
| #define HAVE_STRINGS_H 1
| #define HAVE_SYS_TIME_H 1
| #define HAVE_TIME_H 1
| #define HAVE_SYS_RESOURCE_H 1
| #define HAVE_SYS_STAT_H 1
| #define HAVE_SYS_MMAN_H 1
| #define HAVE_FCNTL_H 1
| #define HAVE_ALLOCA_H 1
| #define HAVE_SYS_SYSINFO_H 1
| #define HAVE_SYS_SYSCTL_H 1
| #define HAVE_SYS_WAIT_H 1
| #define TIME_WITH_SYS_TIME 1
| #define STDC_HEADERS 1
| #define HAVE_SYS_TYPES_H 1
| #define HAVE_SYS_STAT_H 1
| #define HAVE_STDLIB_H 1
| #define HAVE_STRING_H 1
| #define HAVE_MEMORY_H 1
| #define HAVE_STRINGS_H 1
| #define HAVE_INTTYPES_H 1
| #define HAVE_STDINT_H 1
| #define HAVE_UNISTD_H 1
| #define HAVE_UINTPTR_T 1
| #define HAVE_ASPRINTF 1
| #define HAVE_ATEXIT 1
| #define HAVE_BASENAME 1
| #define HAVE_BCMP 1
| #define HAVE_BCOPY 1
| #define HAVE_BSEARCH 1
| #define HAVE_BZERO 1
| #define HAVE_CALLOC 1
| #define HAVE_CLOCK 1
| #define HAVE_FFS 1
| #define HAVE_GETCWD 1
| #define HAVE_GETPAGESIZE 1
| #define HAVE_INDEX 1
| #define HAVE_INSQUE 1
| #define HAVE_MEMCHR 1
| #define HAVE_MEMCMP 1
| #define HAVE_MEMCPY 1
| #define HAVE_MEMMOVE 1
| #define HAVE_MEMPCPY 1
| #define HAVE_MEMSET 1
| #define HAVE_MKSTEMPS 1
| #define HAVE_PUTENV 1
| #define HAVE_RANDOM 1
| #define HAVE_RENAME 1
| #define HAVE_RINDEX 1
| #define HAVE_SETENV 1
| #define HAVE_SNPRINTF 1
| #define HAVE_SIGSETMASK 1
| #define HAVE_STPCPY 1
| #define HAVE_STPNCPY 1
| #define HAVE_STRCASECMP 1
| #define HAVE_STRCHR 1
| #define HAVE_STRDUP 1
| #define HAVE_STRNCASECMP 1
| #define HAVE_STRRCHR 1
| #define HAVE_STRSTR 1
| #define HAVE_STRTOD 1
| #define HAVE_STRTOL 1
| #define HAVE_STRTOUL 1
| #define HAVE_TMPNAM 1
| #define HAVE_VASPRINTF 1
| #define HAVE_VFPRINTF 1
| #define HAVE_VPRINTF 1
| #define HAVE_VSNPRINTF 1
| #define HAVE_VSPRINTF 1
| #define HAVE_WAITPID 1
| #define STACK_DIRECTION -1
| #define HAVE_UNISTD_H 1
| #define HAVE_FORK 1
| #define HAVE_VFORK 1
| #define HAVE_WORKING_VFORK 1
| #define HAVE_WORKING_FORK 1
| #define HAVE_SYS_ERRLIST 1
| #define HAVE_SYS_NERR 1
| #define HAVE_SYS_SIGLIST 1
| #define HAVE_GETRUSAGE 1
| #define HAVE_ON_EXIT 1
| #define HAVE_PSIGNAL 1
| #define HAVE_STRERROR 1
| #define HAVE_STRSIGNAL 1
| #define HAVE_SYSCONF 1
| #define HAVE_TIMES 1
| #define HAVE_SBRK 1
| #define HAVE_GETTIMEOFDAY 1
| #define HAVE_REALPATH 1
| #define HAVE_CANONICALIZE_FILE_NAME 1
| /* end confdefs.h.  */
| /* System header to define __stub macros and hopefully few prototypes,
|     which can conflict with char sysmp (); below.
|     Prefer <limits.h> to <assert.h> if __STDC__ is defined, since
|     <limits.h> exists even on freestanding compilers.  Under hpux,
|     including <limits.h> includes <sys/time.h> and causes problems
|     checking for functions defined therein.  */
| #if defined (__STDC__) && !defined (_HPUX_SOURCE)
| # include <limits.h>
| #else
| # include <assert.h>
| #endif
| /* Override any gcc2 internal prototype to avoid an error.  */
| #ifdef __cplusplus
| extern "C"
| {
| #endif
| /* We use char because int might match the return type of a gcc2
|    builtin and then its argument prototype would still apply.  */
| char sysmp ();
| /* The GNU C library defines this for functions which it implements
|     to always fail with ENOSYS.  Some functions are actually named
|     something starting with __ and the normal name is an alias.  */
| #if defined (__stub_sysmp) || defined (__stub___sysmp)
| choke me
| #else
| char (*f) () = sysmp;
| #endif
| #ifdef __cplusplus
| }
| #endif
| 
| int
| main ()
| {
| return f != sysmp;
|   ;
|   return 0;
| }
configure:5600: result: no
configure:5523: checking for getsysinfo
configure:5580: gcc -o conftest -g -O2   conftest.c  >&5
/tmp/ccScMTIS.o: In function `main':
/home/taoanran/git/linux/crosstool-0.43/build/arm-softfloat-linux-gnu/gcc-3.4.5-glibc-2.3.6/build-gcc-core/libiberty/configure:5671: undefined reference to `getsysinfo'
/tmp/ccScMTIS.o:(.data+0x0): undefined reference to `getsysinfo'
collect2: ld returned 1 exit status
configure:5583: $? = 1
configure: failed program was:
| #line 5533 "configure"
| /* confdefs.h.  */
| 
| #define PACKAGE_NAME ""
| #define PACKAGE_TARNAME ""
| #define PACKAGE_VERSION ""
| #define PACKAGE_STRING ""
| #define PACKAGE_BUGREPORT ""
| #define BYTEORDER 1234
| #define HAVE_SYS_FILE_H 1
| #define HAVE_SYS_PARAM_H 1
| #define HAVE_LIMITS_H 1
| #define HAVE_STDLIB_H 1
| #define HAVE_MALLOC_H 1
| #define HAVE_STRING_H 1
| #define HAVE_UNISTD_H 1
| #define HAVE_STRINGS_H 1
| #define HAVE_SYS_TIME_H 1
| #define HAVE_TIME_H 1
| #define HAVE_SYS_RESOURCE_H 1
| #define HAVE_SYS_STAT_H 1
| #define HAVE_SYS_MMAN_H 1
| #define HAVE_FCNTL_H 1
| #define HAVE_ALLOCA_H 1
| #define HAVE_SYS_SYSINFO_H 1
| #define HAVE_SYS_SYSCTL_H 1
| #define HAVE_SYS_WAIT_H 1
| #define TIME_WITH_SYS_TIME 1
| #define STDC_HEADERS 1
| #define HAVE_SYS_TYPES_H 1
| #define HAVE_SYS_STAT_H 1
| #define HAVE_STDLIB_H 1
| #define HAVE_STRING_H 1
| #define HAVE_MEMORY_H 1
| #define HAVE_STRINGS_H 1
| #define HAVE_INTTYPES_H 1
| #define HAVE_STDINT_H 1
| #define HAVE_UNISTD_H 1
| #define HAVE_UINTPTR_T 1
| #define HAVE_ASPRINTF 1
| #define HAVE_ATEXIT 1
| #define HAVE_BASENAME 1
| #define HAVE_BCMP 1
| #define HAVE_BCOPY 1
| #define HAVE_BSEARCH 1
| #define HAVE_BZERO 1
| #define HAVE_CALLOC 1
| #define HAVE_CLOCK 1
| #define HAVE_FFS 1
| #define HAVE_GETCWD 1
| #define HAVE_GETPAGESIZE 1
| #define HAVE_INDEX 1
| #define HAVE_INSQUE 1
| #define HAVE_MEMCHR 1
| #define HAVE_MEMCMP 1
| #define HAVE_MEMCPY 1
| #define HAVE_MEMMOVE 1
| #define HAVE_MEMPCPY 1
| #define HAVE_MEMSET 1
| #define HAVE_MKSTEMPS 1
| #define HAVE_PUTENV 1
| #define HAVE_RANDOM 1
| #define HAVE_RENAME 1
| #define HAVE_RINDEX 1
| #define HAVE_SETENV 1
| #define HAVE_SNPRINTF 1
| #define HAVE_SIGSETMASK 1
| #define HAVE_STPCPY 1
| #define HAVE_STPNCPY 1
| #define HAVE_STRCASECMP 1
| #define HAVE_STRCHR 1
| #define HAVE_STRDUP 1
| #define HAVE_STRNCASECMP 1
| #define HAVE_STRRCHR 1
| #define HAVE_STRSTR 1
| #define HAVE_STRTOD 1
| #define HAVE_STRTOL 1
| #define HAVE_STRTOUL 1
| #define HAVE_TMPNAM 1
| #define HAVE_VASPRINTF 1
| #define HAVE_VFPRINTF 1
| #define HAVE_VPRINTF 1
| #define HAVE_VSNPRINTF 1
| #define HAVE_VSPRINTF 1
| #define HAVE_WAITPID 1
| #define STACK_DIRECTION -1
| #define HAVE_UNISTD_H 1
| #define HAVE_FORK 1
| #define HAVE_VFORK 1
| #define HAVE_WORKING_VFORK 1
| #define HAVE_WORKING_FORK 1
| #define HAVE_SYS_ERRLIST 1
| #define HAVE_SYS_NERR 1
| #define HAVE_SYS_SIGLIST 1
| #define HAVE_GETRUSAGE 1
| #define HAVE_ON_EXIT 1
| #define HAVE_PSIGNAL 1
| #define HAVE_STRERROR 1
| #define HAVE_STRSIGNAL 1
| #define HAVE_SYSCONF 1
| #define HAVE_TIMES 1
| #define HAVE_SBRK 1
| #define HAVE_GETTIMEOFDAY 1
| #define HAVE_REALPATH 1
| #define HAVE_CANONICALIZE_FILE_NAME 1
| /* end confdefs.h.  */
| /* System header to define __stub macros and hopefully few prototypes,
|     which can conflict with char getsysinfo (); below.
|     Prefer <limits.h> to <assert.h> if __STDC__ is defined, since
|     <limits.h> exists even on freestanding compilers.  Under hpux,
|     including <limits.h> includes <sys/time.h> and causes problems
|     checking for functions defined therein.  */
| #if defined (__STDC__) && !defined (_HPUX_SOURCE)
| # include <limits.h>
| #else
| # include <assert.h>
| #endif
| /* Override any gcc2 internal prototype to avoid an error.  */
| #ifdef __cplusplus
| extern "C"
| {
| #endif
| /* We use char because int might match the return type of a gcc2
|    builtin and then its argument prototype would still apply.  */
| char getsysinfo ();
| /* The GNU C library defines this for functions which it implements
|     to always fail with ENOSYS.  Some functions are actually named
|     something starting with __ and the normal name is an alias.  */
| #if defined (__stub_getsysinfo) || defined (__stub___getsysinfo)
| choke me
| #else
| char (*f) () = getsysinfo;
| #endif
| #ifdef __cplusplus
| }
| #endif
| 
| int
| main ()
| {
| return f != getsysinfo;
|   ;
|   return 0;
| }
configure:5600: result: no
configure:5523: checking for table
configure:5580: gcc -o conftest -g -O2   conftest.c  >&5
/tmp/ccUtY8W7.o: In function `main':
/home/taoanran/git/linux/crosstool-0.43/build/arm-softfloat-linux-gnu/gcc-3.4.5-glibc-2.3.6/build-gcc-core/libiberty/configure:5671: undefined reference to `table'
/tmp/ccUtY8W7.o:(.data+0x0): undefined reference to `table'
collect2: ld returned 1 exit status
configure:5583: $? = 1
configure: failed program was:
| #line 5533 "configure"
| /* confdefs.h.  */
| 
| #define PACKAGE_NAME ""
| #define PACKAGE_TARNAME ""
| #define PACKAGE_VERSION ""
| #define PACKAGE_STRING ""
| #define PACKAGE_BUGREPORT ""
| #define BYTEORDER 1234
| #define HAVE_SYS_FILE_H 1
| #define HAVE_SYS_PARAM_H 1
| #define HAVE_LIMITS_H 1
| #define HAVE_STDLIB_H 1
| #define HAVE_MALLOC_H 1
| #define HAVE_STRING_H 1
| #define HAVE_UNISTD_H 1
| #define HAVE_STRINGS_H 1
| #define HAVE_SYS_TIME_H 1
| #define HAVE_TIME_H 1
| #define HAVE_SYS_RESOURCE_H 1
| #define HAVE_SYS_STAT_H 1
| #define HAVE_SYS_MMAN_H 1
| #define HAVE_FCNTL_H 1
| #define HAVE_ALLOCA_H 1
| #define HAVE_SYS_SYSINFO_H 1
| #define HAVE_SYS_SYSCTL_H 1
| #define HAVE_SYS_WAIT_H 1
| #define TIME_WITH_SYS_TIME 1
| #define STDC_HEADERS 1
| #define HAVE_SYS_TYPES_H 1
| #define HAVE_SYS_STAT_H 1
| #define HAVE_STDLIB_H 1
| #define HAVE_STRING_H 1
| #define HAVE_MEMORY_H 1
| #define HAVE_STRINGS_H 1
| #define HAVE_INTTYPES_H 1
| #define HAVE_STDINT_H 1
| #define HAVE_UNISTD_H 1
| #define HAVE_UINTPTR_T 1
| #define HAVE_ASPRINTF 1
| #define HAVE_ATEXIT 1
| #define HAVE_BASENAME 1
| #define HAVE_BCMP 1
| #define HAVE_BCOPY 1
| #define HAVE_BSEARCH 1
| #define HAVE_BZERO 1
| #define HAVE_CALLOC 1
| #define HAVE_CLOCK 1
| #define HAVE_FFS 1
| #define HAVE_GETCWD 1
| #define HAVE_GETPAGESIZE 1
| #define HAVE_INDEX 1
| #define HAVE_INSQUE 1
| #define HAVE_MEMCHR 1
| #define HAVE_MEMCMP 1
| #define HAVE_MEMCPY 1
| #define HAVE_MEMMOVE 1
| #define HAVE_MEMPCPY 1
| #define HAVE_MEMSET 1
| #define HAVE_MKSTEMPS 1
| #define HAVE_PUTENV 1
| #define HAVE_RANDOM 1
| #define HAVE_RENAME 1
| #define HAVE_RINDEX 1
| #define HAVE_SETENV 1
| #define HAVE_SNPRINTF 1
| #define HAVE_SIGSETMASK 1
| #define HAVE_STPCPY 1
| #define HAVE_STPNCPY 1
| #define HAVE_STRCASECMP 1
| #define HAVE_STRCHR 1
| #define HAVE_STRDUP 1
| #define HAVE_STRNCASECMP 1
| #define HAVE_STRRCHR 1
| #define HAVE_STRSTR 1
| #define HAVE_STRTOD 1
| #define HAVE_STRTOL 1
| #define HAVE_STRTOUL 1
| #define HAVE_TMPNAM 1
| #define HAVE_VASPRINTF 1
| #define HAVE_VFPRINTF 1
| #define HAVE_VPRINTF 1
| #define HAVE_VSNPRINTF 1
| #define HAVE_VSPRINTF 1
| #define HAVE_WAITPID 1
| #define STACK_DIRECTION -1
| #define HAVE_UNISTD_H 1
| #define HAVE_FORK 1
| #define HAVE_VFORK 1
| #define HAVE_WORKING_VFORK 1
| #define HAVE_WORKING_FORK 1
| #define HAVE_SYS_ERRLIST 1
| #define HAVE_SYS_NERR 1
| #define HAVE_SYS_SIGLIST 1
| #define HAVE_GETRUSAGE 1
| #define HAVE_ON_EXIT 1
| #define HAVE_PSIGNAL 1
| #define HAVE_STRERROR 1
| #define HAVE_STRSIGNAL 1
| #define HAVE_SYSCONF 1
| #define HAVE_TIMES 1
| #define HAVE_SBRK 1
| #define HAVE_GETTIMEOFDAY 1
| #define HAVE_REALPATH 1
| #define HAVE_CANONICALIZE_FILE_NAME 1
| /* end confdefs.h.  */
| /* System header to define __stub macros and hopefully few prototypes,
|     which can conflict with char table (); below.
|     Prefer <limits.h> to <assert.h> if __STDC__ is defined, since
|     <limits.h> exists even on freestanding compilers.  Under hpux,
|     including <limits.h> includes <sys/time.h> and causes problems
|     checking for functions defined therein.  */
| #if defined (__STDC__) && !defined (_HPUX_SOURCE)
| # include <limits.h>
| #else
| # include <assert.h>
| #endif
| /* Override any gcc2 internal prototype to avoid an error.  */
| #ifdef __cplusplus
| extern "C"
| {
| #endif
| /* We use char because int might match the return type of a gcc2
|    builtin and then its argument prototype would still apply.  */
| char table ();
| /* The GNU C library defines this for functions which it implements
|     to always fail with ENOSYS.  Some functions are actually named
|     something starting with __ and the normal name is an alias.  */
| #if defined (__stub_table) || defined (__stub___table)
| choke me
| #else
| char (*f) () = table;
| #endif
| #ifdef __cplusplus
| }
| #endif
| 
| int
| main ()
| {
| return f != table;
|   ;
|   return 0;
| }
configure:5600: result: no
configure:5523: checking for sysctl
configure:5580: gcc -o conftest -g -O2   conftest.c  >&5
configure:5583: $? = 0
configure:5586: test -s conftest
configure:5589: $? = 0
configure:5600: result: yes
configure:5610: checking whether canonicalize_file_name must be declared
configure:5647: gcc -c -g -O2  conftest.c >&5
configure: In function 'main':
configure:5740: error: 'canonicalize_file_name' undeclared (first use in this function)
configure:5740: error: (Each undeclared identifier is reported only once
configure:5740: error: for each function it appears in.)
configure:5650: $? = 1
configure: failed program was:
| #line 5615 "configure"
| /* confdefs.h.  */
| 
| #define PACKAGE_NAME ""
| #define PACKAGE_TARNAME ""
| #define PACKAGE_VERSION ""
| #define PACKAGE_STRING ""
| #define PACKAGE_BUGREPORT ""
| #define BYTEORDER 1234
| #define HAVE_SYS_FILE_H 1
| #define HAVE_SYS_PARAM_H 1
| #define HAVE_LIMITS_H 1
| #define HAVE_STDLIB_H 1
| #define HAVE_MALLOC_H 1
| #define HAVE_STRING_H 1
| #define HAVE_UNISTD_H 1
| #define HAVE_STRINGS_H 1
| #define HAVE_SYS_TIME_H 1
| #define HAVE_TIME_H 1
| #define HAVE_SYS_RESOURCE_H 1
| #define HAVE_SYS_STAT_H 1
| #define HAVE_SYS_MMAN_H 1
| #define HAVE_FCNTL_H 1
| #define HAVE_ALLOCA_H 1
| #define HAVE_SYS_SYSINFO_H 1
| #define HAVE_SYS_SYSCTL_H 1
| #define HAVE_SYS_WAIT_H 1
| #define TIME_WITH_SYS_TIME 1
| #define STDC_HEADERS 1
| #define HAVE_SYS_TYPES_H 1
| #define HAVE_SYS_STAT_H 1
| #define HAVE_STDLIB_H 1
| #define HAVE_STRING_H 1
| #define HAVE_MEMORY_H 1
| #define HAVE_STRINGS_H 1
| #define HAVE_INTTYPES_H 1
| #define HAVE_STDINT_H 1
| #define HAVE_UNISTD_H 1
| #define HAVE_UINTPTR_T 1
| #define HAVE_ASPRINTF 1
| #define HAVE_ATEXIT 1
| #define HAVE_BASENAME 1
| #define HAVE_BCMP 1
| #define HAVE_BCOPY 1
| #define HAVE_BSEARCH 1
| #define HAVE_BZERO 1
| #define HAVE_CALLOC 1
| #define HAVE_CLOCK 1
| #define HAVE_FFS 1
| #define HAVE_GETCWD 1
| #define HAVE_GETPAGESIZE 1
| #define HAVE_INDEX 1
| #define HAVE_INSQUE 1
| #define HAVE_MEMCHR 1
| #define HAVE_MEMCMP 1
| #define HAVE_MEMCPY 1
| #define HAVE_MEMMOVE 1
| #define HAVE_MEMPCPY 1
| #define HAVE_MEMSET 1
| #define HAVE_MKSTEMPS 1
| #define HAVE_PUTENV 1
| #define HAVE_RANDOM 1
| #define HAVE_RENAME 1
| #define HAVE_RINDEX 1
| #define HAVE_SETENV 1
| #define HAVE_SNPRINTF 1
| #define HAVE_SIGSETMASK 1
| #define HAVE_STPCPY 1
| #define HAVE_STPNCPY 1
| #define HAVE_STRCASECMP 1
| #define HAVE_STRCHR 1
| #define HAVE_STRDUP 1
| #define HAVE_STRNCASECMP 1
| #define HAVE_STRRCHR 1
| #define HAVE_STRSTR 1
| #define HAVE_STRTOD 1
| #define HAVE_STRTOL 1
| #define HAVE_STRTOUL 1
| #define HAVE_TMPNAM 1
| #define HAVE_VASPRINTF 1
| #define HAVE_VFPRINTF 1
| #define HAVE_VPRINTF 1
| #define HAVE_VSNPRINTF 1
| #define HAVE_VSPRINTF 1
| #define HAVE_WAITPID 1
| #define STACK_DIRECTION -1
| #define HAVE_UNISTD_H 1
| #define HAVE_FORK 1
| #define HAVE_VFORK 1
| #define HAVE_WORKING_VFORK 1
| #define HAVE_WORKING_FORK 1
| #define HAVE_SYS_ERRLIST 1
| #define HAVE_SYS_NERR 1
| #define HAVE_SYS_SIGLIST 1
| #define HAVE_GETRUSAGE 1
| #define HAVE_ON_EXIT 1
| #define HAVE_PSIGNAL 1
| #define HAVE_STRERROR 1
| #define HAVE_STRSIGNAL 1
| #define HAVE_SYSCONF 1
| #define HAVE_TIMES 1
| #define HAVE_SBRK 1
| #define HAVE_GETTIMEOFDAY 1
| #define HAVE_REALPATH 1
| #define HAVE_CANONICALIZE_FILE_NAME 1
| #define HAVE_SYSCTL 1
| /* end confdefs.h.  */
| 
| #include "confdefs.h"
| #include <stdio.h>
| #ifdef HAVE_STRING_H
| #include <string.h>
| #else
| #ifdef HAVE_STRINGS_H
| #include <strings.h>
| #endif
| #endif
| #ifdef HAVE_STDLIB_H
| #include <stdlib.h>
| #endif
| #ifdef HAVE_UNISTD_H
| #include <unistd.h>
| #endif
| int
| main ()
| {
| char *(*pfn) = (char *(*)) canonicalize_file_name
|   ;
|   return 0;
| }
configure:5668: result: yes
configure:5701: checking for stdlib.h
configure:5741: result: yes
configure:5701: checking for unistd.h
configure:5741: result: yes
configure:5755: checking for getpagesize
configure:5832: result: yes
configure:5842: checking for working mmap
configure:5985: gcc -o conftest -g -O2   conftest.c  >&5
configure:5988: $? = 0
configure:5990: ./conftest
configure:5993: $? = 0
configure:6007: result: yes
configure:6020: checking for working strncmp
configure:6098: gcc -o conftest -g -O2   conftest.c  >&5
configure: In function 'main':
configure:6177: warning: incompatible implicit declaration of built-in function 'exit'
configure:6189: warning: incompatible implicit declaration of built-in function 'strlen'
configure:6192: warning: incompatible implicit declaration of built-in function 'strcpy'
configure:6101: $? = 0
configure:6103: ./conftest
configure:6106: $? = 0
configure:6121: result: yes
configure:6235: creating ./config.status

## ---------------------- ##
## Running config.status. ##
## ---------------------- ##

This file was extended by config.status, which was
generated by GNU Autoconf 2.57.  Invocation command line was

  CONFIG_FILES    = 
  CONFIG_HEADERS  = 
  CONFIG_LINKS    = 
  CONFIG_COMMANDS = 
  $ ./config.status 

on ubuntu

config.status:666: creating Makefile
config.status:666: creating testsuite/Makefile
config.status:763: creating config.h
config.status:1186: executing default commands

## ---------------- ##
## Cache variables. ##
## ---------------- ##

ac_cv_build=i686-host_pc-linux-gnu
ac_cv_build_alias=i686-host_pc-linux-gnu
ac_cv_c_bigendian=no
ac_cv_c_compiler_gnu=yes
ac_cv_c_const=yes
ac_cv_c_inline=inline
ac_cv_c_stack_direction=-1
ac_cv_env_CC_set=set
ac_cv_env_CC_value=gcc
ac_cv_env_CFLAGS_set=set
ac_cv_env_CFLAGS_value='-g -O2'
ac_cv_env_CPPFLAGS_set=
ac_cv_env_CPPFLAGS_value=
ac_cv_env_CPP_set=
ac_cv_env_CPP_value=
ac_cv_env_LDFLAGS_set=
ac_cv_env_LDFLAGS_value=
ac_cv_env_build_alias_set=set
ac_cv_env_build_alias_value=i686-host_pc-linux-gnu
ac_cv_env_host_alias_set=set
ac_cv_env_host_alias_value=i686-host_pc-linux-gnu
ac_cv_env_target_alias_set=set
ac_cv_env_target_alias_value=arm-softfloat-linux-gnu
ac_cv_exeext=
ac_cv_func__doprnt=no
ac_cv_func_asprintf=yes
ac_cv_func_atexit=yes
ac_cv_func_basename=yes
ac_cv_func_bcmp=yes
ac_cv_func_bcopy=yes
ac_cv_func_bsearch=yes
ac_cv_func_bzero=yes
ac_cv_func_calloc=yes
ac_cv_func_canonicalize_file_name=yes
ac_cv_func_clock=yes
ac_cv_func_ffs=yes
ac_cv_func_fork=yes
ac_cv_func_fork_works=yes
ac_cv_func_getcwd=yes
ac_cv_func_getpagesize=yes
ac_cv_func_getrusage=yes
ac_cv_func_getsysinfo=no
ac_cv_func_gettimeofday=yes
ac_cv_func_index=yes
ac_cv_func_insque=yes
ac_cv_func_memchr=yes
ac_cv_func_memcmp=yes
ac_cv_func_memcpy=yes
ac_cv_func_memmove=yes
ac_cv_func_mempcpy=yes
ac_cv_func_memset=yes
ac_cv_func_mkstemps=yes
ac_cv_func_mmap_fixed_mapped=yes
ac_cv_func_on_exit=yes
ac_cv_func_psignal=yes
ac_cv_func_pstat_getdynamic=no
ac_cv_func_pstat_getstatic=no
ac_cv_func_putenv=yes
ac_cv_func_random=yes
ac_cv_func_realpath=yes
ac_cv_func_rename=yes
ac_cv_func_rindex=yes
ac_cv_func_sbrk=yes
ac_cv_func_setenv=yes
ac_cv_func_sigsetmask=yes
ac_cv_func_snprintf=yes
ac_cv_func_stpcpy=yes
ac_cv_func_stpncpy=yes
ac_cv_func_strcasecmp=yes
ac_cv_func_strchr=yes
ac_cv_func_strdup=yes
ac_cv_func_strerror=yes
ac_cv_func_strncasecmp=yes
ac_cv_func_strncmp_works=yes
ac_cv_func_strrchr=yes
ac_cv_func_strsignal=yes
ac_cv_func_strstr=yes
ac_cv_func_strtod=yes
ac_cv_func_strtol=yes
ac_cv_func_strtoul=yes
ac_cv_func_sysconf=yes
ac_cv_func_sysctl=yes
ac_cv_func_sysmp=no
ac_cv_func_table=no
ac_cv_func_times=yes
ac_cv_func_tmpnam=yes
ac_cv_func_vasprintf=yes
ac_cv_func_vfork=yes
ac_cv_func_vfork_works=yes
ac_cv_func_vfprintf=yes
ac_cv_func_vprintf=yes
ac_cv_func_vsnprintf=yes
ac_cv_func_vsprintf=yes
ac_cv_func_waitpid=yes
ac_cv_header_alloca_h=yes
ac_cv_header_fcntl_h=yes
ac_cv_header_inttypes_h=yes
ac_cv_header_limits_h=yes
ac_cv_header_machine_hal_sysinfo_h=no
ac_cv_header_malloc_h=yes
ac_cv_header_memory_h=yes
ac_cv_header_stdc=yes
ac_cv_header_stdint_h=yes
ac_cv_header_stdlib_h=yes
ac_cv_header_string_h=yes
ac_cv_header_strings_h=yes
ac_cv_header_sys_file_h=yes
ac_cv_header_sys_mman_h=yes
ac_cv_header_sys_param_h=yes
ac_cv_header_sys_pstat_h=no
ac_cv_header_sys_resource_h=yes
ac_cv_header_sys_stat_h=yes
ac_cv_header_sys_sysctl_h=yes
ac_cv_header_sys_sysinfo_h=yes
ac_cv_header_sys_sysmp_h=no
ac_cv_header_sys_systemcfg_h=no
ac_cv_header_sys_table_h=no
ac_cv_header_sys_time_h=yes
ac_cv_header_sys_types_h=yes
ac_cv_header_sys_wait_h=yes
ac_cv_header_time=yes
ac_cv_header_time_h=yes
ac_cv_header_unistd_h=yes
ac_cv_header_vfork_h=no
ac_cv_host=i686-host_pc-linux-gnu
ac_cv_host_alias=i686-host_pc-linux-gnu
ac_cv_objext=o
ac_cv_os_cray=no
ac_cv_path_install='/usr/bin/install -c'
ac_cv_prog_AR=ar
ac_cv_prog_CC=gcc
ac_cv_prog_CPP='gcc -E'
ac_cv_prog_PERL=perl
ac_cv_prog_RANLIB=ranlib
ac_cv_prog_cc_g=yes
ac_cv_prog_cc_gcc_c_o=yes
ac_cv_prog_cc_stdc=
ac_cv_prog_egrep='grep -E'
ac_cv_search_strerror='none required'
ac_cv_type_pid_t=yes
ac_cv_type_uintptr_t=yes
libiberty_cv_decl_needed_canonicalize_file_name=yes
libiberty_cv_declare_errno=no
libiberty_cv_var_sys_errlist=yes
libiberty_cv_var_sys_nerr=yes
libiberty_cv_var_sys_siglist=yes

## ----------------- ##
## Output variables. ##
## ----------------- ##

AR='ar'
BUILD_INFO=''
CC='gcc'
CFLAGS='-g -O2'
CHECK='check-cplus-dem'
CPP='gcc -E'
CPPFLAGS=''
DEFS='-DHAVE_CONFIG_H'
ECHO_C=''
ECHO_N='-n'
ECHO_T=''
EGREP='grep -E'
EXEEXT=''
HAVE_PERL=''
INSTALL_DATA='${INSTALL} -m 644'
INSTALL_DEST='libdir'
INSTALL_PROGRAM='${INSTALL}'
INSTALL_SCRIPT='${INSTALL}'
LDFLAGS=''
LIBOBJS=''
LIBS=''
LTLIBOBJS=''
MAINT='#'
MAKEINFO='@echo makeinfo missing; true'
NOTMAINT=''
NO_MINUS_C_MINUS_O=''
OBJEXT='o'
OUTPUT_OPTION='-o $@'
PACKAGE_BUGREPORT=''
PACKAGE_NAME=''
PACKAGE_STRING=''
PACKAGE_TARNAME=''
PACKAGE_VERSION=''
PATH_SEPARATOR=':'
PERL='perl'
RANLIB='ranlib'
SHELL='/bin/sh'
ac_ct_AR=''
ac_ct_CC=''
ac_ct_RANLIB=''
ac_libiberty_warn_cflags='-W -Wall -Wtraditional -pedantic'
bindir='${exec_prefix}/bin'
build='i686-host_pc-linux-gnu'
build_alias='i686-host_pc-linux-gnu'
build_cpu='i686'
build_os='linux-gnu'
build_vendor='host_pc'
datadir='${prefix}/share'
exec_prefix='${prefix}'
host='i686-host_pc-linux-gnu'
host_alias='i686-host_pc-linux-gnu'
host_cpu='i686'
host_os='linux-gnu'
host_vendor='host_pc'
includedir='${prefix}/include'
infodir='${prefix}/info'
libdir='${exec_prefix}/lib'
libexecdir='${exec_prefix}/libexec'
libiberty_topdir='/home/taoanran/git/linux/crosstool-0.43/build/arm-softfloat-linux-gnu/gcc-3.4.5-glibc-2.3.6/gcc-3.4.5/libiberty/..'
localstatedir='${prefix}/var'
mandir='${prefix}/man'
oldincludedir='/usr/include'
pexecute='pex-unix.o'
prefix='/home/taoanran/git/linux/crosstool-0.43/build/arm-softfloat-linux-gnu/gcc-3.4.5-glibc-2.3.6/gcc-core-prefix'
program_transform_name='s,^,arm-softfloat-linux-gnu-,; '
sbindir='${exec_prefix}/sbin'
sharedstatedir='${prefix}/com'
sysconfdir='${prefix}/etc'
target_alias='arm-softfloat-linux-gnu'
target_header_dir=''

## ------------- ##
## Output files. ##
## ------------- ##

host_makefile_frag='xhost-mkfrag'

## ----------- ##
## confdefs.h. ##
## ----------- ##

#define BYTEORDER 1234
#define HAVE_ALLOCA_H 1
#define HAVE_ASPRINTF 1
#define HAVE_ATEXIT 1
#define HAVE_BASENAME 1
#define HAVE_BCMP 1
#define HAVE_BCOPY 1
#define HAVE_BSEARCH 1
#define HAVE_BZERO 1
#define HAVE_CALLOC 1
#define HAVE_CANONICALIZE_FILE_NAME 1
#define HAVE_CLOCK 1
#define HAVE_FCNTL_H 1
#define HAVE_FFS 1
#define HAVE_FORK 1
#define HAVE_GETCWD 1
#define HAVE_GETPAGESIZE 1
#define HAVE_GETPAGESIZE 1
#define HAVE_GETRUSAGE 1
#define HAVE_GETTIMEOFDAY 1
#define HAVE_INDEX 1
#define HAVE_INSQUE 1
#define HAVE_INTTYPES_H 1
#define HAVE_LIMITS_H 1
#define HAVE_MALLOC_H 1
#define HAVE_MEMCHR 1
#define HAVE_MEMCMP 1
#define HAVE_MEMCPY 1
#define HAVE_MEMMOVE 1
#define HAVE_MEMORY_H 1
#define HAVE_MEMPCPY 1
#define HAVE_MEMSET 1
#define HAVE_MKSTEMPS 1
#define HAVE_MMAP 1
#define HAVE_ON_EXIT 1
#define HAVE_PSIGNAL 1
#define HAVE_PUTENV 1
#define HAVE_RANDOM 1
#define HAVE_REALPATH 1
#define HAVE_RENAME 1
#define HAVE_RINDEX 1
#define HAVE_SBRK 1
#define HAVE_SETENV 1
#define HAVE_SIGSETMASK 1
#define HAVE_SNPRINTF 1
#define HAVE_STDINT_H 1
#define HAVE_STDLIB_H 1
#define HAVE_STDLIB_H 1
#define HAVE_STDLIB_H 1
#define HAVE_STPCPY 1
#define HAVE_STPNCPY 1
#define HAVE_STRCASECMP 1
#define HAVE_STRCHR 1
#define HAVE_STRDUP 1
#define HAVE_STRERROR 1
#define HAVE_STRINGS_H 1
#define HAVE_STRINGS_H 1
#define HAVE_STRING_H 1
#define HAVE_STRING_H 1
#define HAVE_STRNCASECMP 1
#define HAVE_STRRCHR 1
#define HAVE_STRSIGNAL 1
#define HAVE_STRSTR 1
#define HAVE_STRTOD 1
#define HAVE_STRTOL 1
#define HAVE_STRTOUL 1
#define HAVE_SYSCONF 1
#define HAVE_SYSCTL 1
#define HAVE_SYS_ERRLIST 1
#define HAVE_SYS_FILE_H 1
#define HAVE_SYS_MMAN_H 1
#define HAVE_SYS_NERR 1
#define HAVE_SYS_PARAM_H 1
#define HAVE_SYS_RESOURCE_H 1
#define HAVE_SYS_SIGLIST 1
#define HAVE_SYS_STAT_H 1
#define HAVE_SYS_STAT_H 1
#define HAVE_SYS_SYSCTL_H 1
#define HAVE_SYS_SYSINFO_H 1
#define HAVE_SYS_TIME_H 1
#define HAVE_SYS_TYPES_H 1
#define HAVE_SYS_WAIT_H 1
#define HAVE_TIMES 1
#define HAVE_TIME_H 1
#define HAVE_TMPNAM 1
#define HAVE_UINTPTR_T 1
#define HAVE_UNISTD_H 1
#define HAVE_UNISTD_H 1
#define HAVE_UNISTD_H 1
#define HAVE_UNISTD_H 1
#define HAVE_VASPRINTF 1
#define HAVE_VFORK 1
#define HAVE_VFPRINTF 1
#define HAVE_VPRINTF 1
#define HAVE_VSNPRINTF 1
#define HAVE_VSPRINTF 1
#define HAVE_WAITPID 1
#define HAVE_WORKING_FORK 1
#define HAVE_WORKING_VFORK 1
#define NEED_DECLARATION_CANONICALIZE_FILE_NAME 1
#define PACKAGE_BUGREPORT ""
#define PACKAGE_NAME ""
#define PACKAGE_STRING ""
#define PACKAGE_TARNAME ""
#define PACKAGE_VERSION ""
#define STACK_DIRECTION -1
#define STDC_HEADERS 1
#define TIME_WITH_SYS_TIME 1

configure: exit 0
