This file contains any messages produced by compilers while
running configure, to aid debugging if configure makes a mistake.

It was created by configure, which was
generated by GNU Autoconf 2.59.  Invocation command line was

  $ /home/taoanran/git/linux/binutils-2.18/libiberty/configure --cache-file=./config.cache --with-gnu-as --with-gnu-ld --prefix=/tmp/binutils --disable-nls --program-transform-name=s,y,y, --build=i686-pc-linux-gnu --host=i686-pc-linux-gnu --target=i686-pc-linux-gnu --srcdir=.././libiberty CC=gcc CFLAGS=-g -O2 LDFLAGS= build_alias=i686-pc-linux-gnu host_alias=i686-pc-linux-gnu target_alias=i686-pc-linux-gnu --no-create --no-recursion

## --------- ##
## Platform. ##
## --------- ##

hostname = ubuntu
uname -m = i686
uname -r = 2.6.32-38-generic
uname -s = Linux
uname -v = #83-Ubuntu SMP Wed Jan 4 11:13:04 UTC 2012

/usr/bin/uname -p = unknown
/bin/uname -X     = unknown

/bin/arch              = unknown
/usr/bin/arch -k       = unknown
/usr/convex/getsysinfo = unknown
hostinfo               = unknown
/bin/machine           = unknown
/usr/bin/oslevel       = unknown
/bin/universe          = unknown

PATH: /usr/local/sbin
PATH: /usr/local/bin
PATH: /usr/sbin
PATH: /usr/bin
PATH: /sbin
PATH: /bin
PATH: /usr/games


## ----------- ##
## Core tests. ##
## ----------- ##

configure:1220: loading cache ./config.cache
configure:1385: checking whether to enable maintainer-specific portions of Makefiles
configure:1395: result: no
configure:1410: checking for makeinfo
configure:1436: result: /home/taoanran/git/linux/binutils-2.18/missing makeinfo --split-size=5000000
configure:1452: WARNING:
*** Makeinfo is missing. Info documentation will not be built.
configure:1475: checking for perl
configure:1501: result: perl
configure:1521: checking build system type
configure:1539: result: i686-pc-linux-gnu
configure:1547: checking host system type
configure:1561: result: i686-pc-linux-gnu
configure:1574: checking for i686-pc-linux-gnu-ar
configure:1600: result: ar
configure:1653: checking for i686-pc-linux-gnu-ranlib
configure:1679: result: ranlib
configure:1763: checking for i686-pc-linux-gnu-gcc
configure:1789: result: gcc
configure:2071: checking for C compiler version
configure:2074: gcc --version </dev/null >&5
gcc (GCC) 4.1.3 20080704 (prerelease) (Ubuntu 4.1.2-27ubuntu1)
Copyright (C) 2006 Free Software Foundation, Inc.
This is free software; see the source for copying conditions.  There is NO
warranty; not even for MERCHANTABILITY or FITNESS FOR A PARTICULAR PURPOSE.

configure:2077: $? = 0
configure:2079: gcc -v </dev/null >&5
Using built-in specs.
Target: i486-linux-gnu
Configured with: ../src/configure -v --enable-languages=c,c++ --prefix=/usr --enable-shared --with-system-zlib --libexecdir=/usr/lib --without-included-gettext --enable-threads=posix --enable-nls --with-gxx-include-dir=/usr/include/c++/4.1.3 --program-suffix=-4.1 --enable-__cxa_atexit --enable-clocale=gnu --enable-libstdcxx-debug --with-tune=generic --enable-checking=release i486-linux-gnu
Thread model: posix
gcc version 4.1.3 20080704 (prerelease) (Ubuntu 4.1.2-27ubuntu1)
configure:2082: $? = 0
configure:2084: gcc -V </dev/null >&5
gcc: '-V' option must have argument
configure:2087: $? = 1
configure:2106: gcc -o conftest -g -O2   conftest.c  >&5
configure:2109: $? = 0
configure:2143: checking for C compiler default output file name
configure:2146: gcc -g -O2   conftest.c  >&5
configure:2149: $? = 0
configure:2195: result: a.out
configure:2200: checking whether the C compiler works
configure:2206: ./a.out
configure:2209: $? = 0
configure:2226: result: yes
configure:2233: checking whether we are cross compiling
configure:2235: result: no
configure:2238: checking for suffix of executables
configure:2240: gcc -o conftest -g -O2   conftest.c  >&5
configure:2243: $? = 0
configure:2268: result: 
configure:2275: checking for suffix of object files
configure:2321: result: o
configure:2325: checking whether we are using the GNU C compiler
configure:2381: result: yes
configure:2387: checking whether gcc accepts -g
configure:2438: result: yes
configure:2455: checking for gcc option to accept ANSI C
configure:2562: result: none needed
configure:2580: gcc -c -g -O2  conftest.c >&5
conftest.c:2: error: expected '=', ',', ';', 'asm' or '__attribute__' before 'me'
configure:2586: $? = 1
configure: failed program was:
| #ifndef __cplusplus
|   choke me
| #endif
configure:2724: checking how to run the C preprocessor
configure:2842: result: gcc -E
configure:2866: gcc -E  conftest.c
configure:2872: $? = 0
configure:2904: gcc -E  conftest.c
conftest.c:9:28: error: ac_nonexistent.h: No such file or directory
configure:2910: $? = 1
configure: failed program was:
| /* confdefs.h.  */
| 
| #define PACKAGE_NAME ""
| #define PACKAGE_TARNAME ""
| #define PACKAGE_VERSION ""
| #define PACKAGE_STRING ""
| #define PACKAGE_BUGREPORT ""
| /* end confdefs.h.  */
| #include <ac_nonexistent.h>
configure:2963: checking whether gcc supports -W
configure:3016: result: yes
configure:2963: checking whether gcc supports -Wall
configure:3016: result: yes
configure:2963: checking whether gcc supports -Wwrite-strings
configure:3016: result: yes
configure:2963: checking whether gcc supports -Wc++-compat
configure:3016: result: yes
configure:2963: checking whether gcc supports -Wstrict-prototypes
configure:3016: result: yes
configure:3026: checking whether gcc supports -pedantic 
configure:3080: result: yes
configure:3092: checking whether gcc and cc understand -c and -o together
configure:3169: result: yes
configure:3190: checking for an ANSI C-conforming const
configure:3287: result: yes
configure:3297: checking for inline
configure:3349: result: inline
configure:3368: checking whether byte ordering is bigendian
configure:3579: result: no
configure:3618: checking for a BSD-compatible install
configure:3673: result: /usr/bin/install -c
configure:3788: checking for sys/file.h
configure:3828: result: yes
configure:3788: checking for sys/param.h
configure:3828: result: yes
configure:3788: checking for limits.h
configure:3828: result: yes
configure:3788: checking for stdlib.h
configure:3828: result: yes
configure:3788: checking for malloc.h
configure:3828: result: yes
configure:3788: checking for string.h
configure:3828: result: yes
configure:3788: checking for unistd.h
configure:3828: result: yes
configure:3788: checking for strings.h
configure:3828: result: yes
configure:3788: checking for sys/time.h
configure:3828: result: yes
configure:3788: checking for time.h
configure:3828: result: yes
configure:3788: checking for sys/resource.h
configure:3828: result: yes
configure:3788: checking for sys/stat.h
configure:3828: result: yes
configure:3788: checking for sys/mman.h
configure:3828: result: yes
configure:3788: checking for fcntl.h
configure:3828: result: yes
configure:3788: checking for alloca.h
configure:3828: result: yes
configure:3788: checking for sys/pstat.h
configure:3828: result: no
configure:3788: checking for sys/sysmp.h
configure:3828: result: no
configure:3788: checking for sys/sysinfo.h
configure:3828: result: yes
configure:3788: checking for machine/hal_sysinfo.h
configure:3828: result: no
configure:3788: checking for sys/table.h
configure:3828: result: no
configure:3788: checking for sys/sysctl.h
configure:3828: result: yes
configure:3788: checking for sys/systemcfg.h
configure:3828: result: no
configure:3788: checking for stdint.h
configure:3828: result: yes
configure:3788: checking for stdio_ext.h
configure:3828: result: yes
configure:3838: checking for sys/wait.h that is POSIX.1 compatible
configure:3899: result: yes
configure:3909: checking whether time.h and sys/time.h may both be included
configure:3964: result: yes
configure:3975: checking whether errno must be declared
configure:4026: result: no
configure:4038: checking for egrep
configure:4048: result: grep -E
configure:4053: checking for ANSI C header files
configure:4209: result: yes
configure:4233: checking for sys/types.h
configure:4273: result: yes
configure:4233: checking for sys/stat.h
configure:4273: result: yes
configure:4233: checking for stdlib.h
configure:4273: result: yes
configure:4233: checking for string.h
configure:4273: result: yes
configure:4233: checking for memory.h
configure:4273: result: yes
configure:4233: checking for strings.h
configure:4273: result: yes
configure:4233: checking for inttypes.h
configure:4273: result: yes
configure:4233: checking for stdint.h
configure:4273: result: yes
configure:4233: checking for unistd.h
configure:4273: result: yes
configure:4284: checking for int
configure:4338: result: yes
configure:4341: checking size of int
configure:4691: result: 4
configure:4699: checking for uintptr_t
configure:4753: result: yes
configure:4767: checking for a 64-bit type
configure:4919: result: uint64_t
configure:4938: checking for pid_t
configure:4992: result: yes
configure:6234: checking for library containing strerror
configure:6363: result: none required
configure:6374: checking for asprintf
configure:6461: result: yes
configure:6374: checking for atexit
configure:6461: result: yes
configure:6374: checking for basename
configure:6461: result: yes
configure:6374: checking for bcmp
configure:6461: result: yes
configure:6374: checking for bcopy
configure:6461: result: yes
configure:6374: checking for bsearch
configure:6461: result: yes
configure:6374: checking for bzero
configure:6461: result: yes
configure:6374: checking for calloc
configure:6461: result: yes
configure:6374: checking for clock
configure:6461: result: yes
configure:6374: checking for ffs
configure:6461: result: yes
configure:6374: checking for getcwd
configure:6461: result: yes
configure:6374: checking for getpagesize
configure:6461: result: yes
configure:6374: checking for gettimeofday
configure:6461: result: yes
configure:6374: checking for index
configure:6461: result: yes
configure:6374: checking for insque
configure:6461: result: yes
configure:6374: checking for memchr
configure:6461: result: yes
configure:6374: checking for memcmp
configure:6461: result: yes
configure:6374: checking for memcpy
configure:6461: result: yes
configure:6374: checking for memmove
configure:6461: result: yes
configure:6374: checking for mempcpy
configure:6461: result: yes
configure:6374: checking for memset
configure:6461: result: yes
configure:6374: checking for mkstemps
configure:6461: result: yes
configure:6374: checking for putenv
configure:6461: result: yes
configure:6374: checking for random
configure:6461: result: yes
configure:6374: checking for rename
configure:6461: result: yes
configure:6374: checking for rindex
configure:6461: result: yes
configure:6374: checking for setenv
configure:6461: result: yes
configure:6374: checking for snprintf
configure:6461: result: yes
configure:6374: checking for sigsetmask
configure:6461: result: yes
configure:6374: checking for stpcpy
configure:6461: result: yes
configure:6374: checking for stpncpy
configure:6461: result: yes
configure:6374: checking for strcasecmp
configure:6461: result: yes
configure:6374: checking for strchr
configure:6461: result: yes
configure:6374: checking for strdup
configure:6461: result: yes
configure:6374: checking for strncasecmp
configure:6461: result: yes
configure:6374: checking for strndup
configure:6461: result: yes
configure:6374: checking for strrchr
configure:6461: result: yes
configure:6374: checking for strstr
configure:6461: result: yes
configure:6374: checking for strtod
configure:6461: result: yes
configure:6374: checking for strtol
configure:6461: result: yes
configure:6374: checking for strtoul
configure:6461: result: yes
configure:6374: checking for strverscmp
configure:6461: result: yes
configure:6374: checking for tmpnam
configure:6461: result: yes
configure:6374: checking for vasprintf
configure:6461: result: yes
configure:6374: checking for vfprintf
configure:6461: result: yes
configure:6374: checking for vprintf
configure:6461: result: yes
configure:6374: checking for vsnprintf
configure:6461: result: yes
configure:6374: checking for vsprintf
configure:6461: result: yes
configure:6374: checking for waitpid
configure:6461: result: yes
configure:6481: checking whether alloca needs Cray hooks
configure:6508: result: no
configure:6613: checking stack direction for C alloca
configure:6667: result: -1
configure:6680: checking for unistd.h
configure:6720: result: yes
configure:6680: checking for vfork.h
configure:6720: result: no
configure:6735: checking for fork
configure:6822: result: yes
configure:6735: checking for vfork
configure:6822: result: yes
configure:6833: checking for working fork
configure:6878: result: yes
configure:6899: checking for working vfork
configure:7032: result: yes
configure:7193: checking for _doprnt
configure:7280: result: no
configure:7293: checking for sys_errlist
configure:7352: result: yes
configure:7293: checking for sys_nerr
configure:7352: result: yes
configure:7293: checking for sys_siglist
configure:7352: result: yes
configure:7367: checking for external symbol _system_configuration
configure:7385: gcc -c -g -O2  conftest.c >&5
conftest.c:101:27: error: sys/systemcfg.h: No such file or directory
conftest.c: In function 'main':
conftest.c:105: error: '_system_configuration' undeclared (first use in this function)
conftest.c:105: error: (Each undeclared identifier is reported only once
conftest.c:105: error: for each function it appears in.)
configure:7391: $? = 1
configure: failed program was:
| /* confdefs.h.  */
| 
| #define PACKAGE_NAME ""
| #define PACKAGE_TARNAME ""
| #define PACKAGE_VERSION ""
| #define PACKAGE_STRING ""
| #define PACKAGE_BUGREPORT ""
| #define HAVE_SYS_FILE_H 1
| #define HAVE_SYS_PARAM_H 1
| #define HAVE_LIMITS_H 1
| #define HAVE_STDLIB_H 1
| #define HAVE_MALLOC_H 1
| #define HAVE_STRING_H 1
| #define HAVE_UNISTD_H 1
| #define HAVE_STRINGS_H 1
| #define HAVE_SYS_TIME_H 1
| #define HAVE_TIME_H 1
| #define HAVE_SYS_RESOURCE_H 1
| #define HAVE_SYS_STAT_H 1
| #define HAVE_SYS_MMAN_H 1
| #define HAVE_FCNTL_H 1
| #define HAVE_ALLOCA_H 1
| #define HAVE_SYS_SYSINFO_H 1
| #define HAVE_SYS_SYSCTL_H 1
| #define HAVE_STDINT_H 1
| #define HAVE_STDIO_EXT_H 1
| #define HAVE_SYS_WAIT_H 1
| #define TIME_WITH_SYS_TIME 1
| #define STDC_HEADERS 1
| #define HAVE_SYS_TYPES_H 1
| #define HAVE_SYS_STAT_H 1
| #define HAVE_STDLIB_H 1
| #define HAVE_STRING_H 1
| #define HAVE_MEMORY_H 1
| #define HAVE_STRINGS_H 1
| #define HAVE_INTTYPES_H 1
| #define HAVE_STDINT_H 1
| #define HAVE_UNISTD_H 1
| #define SIZEOF_INT 4
| #define UNSIGNED_64BIT_TYPE uint64_t
| #define HAVE_UINTPTR_T 1
| #define HAVE_ASPRINTF 1
| #define HAVE_ATEXIT 1
| #define HAVE_BASENAME 1
| #define HAVE_BCMP 1
| #define HAVE_BCOPY 1
| #define HAVE_BSEARCH 1
| #define HAVE_BZERO 1
| #define HAVE_CALLOC 1
| #define HAVE_CLOCK 1
| #define HAVE_FFS 1
| #define HAVE_GETCWD 1
| #define HAVE_GETPAGESIZE 1
| #define HAVE_GETTIMEOFDAY 1
| #define HAVE_INDEX 1
| #define HAVE_INSQUE 1
| #define HAVE_MEMCHR 1
| #define HAVE_MEMCMP 1
| #define HAVE_MEMCPY 1
| #define HAVE_MEMMOVE 1
| #define HAVE_MEMPCPY 1
| #define HAVE_MEMSET 1
| #define HAVE_MKSTEMPS 1
| #define HAVE_PUTENV 1
| #define HAVE_RANDOM 1
| #define HAVE_RENAME 1
| #define HAVE_RINDEX 1
| #define HAVE_SETENV 1
| #define HAVE_SNPRINTF 1
| #define HAVE_SIGSETMASK 1
| #define HAVE_STPCPY 1
| #define HAVE_STPNCPY 1
| #define HAVE_STRCASECMP 1
| #define HAVE_STRCHR 1
| #define HAVE_STRDUP 1
| #define HAVE_STRNCASECMP 1
| #define HAVE_STRNDUP 1
| #define HAVE_STRRCHR 1
| #define HAVE_STRSTR 1
| #define HAVE_STRTOD 1
| #define HAVE_STRTOL 1
| #define HAVE_STRTOUL 1
| #define HAVE_STRVERSCMP 1
| #define HAVE_TMPNAM 1
| #define HAVE_VASPRINTF 1
| #define HAVE_VFPRINTF 1
| #define HAVE_VPRINTF 1
| #define HAVE_VSNPRINTF 1
| #define HAVE_VSPRINTF 1
| #define HAVE_WAITPID 1
| #define STACK_DIRECTION -1
| #define HAVE_UNISTD_H 1
| #define HAVE_FORK 1
| #define HAVE_VFORK 1
| #define HAVE_WORKING_VFORK 1
| #define HAVE_WORKING_FORK 1
| #define HAVE_SYS_ERRLIST 1
| #define HAVE_SYS_NERR 1
| #define HAVE_SYS_SIGLIST 1
| /* end confdefs.h.  */
| #include <sys/systemcfg.h>
| int
| main ()
| {
| double x = _system_configuration.physmem;
|   ;
|   return 0;
| }
configure:7417: result: no
configure:7426: checking for getrusage
configure:7513: result: yes
configure:7426: checking for on_exit
configure:7513: result: yes
configure:7426: checking for psignal
configure:7513: result: yes
configure:7426: checking for strerror
configure:7513: result: yes
configure:7426: checking for strsignal
configure:7513: result: yes
configure:7426: checking for sysconf
configure:7513: result: yes
configure:7426: checking for times
configure:7513: result: yes
configure:7426: checking for sbrk
configure:7513: result: yes
configure:7426: checking for gettimeofday
configure:7513: result: yes
configure:7426: checking for realpath
configure:7513: result: yes
configure:7426: checking for canonicalize_file_name
configure:7513: result: yes
configure:7426: checking for pstat_getstatic
configure:7513: result: no
configure:7426: checking for pstat_getdynamic
configure:7513: result: no
configure:7426: checking for sysmp
configure:7513: result: no
configure:7426: checking for getsysinfo
configure:7513: result: no
configure:7426: checking for table
configure:7513: result: no
configure:7426: checking for sysctl
configure:7513: result: yes
configure:7426: checking for wait3
configure:7513: result: yes
configure:7426: checking for wait4
configure:7513: result: yes
configure:7426: checking for __fsetlocking
configure:7513: result: yes
configure:7523: checking whether basename is declared
configure:7577: result: no
configure:7593: checking whether ffs is declared
configure:7647: result: yes
configure:7663: checking whether asprintf is declared
configure:7717: result: no
configure:7733: checking whether vasprintf is declared
configure:7787: result: no
configure:7803: checking whether snprintf is declared
configure:7857: result: yes
configure:7873: checking whether vsnprintf is declared
configure:7927: result: yes
configure:7945: checking whether calloc is declared
configure:7999: result: yes
configure:8015: checking whether getenv is declared
configure:8069: result: yes
configure:8085: checking whether getopt is declared
configure:8139: result: yes
configure:8155: checking whether malloc is declared
configure:8209: result: yes
configure:8225: checking whether realloc is declared
configure:8279: result: yes
configure:8295: checking whether sbrk is declared
configure:8349: result: yes
configure:8367: checking whether strverscmp is declared
configure:8421: result: no
configure:8439: checking whether canonicalize_file_name must be declared
configure:8506: result: yes
configure:8538: checking for stdlib.h
configure:8578: result: yes
configure:8538: checking for unistd.h
configure:8578: result: yes
configure:8592: checking for getpagesize
configure:8679: result: yes
configure:8689: checking for working mmap
configure:8853: result: yes
configure:8866: checking for working strncmp
configure:8966: result: yes
configure:9103: creating ./config.status

## ---------------- ##
## Cache variables. ##
## ---------------- ##

ac_cv_build=i686-pc-linux-gnu
ac_cv_build_alias=i686-pc-linux-gnu
ac_cv_c_bigendian=no
ac_cv_c_compiler_gnu=yes
ac_cv_c_const=yes
ac_cv_c_inline=inline
ac_cv_c_stack_direction=-1
ac_cv_env_CC_set=set
ac_cv_env_CC_value=gcc
ac_cv_env_CFLAGS_set=set
ac_cv_env_CFLAGS_value='-g -O2'
ac_cv_env_CPPFLAGS_set=
ac_cv_env_CPPFLAGS_value=
ac_cv_env_CPP_set=
ac_cv_env_CPP_value=
ac_cv_env_LDFLAGS_set=set
ac_cv_env_LDFLAGS_value=
ac_cv_env_build_alias_set=set
ac_cv_env_build_alias_value=i686-pc-linux-gnu
ac_cv_env_host_alias_set=set
ac_cv_env_host_alias_value=i686-pc-linux-gnu
ac_cv_env_target_alias_set=set
ac_cv_env_target_alias_value=i686-pc-linux-gnu
ac_cv_exeext=
ac_cv_func___fsetlocking=yes
ac_cv_func__doprnt=no
ac_cv_func_asprintf=yes
ac_cv_func_atexit=yes
ac_cv_func_basename=yes
ac_cv_func_bcmp=yes
ac_cv_func_bcopy=yes
ac_cv_func_bsearch=yes
ac_cv_func_bzero=yes
ac_cv_func_calloc=yes
ac_cv_func_canonicalize_file_name=yes
ac_cv_func_clock=yes
ac_cv_func_ffs=yes
ac_cv_func_fork=yes
ac_cv_func_fork_works=yes
ac_cv_func_getcwd=yes
ac_cv_func_getpagesize=yes
ac_cv_func_getrusage=yes
ac_cv_func_getsysinfo=no
ac_cv_func_gettimeofday=yes
ac_cv_func_index=yes
ac_cv_func_insque=yes
ac_cv_func_memchr=yes
ac_cv_func_memcmp=yes
ac_cv_func_memcpy=yes
ac_cv_func_memmove=yes
ac_cv_func_mempcpy=yes
ac_cv_func_memset=yes
ac_cv_func_mkstemps=yes
ac_cv_func_mmap_fixed_mapped=yes
ac_cv_func_on_exit=yes
ac_cv_func_psignal=yes
ac_cv_func_pstat_getdynamic=no
ac_cv_func_pstat_getstatic=no
ac_cv_func_putenv=yes
ac_cv_func_random=yes
ac_cv_func_realpath=yes
ac_cv_func_rename=yes
ac_cv_func_rindex=yes
ac_cv_func_sbrk=yes
ac_cv_func_setenv=yes
ac_cv_func_sigsetmask=yes
ac_cv_func_snprintf=yes
ac_cv_func_stpcpy=yes
ac_cv_func_stpncpy=yes
ac_cv_func_strcasecmp=yes
ac_cv_func_strchr=yes
ac_cv_func_strdup=yes
ac_cv_func_strerror=yes
ac_cv_func_strncasecmp=yes
ac_cv_func_strncmp_works=yes
ac_cv_func_strndup=yes
ac_cv_func_strrchr=yes
ac_cv_func_strsignal=yes
ac_cv_func_strstr=yes
ac_cv_func_strtod=yes
ac_cv_func_strtol=yes
ac_cv_func_strtoul=yes
ac_cv_func_strverscmp=yes
ac_cv_func_sysconf=yes
ac_cv_func_sysctl=yes
ac_cv_func_sysmp=no
ac_cv_func_table=no
ac_cv_func_times=yes
ac_cv_func_tmpnam=yes
ac_cv_func_vasprintf=yes
ac_cv_func_vfork=yes
ac_cv_func_vfork_works=yes
ac_cv_func_vfprintf=yes
ac_cv_func_vprintf=yes
ac_cv_func_vsnprintf=yes
ac_cv_func_vsprintf=yes
ac_cv_func_wait3=yes
ac_cv_func_wait4=yes
ac_cv_func_waitpid=yes
ac_cv_have_decl_asprintf=no
ac_cv_have_decl_basename=no
ac_cv_have_decl_calloc=yes
ac_cv_have_decl_ffs=yes
ac_cv_have_decl_getenv=yes
ac_cv_have_decl_getopt=yes
ac_cv_have_decl_malloc=yes
ac_cv_have_decl_realloc=yes
ac_cv_have_decl_sbrk=yes
ac_cv_have_decl_snprintf=yes
ac_cv_have_decl_strverscmp=no
ac_cv_have_decl_vasprintf=no
ac_cv_have_decl_vsnprintf=yes
ac_cv_header_alloca_h=yes
ac_cv_header_fcntl_h=yes
ac_cv_header_inttypes_h=yes
ac_cv_header_limits_h=yes
ac_cv_header_machine_hal_sysinfo_h=no
ac_cv_header_malloc_h=yes
ac_cv_header_memory_h=yes
ac_cv_header_stdc=yes
ac_cv_header_stdint_h=yes
ac_cv_header_stdio_ext_h=yes
ac_cv_header_stdlib_h=yes
ac_cv_header_string_h=yes
ac_cv_header_strings_h=yes
ac_cv_header_sys_file_h=yes
ac_cv_header_sys_mman_h=yes
ac_cv_header_sys_param_h=yes
ac_cv_header_sys_pstat_h=no
ac_cv_header_sys_resource_h=yes
ac_cv_header_sys_stat_h=yes
ac_cv_header_sys_sysctl_h=yes
ac_cv_header_sys_sysinfo_h=yes
ac_cv_header_sys_sysmp_h=no
ac_cv_header_sys_systemcfg_h=no
ac_cv_header_sys_table_h=no
ac_cv_header_sys_time_h=yes
ac_cv_header_sys_types_h=yes
ac_cv_header_sys_wait_h=yes
ac_cv_header_time=yes
ac_cv_header_time_h=yes
ac_cv_header_unistd_h=yes
ac_cv_header_vfork_h=no
ac_cv_host=i686-pc-linux-gnu
ac_cv_host_alias=i686-pc-linux-gnu
ac_cv_objext=o
ac_cv_os_cray=no
ac_cv_prog_AR=ar
ac_cv_prog_CC=gcc
ac_cv_prog_CPP='gcc -E'
ac_cv_prog_MAKEINFO='/home/taoanran/git/linux/binutils-2.18/missing makeinfo --split-size=5000000'
ac_cv_prog_PERL=perl
ac_cv_prog_RANLIB=ranlib
ac_cv_prog_cc_g=yes
ac_cv_prog_cc_gcc_c_o=yes
ac_cv_prog_cc_stdc=
ac_cv_prog_egrep='grep -E'
ac_cv_search_strerror='none required'
ac_cv_sizeof_int=4
ac_cv_type_int=yes
ac_cv_type_pid_t=yes
ac_cv_type_uintptr_t=yes
acx_cv_prog_cc_pedantic_=yes
acx_cv_prog_cc_warning__W=yes
acx_cv_prog_cc_warning__Wall=yes
acx_cv_prog_cc_warning__Wcpp_compat=yes
acx_cv_prog_cc_warning__Wstrict_prototypes=yes
acx_cv_prog_cc_warning__Wwrite_strings=yes
liberty_cv_uint64=uint64_t
libiberty_cv_decl_needed_canonicalize_file_name=yes
libiberty_cv_declare_errno=no
libiberty_cv_var_sys_errlist=yes
libiberty_cv_var_sys_nerr=yes
libiberty_cv_var_sys_siglist=yes

## ----------------- ##
## Output variables. ##
## ----------------- ##

AR='ar'
BUILD_INFO=''
CC='gcc'
CFLAGS='-g -O2'
CHECK='really-check'
CPP='gcc -E'
CPPFLAGS=''
DEFS='-DHAVE_CONFIG_H'
ECHO_C=''
ECHO_N='-n'
ECHO_T=''
EGREP='grep -E'
EXEEXT=''
HAVE_PERL=''
INSTALL_DATA='/usr/bin/install -c -m 644'
INSTALL_DEST='libdir'
INSTALL_PROGRAM='/usr/bin/install -c'
INSTALL_SCRIPT='/usr/bin/install -c'
LDFLAGS=''
LIBOBJS=''
LIBS=''
LTLIBOBJS=''
MAINT='#'
MAKEINFO='/home/taoanran/git/linux/binutils-2.18/missing makeinfo --split-size=5000000'
NOTMAINT=''
NO_MINUS_C_MINUS_O=''
OBJEXT='o'
OUTPUT_OPTION='-o $@'
PACKAGE_BUGREPORT=''
PACKAGE_NAME=''
PACKAGE_STRING=''
PACKAGE_TARNAME=''
PACKAGE_VERSION=''
PATH_SEPARATOR=':'
PERL='perl'
RANLIB='ranlib'
SHELL='/bin/bash'
ac_ct_AR=''
ac_ct_CC=''
ac_ct_RANLIB=''
ac_libiberty_warn_cflags='-W -Wall -Wwrite-strings -Wc++-compat -Wstrict-prototypes -pedantic '
bindir='${exec_prefix}/bin'
build='i686-pc-linux-gnu'
build_alias='i686-pc-linux-gnu'
build_cpu='i686'
build_os='linux-gnu'
build_vendor='pc'
datadir='${prefix}/share'
datarootdir='/tmp/binutils/share'
docdir='/tmp/binutils/share/doc'
exec_prefix='${prefix}'
host='i686-pc-linux-gnu'
host_alias='i686-pc-linux-gnu'
host_cpu='i686'
host_os='linux-gnu'
host_vendor='pc'
htmldir='/tmp/binutils/share/doc'
includedir='${prefix}/include'
infodir='${prefix}/info'
libdir='${exec_prefix}/lib'
libexecdir='${exec_prefix}/libexec'
libiberty_topdir='.././libiberty/..'
localstatedir='${prefix}/var'
mandir='${prefix}/man'
oldincludedir='/usr/include'
pexecute='./pex-unix.o'
prefix='/tmp/binutils'
program_transform_name='s,y,y,'
sbindir='${exec_prefix}/sbin'
sharedstatedir='${prefix}/com'
sysconfdir='${prefix}/etc'
target_alias='i686-pc-linux-gnu'
target_header_dir=''

## ------------- ##
## Output files. ##
## ------------- ##

host_makefile_frag='xhost-mkfrag'

## ----------- ##
## confdefs.h. ##
## ----------- ##

#define HAVE_ALLOCA_H 1
#define HAVE_ASPRINTF 1
#define HAVE_ATEXIT 1
#define HAVE_BASENAME 1
#define HAVE_BCMP 1
#define HAVE_BCOPY 1
#define HAVE_BSEARCH 1
#define HAVE_BZERO 1
#define HAVE_CALLOC 1
#define HAVE_CANONICALIZE_FILE_NAME 1
#define HAVE_CLOCK 1
#define HAVE_DECL_ASPRINTF 0
#define HAVE_DECL_BASENAME 0
#define HAVE_DECL_CALLOC 1
#define HAVE_DECL_FFS 1
#define HAVE_DECL_GETENV 1
#define HAVE_DECL_GETOPT 1
#define HAVE_DECL_MALLOC 1
#define HAVE_DECL_REALLOC 1
#define HAVE_DECL_SBRK 1
#define HAVE_DECL_SNPRINTF 1
#define HAVE_DECL_STRVERSCMP 0
#define HAVE_DECL_VASPRINTF 0
#define HAVE_DECL_VSNPRINTF 1
#define HAVE_FCNTL_H 1
#define HAVE_FFS 1
#define HAVE_FORK 1
#define HAVE_GETCWD 1
#define HAVE_GETPAGESIZE 1
#define HAVE_GETPAGESIZE 1
#define HAVE_GETRUSAGE 1
#define HAVE_GETTIMEOFDAY 1
#define HAVE_GETTIMEOFDAY 1
#define HAVE_INDEX 1
#define HAVE_INSQUE 1
#define HAVE_INTTYPES_H 1
#define HAVE_LIMITS_H 1
#define HAVE_MALLOC_H 1
#define HAVE_MEMCHR 1
#define HAVE_MEMCMP 1
#define HAVE_MEMCPY 1
#define HAVE_MEMMOVE 1
#define HAVE_MEMORY_H 1
#define HAVE_MEMPCPY 1
#define HAVE_MEMSET 1
#define HAVE_MKSTEMPS 1
#define HAVE_MMAP 1
#define HAVE_ON_EXIT 1
#define HAVE_PSIGNAL 1
#define HAVE_PUTENV 1
#define HAVE_RANDOM 1
#define HAVE_REALPATH 1
#define HAVE_RENAME 1
#define HAVE_RINDEX 1
#define HAVE_SBRK 1
#define HAVE_SETENV 1
#define HAVE_SIGSETMASK 1
#define HAVE_SNPRINTF 1
#define HAVE_STDINT_H 1
#define HAVE_STDINT_H 1
#define HAVE_STDIO_EXT_H 1
#define HAVE_STDLIB_H 1
#define HAVE_STDLIB_H 1
#define HAVE_STDLIB_H 1
#define HAVE_STPCPY 1
#define HAVE_STPNCPY 1
#define HAVE_STRCASECMP 1
#define HAVE_STRCHR 1
#define HAVE_STRDUP 1
#define HAVE_STRERROR 1
#define HAVE_STRINGS_H 1
#define HAVE_STRINGS_H 1
#define HAVE_STRING_H 1
#define HAVE_STRING_H 1
#define HAVE_STRNCASECMP 1
#define HAVE_STRNDUP 1
#define HAVE_STRRCHR 1
#define HAVE_STRSIGNAL 1
#define HAVE_STRSTR 1
#define HAVE_STRTOD 1
#define HAVE_STRTOL 1
#define HAVE_STRTOUL 1
#define HAVE_STRVERSCMP 1
#define HAVE_SYSCONF 1
#define HAVE_SYSCTL 1
#define HAVE_SYS_ERRLIST 1
#define HAVE_SYS_FILE_H 1
#define HAVE_SYS_MMAN_H 1
#define HAVE_SYS_NERR 1
#define HAVE_SYS_PARAM_H 1
#define HAVE_SYS_RESOURCE_H 1
#define HAVE_SYS_SIGLIST 1
#define HAVE_SYS_STAT_H 1
#define HAVE_SYS_STAT_H 1
#define HAVE_SYS_SYSCTL_H 1
#define HAVE_SYS_SYSINFO_H 1
#define HAVE_SYS_TIME_H 1
#define HAVE_SYS_TYPES_H 1
#define HAVE_SYS_WAIT_H 1
#define HAVE_TIMES 1
#define HAVE_TIME_H 1
#define HAVE_TMPNAM 1
#define HAVE_UINTPTR_T 1
#define HAVE_UNISTD_H 1
#define HAVE_UNISTD_H 1
#define HAVE_UNISTD_H 1
#define HAVE_UNISTD_H 1
#define HAVE_VASPRINTF 1
#define HAVE_VFORK 1
#define HAVE_VFPRINTF 1
#define HAVE_VPRINTF 1
#define HAVE_VSNPRINTF 1
#define HAVE_VSPRINTF 1
#define HAVE_WAIT3 1
#define HAVE_WAIT4 1
#define HAVE_WAITPID 1
#define HAVE_WORKING_FORK 1
#define HAVE_WORKING_VFORK 1
#define HAVE___FSETLOCKING 1
#define NEED_DECLARATION_CANONICALIZE_FILE_NAME 1
#define PACKAGE_BUGREPORT ""
#define PACKAGE_NAME ""
#define PACKAGE_STRING ""
#define PACKAGE_TARNAME ""
#define PACKAGE_VERSION ""
#define SIZEOF_INT 4
#define STACK_DIRECTION -1
#define STDC_HEADERS 1
#define TIME_WITH_SYS_TIME 1
#define UNSIGNED_64BIT_TYPE uint64_t

configure: exit 0

## ---------------------- ##
## Running config.status. ##
## ---------------------- ##

This file was extended by config.status, which was
generated by GNU Autoconf 2.59.  Invocation command line was

  CONFIG_FILES    = Makefile
  CONFIG_HEADERS  = 
  CONFIG_LINKS    = 
  CONFIG_COMMANDS = 
  $ ./config.status 

on ubuntu

config.status:702: creating Makefile
config.status:1343: executing default commands

## ---------------------- ##
## Running config.status. ##
## ---------------------- ##

This file was extended by config.status, which was
generated by GNU Autoconf 2.59.  Invocation command line was

  CONFIG_FILES    = 
  CONFIG_HEADERS  = config.h:.././libiberty/config.in
  CONFIG_LINKS    = 
  CONFIG_COMMANDS = 
  $ ./config.status 

on ubuntu

config.status:799: creating config.h
config.status:1185: config.h is unchanged
config.status:1343: executing default commands

## ---------------------- ##
## Running config.status. ##
## ---------------------- ##

This file was extended by config.status, which was
generated by GNU Autoconf 2.59.  Invocation command line was

  CONFIG_FILES    = 
  CONFIG_HEADERS  = 
  CONFIG_LINKS    = 
  CONFIG_COMMANDS = 
  $ ./config.status 

on ubuntu

config.status:702: creating Makefile
config.status:702: creating testsuite/Makefile
config.status:799: creating config.h
config.status:1185: config.h is unchanged
config.status:1343: executing default commands

## ---------------------- ##
## Running config.status. ##
## ---------------------- ##

This file was extended by config.status, which was
generated by GNU Autoconf 2.59.  Invocation command line was

  CONFIG_FILES    = 
  CONFIG_HEADERS  = config.h:.././libiberty/config.in
  CONFIG_LINKS    = 
  CONFIG_COMMANDS = 
  $ ./config.status 

on ubuntu

config.status:799: creating config.h
config.status:1343: executing default commands
